[0.086s] Invoking command in '/home/ratkaba/workspace/src/ros2-traffic-project/build/turtlebot3_description': CMAKE_PREFIX_PATH=${CMAKE_PREFIX_PATH}:/opt/ros/jazzy PS1=(tf) \[\e]0;\u@\h: \w\a\]${debian_chroot:+($debian_chroot)}\[\033[01;32m\]\u@\h\[\033[00m\]:\[\033[01;34m\]\w\[\033[00m\]\$ /usr/bin/cmake --build /home/ratkaba/workspace/src/ros2-traffic-project/build/turtlebot3_description -- -j20 -l20
[0.823s] Invoked command in '/home/ratkaba/workspace/src/ros2-traffic-project/build/turtlebot3_description' returned '0': CMAKE_PREFIX_PATH=${CMAKE_PREFIX_PATH}:/opt/ros/jazzy PS1=(tf) \[\e]0;\u@\h: \w\a\]${debian_chroot:+($debian_chroot)}\[\033[01;32m\]\u@\h\[\033[00m\]:\[\033[01;34m\]\w\[\033[00m\]\$ /usr/bin/cmake --build /home/ratkaba/workspace/src/ros2-traffic-project/build/turtlebot3_description -- -j20 -l20
[0.839s] Invoking command in '/home/ratkaba/workspace/src/ros2-traffic-project/build/turtlebot3_description': CMAKE_PREFIX_PATH=${CMAKE_PREFIX_PATH}:/opt/ros/jazzy PS1=(tf) \[\e]0;\u@\h: \w\a\]${debian_chroot:+($debian_chroot)}\[\033[01;32m\]\u@\h\[\033[00m\]:\[\033[01;34m\]\w\[\033[00m\]\$ /usr/bin/cmake --install /home/ratkaba/workspace/src/ros2-traffic-project/build/turtlebot3_description
[0.866s] -- Install configuration: ""
[0.866s] -- Up-to-date: /home/ratkaba/workspace/src/ros2-traffic-project/install/turtlebot3_description/share/turtlebot3_description/launch
[0.866s] -- Up-to-date: /home/ratkaba/workspace/src/ros2-traffic-project/install/turtlebot3_description/share/turtlebot3_description/launch/model.launch.py
[0.868s] -- Up-to-date: /home/ratkaba/workspace/src/ros2-traffic-project/install/turtlebot3_description/share/turtlebot3_description/launch/model.launch.py:Zone.Identifier
[0.868s] -- Up-to-date: /home/ratkaba/workspace/src/ros2-traffic-project/install/turtlebot3_description/share/turtlebot3_description/rviz
[0.870s] -- Up-to-date: /home/ratkaba/workspace/src/ros2-traffic-project/install/turtlebot3_description/share/turtlebot3_description/rviz/model.rviz
[0.871s] -- Up-to-date: /home/ratkaba/workspace/src/ros2-traffic-project/install/turtlebot3_description/share/turtlebot3_description/rviz/model.rviz:Zone.Identifier
[0.871s] -- Up-to-date: /home/ratkaba/workspace/src/ros2-traffic-project/install/turtlebot3_description/share/turtlebot3_description/urdf
[0.872s] -- Up-to-date: /home/ratkaba/workspace/src/ros2-traffic-project/install/turtlebot3_description/share/turtlebot3_description/urdf/turtlebot3_burger.urdf.xacro
[0.872s] -- Up-to-date: /home/ratkaba/workspace/src/ros2-traffic-project/install/turtlebot3_description/share/turtlebot3_description/urdf/waffle_pi.urdf.xacro
[0.875s] -- Up-to-date: /home/ratkaba/workspace/src/ros2-traffic-project/install/turtlebot3_description/share/turtlebot3_description/urdf/turtlebot3_waffle_pi.urdf.xacro:Zone.Identifier
[0.875s] -- Up-to-date: /home/ratkaba/workspace/src/ros2-traffic-project/install/turtlebot3_description/share/turtlebot3_description/urdf/waffle_pi.urdf.xacro:Zone.Identifier
[0.878s] -- Up-to-date: /home/ratkaba/workspace/src/ros2-traffic-project/install/turtlebot3_description/share/turtlebot3_description/urdf/turtlebot3_burger.urdf.xacro:Zone.Identifier
[0.878s] -- Up-to-date: /home/ratkaba/workspace/src/ros2-traffic-project/install/turtlebot3_description/share/turtlebot3_description/urdf/turtlebot3_waffle_pi.urdf.xacro
[0.878s] -- Up-to-date: /home/ratkaba/workspace/src/ros2-traffic-project/install/turtlebot3_description/share/turtlebot3_description/urdf/burger.urdf.xacro:Zone.Identifier
[0.879s] -- Up-to-date: /home/ratkaba/workspace/src/ros2-traffic-project/install/turtlebot3_description/share/turtlebot3_description/urdf/burger.urdf.xacro
[0.879s] -- Up-to-date: /home/ratkaba/workspace/src/ros2-traffic-project/install/turtlebot3_description/share/turtlebot3_description/urdf/burger_camera.urdf.xacro:Zone.Identifier
[0.882s] -- Up-to-date: /home/ratkaba/workspace/src/ros2-traffic-project/install/turtlebot3_description/share/turtlebot3_description/urdf/burger_camera.urdf.xacro
[0.882s] -- Up-to-date: /home/ratkaba/workspace/src/ros2-traffic-project/install/turtlebot3_description/share/turtlebot3_description/gazebo
[0.883s] -- Up-to-date: /home/ratkaba/workspace/src/ros2-traffic-project/install/turtlebot3_description/share/turtlebot3_description/gazebo/waffle_pi.gazebo.xacro
[0.883s] -- Up-to-date: /home/ratkaba/workspace/src/ros2-traffic-project/install/turtlebot3_description/share/turtlebot3_description/gazebo/materials.xacro:Zone.Identifier
[0.883s] -- Up-to-date: /home/ratkaba/workspace/src/ros2-traffic-project/install/turtlebot3_description/share/turtlebot3_description/gazebo/burger.gazebo.xacro:Zone.Identifier
[0.884s] -- Up-to-date: /home/ratkaba/workspace/src/ros2-traffic-project/install/turtlebot3_description/share/turtlebot3_description/gazebo/waffle_pi.gazebo.xacro:Zone.Identifier
[0.887s] -- Up-to-date: /home/ratkaba/workspace/src/ros2-traffic-project/install/turtlebot3_description/share/turtlebot3_description/gazebo/materials.xacro
[0.887s] -- Up-to-date: /home/ratkaba/workspace/src/ros2-traffic-project/install/turtlebot3_description/share/turtlebot3_description/gazebo/burger.gazebo.xacro
[0.887s] -- Up-to-date: /home/ratkaba/workspace/src/ros2-traffic-project/install/turtlebot3_description/share/turtlebot3_description/meshes
[0.887s] -- Up-to-date: /home/ratkaba/workspace/src/ros2-traffic-project/install/turtlebot3_description/share/turtlebot3_description/meshes/burger
[0.896s] -- Up-to-date: /home/ratkaba/workspace/src/ros2-traffic-project/install/turtlebot3_description/share/turtlebot3_description/meshes/burger/base.stl:Zone.Identifier
[0.896s] -- Up-to-date: /home/ratkaba/workspace/src/ros2-traffic-project/install/turtlebot3_description/share/turtlebot3_description/meshes/burger/ladar.stl
[0.896s] -- Up-to-date: /home/ratkaba/workspace/src/ros2-traffic-project/install/turtlebot3_description/share/turtlebot3_description/meshes/burger/left_tire.stl
[0.896s] -- Up-to-date: /home/ratkaba/workspace/src/ros2-traffic-project/install/turtlebot3_description/share/turtlebot3_description/meshes/burger/base.stl
[0.897s] -- Up-to-date: /home/ratkaba/workspace/src/ros2-traffic-project/install/turtlebot3_description/share/turtlebot3_description/meshes/burger/ladar.stl:Zone.Identifier
[0.897s] -- Up-to-date: /home/ratkaba/workspace/src/ros2-traffic-project/install/turtlebot3_description/share/turtlebot3_description/meshes/burger/left_tire.stl:Zone.Identifier
[0.897s] -- Up-to-date: /home/ratkaba/workspace/src/ros2-traffic-project/install/turtlebot3_description/share/turtlebot3_description/meshes/burger/right_tire.stl:Zone.Identifier
[0.897s] -- Up-to-date: /home/ratkaba/workspace/src/ros2-traffic-project/install/turtlebot3_description/share/turtlebot3_description/meshes/burger/right_tire.stl
[0.897s] -- Up-to-date: /home/ratkaba/workspace/src/ros2-traffic-project/install/turtlebot3_description/share/turtlebot3_description/meshes/waffle_pi
[0.897s] -- Up-to-date: /home/ratkaba/workspace/src/ros2-traffic-project/install/turtlebot3_description/share/turtlebot3_description/meshes/waffle_pi/base.stl:Zone.Identifier
[0.898s] -- Up-to-date: /home/ratkaba/workspace/src/ros2-traffic-project/install/turtlebot3_description/share/turtlebot3_description/meshes/waffle_pi/ladar.stl
[0.898s] -- Up-to-date: /home/ratkaba/workspace/src/ros2-traffic-project/install/turtlebot3_description/share/turtlebot3_description/meshes/waffle_pi/left_tire.stl
[0.898s] -- Up-to-date: /home/ratkaba/workspace/src/ros2-traffic-project/install/turtlebot3_description/share/turtlebot3_description/meshes/waffle_pi/base.stl
[0.898s] -- Up-to-date: /home/ratkaba/workspace/src/ros2-traffic-project/install/turtlebot3_description/share/turtlebot3_description/meshes/waffle_pi/ladar.stl:Zone.Identifier
[0.899s] -- Up-to-date: /home/ratkaba/workspace/src/ros2-traffic-project/install/turtlebot3_description/share/turtlebot3_description/meshes/waffle_pi/left_tire.stl:Zone.Identifier
[0.899s] -- Up-to-date: /home/ratkaba/workspace/src/ros2-traffic-project/install/turtlebot3_description/share/turtlebot3_description/meshes/waffle_pi/right_tire.stl:Zone.Identifier
[0.899s] -- Up-to-date: /home/ratkaba/workspace/src/ros2-traffic-project/install/turtlebot3_description/share/turtlebot3_description/meshes/waffle_pi/right_tire.stl
[0.899s] -- Up-to-date: /home/ratkaba/workspace/src/ros2-traffic-project/install/turtlebot3_description/share/turtlebot3_description/ros2_control
[0.899s] -- Up-to-date: /home/ratkaba/workspace/src/ros2-traffic-project/install/turtlebot3_description/share/turtlebot3_description/ros2_control/turtlebot3_system.ros2_control.xacro:Zone.Identifier
[0.900s] -- Up-to-date: /home/ratkaba/workspace/src/ros2-traffic-project/install/turtlebot3_description/share/turtlebot3_description/ros2_control/turtlebot3_system.ros2_control.xacro
[0.900s] -- Up-to-date: /home/ratkaba/workspace/src/ros2-traffic-project/install/turtlebot3_description/share/turtlebot3_description/environment/turtlebot3_description.dsv
[0.900s] -- Up-to-date: /home/ratkaba/workspace/src/ros2-traffic-project/install/turtlebot3_description/share/ament_index/resource_index/package_run_dependencies/turtlebot3_description
[0.900s] -- Up-to-date: /home/ratkaba/workspace/src/ros2-traffic-project/install/turtlebot3_description/share/ament_index/resource_index/parent_prefix_path/turtlebot3_description
[0.901s] -- Up-to-date: /home/ratkaba/workspace/src/ros2-traffic-project/install/turtlebot3_description/share/turtlebot3_description/environment/ament_prefix_path.sh
[0.901s] -- Up-to-date: /home/ratkaba/workspace/src/ros2-traffic-project/install/turtlebot3_description/share/turtlebot3_description/environment/ament_prefix_path.dsv
[0.901s] -- Up-to-date: /home/ratkaba/workspace/src/ros2-traffic-project/install/turtlebot3_description/share/turtlebot3_description/environment/path.sh
[0.901s] -- Up-to-date: /home/ratkaba/workspace/src/ros2-traffic-project/install/turtlebot3_description/share/turtlebot3_description/environment/path.dsv
[0.902s] -- Up-to-date: /home/ratkaba/workspace/src/ros2-traffic-project/install/turtlebot3_description/share/turtlebot3_description/local_setup.bash
[0.902s] -- Up-to-date: /home/ratkaba/workspace/src/ros2-traffic-project/install/turtlebot3_description/share/turtlebot3_description/local_setup.sh
[0.902s] -- Up-to-date: /home/ratkaba/workspace/src/ros2-traffic-project/install/turtlebot3_description/share/turtlebot3_description/local_setup.zsh
[0.902s] -- Up-to-date: /home/ratkaba/workspace/src/ros2-traffic-project/install/turtlebot3_description/share/turtlebot3_description/local_setup.dsv
[0.903s] -- Installing: /home/ratkaba/workspace/src/ros2-traffic-project/install/turtlebot3_description/share/turtlebot3_description/package.dsv
[0.903s] -- Up-to-date: /home/ratkaba/workspace/src/ros2-traffic-project/install/turtlebot3_description/share/ament_index/resource_index/packages/turtlebot3_description
[0.903s] -- Up-to-date: /home/ratkaba/workspace/src/ros2-traffic-project/install/turtlebot3_description/share/turtlebot3_description/cmake/turtlebot3_descriptionConfig.cmake
[0.903s] -- Up-to-date: /home/ratkaba/workspace/src/ros2-traffic-project/install/turtlebot3_description/share/turtlebot3_description/cmake/turtlebot3_descriptionConfig-version.cmake
[0.903s] -- Up-to-date: /home/ratkaba/workspace/src/ros2-traffic-project/install/turtlebot3_description/share/turtlebot3_description/package.xml
[1.088s] Invoked command in '/home/ratkaba/workspace/src/ros2-traffic-project/build/turtlebot3_description' returned '0': CMAKE_PREFIX_PATH=${CMAKE_PREFIX_PATH}:/opt/ros/jazzy PS1=(tf) \[\e]0;\u@\h: \w\a\]${debian_chroot:+($debian_chroot)}\[\033[01;32m\]\u@\h\[\033[00m\]:\[\033[01;34m\]\w\[\033[00m\]\$ /usr/bin/cmake --install /home/ratkaba/workspace/src/ros2-traffic-project/build/turtlebot3_description
