[0.734s] Invoking command in '/home/ratkaba/workspace/src/ros2-traffic-project/turtlebot3/turtlebot3_teleop': PYTHONPATH=/home/ratkaba/workspace/src/ros2-traffic-project/build/turtlebot3_teleop/prefix_override:/usr/lib/python3/dist-packages/colcon_core/task/python/colcon_distutils_commands:/home/ratkaba/workspace/src/ros2-traffic-project/install/turtlebot3_teleop/lib/python3.12/site-packages:${PYTHONPATH} /usr/bin/python3 -W ignore:setup.py install is deprecated -W ignore:easy_install command is deprecated setup.py egg_info --egg-base ../../build/turtlebot3_teleop build --build-base /home/ratkaba/workspace/src/ros2-traffic-project/build/turtlebot3_teleop/build install --record /home/ratkaba/workspace/src/ros2-traffic-project/build/turtlebot3_teleop/install.log --single-version-externally-managed install_data
[0.868s] running egg_info
[0.876s] writing ../../build/turtlebot3_teleop/turtlebot3_teleop.egg-info/PKG-INFO
[0.878s] writing dependency_links to ../../build/turtlebot3_teleop/turtlebot3_teleop.egg-info/dependency_links.txt
[0.879s] writing entry points to ../../build/turtlebot3_teleop/turtlebot3_teleop.egg-info/entry_points.txt
[0.879s] writing requirements to ../../build/turtlebot3_teleop/turtlebot3_teleop.egg-info/requires.txt
[0.879s] writing top-level names to ../../build/turtlebot3_teleop/turtlebot3_teleop.egg-info/top_level.txt
[0.897s] reading manifest file '../../build/turtlebot3_teleop/turtlebot3_teleop.egg-info/SOURCES.txt'
[0.898s] writing manifest file '../../build/turtlebot3_teleop/turtlebot3_teleop.egg-info/SOURCES.txt'
[0.898s] running build
[0.898s] running build_py
[0.899s] running install
[0.902s] running install_lib
[0.913s] running install_data
[0.914s] running install_egg_info
[0.924s] removing '/home/ratkaba/workspace/src/ros2-traffic-project/install/turtlebot3_teleop/lib/python3.12/site-packages/turtlebot3_teleop-2.1.5-py3.12.egg-info' (and everything under it)
[0.924s] Copying ../../build/turtlebot3_teleop/turtlebot3_teleop.egg-info to /home/ratkaba/workspace/src/ros2-traffic-project/install/turtlebot3_teleop/lib/python3.12/site-packages/turtlebot3_teleop-2.1.5-py3.12.egg-info
[0.926s] running install_scripts
[0.990s] Installing teleop_keyboard script to /home/ratkaba/workspace/src/ros2-traffic-project/install/turtlebot3_teleop/lib/turtlebot3_teleop
[0.992s] writing list of installed files to '/home/ratkaba/workspace/src/ros2-traffic-project/build/turtlebot3_teleop/install.log'
[1.008s] Invoked command in '/home/ratkaba/workspace/src/ros2-traffic-project/turtlebot3/turtlebot3_teleop' returned '0': PYTHONPATH=/home/ratkaba/workspace/src/ros2-traffic-project/build/turtlebot3_teleop/prefix_override:/usr/lib/python3/dist-packages/colcon_core/task/python/colcon_distutils_commands:/home/ratkaba/workspace/src/ros2-traffic-project/install/turtlebot3_teleop/lib/python3.12/site-packages:${PYTHONPATH} /usr/bin/python3 -W ignore:setup.py install is deprecated -W ignore:easy_install command is deprecated setup.py egg_info --egg-base ../../build/turtlebot3_teleop build --build-base /home/ratkaba/workspace/src/ros2-traffic-project/build/turtlebot3_teleop/build install --record /home/ratkaba/workspace/src/ros2-traffic-project/build/turtlebot3_teleop/install.log --single-version-externally-managed install_data
