-- Install configuration: ""
-- Up-to-date: /home/ratkaba/workspace/src/ros2-traffic-project/install/turtlebot3_mogi/share/turtlebot3_mogi/launch
-- Up-to-date: /home/ratkaba/workspace/src/ros2-traffic-project/install/turtlebot3_mogi/share/turtlebot3_mogi/launch/robot_visualization.launch.py:Zone.Identifier
-- Up-to-date: /home/ratkaba/workspace/src/ros2-traffic-project/install/turtlebot3_mogi/share/turtlebot3_mogi/launch/simulation_bringup_navigation_with_slam.launch.py
-- Up-to-date: /home/ratkaba/workspace/src/ros2-traffic-project/install/turtlebot3_mogi/share/turtlebot3_mogi/launch/simulation_bringup_navigation.launch.py
-- Up-to-date: /home/ratkaba/workspace/src/ros2-traffic-project/install/turtlebot3_mogi/share/turtlebot3_mogi/launch/robot_navigation.launch.py:Zone.Identifier
-- Up-to-date: /home/ratkaba/workspace/src/ros2-traffic-project/install/turtlebot3_mogi/share/turtlebot3_mogi/launch/simulation_bringup_slam.launch.py:Zone.Identifier
-- Up-to-date: /home/ratkaba/workspace/src/ros2-traffic-project/install/turtlebot3_mogi/share/turtlebot3_mogi/launch/robot_mapping.launch.py:Zone.Identifier
-- Up-to-date: /home/ratkaba/workspace/src/ros2-traffic-project/install/turtlebot3_mogi/share/turtlebot3_mogi/launch/simulation_bringup_navigation.launch.py:Zone.Identifier
-- Up-to-date: /home/ratkaba/workspace/src/ros2-traffic-project/install/turtlebot3_mogi/share/turtlebot3_mogi/launch/simulation_bringup_line_follow.launch.py:Zone.Identifier
-- Up-to-date: /home/ratkaba/workspace/src/ros2-traffic-project/install/turtlebot3_mogi/share/turtlebot3_mogi/launch/robot_visualization.launch.py
-- Up-to-date: /home/ratkaba/workspace/src/ros2-traffic-project/install/turtlebot3_mogi/share/turtlebot3_mogi/launch/simulation_bringup_navigation_with_slam.launch.py:Zone.Identifier
-- Up-to-date: /home/ratkaba/workspace/src/ros2-traffic-project/install/turtlebot3_mogi/share/turtlebot3_mogi/launch/simulation_bringup_slam.launch.py
-- Up-to-date: /home/ratkaba/workspace/src/ros2-traffic-project/install/turtlebot3_mogi/share/turtlebot3_mogi/launch/simulation_bringup_line_follow.launch.py
-- Up-to-date: /home/ratkaba/workspace/src/ros2-traffic-project/install/turtlebot3_mogi/share/turtlebot3_mogi/launch/robot_mapping.launch.py
-- Up-to-date: /home/ratkaba/workspace/src/ros2-traffic-project/install/turtlebot3_mogi/share/turtlebot3_mogi/launch/check_urdf.launch.py:Zone.Identifier
-- Up-to-date: /home/ratkaba/workspace/src/ros2-traffic-project/install/turtlebot3_mogi/share/turtlebot3_mogi/launch/check_urdf.launch.py
-- Up-to-date: /home/ratkaba/workspace/src/ros2-traffic-project/install/turtlebot3_mogi/share/turtlebot3_mogi/launch/robot_navigation.launch.py
-- Up-to-date: /home/ratkaba/workspace/src/ros2-traffic-project/install/turtlebot3_mogi/share/turtlebot3_mogi/rviz
-- Up-to-date: /home/ratkaba/workspace/src/ros2-traffic-project/install/turtlebot3_mogi/share/turtlebot3_mogi/rviz/urdf.rviz:Zone.Identifier
-- Up-to-date: /home/ratkaba/workspace/src/ros2-traffic-project/install/turtlebot3_mogi/share/turtlebot3_mogi/rviz/robot_mapping.rviz
-- Up-to-date: /home/ratkaba/workspace/src/ros2-traffic-project/install/turtlebot3_mogi/share/turtlebot3_mogi/rviz/robot_navigation.rviz:Zone.Identifier
-- Up-to-date: /home/ratkaba/workspace/src/ros2-traffic-project/install/turtlebot3_mogi/share/turtlebot3_mogi/rviz/robot_basic.rviz:Zone.Identifier
-- Up-to-date: /home/ratkaba/workspace/src/ros2-traffic-project/install/turtlebot3_mogi/share/turtlebot3_mogi/rviz/turtlebot3_navigation.rviz:Zone.Identifier
-- Up-to-date: /home/ratkaba/workspace/src/ros2-traffic-project/install/turtlebot3_mogi/share/turtlebot3_mogi/rviz/turtlebot3_slam.rviz
-- Up-to-date: /home/ratkaba/workspace/src/ros2-traffic-project/install/turtlebot3_mogi/share/turtlebot3_mogi/rviz/robot_navigation.rviz
-- Up-to-date: /home/ratkaba/workspace/src/ros2-traffic-project/install/turtlebot3_mogi/share/turtlebot3_mogi/rviz/turtlebot3_slam.rviz:Zone.Identifier
-- Up-to-date: /home/ratkaba/workspace/src/ros2-traffic-project/install/turtlebot3_mogi/share/turtlebot3_mogi/rviz/robot_basic.rviz
-- Up-to-date: /home/ratkaba/workspace/src/ros2-traffic-project/install/turtlebot3_mogi/share/turtlebot3_mogi/rviz/urdf.rviz
-- Up-to-date: /home/ratkaba/workspace/src/ros2-traffic-project/install/turtlebot3_mogi/share/turtlebot3_mogi/rviz/turtlebot3_line_follower.rviz:Zone.Identifier
-- Up-to-date: /home/ratkaba/workspace/src/ros2-traffic-project/install/turtlebot3_mogi/share/turtlebot3_mogi/rviz/turtlebot3_navigation.rviz
-- Up-to-date: /home/ratkaba/workspace/src/ros2-traffic-project/install/turtlebot3_mogi/share/turtlebot3_mogi/rviz/robot_mapping.rviz:Zone.Identifier
-- Up-to-date: /home/ratkaba/workspace/src/ros2-traffic-project/install/turtlebot3_mogi/share/turtlebot3_mogi/rviz/turtlebot3_line_follower.rviz
-- Up-to-date: /home/ratkaba/workspace/src/ros2-traffic-project/install/turtlebot3_mogi/share/turtlebot3_mogi/maps
-- Up-to-date: /home/ratkaba/workspace/src/ros2-traffic-project/install/turtlebot3_mogi/share/turtlebot3_mogi/maps/map.yaml:Zone.Identifier
-- Up-to-date: /home/ratkaba/workspace/src/ros2-traffic-project/install/turtlebot3_mogi/share/turtlebot3_mogi/maps/map.yaml
-- Up-to-date: /home/ratkaba/workspace/src/ros2-traffic-project/install/turtlebot3_mogi/share/turtlebot3_mogi/maps/map.pgm
-- Up-to-date: /home/ratkaba/workspace/src/ros2-traffic-project/install/turtlebot3_mogi/share/turtlebot3_mogi/maps/map.pgm:Zone.Identifier
-- Up-to-date: /home/ratkaba/workspace/src/ros2-traffic-project/install/turtlebot3_mogi/share/turtlebot3_mogi/worlds
-- Up-to-date: /home/ratkaba/workspace/src/ros2-traffic-project/install/turtlebot3_mogi/share/turtlebot3_mogi/worlds/light_background.sdf
-- Up-to-date: /home/ratkaba/workspace/src/ros2-traffic-project/install/turtlebot3_mogi/share/turtlebot3_mogi/worlds/light_background.sdf:Zone.Identifier
-- Up-to-date: /home/ratkaba/workspace/src/ros2-traffic-project/install/turtlebot3_mogi/share/turtlebot3_mogi/worlds/empty.sdf
-- Up-to-date: /home/ratkaba/workspace/src/ros2-traffic-project/install/turtlebot3_mogi/share/turtlebot3_mogi/worlds/empty.sdf:Zone.Identifier
-- Up-to-date: /home/ratkaba/workspace/src/ros2-traffic-project/install/turtlebot3_mogi/share/turtlebot3_mogi/worlds/dark_background.sdf:Zone.Identifier
-- Up-to-date: /home/ratkaba/workspace/src/ros2-traffic-project/install/turtlebot3_mogi/share/turtlebot3_mogi/worlds/red_line.sdf
-- Up-to-date: /home/ratkaba/workspace/src/ros2-traffic-project/install/turtlebot3_mogi/share/turtlebot3_mogi/worlds/red_line.sdf:Zone.Identifier
-- Up-to-date: /home/ratkaba/workspace/src/ros2-traffic-project/install/turtlebot3_mogi/share/turtlebot3_mogi/worlds/dark_background.sdf
-- Up-to-date: /home/ratkaba/workspace/src/ros2-traffic-project/install/turtlebot3_mogi/share/turtlebot3_mogi/gazebo_models
-- Up-to-date: /home/ratkaba/workspace/src/ros2-traffic-project/install/turtlebot3_mogi/share/turtlebot3_mogi/gazebo_models/dark_bg
-- Up-to-date: /home/ratkaba/workspace/src/ros2-traffic-project/install/turtlebot3_mogi/share/turtlebot3_mogi/gazebo_models/dark_bg/meshes
-- Up-to-date: /home/ratkaba/workspace/src/ros2-traffic-project/install/turtlebot3_mogi/share/turtlebot3_mogi/gazebo_models/dark_bg/meshes/dark_bg.dae:Zone.Identifier
-- Up-to-date: /home/ratkaba/workspace/src/ros2-traffic-project/install/turtlebot3_mogi/share/turtlebot3_mogi/gazebo_models/dark_bg/meshes/dark_bg.dae
-- Up-to-date: /home/ratkaba/workspace/src/ros2-traffic-project/install/turtlebot3_mogi/share/turtlebot3_mogi/gazebo_models/dark_bg/model.sdf:Zone.Identifier
-- Up-to-date: /home/ratkaba/workspace/src/ros2-traffic-project/install/turtlebot3_mogi/share/turtlebot3_mogi/gazebo_models/dark_bg/model.config:Zone.Identifier
-- Up-to-date: /home/ratkaba/workspace/src/ros2-traffic-project/install/turtlebot3_mogi/share/turtlebot3_mogi/gazebo_models/dark_bg/model.sdf
-- Up-to-date: /home/ratkaba/workspace/src/ros2-traffic-project/install/turtlebot3_mogi/share/turtlebot3_mogi/gazebo_models/dark_bg/model.config
-- Up-to-date: /home/ratkaba/workspace/src/ros2-traffic-project/install/turtlebot3_mogi/share/turtlebot3_mogi/gazebo_models/light_bg
-- Up-to-date: /home/ratkaba/workspace/src/ros2-traffic-project/install/turtlebot3_mogi/share/turtlebot3_mogi/gazebo_models/light_bg/meshes
-- Up-to-date: /home/ratkaba/workspace/src/ros2-traffic-project/install/turtlebot3_mogi/share/turtlebot3_mogi/gazebo_models/light_bg/meshes/light_bg.dae
-- Up-to-date: /home/ratkaba/workspace/src/ros2-traffic-project/install/turtlebot3_mogi/share/turtlebot3_mogi/gazebo_models/light_bg/meshes/light_bg.dae:Zone.Identifier
-- Up-to-date: /home/ratkaba/workspace/src/ros2-traffic-project/install/turtlebot3_mogi/share/turtlebot3_mogi/gazebo_models/light_bg/model.sdf:Zone.Identifier
-- Up-to-date: /home/ratkaba/workspace/src/ros2-traffic-project/install/turtlebot3_mogi/share/turtlebot3_mogi/gazebo_models/light_bg/model.config:Zone.Identifier
-- Up-to-date: /home/ratkaba/workspace/src/ros2-traffic-project/install/turtlebot3_mogi/share/turtlebot3_mogi/gazebo_models/light_bg/model.sdf
-- Up-to-date: /home/ratkaba/workspace/src/ros2-traffic-project/install/turtlebot3_mogi/share/turtlebot3_mogi/gazebo_models/light_bg/model.config
-- Up-to-date: /home/ratkaba/workspace/src/ros2-traffic-project/install/turtlebot3_mogi/share/turtlebot3_mogi/gazebo_models/red_line
-- Up-to-date: /home/ratkaba/workspace/src/ros2-traffic-project/install/turtlebot3_mogi/share/turtlebot3_mogi/gazebo_models/red_line/meshes
-- Up-to-date: /home/ratkaba/workspace/src/ros2-traffic-project/install/turtlebot3_mogi/share/turtlebot3_mogi/gazebo_models/red_line/meshes/red_line.dae
-- Up-to-date: /home/ratkaba/workspace/src/ros2-traffic-project/install/turtlebot3_mogi/share/turtlebot3_mogi/gazebo_models/red_line/meshes/red_line.dae:Zone.Identifier
-- Up-to-date: /home/ratkaba/workspace/src/ros2-traffic-project/install/turtlebot3_mogi/share/turtlebot3_mogi/gazebo_models/red_line/model.sdf:Zone.Identifier
-- Up-to-date: /home/ratkaba/workspace/src/ros2-traffic-project/install/turtlebot3_mogi/share/turtlebot3_mogi/gazebo_models/red_line/model.config:Zone.Identifier
-- Up-to-date: /home/ratkaba/workspace/src/ros2-traffic-project/install/turtlebot3_mogi/share/turtlebot3_mogi/gazebo_models/red_line/model.sdf
-- Up-to-date: /home/ratkaba/workspace/src/ros2-traffic-project/install/turtlebot3_mogi/share/turtlebot3_mogi/gazebo_models/red_line/model.config
-- Up-to-date: /home/ratkaba/workspace/src/ros2-traffic-project/install/turtlebot3_mogi/share/ament_index/resource_index/package_run_dependencies/turtlebot3_mogi
-- Up-to-date: /home/ratkaba/workspace/src/ros2-traffic-project/install/turtlebot3_mogi/share/ament_index/resource_index/parent_prefix_path/turtlebot3_mogi
-- Up-to-date: /home/ratkaba/workspace/src/ros2-traffic-project/install/turtlebot3_mogi/share/turtlebot3_mogi/environment/ament_prefix_path.sh
-- Up-to-date: /home/ratkaba/workspace/src/ros2-traffic-project/install/turtlebot3_mogi/share/turtlebot3_mogi/environment/ament_prefix_path.dsv
-- Up-to-date: /home/ratkaba/workspace/src/ros2-traffic-project/install/turtlebot3_mogi/share/turtlebot3_mogi/environment/path.sh
-- Up-to-date: /home/ratkaba/workspace/src/ros2-traffic-project/install/turtlebot3_mogi/share/turtlebot3_mogi/environment/path.dsv
-- Up-to-date: /home/ratkaba/workspace/src/ros2-traffic-project/install/turtlebot3_mogi/share/turtlebot3_mogi/local_setup.bash
-- Up-to-date: /home/ratkaba/workspace/src/ros2-traffic-project/install/turtlebot3_mogi/share/turtlebot3_mogi/local_setup.sh
-- Up-to-date: /home/ratkaba/workspace/src/ros2-traffic-project/install/turtlebot3_mogi/share/turtlebot3_mogi/local_setup.zsh
-- Up-to-date: /home/ratkaba/workspace/src/ros2-traffic-project/install/turtlebot3_mogi/share/turtlebot3_mogi/local_setup.dsv
-- Up-to-date: /home/ratkaba/workspace/src/ros2-traffic-project/install/turtlebot3_mogi/share/turtlebot3_mogi/package.dsv
-- Up-to-date: /home/ratkaba/workspace/src/ros2-traffic-project/install/turtlebot3_mogi/share/ament_index/resource_index/packages/turtlebot3_mogi
-- Up-to-date: /home/ratkaba/workspace/src/ros2-traffic-project/install/turtlebot3_mogi/share/turtlebot3_mogi/cmake/turtlebot3_mogiConfig.cmake
-- Up-to-date: /home/ratkaba/workspace/src/ros2-traffic-project/install/turtlebot3_mogi/share/turtlebot3_mogi/cmake/turtlebot3_mogiConfig-version.cmake
-- Up-to-date: /home/ratkaba/workspace/src/ros2-traffic-project/install/turtlebot3_mogi/share/turtlebot3_mogi/package.xml
