[0.427s] Invoking command in '/home/ratkaba/workspace/src/ros2-traffic-project/build/turtlebot3_mogi': CMAKE_PREFIX_PATH=${CMAKE_PREFIX_PATH}:/opt/ros/jazzy PS1=(tf) \[\e]0;\u@\h: \w\a\]${debian_chroot:+($debian_chroot)}\[\033[01;32m\]\u@\h\[\033[00m\]:\[\033[01;34m\]\w\[\033[00m\]\$ /usr/bin/cmake --build /home/ratkaba/workspace/src/ros2-traffic-project/build/turtlebot3_mogi -- -j20 -l20
[0.815s] Invoked command in '/home/ratkaba/workspace/src/ros2-traffic-project/build/turtlebot3_mogi' returned '0': CMAKE_PREFIX_PATH=${CMAKE_PREFIX_PATH}:/opt/ros/jazzy PS1=(tf) \[\e]0;\u@\h: \w\a\]${debian_chroot:+($debian_chroot)}\[\033[01;32m\]\u@\h\[\033[00m\]:\[\033[01;34m\]\w\[\033[00m\]\$ /usr/bin/cmake --build /home/ratkaba/workspace/src/ros2-traffic-project/build/turtlebot3_mogi -- -j20 -l20
[0.820s] Invoking command in '/home/ratkaba/workspace/src/ros2-traffic-project/build/turtlebot3_mogi': CMAKE_PREFIX_PATH=${CMAKE_PREFIX_PATH}:/opt/ros/jazzy PS1=(tf) \[\e]0;\u@\h: \w\a\]${debian_chroot:+($debian_chroot)}\[\033[01;32m\]\u@\h\[\033[00m\]:\[\033[01;34m\]\w\[\033[00m\]\$ /usr/bin/cmake --install /home/ratkaba/workspace/src/ros2-traffic-project/build/turtlebot3_mogi
[0.910s] -- Install configuration: ""
[0.911s] -- Up-to-date: /home/ratkaba/workspace/src/ros2-traffic-project/install/turtlebot3_mogi/share/turtlebot3_mogi/launch
[0.911s] -- Up-to-date: /home/ratkaba/workspace/src/ros2-traffic-project/install/turtlebot3_mogi/share/turtlebot3_mogi/launch/robot_visualization.launch.py:Zone.Identifier
[0.911s] -- Up-to-date: /home/ratkaba/workspace/src/ros2-traffic-project/install/turtlebot3_mogi/share/turtlebot3_mogi/launch/simulation_bringup_navigation_with_slam.launch.py
[0.911s] -- Up-to-date: /home/ratkaba/workspace/src/ros2-traffic-project/install/turtlebot3_mogi/share/turtlebot3_mogi/launch/simulation_bringup_navigation.launch.py
[0.911s] -- Up-to-date: /home/ratkaba/workspace/src/ros2-traffic-project/install/turtlebot3_mogi/share/turtlebot3_mogi/launch/robot_navigation.launch.py:Zone.Identifier
[0.911s] -- Up-to-date: /home/ratkaba/workspace/src/ros2-traffic-project/install/turtlebot3_mogi/share/turtlebot3_mogi/launch/simulation_bringup_slam.launch.py:Zone.Identifier
[0.912s] -- Up-to-date: /home/ratkaba/workspace/src/ros2-traffic-project/install/turtlebot3_mogi/share/turtlebot3_mogi/launch/robot_mapping.launch.py:Zone.Identifier
[0.912s] -- Up-to-date: /home/ratkaba/workspace/src/ros2-traffic-project/install/turtlebot3_mogi/share/turtlebot3_mogi/launch/simulation_bringup_navigation.launch.py:Zone.Identifier
[0.912s] -- Up-to-date: /home/ratkaba/workspace/src/ros2-traffic-project/install/turtlebot3_mogi/share/turtlebot3_mogi/launch/simulation_bringup_line_follow.launch.py:Zone.Identifier
[0.912s] -- Up-to-date: /home/ratkaba/workspace/src/ros2-traffic-project/install/turtlebot3_mogi/share/turtlebot3_mogi/launch/robot_visualization.launch.py
[0.913s] -- Up-to-date: /home/ratkaba/workspace/src/ros2-traffic-project/install/turtlebot3_mogi/share/turtlebot3_mogi/launch/simulation_bringup_navigation_with_slam.launch.py:Zone.Identifier
[0.913s] -- Up-to-date: /home/ratkaba/workspace/src/ros2-traffic-project/install/turtlebot3_mogi/share/turtlebot3_mogi/launch/simulation_bringup_slam.launch.py
[0.913s] -- Up-to-date: /home/ratkaba/workspace/src/ros2-traffic-project/install/turtlebot3_mogi/share/turtlebot3_mogi/launch/simulation_bringup_line_follow.launch.py
[0.913s] -- Up-to-date: /home/ratkaba/workspace/src/ros2-traffic-project/install/turtlebot3_mogi/share/turtlebot3_mogi/launch/robot_mapping.launch.py
[0.913s] -- Up-to-date: /home/ratkaba/workspace/src/ros2-traffic-project/install/turtlebot3_mogi/share/turtlebot3_mogi/launch/check_urdf.launch.py:Zone.Identifier
[0.914s] -- Up-to-date: /home/ratkaba/workspace/src/ros2-traffic-project/install/turtlebot3_mogi/share/turtlebot3_mogi/launch/check_urdf.launch.py
[0.914s] -- Up-to-date: /home/ratkaba/workspace/src/ros2-traffic-project/install/turtlebot3_mogi/share/turtlebot3_mogi/launch/robot_navigation.launch.py
[0.914s] -- Up-to-date: /home/ratkaba/workspace/src/ros2-traffic-project/install/turtlebot3_mogi/share/turtlebot3_mogi/rviz
[0.914s] -- Up-to-date: /home/ratkaba/workspace/src/ros2-traffic-project/install/turtlebot3_mogi/share/turtlebot3_mogi/rviz/urdf.rviz:Zone.Identifier
[0.915s] -- Up-to-date: /home/ratkaba/workspace/src/ros2-traffic-project/install/turtlebot3_mogi/share/turtlebot3_mogi/rviz/robot_mapping.rviz
[0.915s] -- Up-to-date: /home/ratkaba/workspace/src/ros2-traffic-project/install/turtlebot3_mogi/share/turtlebot3_mogi/rviz/robot_navigation.rviz:Zone.Identifier
[0.915s] -- Up-to-date: /home/ratkaba/workspace/src/ros2-traffic-project/install/turtlebot3_mogi/share/turtlebot3_mogi/rviz/robot_basic.rviz:Zone.Identifier
[0.915s] -- Up-to-date: /home/ratkaba/workspace/src/ros2-traffic-project/install/turtlebot3_mogi/share/turtlebot3_mogi/rviz/turtlebot3_navigation.rviz:Zone.Identifier
[0.915s] -- Up-to-date: /home/ratkaba/workspace/src/ros2-traffic-project/install/turtlebot3_mogi/share/turtlebot3_mogi/rviz/turtlebot3_slam.rviz
[0.916s] -- Up-to-date: /home/ratkaba/workspace/src/ros2-traffic-project/install/turtlebot3_mogi/share/turtlebot3_mogi/rviz/robot_navigation.rviz
[0.916s] -- Up-to-date: /home/ratkaba/workspace/src/ros2-traffic-project/install/turtlebot3_mogi/share/turtlebot3_mogi/rviz/turtlebot3_slam.rviz:Zone.Identifier
[0.916s] -- Up-to-date: /home/ratkaba/workspace/src/ros2-traffic-project/install/turtlebot3_mogi/share/turtlebot3_mogi/rviz/robot_basic.rviz
[0.916s] -- Up-to-date: /home/ratkaba/workspace/src/ros2-traffic-project/install/turtlebot3_mogi/share/turtlebot3_mogi/rviz/urdf.rviz
[0.917s] -- Up-to-date: /home/ratkaba/workspace/src/ros2-traffic-project/install/turtlebot3_mogi/share/turtlebot3_mogi/rviz/turtlebot3_line_follower.rviz:Zone.Identifier
[0.917s] -- Up-to-date: /home/ratkaba/workspace/src/ros2-traffic-project/install/turtlebot3_mogi/share/turtlebot3_mogi/rviz/turtlebot3_navigation.rviz
[0.917s] -- Up-to-date: /home/ratkaba/workspace/src/ros2-traffic-project/install/turtlebot3_mogi/share/turtlebot3_mogi/rviz/robot_mapping.rviz:Zone.Identifier
[0.917s] -- Up-to-date: /home/ratkaba/workspace/src/ros2-traffic-project/install/turtlebot3_mogi/share/turtlebot3_mogi/rviz/turtlebot3_line_follower.rviz
[0.917s] -- Up-to-date: /home/ratkaba/workspace/src/ros2-traffic-project/install/turtlebot3_mogi/share/turtlebot3_mogi/maps
[0.918s] -- Up-to-date: /home/ratkaba/workspace/src/ros2-traffic-project/install/turtlebot3_mogi/share/turtlebot3_mogi/maps/map.yaml:Zone.Identifier
[0.918s] -- Up-to-date: /home/ratkaba/workspace/src/ros2-traffic-project/install/turtlebot3_mogi/share/turtlebot3_mogi/maps/map.yaml
[0.918s] -- Up-to-date: /home/ratkaba/workspace/src/ros2-traffic-project/install/turtlebot3_mogi/share/turtlebot3_mogi/maps/map.pgm
[0.918s] -- Up-to-date: /home/ratkaba/workspace/src/ros2-traffic-project/install/turtlebot3_mogi/share/turtlebot3_mogi/maps/map.pgm:Zone.Identifier
[0.919s] -- Up-to-date: /home/ratkaba/workspace/src/ros2-traffic-project/install/turtlebot3_mogi/share/turtlebot3_mogi/worlds
[0.919s] -- Up-to-date: /home/ratkaba/workspace/src/ros2-traffic-project/install/turtlebot3_mogi/share/turtlebot3_mogi/worlds/light_background.sdf
[0.919s] -- Up-to-date: /home/ratkaba/workspace/src/ros2-traffic-project/install/turtlebot3_mogi/share/turtlebot3_mogi/worlds/light_background.sdf:Zone.Identifier
[0.919s] -- Up-to-date: /home/ratkaba/workspace/src/ros2-traffic-project/install/turtlebot3_mogi/share/turtlebot3_mogi/worlds/empty.sdf
[0.920s] -- Up-to-date: /home/ratkaba/workspace/src/ros2-traffic-project/install/turtlebot3_mogi/share/turtlebot3_mogi/worlds/empty.sdf:Zone.Identifier
[0.920s] -- Up-to-date: /home/ratkaba/workspace/src/ros2-traffic-project/install/turtlebot3_mogi/share/turtlebot3_mogi/worlds/dark_background.sdf:Zone.Identifier
[0.920s] -- Up-to-date: /home/ratkaba/workspace/src/ros2-traffic-project/install/turtlebot3_mogi/share/turtlebot3_mogi/worlds/red_line.sdf
[0.920s] -- Up-to-date: /home/ratkaba/workspace/src/ros2-traffic-project/install/turtlebot3_mogi/share/turtlebot3_mogi/worlds/red_line.sdf:Zone.Identifier
[0.921s] -- Up-to-date: /home/ratkaba/workspace/src/ros2-traffic-project/install/turtlebot3_mogi/share/turtlebot3_mogi/worlds/dark_background.sdf
[0.921s] -- Up-to-date: /home/ratkaba/workspace/src/ros2-traffic-project/install/turtlebot3_mogi/share/turtlebot3_mogi/gazebo_models
[0.921s] -- Up-to-date: /home/ratkaba/workspace/src/ros2-traffic-project/install/turtlebot3_mogi/share/turtlebot3_mogi/gazebo_models/dark_bg
[0.921s] -- Up-to-date: /home/ratkaba/workspace/src/ros2-traffic-project/install/turtlebot3_mogi/share/turtlebot3_mogi/gazebo_models/dark_bg/meshes
[0.922s] -- Up-to-date: /home/ratkaba/workspace/src/ros2-traffic-project/install/turtlebot3_mogi/share/turtlebot3_mogi/gazebo_models/dark_bg/meshes/dark_bg.dae:Zone.Identifier
[0.922s] -- Up-to-date: /home/ratkaba/workspace/src/ros2-traffic-project/install/turtlebot3_mogi/share/turtlebot3_mogi/gazebo_models/dark_bg/meshes/dark_bg.dae
[0.922s] -- Up-to-date: /home/ratkaba/workspace/src/ros2-traffic-project/install/turtlebot3_mogi/share/turtlebot3_mogi/gazebo_models/dark_bg/model.sdf:Zone.Identifier
[0.922s] -- Up-to-date: /home/ratkaba/workspace/src/ros2-traffic-project/install/turtlebot3_mogi/share/turtlebot3_mogi/gazebo_models/dark_bg/model.config:Zone.Identifier
[0.923s] -- Up-to-date: /home/ratkaba/workspace/src/ros2-traffic-project/install/turtlebot3_mogi/share/turtlebot3_mogi/gazebo_models/dark_bg/model.sdf
[0.923s] -- Up-to-date: /home/ratkaba/workspace/src/ros2-traffic-project/install/turtlebot3_mogi/share/turtlebot3_mogi/gazebo_models/dark_bg/model.config
[0.923s] -- Up-to-date: /home/ratkaba/workspace/src/ros2-traffic-project/install/turtlebot3_mogi/share/turtlebot3_mogi/gazebo_models/light_bg
[0.923s] -- Up-to-date: /home/ratkaba/workspace/src/ros2-traffic-project/install/turtlebot3_mogi/share/turtlebot3_mogi/gazebo_models/light_bg/meshes
[0.924s] -- Up-to-date: /home/ratkaba/workspace/src/ros2-traffic-project/install/turtlebot3_mogi/share/turtlebot3_mogi/gazebo_models/light_bg/meshes/light_bg.dae
[0.924s] -- Up-to-date: /home/ratkaba/workspace/src/ros2-traffic-project/install/turtlebot3_mogi/share/turtlebot3_mogi/gazebo_models/light_bg/meshes/light_bg.dae:Zone.Identifier
[0.924s] -- Up-to-date: /home/ratkaba/workspace/src/ros2-traffic-project/install/turtlebot3_mogi/share/turtlebot3_mogi/gazebo_models/light_bg/model.sdf:Zone.Identifier
[0.924s] -- Up-to-date: /home/ratkaba/workspace/src/ros2-traffic-project/install/turtlebot3_mogi/share/turtlebot3_mogi/gazebo_models/light_bg/model.config:Zone.Identifier
[0.924s] -- Up-to-date: /home/ratkaba/workspace/src/ros2-traffic-project/install/turtlebot3_mogi/share/turtlebot3_mogi/gazebo_models/light_bg/model.sdf
[0.925s] -- Up-to-date: /home/ratkaba/workspace/src/ros2-traffic-project/install/turtlebot3_mogi/share/turtlebot3_mogi/gazebo_models/light_bg/model.config
[0.925s] -- Up-to-date: /home/ratkaba/workspace/src/ros2-traffic-project/install/turtlebot3_mogi/share/turtlebot3_mogi/gazebo_models/red_line
[0.925s] -- Up-to-date: /home/ratkaba/workspace/src/ros2-traffic-project/install/turtlebot3_mogi/share/turtlebot3_mogi/gazebo_models/red_line/meshes
[0.925s] -- Up-to-date: /home/ratkaba/workspace/src/ros2-traffic-project/install/turtlebot3_mogi/share/turtlebot3_mogi/gazebo_models/red_line/meshes/red_line.dae
[0.926s] -- Up-to-date: /home/ratkaba/workspace/src/ros2-traffic-project/install/turtlebot3_mogi/share/turtlebot3_mogi/gazebo_models/red_line/meshes/red_line.dae:Zone.Identifier
[0.926s] -- Up-to-date: /home/ratkaba/workspace/src/ros2-traffic-project/install/turtlebot3_mogi/share/turtlebot3_mogi/gazebo_models/red_line/model.sdf:Zone.Identifier
[0.926s] -- Up-to-date: /home/ratkaba/workspace/src/ros2-traffic-project/install/turtlebot3_mogi/share/turtlebot3_mogi/gazebo_models/red_line/model.config:Zone.Identifier
[0.926s] -- Up-to-date: /home/ratkaba/workspace/src/ros2-traffic-project/install/turtlebot3_mogi/share/turtlebot3_mogi/gazebo_models/red_line/model.sdf
[0.927s] -- Up-to-date: /home/ratkaba/workspace/src/ros2-traffic-project/install/turtlebot3_mogi/share/turtlebot3_mogi/gazebo_models/red_line/model.config
[0.927s] -- Up-to-date: /home/ratkaba/workspace/src/ros2-traffic-project/install/turtlebot3_mogi/share/ament_index/resource_index/package_run_dependencies/turtlebot3_mogi
[0.927s] -- Up-to-date: /home/ratkaba/workspace/src/ros2-traffic-project/install/turtlebot3_mogi/share/ament_index/resource_index/parent_prefix_path/turtlebot3_mogi
[0.927s] -- Up-to-date: /home/ratkaba/workspace/src/ros2-traffic-project/install/turtlebot3_mogi/share/turtlebot3_mogi/environment/ament_prefix_path.sh
[0.928s] -- Up-to-date: /home/ratkaba/workspace/src/ros2-traffic-project/install/turtlebot3_mogi/share/turtlebot3_mogi/environment/ament_prefix_path.dsv
[0.928s] -- Up-to-date: /home/ratkaba/workspace/src/ros2-traffic-project/install/turtlebot3_mogi/share/turtlebot3_mogi/environment/path.sh
[0.928s] -- Up-to-date: /home/ratkaba/workspace/src/ros2-traffic-project/install/turtlebot3_mogi/share/turtlebot3_mogi/environment/path.dsv
[0.928s] -- Up-to-date: /home/ratkaba/workspace/src/ros2-traffic-project/install/turtlebot3_mogi/share/turtlebot3_mogi/local_setup.bash
[0.929s] -- Up-to-date: /home/ratkaba/workspace/src/ros2-traffic-project/install/turtlebot3_mogi/share/turtlebot3_mogi/local_setup.sh
[0.929s] -- Up-to-date: /home/ratkaba/workspace/src/ros2-traffic-project/install/turtlebot3_mogi/share/turtlebot3_mogi/local_setup.zsh
[0.929s] -- Up-to-date: /home/ratkaba/workspace/src/ros2-traffic-project/install/turtlebot3_mogi/share/turtlebot3_mogi/local_setup.dsv
[0.929s] -- Up-to-date: /home/ratkaba/workspace/src/ros2-traffic-project/install/turtlebot3_mogi/share/turtlebot3_mogi/package.dsv
[0.930s] -- Up-to-date: /home/ratkaba/workspace/src/ros2-traffic-project/install/turtlebot3_mogi/share/ament_index/resource_index/packages/turtlebot3_mogi
[0.930s] -- Up-to-date: /home/ratkaba/workspace/src/ros2-traffic-project/install/turtlebot3_mogi/share/turtlebot3_mogi/cmake/turtlebot3_mogiConfig.cmake
[0.930s] -- Up-to-date: /home/ratkaba/workspace/src/ros2-traffic-project/install/turtlebot3_mogi/share/turtlebot3_mogi/cmake/turtlebot3_mogiConfig-version.cmake
[0.930s] -- Up-to-date: /home/ratkaba/workspace/src/ros2-traffic-project/install/turtlebot3_mogi/share/turtlebot3_mogi/package.xml
[1.189s] Invoked command in '/home/ratkaba/workspace/src/ros2-traffic-project/build/turtlebot3_mogi' returned '0': CMAKE_PREFIX_PATH=${CMAKE_PREFIX_PATH}:/opt/ros/jazzy PS1=(tf) \[\e]0;\u@\h: \w\a\]${debian_chroot:+($debian_chroot)}\[\033[01;32m\]\u@\h\[\033[00m\]:\[\033[01;34m\]\w\[\033[00m\]\$ /usr/bin/cmake --install /home/ratkaba/workspace/src/ros2-traffic-project/build/turtlebot3_mogi
