[100%] Built target turtlebot3_hardware
-- Install configuration: ""
-- Up-to-date: /home/ratkaba/workspace/src/ros2-traffic-project/install/turtlebot3_hardware/share/turtlebot3_hardware/turtlebot3_hardware.xml
-- Up-to-date: /home/ratkaba/workspace/src/ros2-traffic-project/install/turtlebot3_hardware/include
-- Up-to-date: /home/ratkaba/workspace/src/ros2-traffic-project/install/turtlebot3_hardware/include/turtlebot3_hardware
-- Up-to-date: /home/ratkaba/workspace/src/ros2-traffic-project/install/turtlebot3_hardware/include/turtlebot3_hardware/opencr_control_table.hpp
-- Up-to-date: /home/ratkaba/workspace/src/ros2-traffic-project/install/turtlebot3_hardware/include/turtlebot3_hardware/opencr_definitions.hpp:Zone.Identifier
-- Up-to-date: /home/ratkaba/workspace/src/ros2-traffic-project/install/turtlebot3_hardware/include/turtlebot3_hardware/turtlebot3_system.hpp
-- Up-to-date: /home/ratkaba/workspace/src/ros2-traffic-project/install/turtlebot3_hardware/include/turtlebot3_hardware/dynamixel_sdk_wrapper.hpp
-- Up-to-date: /home/ratkaba/workspace/src/ros2-traffic-project/install/turtlebot3_hardware/include/turtlebot3_hardware/opencr.hpp:Zone.Identifier
-- Up-to-date: /home/ratkaba/workspace/src/ros2-traffic-project/install/turtlebot3_hardware/include/turtlebot3_hardware/visibility_control.h
-- Up-to-date: /home/ratkaba/workspace/src/ros2-traffic-project/install/turtlebot3_hardware/include/turtlebot3_hardware/opencr.hpp
-- Up-to-date: /home/ratkaba/workspace/src/ros2-traffic-project/install/turtlebot3_hardware/include/turtlebot3_hardware/turtlebot3_system.hpp:Zone.Identifier
-- Up-to-date: /home/ratkaba/workspace/src/ros2-traffic-project/install/turtlebot3_hardware/include/turtlebot3_hardware/opencr_control_table.hpp:Zone.Identifier
-- Up-to-date: /home/ratkaba/workspace/src/ros2-traffic-project/install/turtlebot3_hardware/include/turtlebot3_hardware/dynamixel_sdk_wrapper.hpp:Zone.Identifier
-- Up-to-date: /home/ratkaba/workspace/src/ros2-traffic-project/install/turtlebot3_hardware/include/turtlebot3_hardware/opencr_definitions.hpp
-- Up-to-date: /home/ratkaba/workspace/src/ros2-traffic-project/install/turtlebot3_hardware/include/turtlebot3_hardware/visibility_control.h:Zone.Identifier
-- Up-to-date: /home/ratkaba/workspace/src/ros2-traffic-project/install/turtlebot3_hardware/lib/libturtlebot3_hardware.so
-- Up-to-date: /home/ratkaba/workspace/src/ros2-traffic-project/install/turtlebot3_hardware/share/turtlebot3_hardware/environment/library_path.sh
-- Up-to-date: /home/ratkaba/workspace/src/ros2-traffic-project/install/turtlebot3_hardware/share/turtlebot3_hardware/environment/library_path.dsv
-- Up-to-date: /home/ratkaba/workspace/src/ros2-traffic-project/install/turtlebot3_hardware/share/ament_index/resource_index/package_run_dependencies/turtlebot3_hardware
-- Up-to-date: /home/ratkaba/workspace/src/ros2-traffic-project/install/turtlebot3_hardware/share/ament_index/resource_index/parent_prefix_path/turtlebot3_hardware
-- Up-to-date: /home/ratkaba/workspace/src/ros2-traffic-project/install/turtlebot3_hardware/share/turtlebot3_hardware/environment/ament_prefix_path.sh
-- Up-to-date: /home/ratkaba/workspace/src/ros2-traffic-project/install/turtlebot3_hardware/share/turtlebot3_hardware/environment/ament_prefix_path.dsv
-- Up-to-date: /home/ratkaba/workspace/src/ros2-traffic-project/install/turtlebot3_hardware/share/turtlebot3_hardware/environment/path.sh
-- Up-to-date: /home/ratkaba/workspace/src/ros2-traffic-project/install/turtlebot3_hardware/share/turtlebot3_hardware/environment/path.dsv
-- Up-to-date: /home/ratkaba/workspace/src/ros2-traffic-project/install/turtlebot3_hardware/share/turtlebot3_hardware/local_setup.bash
-- Up-to-date: /home/ratkaba/workspace/src/ros2-traffic-project/install/turtlebot3_hardware/share/turtlebot3_hardware/local_setup.sh
-- Up-to-date: /home/ratkaba/workspace/src/ros2-traffic-project/install/turtlebot3_hardware/share/turtlebot3_hardware/local_setup.zsh
-- Up-to-date: /home/ratkaba/workspace/src/ros2-traffic-project/install/turtlebot3_hardware/share/turtlebot3_hardware/local_setup.dsv
-- Installing: /home/ratkaba/workspace/src/ros2-traffic-project/install/turtlebot3_hardware/share/turtlebot3_hardware/package.dsv
-- Up-to-date: /home/ratkaba/workspace/src/ros2-traffic-project/install/turtlebot3_hardware/share/ament_index/resource_index/packages/turtlebot3_hardware
-- Up-to-date: /home/ratkaba/workspace/src/ros2-traffic-project/install/turtlebot3_hardware/share/ament_index/resource_index/hardware_interface__pluginlib__plugin/turtlebot3_hardware
-- Up-to-date: /home/ratkaba/workspace/src/ros2-traffic-project/install/turtlebot3_hardware/share/turtlebot3_hardware/cmake/ament_cmake_export_include_directories-extras.cmake
-- Up-to-date: /home/ratkaba/workspace/src/ros2-traffic-project/install/turtlebot3_hardware/share/turtlebot3_hardware/cmake/ament_cmake_export_libraries-extras.cmake
-- Up-to-date: /home/ratkaba/workspace/src/ros2-traffic-project/install/turtlebot3_hardware/share/turtlebot3_hardware/cmake/ament_cmake_export_dependencies-extras.cmake
-- Up-to-date: /home/ratkaba/workspace/src/ros2-traffic-project/install/turtlebot3_hardware/share/turtlebot3_hardware/cmake/turtlebot3_hardwareConfig.cmake
-- Up-to-date: /home/ratkaba/workspace/src/ros2-traffic-project/install/turtlebot3_hardware/share/turtlebot3_hardware/cmake/turtlebot3_hardwareConfig-version.cmake
-- Up-to-date: /home/ratkaba/workspace/src/ros2-traffic-project/install/turtlebot3_hardware/share/turtlebot3_hardware/package.xml
