running egg_info
writing ../build/turtlebot3_mogi_py/turtlebot3_mogi_py.egg-info/PKG-INFO
writing dependency_links to ../build/turtlebot3_mogi_py/turtlebot3_mogi_py.egg-info/dependency_links.txt
writing entry points to ../build/turtlebot3_mogi_py/turtlebot3_mogi_py.egg-info/entry_points.txt
writing requirements to ../build/turtlebot3_mogi_py/turtlebot3_mogi_py.egg-info/requires.txt
writing top-level names to ../build/turtlebot3_mogi_py/turtlebot3_mogi_py.egg-info/top_level.txt
reading manifest file '../build/turtlebot3_mogi_py/turtlebot3_mogi_py.egg-info/SOURCES.txt'
writing manifest file '../build/turtlebot3_mogi_py/turtlebot3_mogi_py.egg-info/SOURCES.txt'
running build
running build_py
running install
running install_lib
running install_data
running install_egg_info
removing '/home/ratkaba/workspace/src/ros2-traffic-project/install/turtlebot3_mogi_py/lib/python3.12/site-packages/turtlebot3_mogi_py-1.0.0-py3.12.egg-info' (and everything under it)
Copying ../build/turtlebot3_mogi_py/turtlebot3_mogi_py.egg-info to /home/ratkaba/workspace/src/ros2-traffic-project/install/turtlebot3_mogi_py/lib/python3.12/site-packages/turtlebot3_mogi_py-1.0.0-py3.12.egg-info
running install_scripts
Installing line_follower script to /home/ratkaba/workspace/src/ros2-traffic-project/install/turtlebot3_mogi_py/lib/turtlebot3_mogi_py
Installing line_follower_cnn script to /home/ratkaba/workspace/src/ros2-traffic-project/install/turtlebot3_mogi_py/lib/turtlebot3_mogi_py
Installing line_follower_cnn_robot script to /home/ratkaba/workspace/src/ros2-traffic-project/install/turtlebot3_mogi_py/lib/turtlebot3_mogi_py
Installing save_training_images script to /home/ratkaba/workspace/src/ros2-traffic-project/install/turtlebot3_mogi_py/lib/turtlebot3_mogi_py
writing list of installed files to '/home/ratkaba/workspace/src/ros2-traffic-project/build/turtlebot3_mogi_py/install.log'
