[2.365s] Invoking command in '/home/ratkaba/workspace/src/ros2-traffic-project/turtlebot3_mogi_py': PS1=(tf) \[\e]0;\u@\h: \w\a\]${debian_chroot:+($debian_chroot)}\[\033[01;32m\]\u@\h\[\033[00m\]:\[\033[01;34m\]\w\[\033[00m\]\$ PYTHONPATH=/home/ratkaba/workspace/src/ros2-traffic-project/build/turtlebot3_mogi_py/prefix_override:/usr/lib/python3/dist-packages/colcon_core/task/python/colcon_distutils_commands:/home/ratkaba/workspace/src/ros2-traffic-project/install/turtlebot3_mogi_py/lib/python3.12/site-packages:${PYTHONPATH} /usr/bin/python3 -W ignore:setup.py install is deprecated -W ignore:easy_install command is deprecated setup.py egg_info --egg-base ../build/turtlebot3_mogi_py build --build-base /home/ratkaba/workspace/src/ros2-traffic-project/build/turtlebot3_mogi_py/build install --record /home/ratkaba/workspace/src/ros2-traffic-project/build/turtlebot3_mogi_py/install.log --single-version-externally-managed install_data
[2.735s] running egg_info
[2.762s] writing ../build/turtlebot3_mogi_py/turtlebot3_mogi_py.egg-info/PKG-INFO
[2.762s] writing dependency_links to ../build/turtlebot3_mogi_py/turtlebot3_mogi_py.egg-info/dependency_links.txt
[2.762s] writing entry points to ../build/turtlebot3_mogi_py/turtlebot3_mogi_py.egg-info/entry_points.txt
[2.763s] writing requirements to ../build/turtlebot3_mogi_py/turtlebot3_mogi_py.egg-info/requires.txt
[2.763s] writing top-level names to ../build/turtlebot3_mogi_py/turtlebot3_mogi_py.egg-info/top_level.txt
[2.812s] reading manifest file '../build/turtlebot3_mogi_py/turtlebot3_mogi_py.egg-info/SOURCES.txt'
[2.815s] writing manifest file '../build/turtlebot3_mogi_py/turtlebot3_mogi_py.egg-info/SOURCES.txt'
[2.816s] running build
[2.816s] running build_py
[2.816s] running install
[2.825s] running install_lib
[2.852s] running install_data
[2.853s] running install_egg_info
[2.880s] removing '/home/ratkaba/workspace/src/ros2-traffic-project/install/turtlebot3_mogi_py/lib/python3.12/site-packages/turtlebot3_mogi_py-1.0.0-py3.12.egg-info' (and everything under it)
[2.880s] Copying ../build/turtlebot3_mogi_py/turtlebot3_mogi_py.egg-info to /home/ratkaba/workspace/src/ros2-traffic-project/install/turtlebot3_mogi_py/lib/python3.12/site-packages/turtlebot3_mogi_py-1.0.0-py3.12.egg-info
[2.882s] running install_scripts
[3.057s] Installing line_follower script to /home/ratkaba/workspace/src/ros2-traffic-project/install/turtlebot3_mogi_py/lib/turtlebot3_mogi_py
[3.057s] Installing line_follower_cnn script to /home/ratkaba/workspace/src/ros2-traffic-project/install/turtlebot3_mogi_py/lib/turtlebot3_mogi_py
[3.057s] Installing line_follower_cnn_robot script to /home/ratkaba/workspace/src/ros2-traffic-project/install/turtlebot3_mogi_py/lib/turtlebot3_mogi_py
[3.058s] Installing save_training_images script to /home/ratkaba/workspace/src/ros2-traffic-project/install/turtlebot3_mogi_py/lib/turtlebot3_mogi_py
[3.059s] writing list of installed files to '/home/ratkaba/workspace/src/ros2-traffic-project/build/turtlebot3_mogi_py/install.log'
[3.113s] Invoked command in '/home/ratkaba/workspace/src/ros2-traffic-project/turtlebot3_mogi_py' returned '0': PS1=(tf) \[\e]0;\u@\h: \w\a\]${debian_chroot:+($debian_chroot)}\[\033[01;32m\]\u@\h\[\033[00m\]:\[\033[01;34m\]\w\[\033[00m\]\$ PYTHONPATH=/home/ratkaba/workspace/src/ros2-traffic-project/build/turtlebot3_mogi_py/prefix_override:/usr/lib/python3/dist-packages/colcon_core/task/python/colcon_distutils_commands:/home/ratkaba/workspace/src/ros2-traffic-project/install/turtlebot3_mogi_py/lib/python3.12/site-packages:${PYTHONPATH} /usr/bin/python3 -W ignore:setup.py install is deprecated -W ignore:easy_install command is deprecated setup.py egg_info --egg-base ../build/turtlebot3_mogi_py build --build-base /home/ratkaba/workspace/src/ros2-traffic-project/build/turtlebot3_mogi_py/build install --record /home/ratkaba/workspace/src/ros2-traffic-project/build/turtlebot3_mogi_py/install.log --single-version-externally-managed install_data
