[0.757s] Invoking command in '/home/ratkaba/workspace/src/ros2-traffic-project/turtlebot3/turtlebot3_example': AMENT_PREFIX_PATH=/home/ratkaba/workspace/src/ros2-traffic-project/install/turtlebot3_msgs:${AMENT_PREFIX_PATH} CMAKE_PREFIX_PATH=/home/ratkaba/workspace/src/ros2-traffic-project/install/turtlebot3_msgs:${CMAKE_PREFIX_PATH} LD_LIBRARY_PATH=/home/ratkaba/workspace/src/ros2-traffic-project/install/turtlebot3_msgs/lib:${LD_LIBRARY_PATH} PYTHONPATH=/home/ratkaba/workspace/src/ros2-traffic-project/build/turtlebot3_example/prefix_override:/usr/lib/python3/dist-packages/colcon_core/task/python/colcon_distutils_commands:/home/ratkaba/workspace/src/ros2-traffic-project/install/turtlebot3_example/lib/python3.12/site-packages:/home/ratkaba/workspace/src/ros2-traffic-project/install/turtlebot3_msgs/lib/python3.12/site-packages:${PYTHONPATH} /usr/bin/python3 -W ignore:setup.py install is deprecated -W ignore:easy_install command is deprecated setup.py egg_info --egg-base ../../build/turtlebot3_example build --build-base /home/ratkaba/workspace/src/ros2-traffic-project/build/turtlebot3_example/build install --record /home/ratkaba/workspace/src/ros2-traffic-project/build/turtlebot3_example/install.log --single-version-externally-managed install_data
[0.897s] running egg_info
[0.897s] creating ../../build/turtlebot3_example/turtlebot3_example.egg-info
[0.906s] writing ../../build/turtlebot3_example/turtlebot3_example.egg-info/PKG-INFO
[0.907s] writing dependency_links to ../../build/turtlebot3_example/turtlebot3_example.egg-info/dependency_links.txt
[0.907s] writing entry points to ../../build/turtlebot3_example/turtlebot3_example.egg-info/entry_points.txt
[0.907s] writing requirements to ../../build/turtlebot3_example/turtlebot3_example.egg-info/requires.txt
[0.907s] writing top-level names to ../../build/turtlebot3_example/turtlebot3_example.egg-info/top_level.txt
[0.907s] writing manifest file '../../build/turtlebot3_example/turtlebot3_example.egg-info/SOURCES.txt'
[0.927s] reading manifest file '../../build/turtlebot3_example/turtlebot3_example.egg-info/SOURCES.txt'
[0.927s] writing manifest file '../../build/turtlebot3_example/turtlebot3_example.egg-info/SOURCES.txt'
[0.927s] running build
[0.927s] running build_py
[0.927s] creating /home/ratkaba/workspace/src/ros2-traffic-project/build/turtlebot3_example/build
[0.928s] creating /home/ratkaba/workspace/src/ros2-traffic-project/build/turtlebot3_example/build/lib
[0.928s] creating /home/ratkaba/workspace/src/ros2-traffic-project/build/turtlebot3_example/build/lib/turtlebot3_example
[0.928s] copying turtlebot3_example/__init__.py -> /home/ratkaba/workspace/src/ros2-traffic-project/build/turtlebot3_example/build/lib/turtlebot3_example
[0.928s] creating /home/ratkaba/workspace/src/ros2-traffic-project/build/turtlebot3_example/build/lib/turtlebot3_example/turtlebot3_position_control
[0.928s] copying turtlebot3_example/turtlebot3_position_control/__init__.py -> /home/ratkaba/workspace/src/ros2-traffic-project/build/turtlebot3_example/build/lib/turtlebot3_example/turtlebot3_position_control
[0.928s] copying turtlebot3_example/turtlebot3_position_control/turtlebot3_position_control_pointop_key.py -> /home/ratkaba/workspace/src/ros2-traffic-project/build/turtlebot3_example/build/lib/turtlebot3_example/turtlebot3_position_control
[0.929s] creating /home/ratkaba/workspace/src/ros2-traffic-project/build/turtlebot3_example/build/lib/turtlebot3_example/turtlebot3_obstacle_detection
[0.929s] copying turtlebot3_example/turtlebot3_obstacle_detection/turtlebot3_obstacle_detection.py -> /home/ratkaba/workspace/src/ros2-traffic-project/build/turtlebot3_example/build/lib/turtlebot3_example/turtlebot3_obstacle_detection
[0.929s] copying turtlebot3_example/turtlebot3_obstacle_detection/__init__.py -> /home/ratkaba/workspace/src/ros2-traffic-project/build/turtlebot3_example/build/lib/turtlebot3_example/turtlebot3_obstacle_detection
[0.929s] running install
[0.933s] running install_lib
[0.943s] creating /home/ratkaba/workspace/src/ros2-traffic-project/install/turtlebot3_example/lib/python3.12/site-packages/turtlebot3_example
[0.943s] copying /home/ratkaba/workspace/src/ros2-traffic-project/build/turtlebot3_example/build/lib/turtlebot3_example/__init__.py -> /home/ratkaba/workspace/src/ros2-traffic-project/install/turtlebot3_example/lib/python3.12/site-packages/turtlebot3_example
[0.943s] creating /home/ratkaba/workspace/src/ros2-traffic-project/install/turtlebot3_example/lib/python3.12/site-packages/turtlebot3_example/turtlebot3_position_control
[0.943s] copying /home/ratkaba/workspace/src/ros2-traffic-project/build/turtlebot3_example/build/lib/turtlebot3_example/turtlebot3_position_control/__init__.py -> /home/ratkaba/workspace/src/ros2-traffic-project/install/turtlebot3_example/lib/python3.12/site-packages/turtlebot3_example/turtlebot3_position_control
[0.944s] copying /home/ratkaba/workspace/src/ros2-traffic-project/build/turtlebot3_example/build/lib/turtlebot3_example/turtlebot3_position_control/turtlebot3_position_control_pointop_key.py -> /home/ratkaba/workspace/src/ros2-traffic-project/install/turtlebot3_example/lib/python3.12/site-packages/turtlebot3_example/turtlebot3_position_control
[0.944s] creating /home/ratkaba/workspace/src/ros2-traffic-project/install/turtlebot3_example/lib/python3.12/site-packages/turtlebot3_example/turtlebot3_obstacle_detection
[0.944s] copying /home/ratkaba/workspace/src/ros2-traffic-project/build/turtlebot3_example/build/lib/turtlebot3_example/turtlebot3_obstacle_detection/turtlebot3_obstacle_detection.py -> /home/ratkaba/workspace/src/ros2-traffic-project/install/turtlebot3_example/lib/python3.12/site-packages/turtlebot3_example/turtlebot3_obstacle_detection
[0.944s] copying /home/ratkaba/workspace/src/ros2-traffic-project/build/turtlebot3_example/build/lib/turtlebot3_example/turtlebot3_obstacle_detection/__init__.py -> /home/ratkaba/workspace/src/ros2-traffic-project/install/turtlebot3_example/lib/python3.12/site-packages/turtlebot3_example/turtlebot3_obstacle_detection
[0.944s] byte-compiling /home/ratkaba/workspace/src/ros2-traffic-project/install/turtlebot3_example/lib/python3.12/site-packages/turtlebot3_example/__init__.py to __init__.cpython-312.pyc
[0.944s] byte-compiling /home/ratkaba/workspace/src/ros2-traffic-project/install/turtlebot3_example/lib/python3.12/site-packages/turtlebot3_example/turtlebot3_position_control/__init__.py to __init__.cpython-312.pyc
[0.944s] byte-compiling /home/ratkaba/workspace/src/ros2-traffic-project/install/turtlebot3_example/lib/python3.12/site-packages/turtlebot3_example/turtlebot3_position_control/turtlebot3_position_control_pointop_key.py to turtlebot3_position_control_pointop_key.cpython-312.pyc
[0.945s] byte-compiling /home/ratkaba/workspace/src/ros2-traffic-project/install/turtlebot3_example/lib/python3.12/site-packages/turtlebot3_example/turtlebot3_obstacle_detection/turtlebot3_obstacle_detection.py to turtlebot3_obstacle_detection.cpython-312.pyc
[0.946s] byte-compiling /home/ratkaba/workspace/src/ros2-traffic-project/install/turtlebot3_example/lib/python3.12/site-packages/turtlebot3_example/turtlebot3_obstacle_detection/__init__.py to __init__.cpython-312.pyc
[0.946s] running install_data
[0.946s] creating /home/ratkaba/workspace/src/ros2-traffic-project/install/turtlebot3_example/share/ament_index
[0.946s] creating /home/ratkaba/workspace/src/ros2-traffic-project/install/turtlebot3_example/share/ament_index/resource_index
[0.946s] creating /home/ratkaba/workspace/src/ros2-traffic-project/install/turtlebot3_example/share/ament_index/resource_index/packages
[0.946s] copying resource/turtlebot3_example -> /home/ratkaba/workspace/src/ros2-traffic-project/install/turtlebot3_example/share/ament_index/resource_index/packages
[0.946s] copying package.xml -> /home/ratkaba/workspace/src/ros2-traffic-project/install/turtlebot3_example/share/turtlebot3_example
[0.946s] running install_egg_info
[0.957s] Copying ../../build/turtlebot3_example/turtlebot3_example.egg-info to /home/ratkaba/workspace/src/ros2-traffic-project/install/turtlebot3_example/lib/python3.12/site-packages/turtlebot3_example-2.1.5-py3.12.egg-info
[0.958s] running install_scripts
[1.028s] Installing turtlebot3_interactive_marker script to /home/ratkaba/workspace/src/ros2-traffic-project/install/turtlebot3_example/lib/turtlebot3_example
[1.028s] Installing turtlebot3_obstacle_detection script to /home/ratkaba/workspace/src/ros2-traffic-project/install/turtlebot3_example/lib/turtlebot3_example
[1.028s] Installing turtlebot3_patrol_client script to /home/ratkaba/workspace/src/ros2-traffic-project/install/turtlebot3_example/lib/turtlebot3_example
[1.028s] Installing turtlebot3_patrol_server script to /home/ratkaba/workspace/src/ros2-traffic-project/install/turtlebot3_example/lib/turtlebot3_example
[1.028s] Installing turtlebot3_position_control_pointop_key script to /home/ratkaba/workspace/src/ros2-traffic-project/install/turtlebot3_example/lib/turtlebot3_example
[1.028s] writing list of installed files to '/home/ratkaba/workspace/src/ros2-traffic-project/build/turtlebot3_example/install.log'
[1.046s] Invoked command in '/home/ratkaba/workspace/src/ros2-traffic-project/turtlebot3/turtlebot3_example' returned '0': AMENT_PREFIX_PATH=/home/ratkaba/workspace/src/ros2-traffic-project/install/turtlebot3_msgs:${AMENT_PREFIX_PATH} CMAKE_PREFIX_PATH=/home/ratkaba/workspace/src/ros2-traffic-project/install/turtlebot3_msgs:${CMAKE_PREFIX_PATH} LD_LIBRARY_PATH=/home/ratkaba/workspace/src/ros2-traffic-project/install/turtlebot3_msgs/lib:${LD_LIBRARY_PATH} PYTHONPATH=/home/ratkaba/workspace/src/ros2-traffic-project/build/turtlebot3_example/prefix_override:/usr/lib/python3/dist-packages/colcon_core/task/python/colcon_distutils_commands:/home/ratkaba/workspace/src/ros2-traffic-project/install/turtlebot3_example/lib/python3.12/site-packages:/home/ratkaba/workspace/src/ros2-traffic-project/install/turtlebot3_msgs/lib/python3.12/site-packages:${PYTHONPATH} /usr/bin/python3 -W ignore:setup.py install is deprecated -W ignore:easy_install command is deprecated setup.py egg_info --egg-base ../../build/turtlebot3_example build --build-base /home/ratkaba/workspace/src/ros2-traffic-project/build/turtlebot3_example/build install --record /home/ratkaba/workspace/src/ros2-traffic-project/build/turtlebot3_example/install.log --single-version-externally-managed install_data
