-- Install configuration: ""
-- Up-to-date: /home/ratkaba/workspace/src/ros2-traffic-project/install/turtlebot3_bringup/share/turtlebot3_bringup/launch
-- Up-to-date: /home/ratkaba/workspace/src/ros2-traffic-project/install/turtlebot3_bringup/share/turtlebot3_bringup/launch/base.launch.py
-- Up-to-date: /home/ratkaba/workspace/src/ros2-traffic-project/install/turtlebot3_bringup/share/turtlebot3_bringup/launch/hardware.launch.py:Zone.Identifier
-- Up-to-date: /home/ratkaba/workspace/src/ros2-traffic-project/install/turtlebot3_bringup/share/turtlebot3_bringup/launch/base.launch.py:Zone.Identifier
-- Up-to-date: /home/ratkaba/workspace/src/ros2-traffic-project/install/turtlebot3_bringup/share/turtlebot3_bringup/launch/fake.launch.py:Zone.Identifier
-- Up-to-date: /home/ratkaba/workspace/src/ros2-traffic-project/install/turtlebot3_bringup/share/turtlebot3_bringup/launch/fake.launch.py
-- Up-to-date: /home/ratkaba/workspace/src/ros2-traffic-project/install/turtlebot3_bringup/share/turtlebot3_bringup/launch/gazebo.launch.py
-- Up-to-date: /home/ratkaba/workspace/src/ros2-traffic-project/install/turtlebot3_bringup/share/turtlebot3_bringup/launch/gazebo.launch.py:Zone.Identifier
-- Up-to-date: /home/ratkaba/workspace/src/ros2-traffic-project/install/turtlebot3_bringup/share/turtlebot3_bringup/launch/hardware.launch.py
-- Up-to-date: /home/ratkaba/workspace/src/ros2-traffic-project/install/turtlebot3_bringup/share/turtlebot3_bringup/config
-- Up-to-date: /home/ratkaba/workspace/src/ros2-traffic-project/install/turtlebot3_bringup/share/turtlebot3_bringup/config/burger
-- Up-to-date: /home/ratkaba/workspace/src/ros2-traffic-project/install/turtlebot3_bringup/share/turtlebot3_bringup/config/burger/gazebo_controller_manager.yaml:Zone.Identifier
-- Up-to-date: /home/ratkaba/workspace/src/ros2-traffic-project/install/turtlebot3_bringup/share/turtlebot3_bringup/config/burger/gazebo_controller_manager.yaml
-- Up-to-date: /home/ratkaba/workspace/src/ros2-traffic-project/install/turtlebot3_bringup/share/turtlebot3_bringup/config/burger/hardware_controller_manager.yaml:Zone.Identifier
-- Up-to-date: /home/ratkaba/workspace/src/ros2-traffic-project/install/turtlebot3_bringup/share/turtlebot3_bringup/config/burger/hardware_controller_manager.yaml
-- Up-to-date: /home/ratkaba/workspace/src/ros2-traffic-project/install/turtlebot3_bringup/share/turtlebot3_bringup/config/waffle_pi
-- Up-to-date: /home/ratkaba/workspace/src/ros2-traffic-project/install/turtlebot3_bringup/share/turtlebot3_bringup/config/waffle_pi/gazebo_controller_manager.yaml:Zone.Identifier
-- Up-to-date: /home/ratkaba/workspace/src/ros2-traffic-project/install/turtlebot3_bringup/share/turtlebot3_bringup/config/waffle_pi/gazebo_controller_manager.yaml
-- Up-to-date: /home/ratkaba/workspace/src/ros2-traffic-project/install/turtlebot3_bringup/share/turtlebot3_bringup/config/waffle_pi/hardware_controller_manager.yaml:Zone.Identifier
-- Up-to-date: /home/ratkaba/workspace/src/ros2-traffic-project/install/turtlebot3_bringup/share/turtlebot3_bringup/config/waffle_pi/hardware_controller_manager.yaml
-- Up-to-date: /home/ratkaba/workspace/src/ros2-traffic-project/install/turtlebot3_bringup/share/turtlebot3_bringup/script
-- Up-to-date: /home/ratkaba/workspace/src/ros2-traffic-project/install/turtlebot3_bringup/share/turtlebot3_bringup/script/create_udev_rules:Zone.Identifier
-- Up-to-date: /home/ratkaba/workspace/src/ros2-traffic-project/install/turtlebot3_bringup/share/turtlebot3_bringup/script/99-turtlebot3-cdc.rules
-- Up-to-date: /home/ratkaba/workspace/src/ros2-traffic-project/install/turtlebot3_bringup/share/turtlebot3_bringup/script/99-turtlebot3-cdc.rules:Zone.Identifier
-- Up-to-date: /home/ratkaba/workspace/src/ros2-traffic-project/install/turtlebot3_bringup/share/turtlebot3_bringup/script/create_udev_rules
-- Up-to-date: /home/ratkaba/workspace/src/ros2-traffic-project/install/turtlebot3_bringup/share/turtlebot3_bringup/worlds
-- Up-to-date: /home/ratkaba/workspace/src/ros2-traffic-project/install/turtlebot3_bringup/share/turtlebot3_bringup/worlds/turtlebot3_world
-- Up-to-date: /home/ratkaba/workspace/src/ros2-traffic-project/install/turtlebot3_bringup/share/turtlebot3_bringup/worlds/turtlebot3_world/meshes
-- Up-to-date: /home/ratkaba/workspace/src/ros2-traffic-project/install/turtlebot3_bringup/share/turtlebot3_bringup/worlds/turtlebot3_world/meshes/wall.dae
-- Up-to-date: /home/ratkaba/workspace/src/ros2-traffic-project/install/turtlebot3_bringup/share/turtlebot3_bringup/worlds/turtlebot3_world/meshes/wall.dae:Zone.Identifier
-- Up-to-date: /home/ratkaba/workspace/src/ros2-traffic-project/install/turtlebot3_bringup/share/turtlebot3_bringup/worlds/turtlebot3_world/meshes/hexagon.dae:Zone.Identifier
-- Up-to-date: /home/ratkaba/workspace/src/ros2-traffic-project/install/turtlebot3_bringup/share/turtlebot3_bringup/worlds/turtlebot3_world/meshes/hexagon.dae
-- Up-to-date: /home/ratkaba/workspace/src/ros2-traffic-project/install/turtlebot3_bringup/share/turtlebot3_bringup/worlds/turtlebot3_world/model-1_4.sdf
-- Up-to-date: /home/ratkaba/workspace/src/ros2-traffic-project/install/turtlebot3_bringup/share/turtlebot3_bringup/worlds/turtlebot3_world/model.sdf:Zone.Identifier
-- Up-to-date: /home/ratkaba/workspace/src/ros2-traffic-project/install/turtlebot3_bringup/share/turtlebot3_bringup/worlds/turtlebot3_world/model.config:Zone.Identifier
-- Up-to-date: /home/ratkaba/workspace/src/ros2-traffic-project/install/turtlebot3_bringup/share/turtlebot3_bringup/worlds/turtlebot3_world/model-1_4.sdf:Zone.Identifier
-- Up-to-date: /home/ratkaba/workspace/src/ros2-traffic-project/install/turtlebot3_bringup/share/turtlebot3_bringup/worlds/turtlebot3_world/model.sdf
-- Up-to-date: /home/ratkaba/workspace/src/ros2-traffic-project/install/turtlebot3_bringup/share/turtlebot3_bringup/worlds/turtlebot3_world/model.config
-- Up-to-date: /home/ratkaba/workspace/src/ros2-traffic-project/install/turtlebot3_bringup/share/turtlebot3_bringup/worlds/project.sdf:Zone.Identifier:Zone.Identifier
-- Up-to-date: /home/ratkaba/workspace/src/ros2-traffic-project/install/turtlebot3_bringup/share/turtlebot3_bringup/worlds/project.sdf:Zone.Identifier
-- Up-to-date: /home/ratkaba/workspace/src/ros2-traffic-project/install/turtlebot3_bringup/share/turtlebot3_bringup/worlds/turtlebot3_world.model:Zone.Identifier
-- Up-to-date: /home/ratkaba/workspace/src/ros2-traffic-project/install/turtlebot3_bringup/share/turtlebot3_bringup/worlds/empty_world.model:Zone.Identifier
-- Up-to-date: /home/ratkaba/workspace/src/ros2-traffic-project/install/turtlebot3_bringup/share/turtlebot3_bringup/worlds/empty_world.model
-- Up-to-date: /home/ratkaba/workspace/src/ros2-traffic-project/install/turtlebot3_bringup/share/turtlebot3_bringup/worlds/turtlebot3_world.model
-- Up-to-date: /home/ratkaba/workspace/src/ros2-traffic-project/install/turtlebot3_bringup/share/turtlebot3_bringup/rviz
-- Up-to-date: /home/ratkaba/workspace/src/ros2-traffic-project/install/turtlebot3_bringup/share/turtlebot3_bringup/rviz/turtlebot3.rviz:Zone.Identifier
-- Up-to-date: /home/ratkaba/workspace/src/ros2-traffic-project/install/turtlebot3_bringup/share/turtlebot3_bringup/rviz/turtlebot3.rviz
-- Up-to-date: /home/ratkaba/workspace/src/ros2-traffic-project/install/turtlebot3_bringup/share/turtlebot3_bringup/environment/turtlebot3_bringup.dsv
-- Up-to-date: /home/ratkaba/workspace/src/ros2-traffic-project/install/turtlebot3_bringup/share/ament_index/resource_index/package_run_dependencies/turtlebot3_bringup
-- Up-to-date: /home/ratkaba/workspace/src/ros2-traffic-project/install/turtlebot3_bringup/share/ament_index/resource_index/parent_prefix_path/turtlebot3_bringup
-- Up-to-date: /home/ratkaba/workspace/src/ros2-traffic-project/install/turtlebot3_bringup/share/turtlebot3_bringup/environment/ament_prefix_path.sh
-- Up-to-date: /home/ratkaba/workspace/src/ros2-traffic-project/install/turtlebot3_bringup/share/turtlebot3_bringup/environment/ament_prefix_path.dsv
-- Up-to-date: /home/ratkaba/workspace/src/ros2-traffic-project/install/turtlebot3_bringup/share/turtlebot3_bringup/environment/path.sh
-- Up-to-date: /home/ratkaba/workspace/src/ros2-traffic-project/install/turtlebot3_bringup/share/turtlebot3_bringup/environment/path.dsv
-- Up-to-date: /home/ratkaba/workspace/src/ros2-traffic-project/install/turtlebot3_bringup/share/turtlebot3_bringup/local_setup.bash
-- Up-to-date: /home/ratkaba/workspace/src/ros2-traffic-project/install/turtlebot3_bringup/share/turtlebot3_bringup/local_setup.sh
-- Up-to-date: /home/ratkaba/workspace/src/ros2-traffic-project/install/turtlebot3_bringup/share/turtlebot3_bringup/local_setup.zsh
-- Up-to-date: /home/ratkaba/workspace/src/ros2-traffic-project/install/turtlebot3_bringup/share/turtlebot3_bringup/local_setup.dsv
-- Up-to-date: /home/ratkaba/workspace/src/ros2-traffic-project/install/turtlebot3_bringup/share/turtlebot3_bringup/package.dsv
-- Up-to-date: /home/ratkaba/workspace/src/ros2-traffic-project/install/turtlebot3_bringup/share/ament_index/resource_index/packages/turtlebot3_bringup
-- Up-to-date: /home/ratkaba/workspace/src/ros2-traffic-project/install/turtlebot3_bringup/share/turtlebot3_bringup/cmake/turtlebot3_bringupConfig.cmake
-- Up-to-date: /home/ratkaba/workspace/src/ros2-traffic-project/install/turtlebot3_bringup/share/turtlebot3_bringup/cmake/turtlebot3_bringupConfig-version.cmake
-- Up-to-date: /home/ratkaba/workspace/src/ros2-traffic-project/install/turtlebot3_bringup/share/turtlebot3_bringup/package.xml
