-- Install configuration: ""
-- Up-to-date: /home/ratkaba/workspace/src/ros2-traffic-project/install/turtlebot3_cartographer/share/turtlebot3_cartographer/config
-- Up-to-date: /home/ratkaba/workspace/src/ros2-traffic-project/install/turtlebot3_cartographer/share/turtlebot3_cartographer/config/turtlebot3_2d.lua:Zone.Identifier
-- Up-to-date: /home/ratkaba/workspace/src/ros2-traffic-project/install/turtlebot3_cartographer/share/turtlebot3_cartographer/config/turtlebot3_2d.lua
-- Up-to-date: /home/ratkaba/workspace/src/ros2-traffic-project/install/turtlebot3_cartographer/share/turtlebot3_cartographer/launch
-- Up-to-date: /home/ratkaba/workspace/src/ros2-traffic-project/install/turtlebot3_cartographer/share/turtlebot3_cartographer/launch/cartographer.launch.py
-- Up-to-date: /home/ratkaba/workspace/src/ros2-traffic-project/install/turtlebot3_cartographer/share/turtlebot3_cartographer/launch/cartographer.launch.py:Zone.Identifier
-- Up-to-date: /home/ratkaba/workspace/src/ros2-traffic-project/install/turtlebot3_cartographer/share/turtlebot3_cartographer/rviz
-- Up-to-date: /home/ratkaba/workspace/src/ros2-traffic-project/install/turtlebot3_cartographer/share/turtlebot3_cartographer/rviz/cartographer.rviz:Zone.Identifier
-- Up-to-date: /home/ratkaba/workspace/src/ros2-traffic-project/install/turtlebot3_cartographer/share/turtlebot3_cartographer/rviz/cartographer.rviz
-- Up-to-date: /home/ratkaba/workspace/src/ros2-traffic-project/install/turtlebot3_cartographer/share/ament_index/resource_index/package_run_dependencies/turtlebot3_cartographer
-- Up-to-date: /home/ratkaba/workspace/src/ros2-traffic-project/install/turtlebot3_cartographer/share/ament_index/resource_index/parent_prefix_path/turtlebot3_cartographer
-- Up-to-date: /home/ratkaba/workspace/src/ros2-traffic-project/install/turtlebot3_cartographer/share/turtlebot3_cartographer/environment/ament_prefix_path.sh
-- Up-to-date: /home/ratkaba/workspace/src/ros2-traffic-project/install/turtlebot3_cartographer/share/turtlebot3_cartographer/environment/ament_prefix_path.dsv
-- Up-to-date: /home/ratkaba/workspace/src/ros2-traffic-project/install/turtlebot3_cartographer/share/turtlebot3_cartographer/environment/path.sh
-- Up-to-date: /home/ratkaba/workspace/src/ros2-traffic-project/install/turtlebot3_cartographer/share/turtlebot3_cartographer/environment/path.dsv
-- Up-to-date: /home/ratkaba/workspace/src/ros2-traffic-project/install/turtlebot3_cartographer/share/turtlebot3_cartographer/local_setup.bash
-- Up-to-date: /home/ratkaba/workspace/src/ros2-traffic-project/install/turtlebot3_cartographer/share/turtlebot3_cartographer/local_setup.sh
-- Up-to-date: /home/ratkaba/workspace/src/ros2-traffic-project/install/turtlebot3_cartographer/share/turtlebot3_cartographer/local_setup.zsh
-- Up-to-date: /home/ratkaba/workspace/src/ros2-traffic-project/install/turtlebot3_cartographer/share/turtlebot3_cartographer/local_setup.dsv
-- Up-to-date: /home/ratkaba/workspace/src/ros2-traffic-project/install/turtlebot3_cartographer/share/turtlebot3_cartographer/package.dsv
-- Up-to-date: /home/ratkaba/workspace/src/ros2-traffic-project/install/turtlebot3_cartographer/share/ament_index/resource_index/packages/turtlebot3_cartographer
-- Up-to-date: /home/ratkaba/workspace/src/ros2-traffic-project/install/turtlebot3_cartographer/share/turtlebot3_cartographer/cmake/turtlebot3_cartographerConfig.cmake
-- Up-to-date: /home/ratkaba/workspace/src/ros2-traffic-project/install/turtlebot3_cartographer/share/turtlebot3_cartographer/cmake/turtlebot3_cartographerConfig-version.cmake
-- Up-to-date: /home/ratkaba/workspace/src/ros2-traffic-project/install/turtlebot3_cartographer/share/turtlebot3_cartographer/package.xml
