[0.027s] Invoking command in '/home/ratkaba/workspace/src/ros2-traffic-project/build/turtlebot3_cartographer': CMAKE_PREFIX_PATH=${CMAKE_PREFIX_PATH}:/opt/ros/jazzy /usr/bin/cmake --build /home/ratkaba/workspace/src/ros2-traffic-project/build/turtlebot3_cartographer -- -j20 -l20
[0.208s] Invoked command in '/home/ratkaba/workspace/src/ros2-traffic-project/build/turtlebot3_cartographer' returned '0': CMAKE_PREFIX_PATH=${CMAKE_PREFIX_PATH}:/opt/ros/jazzy /usr/bin/cmake --build /home/ratkaba/workspace/src/ros2-traffic-project/build/turtlebot3_cartographer -- -j20 -l20
[0.210s] Invoking command in '/home/ratkaba/workspace/src/ros2-traffic-project/build/turtlebot3_cartographer': CMAKE_PREFIX_PATH=${CMAKE_PREFIX_PATH}:/opt/ros/jazzy /usr/bin/cmake --install /home/ratkaba/workspace/src/ros2-traffic-project/build/turtlebot3_cartographer
[0.229s] -- Install configuration: ""
[0.229s] -- Up-to-date: /home/ratkaba/workspace/src/ros2-traffic-project/install/turtlebot3_cartographer/share/turtlebot3_cartographer/config
[0.229s] -- Up-to-date: /home/ratkaba/workspace/src/ros2-traffic-project/install/turtlebot3_cartographer/share/turtlebot3_cartographer/config/turtlebot3_2d.lua:Zone.Identifier
[0.229s] -- Up-to-date: /home/ratkaba/workspace/src/ros2-traffic-project/install/turtlebot3_cartographer/share/turtlebot3_cartographer/config/turtlebot3_2d.lua
[0.229s] -- Up-to-date: /home/ratkaba/workspace/src/ros2-traffic-project/install/turtlebot3_cartographer/share/turtlebot3_cartographer/launch
[0.229s] -- Up-to-date: /home/ratkaba/workspace/src/ros2-traffic-project/install/turtlebot3_cartographer/share/turtlebot3_cartographer/launch/cartographer.launch.py
[0.229s] -- Up-to-date: /home/ratkaba/workspace/src/ros2-traffic-project/install/turtlebot3_cartographer/share/turtlebot3_cartographer/launch/cartographer.launch.py:Zone.Identifier
[0.230s] -- Up-to-date: /home/ratkaba/workspace/src/ros2-traffic-project/install/turtlebot3_cartographer/share/turtlebot3_cartographer/rviz
[0.230s] -- Up-to-date: /home/ratkaba/workspace/src/ros2-traffic-project/install/turtlebot3_cartographer/share/turtlebot3_cartographer/rviz/cartographer.rviz:Zone.Identifier
[0.230s] -- Up-to-date: /home/ratkaba/workspace/src/ros2-traffic-project/install/turtlebot3_cartographer/share/turtlebot3_cartographer/rviz/cartographer.rviz
[0.230s] -- Up-to-date: /home/ratkaba/workspace/src/ros2-traffic-project/install/turtlebot3_cartographer/share/ament_index/resource_index/package_run_dependencies/turtlebot3_cartographer
[0.230s] -- Up-to-date: /home/ratkaba/workspace/src/ros2-traffic-project/install/turtlebot3_cartographer/share/ament_index/resource_index/parent_prefix_path/turtlebot3_cartographer
[0.230s] -- Up-to-date: /home/ratkaba/workspace/src/ros2-traffic-project/install/turtlebot3_cartographer/share/turtlebot3_cartographer/environment/ament_prefix_path.sh
[0.230s] -- Up-to-date: /home/ratkaba/workspace/src/ros2-traffic-project/install/turtlebot3_cartographer/share/turtlebot3_cartographer/environment/ament_prefix_path.dsv
[0.231s] -- Up-to-date: /home/ratkaba/workspace/src/ros2-traffic-project/install/turtlebot3_cartographer/share/turtlebot3_cartographer/environment/path.sh
[0.231s] -- Up-to-date: /home/ratkaba/workspace/src/ros2-traffic-project/install/turtlebot3_cartographer/share/turtlebot3_cartographer/environment/path.dsv
[0.231s] -- Up-to-date: /home/ratkaba/workspace/src/ros2-traffic-project/install/turtlebot3_cartographer/share/turtlebot3_cartographer/local_setup.bash
[0.231s] -- Up-to-date: /home/ratkaba/workspace/src/ros2-traffic-project/install/turtlebot3_cartographer/share/turtlebot3_cartographer/local_setup.sh
[0.231s] -- Up-to-date: /home/ratkaba/workspace/src/ros2-traffic-project/install/turtlebot3_cartographer/share/turtlebot3_cartographer/local_setup.zsh
[0.231s] -- Up-to-date: /home/ratkaba/workspace/src/ros2-traffic-project/install/turtlebot3_cartographer/share/turtlebot3_cartographer/local_setup.dsv
[0.231s] -- Up-to-date: /home/ratkaba/workspace/src/ros2-traffic-project/install/turtlebot3_cartographer/share/turtlebot3_cartographer/package.dsv
[0.232s] -- Up-to-date: /home/ratkaba/workspace/src/ros2-traffic-project/install/turtlebot3_cartographer/share/ament_index/resource_index/packages/turtlebot3_cartographer
[0.232s] -- Up-to-date: /home/ratkaba/workspace/src/ros2-traffic-project/install/turtlebot3_cartographer/share/turtlebot3_cartographer/cmake/turtlebot3_cartographerConfig.cmake
[0.232s] -- Up-to-date: /home/ratkaba/workspace/src/ros2-traffic-project/install/turtlebot3_cartographer/share/turtlebot3_cartographer/cmake/turtlebot3_cartographerConfig-version.cmake
[0.232s] -- Up-to-date: /home/ratkaba/workspace/src/ros2-traffic-project/install/turtlebot3_cartographer/share/turtlebot3_cartographer/package.xml
[0.256s] Invoked command in '/home/ratkaba/workspace/src/ros2-traffic-project/build/turtlebot3_cartographer' returned '0': CMAKE_PREFIX_PATH=${CMAKE_PREFIX_PATH}:/opt/ros/jazzy /usr/bin/cmake --install /home/ratkaba/workspace/src/ros2-traffic-project/build/turtlebot3_cartographer
