-- Install configuration: ""
-- Up-to-date: /home/ratkaba/workspace/src/ros2-traffic-project/install/turtlebot3_slam_toolbox/share/turtlebot3_slam_toolbox/config
-- Up-to-date: /home/ratkaba/workspace/src/ros2-traffic-project/install/turtlebot3_slam_toolbox/share/turtlebot3_slam_toolbox/config/slam_toolbox_mapping.yaml:Zone.Identifier
-- Up-to-date: /home/ratkaba/workspace/src/ros2-traffic-project/install/turtlebot3_slam_toolbox/share/turtlebot3_slam_toolbox/config/slam_toolbox_mapping.yaml
-- Up-to-date: /home/ratkaba/workspace/src/ros2-traffic-project/install/turtlebot3_slam_toolbox/share/turtlebot3_slam_toolbox/launch
-- Up-to-date: /home/ratkaba/workspace/src/ros2-traffic-project/install/turtlebot3_slam_toolbox/share/turtlebot3_slam_toolbox/launch/slam_toolbox.launch.py:Zone.Identifier
-- Up-to-date: /home/ratkaba/workspace/src/ros2-traffic-project/install/turtlebot3_slam_toolbox/share/turtlebot3_slam_toolbox/launch/slam_toolbox.launch.py
-- Up-to-date: /home/ratkaba/workspace/src/ros2-traffic-project/install/turtlebot3_slam_toolbox/share/turtlebot3_slam_toolbox/rviz
-- Up-to-date: /home/ratkaba/workspace/src/ros2-traffic-project/install/turtlebot3_slam_toolbox/share/turtlebot3_slam_toolbox/rviz/slam_toolbox.rviz:Zone.Identifier
-- Up-to-date: /home/ratkaba/workspace/src/ros2-traffic-project/install/turtlebot3_slam_toolbox/share/turtlebot3_slam_toolbox/rviz/slam_toolbox.rviz
-- Up-to-date: /home/ratkaba/workspace/src/ros2-traffic-project/install/turtlebot3_slam_toolbox/share/ament_index/resource_index/package_run_dependencies/turtlebot3_slam_toolbox
-- Up-to-date: /home/ratkaba/workspace/src/ros2-traffic-project/install/turtlebot3_slam_toolbox/share/ament_index/resource_index/parent_prefix_path/turtlebot3_slam_toolbox
-- Up-to-date: /home/ratkaba/workspace/src/ros2-traffic-project/install/turtlebot3_slam_toolbox/share/turtlebot3_slam_toolbox/environment/ament_prefix_path.sh
-- Up-to-date: /home/ratkaba/workspace/src/ros2-traffic-project/install/turtlebot3_slam_toolbox/share/turtlebot3_slam_toolbox/environment/ament_prefix_path.dsv
-- Up-to-date: /home/ratkaba/workspace/src/ros2-traffic-project/install/turtlebot3_slam_toolbox/share/turtlebot3_slam_toolbox/environment/path.sh
-- Up-to-date: /home/ratkaba/workspace/src/ros2-traffic-project/install/turtlebot3_slam_toolbox/share/turtlebot3_slam_toolbox/environment/path.dsv
-- Up-to-date: /home/ratkaba/workspace/src/ros2-traffic-project/install/turtlebot3_slam_toolbox/share/turtlebot3_slam_toolbox/local_setup.bash
-- Up-to-date: /home/ratkaba/workspace/src/ros2-traffic-project/install/turtlebot3_slam_toolbox/share/turtlebot3_slam_toolbox/local_setup.sh
-- Up-to-date: /home/ratkaba/workspace/src/ros2-traffic-project/install/turtlebot3_slam_toolbox/share/turtlebot3_slam_toolbox/local_setup.zsh
-- Up-to-date: /home/ratkaba/workspace/src/ros2-traffic-project/install/turtlebot3_slam_toolbox/share/turtlebot3_slam_toolbox/local_setup.dsv
-- Up-to-date: /home/ratkaba/workspace/src/ros2-traffic-project/install/turtlebot3_slam_toolbox/share/turtlebot3_slam_toolbox/package.dsv
-- Up-to-date: /home/ratkaba/workspace/src/ros2-traffic-project/install/turtlebot3_slam_toolbox/share/ament_index/resource_index/packages/turtlebot3_slam_toolbox
-- Up-to-date: /home/ratkaba/workspace/src/ros2-traffic-project/install/turtlebot3_slam_toolbox/share/turtlebot3_slam_toolbox/cmake/turtlebot3_slam_toolboxConfig.cmake
-- Up-to-date: /home/ratkaba/workspace/src/ros2-traffic-project/install/turtlebot3_slam_toolbox/share/turtlebot3_slam_toolbox/cmake/turtlebot3_slam_toolboxConfig-version.cmake
-- Up-to-date: /home/ratkaba/workspace/src/ros2-traffic-project/install/turtlebot3_slam_toolbox/share/turtlebot3_slam_toolbox/package.xml
