[0.175s] Invoking command in '/home/ratkaba/workspace/src/ros2-traffic-project/build/turtlebot3_slam_toolbox': CMAKE_PREFIX_PATH=${CMAKE_PREFIX_PATH}:/opt/ros/jazzy /usr/bin/cmake --build /home/ratkaba/workspace/src/ros2-traffic-project/build/turtlebot3_slam_toolbox -- -j20 -l20
[0.241s] Invoked command in '/home/ratkaba/workspace/src/ros2-traffic-project/build/turtlebot3_slam_toolbox' returned '0': CMAKE_PREFIX_PATH=${CMAKE_PREFIX_PATH}:/opt/ros/jazzy /usr/bin/cmake --build /home/ratkaba/workspace/src/ros2-traffic-project/build/turtlebot3_slam_toolbox -- -j20 -l20
[0.241s] Invoking command in '/home/ratkaba/workspace/src/ros2-traffic-project/build/turtlebot3_slam_toolbox': CMAKE_PREFIX_PATH=${CMAKE_PREFIX_PATH}:/opt/ros/jazzy /usr/bin/cmake --install /home/ratkaba/workspace/src/ros2-traffic-project/build/turtlebot3_slam_toolbox
[0.242s] -- Install configuration: ""
[0.242s] -- Up-to-date: /home/ratkaba/workspace/src/ros2-traffic-project/install/turtlebot3_slam_toolbox/share/turtlebot3_slam_toolbox/config
[0.242s] -- Up-to-date: /home/ratkaba/workspace/src/ros2-traffic-project/install/turtlebot3_slam_toolbox/share/turtlebot3_slam_toolbox/config/slam_toolbox_mapping.yaml:Zone.Identifier
[0.242s] -- Up-to-date: /home/ratkaba/workspace/src/ros2-traffic-project/install/turtlebot3_slam_toolbox/share/turtlebot3_slam_toolbox/config/slam_toolbox_mapping.yaml
[0.242s] -- Up-to-date: /home/ratkaba/workspace/src/ros2-traffic-project/install/turtlebot3_slam_toolbox/share/turtlebot3_slam_toolbox/launch
[0.242s] -- Up-to-date: /home/ratkaba/workspace/src/ros2-traffic-project/install/turtlebot3_slam_toolbox/share/turtlebot3_slam_toolbox/launch/slam_toolbox.launch.py:Zone.Identifier
[0.242s] -- Up-to-date: /home/ratkaba/workspace/src/ros2-traffic-project/install/turtlebot3_slam_toolbox/share/turtlebot3_slam_toolbox/launch/slam_toolbox.launch.py
[0.242s] -- Up-to-date: /home/ratkaba/workspace/src/ros2-traffic-project/install/turtlebot3_slam_toolbox/share/turtlebot3_slam_toolbox/rviz
[0.242s] -- Up-to-date: /home/ratkaba/workspace/src/ros2-traffic-project/install/turtlebot3_slam_toolbox/share/turtlebot3_slam_toolbox/rviz/slam_toolbox.rviz:Zone.Identifier
[0.242s] -- Up-to-date: /home/ratkaba/workspace/src/ros2-traffic-project/install/turtlebot3_slam_toolbox/share/turtlebot3_slam_toolbox/rviz/slam_toolbox.rviz
[0.243s] -- Up-to-date: /home/ratkaba/workspace/src/ros2-traffic-project/install/turtlebot3_slam_toolbox/share/ament_index/resource_index/package_run_dependencies/turtlebot3_slam_toolbox
[0.243s] -- Up-to-date: /home/ratkaba/workspace/src/ros2-traffic-project/install/turtlebot3_slam_toolbox/share/ament_index/resource_index/parent_prefix_path/turtlebot3_slam_toolbox
[0.243s] -- Up-to-date: /home/ratkaba/workspace/src/ros2-traffic-project/install/turtlebot3_slam_toolbox/share/turtlebot3_slam_toolbox/environment/ament_prefix_path.sh
[0.243s] -- Up-to-date: /home/ratkaba/workspace/src/ros2-traffic-project/install/turtlebot3_slam_toolbox/share/turtlebot3_slam_toolbox/environment/ament_prefix_path.dsv
[0.243s] -- Up-to-date: /home/ratkaba/workspace/src/ros2-traffic-project/install/turtlebot3_slam_toolbox/share/turtlebot3_slam_toolbox/environment/path.sh
[0.243s] -- Up-to-date: /home/ratkaba/workspace/src/ros2-traffic-project/install/turtlebot3_slam_toolbox/share/turtlebot3_slam_toolbox/environment/path.dsv
[0.243s] -- Up-to-date: /home/ratkaba/workspace/src/ros2-traffic-project/install/turtlebot3_slam_toolbox/share/turtlebot3_slam_toolbox/local_setup.bash
[0.243s] -- Up-to-date: /home/ratkaba/workspace/src/ros2-traffic-project/install/turtlebot3_slam_toolbox/share/turtlebot3_slam_toolbox/local_setup.sh
[0.243s] -- Up-to-date: /home/ratkaba/workspace/src/ros2-traffic-project/install/turtlebot3_slam_toolbox/share/turtlebot3_slam_toolbox/local_setup.zsh
[0.243s] -- Up-to-date: /home/ratkaba/workspace/src/ros2-traffic-project/install/turtlebot3_slam_toolbox/share/turtlebot3_slam_toolbox/local_setup.dsv
[0.243s] -- Up-to-date: /home/ratkaba/workspace/src/ros2-traffic-project/install/turtlebot3_slam_toolbox/share/turtlebot3_slam_toolbox/package.dsv
[0.244s] -- Up-to-date: /home/ratkaba/workspace/src/ros2-traffic-project/install/turtlebot3_slam_toolbox/share/ament_index/resource_index/packages/turtlebot3_slam_toolbox
[0.244s] -- Up-to-date: /home/ratkaba/workspace/src/ros2-traffic-project/install/turtlebot3_slam_toolbox/share/turtlebot3_slam_toolbox/cmake/turtlebot3_slam_toolboxConfig.cmake
[0.244s] -- Up-to-date: /home/ratkaba/workspace/src/ros2-traffic-project/install/turtlebot3_slam_toolbox/share/turtlebot3_slam_toolbox/cmake/turtlebot3_slam_toolboxConfig-version.cmake
[0.244s] -- Up-to-date: /home/ratkaba/workspace/src/ros2-traffic-project/install/turtlebot3_slam_toolbox/share/turtlebot3_slam_toolbox/package.xml
[0.296s] Invoked command in '/home/ratkaba/workspace/src/ros2-traffic-project/build/turtlebot3_slam_toolbox' returned '0': CMAKE_PREFIX_PATH=${CMAKE_PREFIX_PATH}:/opt/ros/jazzy /usr/bin/cmake --install /home/ratkaba/workspace/src/ros2-traffic-project/build/turtlebot3_slam_toolbox
