running egg_info
creating ../build/turtlebot3_mogi_py/turtlebot3_mogi_py.egg-info
writing ../build/turtlebot3_mogi_py/turtlebot3_mogi_py.egg-info/PKG-INFO
writing dependency_links to ../build/turtlebot3_mogi_py/turtlebot3_mogi_py.egg-info/dependency_links.txt
writing entry points to ../build/turtlebot3_mogi_py/turtlebot3_mogi_py.egg-info/entry_points.txt
writing requirements to ../build/turtlebot3_mogi_py/turtlebot3_mogi_py.egg-info/requires.txt
writing top-level names to ../build/turtlebot3_mogi_py/turtlebot3_mogi_py.egg-info/top_level.txt
writing manifest file '../build/turtlebot3_mogi_py/turtlebot3_mogi_py.egg-info/SOURCES.txt'
reading manifest file '../build/turtlebot3_mogi_py/turtlebot3_mogi_py.egg-info/SOURCES.txt'
writing manifest file '../build/turtlebot3_mogi_py/turtlebot3_mogi_py.egg-info/SOURCES.txt'
running build
running build_py
creating /home/ratkaba/workspace/src/ros2-traffic-project/build/turtlebot3_mogi_py/build
creating /home/ratkaba/workspace/src/ros2-traffic-project/build/turtlebot3_mogi_py/build/lib
creating /home/ratkaba/workspace/src/ros2-traffic-project/build/turtlebot3_mogi_py/build/lib/turtlebot3_mogi_py
copying turtlebot3_mogi_py/line_follower_cnn.py -> /home/ratkaba/workspace/src/ros2-traffic-project/build/turtlebot3_mogi_py/build/lib/turtlebot3_mogi_py
copying turtlebot3_mogi_py/save_training_images.py -> /home/ratkaba/workspace/src/ros2-traffic-project/build/turtlebot3_mogi_py/build/lib/turtlebot3_mogi_py
copying turtlebot3_mogi_py/train_network.py -> /home/ratkaba/workspace/src/ros2-traffic-project/build/turtlebot3_mogi_py/build/lib/turtlebot3_mogi_py
copying turtlebot3_mogi_py/__init__.py -> /home/ratkaba/workspace/src/ros2-traffic-project/build/turtlebot3_mogi_py/build/lib/turtlebot3_mogi_py
copying turtlebot3_mogi_py/line_follower.py -> /home/ratkaba/workspace/src/ros2-traffic-project/build/turtlebot3_mogi_py/build/lib/turtlebot3_mogi_py
copying turtlebot3_mogi_py/line_follower_cnn_robot.py -> /home/ratkaba/workspace/src/ros2-traffic-project/build/turtlebot3_mogi_py/build/lib/turtlebot3_mogi_py
running install
running install_lib
creating /home/ratkaba/workspace/src/ros2-traffic-project/install/turtlebot3_mogi_py/lib/python3.12/site-packages/turtlebot3_mogi_py
copying /home/ratkaba/workspace/src/ros2-traffic-project/build/turtlebot3_mogi_py/build/lib/turtlebot3_mogi_py/line_follower_cnn.py -> /home/ratkaba/workspace/src/ros2-traffic-project/install/turtlebot3_mogi_py/lib/python3.12/site-packages/turtlebot3_mogi_py
copying /home/ratkaba/workspace/src/ros2-traffic-project/build/turtlebot3_mogi_py/build/lib/turtlebot3_mogi_py/save_training_images.py -> /home/ratkaba/workspace/src/ros2-traffic-project/install/turtlebot3_mogi_py/lib/python3.12/site-packages/turtlebot3_mogi_py
copying /home/ratkaba/workspace/src/ros2-traffic-project/build/turtlebot3_mogi_py/build/lib/turtlebot3_mogi_py/train_network.py -> /home/ratkaba/workspace/src/ros2-traffic-project/install/turtlebot3_mogi_py/lib/python3.12/site-packages/turtlebot3_mogi_py
copying /home/ratkaba/workspace/src/ros2-traffic-project/build/turtlebot3_mogi_py/build/lib/turtlebot3_mogi_py/__init__.py -> /home/ratkaba/workspace/src/ros2-traffic-project/install/turtlebot3_mogi_py/lib/python3.12/site-packages/turtlebot3_mogi_py
copying /home/ratkaba/workspace/src/ros2-traffic-project/build/turtlebot3_mogi_py/build/lib/turtlebot3_mogi_py/line_follower.py -> /home/ratkaba/workspace/src/ros2-traffic-project/install/turtlebot3_mogi_py/lib/python3.12/site-packages/turtlebot3_mogi_py
copying /home/ratkaba/workspace/src/ros2-traffic-project/build/turtlebot3_mogi_py/build/lib/turtlebot3_mogi_py/line_follower_cnn_robot.py -> /home/ratkaba/workspace/src/ros2-traffic-project/install/turtlebot3_mogi_py/lib/python3.12/site-packages/turtlebot3_mogi_py
byte-compiling /home/ratkaba/workspace/src/ros2-traffic-project/install/turtlebot3_mogi_py/lib/python3.12/site-packages/turtlebot3_mogi_py/line_follower_cnn.py to line_follower_cnn.cpython-312.pyc
byte-compiling /home/ratkaba/workspace/src/ros2-traffic-project/install/turtlebot3_mogi_py/lib/python3.12/site-packages/turtlebot3_mogi_py/save_training_images.py to save_training_images.cpython-312.pyc
byte-compiling /home/ratkaba/workspace/src/ros2-traffic-project/install/turtlebot3_mogi_py/lib/python3.12/site-packages/turtlebot3_mogi_py/train_network.py to train_network.cpython-312.pyc
byte-compiling /home/ratkaba/workspace/src/ros2-traffic-project/install/turtlebot3_mogi_py/lib/python3.12/site-packages/turtlebot3_mogi_py/__init__.py to __init__.cpython-312.pyc
byte-compiling /home/ratkaba/workspace/src/ros2-traffic-project/install/turtlebot3_mogi_py/lib/python3.12/site-packages/turtlebot3_mogi_py/line_follower.py to line_follower.cpython-312.pyc
byte-compiling /home/ratkaba/workspace/src/ros2-traffic-project/install/turtlebot3_mogi_py/lib/python3.12/site-packages/turtlebot3_mogi_py/line_follower_cnn_robot.py to line_follower_cnn_robot.cpython-312.pyc
running install_data
creating /home/ratkaba/workspace/src/ros2-traffic-project/install/turtlebot3_mogi_py/share/ament_index
creating /home/ratkaba/workspace/src/ros2-traffic-project/install/turtlebot3_mogi_py/share/ament_index/resource_index
creating /home/ratkaba/workspace/src/ros2-traffic-project/install/turtlebot3_mogi_py/share/ament_index/resource_index/packages
copying resource/turtlebot3_mogi_py -> /home/ratkaba/workspace/src/ros2-traffic-project/install/turtlebot3_mogi_py/share/ament_index/resource_index/packages
copying package.xml -> /home/ratkaba/workspace/src/ros2-traffic-project/install/turtlebot3_mogi_py/share/turtlebot3_mogi_py
creating /home/ratkaba/workspace/src/ros2-traffic-project/install/turtlebot3_mogi_py/share/turtlebot3_mogi_py/network_model
copying network_model/model.best.keras -> /home/ratkaba/workspace/src/ros2-traffic-project/install/turtlebot3_mogi_py/share/turtlebot3_mogi_py/network_model
copying network_model/model_training.png:Zone.Identifier -> /home/ratkaba/workspace/src/ros2-traffic-project/install/turtlebot3_mogi_py/share/turtlebot3_mogi_py/network_model
copying network_model/model.keras -> /home/ratkaba/workspace/src/ros2-traffic-project/install/turtlebot3_mogi_py/share/turtlebot3_mogi_py/network_model
copying network_model/model_training.png -> /home/ratkaba/workspace/src/ros2-traffic-project/install/turtlebot3_mogi_py/share/turtlebot3_mogi_py/network_model
copying network_model/model.keras:Zone.Identifier -> /home/ratkaba/workspace/src/ros2-traffic-project/install/turtlebot3_mogi_py/share/turtlebot3_mogi_py/network_model
copying network_model/model.best.keras:Zone.Identifier -> /home/ratkaba/workspace/src/ros2-traffic-project/install/turtlebot3_mogi_py/share/turtlebot3_mogi_py/network_model
running install_egg_info
Copying ../build/turtlebot3_mogi_py/turtlebot3_mogi_py.egg-info to /home/ratkaba/workspace/src/ros2-traffic-project/install/turtlebot3_mogi_py/lib/python3.12/site-packages/turtlebot3_mogi_py-1.0.0-py3.12.egg-info
running install_scripts
Installing line_follower script to /home/ratkaba/workspace/src/ros2-traffic-project/install/turtlebot3_mogi_py/lib/turtlebot3_mogi_py
Installing line_follower_cnn script to /home/ratkaba/workspace/src/ros2-traffic-project/install/turtlebot3_mogi_py/lib/turtlebot3_mogi_py
Installing line_follower_cnn_robot script to /home/ratkaba/workspace/src/ros2-traffic-project/install/turtlebot3_mogi_py/lib/turtlebot3_mogi_py
Installing save_training_images script to /home/ratkaba/workspace/src/ros2-traffic-project/install/turtlebot3_mogi_py/lib/turtlebot3_mogi_py
writing list of installed files to '/home/ratkaba/workspace/src/ros2-traffic-project/build/turtlebot3_mogi_py/install.log'
