[0.115s] Invoking command in '/home/ratkaba/workspace/src/ros2-traffic-project/build/turtlebot3_description': CMAKE_PREFIX_PATH=/home/ratkaba/ros2_ws/install/turtlebot3:/home/ratkaba/ros2_ws/install/turtlebot3_slam_toolbox:/home/ratkaba/ros2_ws/install/turtlebot3_simulations:/home/ratkaba/ros2_ws/install/turtlebot3_navigation2:/home/ratkaba/ros2_ws/install/turtlebot3_fake_node:/home/ratkaba/ros2_ws/install/turtlebot3_msgs:/home/ratkaba/ros2_ws/install/turtlebot3_hardware:/home/ratkaba/ros2_ws/install/turtlebot3_gazebo:/home/ratkaba/ros2_ws/install/turtlebot3_bringup:/home/ratkaba/ros2_ws/install/turtlebot3_description:/home/ratkaba/ros2_ws/install/turtlebot3_cartographer:/home/ratkaba/ros2_ws/install/traffic_sim_bringup:/home/ratkaba/ros2_ws/install/bme_ros2_tutorials_bringup:/home/ratkaba/ros2_ws/install/turtlebot3_teleop:/home/ratkaba/ros2_ws/install/turtlebot3_example:/home/ratkaba/ros2_ws/install/traffic_sim_py:/home/ratkaba/ros2_ws/install/bme_ros2_tutorials_py:/opt/ros/jazzy:/home/ratkaba/ros2-traffic-project/install/traffic_sim:/home/ratkaba/ros2-traffic-project/install/ros2-traffic-project:/opt/ros/jazzy/opt/gz_sim_vendor:/opt/ros/jazzy/opt/gz_sensors_vendor:/opt/ros/jazzy/opt/gz_physics_vendor:/opt/ros/jazzy/opt/sdformat_vendor:/opt/ros/jazzy/opt/gz_gui_vendor:/opt/ros/jazzy/opt/gz_transport_vendor:/opt/ros/jazzy/opt/gz_rendering_vendor:/opt/ros/jazzy/opt/gz_plugin_vendor:/opt/ros/jazzy/opt/gz_fuel_tools_vendor:/opt/ros/jazzy/opt/gz_msgs_vendor:/opt/ros/jazzy/opt/gz_common_vendor:/opt/ros/jazzy/opt/gz_math_vendor:/opt/ros/jazzy/opt/gz_utils_vendor:/opt/ros/jazzy/opt/gz_tools_vendor:/opt/ros/jazzy/opt/gz_ogre_next_vendor:/opt/ros/jazzy/opt/gz_dartsim_vendor:/opt/ros/jazzy/opt/gz_cmake_vendor /usr/bin/cmake --build /home/ratkaba/workspace/src/ros2-traffic-project/build/turtlebot3_description -- -j20 -l20
[0.886s] Invoked command in '/home/ratkaba/workspace/src/ros2-traffic-project/build/turtlebot3_description' returned '0': CMAKE_PREFIX_PATH=/home/ratkaba/ros2_ws/install/turtlebot3:/home/ratkaba/ros2_ws/install/turtlebot3_slam_toolbox:/home/ratkaba/ros2_ws/install/turtlebot3_simulations:/home/ratkaba/ros2_ws/install/turtlebot3_navigation2:/home/ratkaba/ros2_ws/install/turtlebot3_fake_node:/home/ratkaba/ros2_ws/install/turtlebot3_msgs:/home/ratkaba/ros2_ws/install/turtlebot3_hardware:/home/ratkaba/ros2_ws/install/turtlebot3_gazebo:/home/ratkaba/ros2_ws/install/turtlebot3_bringup:/home/ratkaba/ros2_ws/install/turtlebot3_description:/home/ratkaba/ros2_ws/install/turtlebot3_cartographer:/home/ratkaba/ros2_ws/install/traffic_sim_bringup:/home/ratkaba/ros2_ws/install/bme_ros2_tutorials_bringup:/home/ratkaba/ros2_ws/install/turtlebot3_teleop:/home/ratkaba/ros2_ws/install/turtlebot3_example:/home/ratkaba/ros2_ws/install/traffic_sim_py:/home/ratkaba/ros2_ws/install/bme_ros2_tutorials_py:/opt/ros/jazzy:/home/ratkaba/ros2-traffic-project/install/traffic_sim:/home/ratkaba/ros2-traffic-project/install/ros2-traffic-project:/opt/ros/jazzy/opt/gz_sim_vendor:/opt/ros/jazzy/opt/gz_sensors_vendor:/opt/ros/jazzy/opt/gz_physics_vendor:/opt/ros/jazzy/opt/sdformat_vendor:/opt/ros/jazzy/opt/gz_gui_vendor:/opt/ros/jazzy/opt/gz_transport_vendor:/opt/ros/jazzy/opt/gz_rendering_vendor:/opt/ros/jazzy/opt/gz_plugin_vendor:/opt/ros/jazzy/opt/gz_fuel_tools_vendor:/opt/ros/jazzy/opt/gz_msgs_vendor:/opt/ros/jazzy/opt/gz_common_vendor:/opt/ros/jazzy/opt/gz_math_vendor:/opt/ros/jazzy/opt/gz_utils_vendor:/opt/ros/jazzy/opt/gz_tools_vendor:/opt/ros/jazzy/opt/gz_ogre_next_vendor:/opt/ros/jazzy/opt/gz_dartsim_vendor:/opt/ros/jazzy/opt/gz_cmake_vendor /usr/bin/cmake --build /home/ratkaba/workspace/src/ros2-traffic-project/build/turtlebot3_description -- -j20 -l20
[0.904s] Invoking command in '/home/ratkaba/workspace/src/ros2-traffic-project/build/turtlebot3_description': CMAKE_PREFIX_PATH=/home/ratkaba/ros2_ws/install/turtlebot3:/home/ratkaba/ros2_ws/install/turtlebot3_slam_toolbox:/home/ratkaba/ros2_ws/install/turtlebot3_simulations:/home/ratkaba/ros2_ws/install/turtlebot3_navigation2:/home/ratkaba/ros2_ws/install/turtlebot3_fake_node:/home/ratkaba/ros2_ws/install/turtlebot3_msgs:/home/ratkaba/ros2_ws/install/turtlebot3_hardware:/home/ratkaba/ros2_ws/install/turtlebot3_gazebo:/home/ratkaba/ros2_ws/install/turtlebot3_bringup:/home/ratkaba/ros2_ws/install/turtlebot3_description:/home/ratkaba/ros2_ws/install/turtlebot3_cartographer:/home/ratkaba/ros2_ws/install/traffic_sim_bringup:/home/ratkaba/ros2_ws/install/bme_ros2_tutorials_bringup:/home/ratkaba/ros2_ws/install/turtlebot3_teleop:/home/ratkaba/ros2_ws/install/turtlebot3_example:/home/ratkaba/ros2_ws/install/traffic_sim_py:/home/ratkaba/ros2_ws/install/bme_ros2_tutorials_py:/opt/ros/jazzy:/home/ratkaba/ros2-traffic-project/install/traffic_sim:/home/ratkaba/ros2-traffic-project/install/ros2-traffic-project:/opt/ros/jazzy/opt/gz_sim_vendor:/opt/ros/jazzy/opt/gz_sensors_vendor:/opt/ros/jazzy/opt/gz_physics_vendor:/opt/ros/jazzy/opt/sdformat_vendor:/opt/ros/jazzy/opt/gz_gui_vendor:/opt/ros/jazzy/opt/gz_transport_vendor:/opt/ros/jazzy/opt/gz_rendering_vendor:/opt/ros/jazzy/opt/gz_plugin_vendor:/opt/ros/jazzy/opt/gz_fuel_tools_vendor:/opt/ros/jazzy/opt/gz_msgs_vendor:/opt/ros/jazzy/opt/gz_common_vendor:/opt/ros/jazzy/opt/gz_math_vendor:/opt/ros/jazzy/opt/gz_utils_vendor:/opt/ros/jazzy/opt/gz_tools_vendor:/opt/ros/jazzy/opt/gz_ogre_next_vendor:/opt/ros/jazzy/opt/gz_dartsim_vendor:/opt/ros/jazzy/opt/gz_cmake_vendor /usr/bin/cmake --install /home/ratkaba/workspace/src/ros2-traffic-project/build/turtlebot3_description
[0.933s] -- Install configuration: ""
[0.933s] -- Up-to-date: /home/ratkaba/workspace/src/ros2-traffic-project/install/turtlebot3_description/share/turtlebot3_description/launch
[0.934s] -- Up-to-date: /home/ratkaba/workspace/src/ros2-traffic-project/install/turtlebot3_description/share/turtlebot3_description/launch/model.launch.py
[0.935s] -- Up-to-date: /home/ratkaba/workspace/src/ros2-traffic-project/install/turtlebot3_description/share/turtlebot3_description/launch/model.launch.py:Zone.Identifier
[0.936s] -- Up-to-date: /home/ratkaba/workspace/src/ros2-traffic-project/install/turtlebot3_description/share/turtlebot3_description/rviz
[0.938s] -- Up-to-date: /home/ratkaba/workspace/src/ros2-traffic-project/install/turtlebot3_description/share/turtlebot3_description/rviz/model.rviz
[0.939s] -- Up-to-date: /home/ratkaba/workspace/src/ros2-traffic-project/install/turtlebot3_description/share/turtlebot3_description/rviz/model.rviz:Zone.Identifier
[0.939s] -- Up-to-date: /home/ratkaba/workspace/src/ros2-traffic-project/install/turtlebot3_description/share/turtlebot3_description/urdf
[0.940s] -- Up-to-date: /home/ratkaba/workspace/src/ros2-traffic-project/install/turtlebot3_description/share/turtlebot3_description/urdf/turtlebot3_burger.urdf.xacro
[0.940s] -- Up-to-date: /home/ratkaba/workspace/src/ros2-traffic-project/install/turtlebot3_description/share/turtlebot3_description/urdf/waffle_pi.urdf.xacro
[0.940s] -- Up-to-date: /home/ratkaba/workspace/src/ros2-traffic-project/install/turtlebot3_description/share/turtlebot3_description/urdf/turtlebot3_waffle_pi.urdf.xacro:Zone.Identifier
[0.941s] -- Up-to-date: /home/ratkaba/workspace/src/ros2-traffic-project/install/turtlebot3_description/share/turtlebot3_description/urdf/waffle_pi.urdf.xacro:Zone.Identifier
[0.941s] -- Up-to-date: /home/ratkaba/workspace/src/ros2-traffic-project/install/turtlebot3_description/share/turtlebot3_description/urdf/turtlebot3_burger.urdf.xacro:Zone.Identifier
[0.943s] -- Up-to-date: /home/ratkaba/workspace/src/ros2-traffic-project/install/turtlebot3_description/share/turtlebot3_description/urdf/turtlebot3_waffle_pi.urdf.xacro
[0.944s] -- Up-to-date: /home/ratkaba/workspace/src/ros2-traffic-project/install/turtlebot3_description/share/turtlebot3_description/urdf/burger.urdf.xacro:Zone.Identifier
[0.944s] -- Up-to-date: /home/ratkaba/workspace/src/ros2-traffic-project/install/turtlebot3_description/share/turtlebot3_description/urdf/burger.urdf.xacro
[0.945s] -- Up-to-date: /home/ratkaba/workspace/src/ros2-traffic-project/install/turtlebot3_description/share/turtlebot3_description/urdf/burger_camera.urdf.xacro:Zone.Identifier
[0.945s] -- Up-to-date: /home/ratkaba/workspace/src/ros2-traffic-project/install/turtlebot3_description/share/turtlebot3_description/urdf/burger_camera.urdf.xacro
[0.947s] -- Up-to-date: /home/ratkaba/workspace/src/ros2-traffic-project/install/turtlebot3_description/share/turtlebot3_description/gazebo
[0.947s] -- Up-to-date: /home/ratkaba/workspace/src/ros2-traffic-project/install/turtlebot3_description/share/turtlebot3_description/gazebo/waffle_pi.gazebo.xacro
[0.947s] -- Up-to-date: /home/ratkaba/workspace/src/ros2-traffic-project/install/turtlebot3_description/share/turtlebot3_description/gazebo/materials.xacro:Zone.Identifier
[0.947s] -- Up-to-date: /home/ratkaba/workspace/src/ros2-traffic-project/install/turtlebot3_description/share/turtlebot3_description/gazebo/burger.gazebo.xacro:Zone.Identifier
[0.948s] -- Up-to-date: /home/ratkaba/workspace/src/ros2-traffic-project/install/turtlebot3_description/share/turtlebot3_description/gazebo/waffle_pi.gazebo.xacro:Zone.Identifier
[0.948s] -- Up-to-date: /home/ratkaba/workspace/src/ros2-traffic-project/install/turtlebot3_description/share/turtlebot3_description/gazebo/materials.xacro
[0.949s] -- Up-to-date: /home/ratkaba/workspace/src/ros2-traffic-project/install/turtlebot3_description/share/turtlebot3_description/gazebo/burger.gazebo.xacro
[0.949s] -- Up-to-date: /home/ratkaba/workspace/src/ros2-traffic-project/install/turtlebot3_description/share/turtlebot3_description/meshes
[0.949s] -- Up-to-date: /home/ratkaba/workspace/src/ros2-traffic-project/install/turtlebot3_description/share/turtlebot3_description/meshes/burger
[0.950s] -- Up-to-date: /home/ratkaba/workspace/src/ros2-traffic-project/install/turtlebot3_description/share/turtlebot3_description/meshes/burger/base.stl:Zone.Identifier
[0.950s] -- Up-to-date: /home/ratkaba/workspace/src/ros2-traffic-project/install/turtlebot3_description/share/turtlebot3_description/meshes/burger/ladar.stl
[0.951s] -- Up-to-date: /home/ratkaba/workspace/src/ros2-traffic-project/install/turtlebot3_description/share/turtlebot3_description/meshes/burger/left_tire.stl
[0.951s] -- Up-to-date: /home/ratkaba/workspace/src/ros2-traffic-project/install/turtlebot3_description/share/turtlebot3_description/meshes/burger/base.stl
[0.952s] -- Up-to-date: /home/ratkaba/workspace/src/ros2-traffic-project/install/turtlebot3_description/share/turtlebot3_description/meshes/burger/ladar.stl:Zone.Identifier
[0.952s] -- Up-to-date: /home/ratkaba/workspace/src/ros2-traffic-project/install/turtlebot3_description/share/turtlebot3_description/meshes/burger/left_tire.stl:Zone.Identifier
[0.953s] -- Up-to-date: /home/ratkaba/workspace/src/ros2-traffic-project/install/turtlebot3_description/share/turtlebot3_description/meshes/burger/right_tire.stl:Zone.Identifier
[0.953s] -- Up-to-date: /home/ratkaba/workspace/src/ros2-traffic-project/install/turtlebot3_description/share/turtlebot3_description/meshes/burger/right_tire.stl
[0.953s] -- Up-to-date: /home/ratkaba/workspace/src/ros2-traffic-project/install/turtlebot3_description/share/turtlebot3_description/meshes/waffle_pi
[0.953s] -- Up-to-date: /home/ratkaba/workspace/src/ros2-traffic-project/install/turtlebot3_description/share/turtlebot3_description/meshes/waffle_pi/base.stl:Zone.Identifier
[0.954s] -- Up-to-date: /home/ratkaba/workspace/src/ros2-traffic-project/install/turtlebot3_description/share/turtlebot3_description/meshes/waffle_pi/ladar.stl
[0.954s] -- Up-to-date: /home/ratkaba/workspace/src/ros2-traffic-project/install/turtlebot3_description/share/turtlebot3_description/meshes/waffle_pi/left_tire.stl
[0.955s] -- Up-to-date: /home/ratkaba/workspace/src/ros2-traffic-project/install/turtlebot3_description/share/turtlebot3_description/meshes/waffle_pi/base.stl
[0.955s] -- Up-to-date: /home/ratkaba/workspace/src/ros2-traffic-project/install/turtlebot3_description/share/turtlebot3_description/meshes/waffle_pi/ladar.stl:Zone.Identifier
[0.955s] -- Up-to-date: /home/ratkaba/workspace/src/ros2-traffic-project/install/turtlebot3_description/share/turtlebot3_description/meshes/waffle_pi/left_tire.stl:Zone.Identifier
[0.956s] -- Up-to-date: /home/ratkaba/workspace/src/ros2-traffic-project/install/turtlebot3_description/share/turtlebot3_description/meshes/waffle_pi/right_tire.stl:Zone.Identifier
[0.956s] -- Up-to-date: /home/ratkaba/workspace/src/ros2-traffic-project/install/turtlebot3_description/share/turtlebot3_description/meshes/waffle_pi/right_tire.stl
[0.956s] -- Up-to-date: /home/ratkaba/workspace/src/ros2-traffic-project/install/turtlebot3_description/share/turtlebot3_description/ros2_control
[0.956s] -- Up-to-date: /home/ratkaba/workspace/src/ros2-traffic-project/install/turtlebot3_description/share/turtlebot3_description/ros2_control/turtlebot3_system.ros2_control.xacro:Zone.Identifier
[0.957s] -- Up-to-date: /home/ratkaba/workspace/src/ros2-traffic-project/install/turtlebot3_description/share/turtlebot3_description/ros2_control/turtlebot3_system.ros2_control.xacro
[0.957s] -- Up-to-date: /home/ratkaba/workspace/src/ros2-traffic-project/install/turtlebot3_description/share/turtlebot3_description/environment/turtlebot3_description.dsv
[0.957s] -- Up-to-date: /home/ratkaba/workspace/src/ros2-traffic-project/install/turtlebot3_description/share/ament_index/resource_index/package_run_dependencies/turtlebot3_description
[0.957s] -- Up-to-date: /home/ratkaba/workspace/src/ros2-traffic-project/install/turtlebot3_description/share/ament_index/resource_index/parent_prefix_path/turtlebot3_description
[0.958s] -- Up-to-date: /home/ratkaba/workspace/src/ros2-traffic-project/install/turtlebot3_description/share/turtlebot3_description/environment/ament_prefix_path.sh
[0.959s] -- Up-to-date: /home/ratkaba/workspace/src/ros2-traffic-project/install/turtlebot3_description/share/turtlebot3_description/environment/ament_prefix_path.dsv
[0.959s] -- Up-to-date: /home/ratkaba/workspace/src/ros2-traffic-project/install/turtlebot3_description/share/turtlebot3_description/environment/path.sh
[0.960s] -- Up-to-date: /home/ratkaba/workspace/src/ros2-traffic-project/install/turtlebot3_description/share/turtlebot3_description/environment/path.dsv
[0.960s] -- Up-to-date: /home/ratkaba/workspace/src/ros2-traffic-project/install/turtlebot3_description/share/turtlebot3_description/local_setup.bash
[0.960s] -- Up-to-date: /home/ratkaba/workspace/src/ros2-traffic-project/install/turtlebot3_description/share/turtlebot3_description/local_setup.sh
[0.960s] -- Up-to-date: /home/ratkaba/workspace/src/ros2-traffic-project/install/turtlebot3_description/share/turtlebot3_description/local_setup.zsh
[0.960s] -- Up-to-date: /home/ratkaba/workspace/src/ros2-traffic-project/install/turtlebot3_description/share/turtlebot3_description/local_setup.dsv
[0.960s] -- Installing: /home/ratkaba/workspace/src/ros2-traffic-project/install/turtlebot3_description/share/turtlebot3_description/package.dsv
[0.961s] -- Up-to-date: /home/ratkaba/workspace/src/ros2-traffic-project/install/turtlebot3_description/share/ament_index/resource_index/packages/turtlebot3_description
[0.961s] -- Up-to-date: /home/ratkaba/workspace/src/ros2-traffic-project/install/turtlebot3_description/share/turtlebot3_description/cmake/turtlebot3_descriptionConfig.cmake
[0.962s] -- Up-to-date: /home/ratkaba/workspace/src/ros2-traffic-project/install/turtlebot3_description/share/turtlebot3_description/cmake/turtlebot3_descriptionConfig-version.cmake
[0.962s] -- Up-to-date: /home/ratkaba/workspace/src/ros2-traffic-project/install/turtlebot3_description/share/turtlebot3_description/package.xml
[1.075s] Invoked command in '/home/ratkaba/workspace/src/ros2-traffic-project/build/turtlebot3_description' returned '0': CMAKE_PREFIX_PATH=/home/ratkaba/ros2_ws/install/turtlebot3:/home/ratkaba/ros2_ws/install/turtlebot3_slam_toolbox:/home/ratkaba/ros2_ws/install/turtlebot3_simulations:/home/ratkaba/ros2_ws/install/turtlebot3_navigation2:/home/ratkaba/ros2_ws/install/turtlebot3_fake_node:/home/ratkaba/ros2_ws/install/turtlebot3_msgs:/home/ratkaba/ros2_ws/install/turtlebot3_hardware:/home/ratkaba/ros2_ws/install/turtlebot3_gazebo:/home/ratkaba/ros2_ws/install/turtlebot3_bringup:/home/ratkaba/ros2_ws/install/turtlebot3_description:/home/ratkaba/ros2_ws/install/turtlebot3_cartographer:/home/ratkaba/ros2_ws/install/traffic_sim_bringup:/home/ratkaba/ros2_ws/install/bme_ros2_tutorials_bringup:/home/ratkaba/ros2_ws/install/turtlebot3_teleop:/home/ratkaba/ros2_ws/install/turtlebot3_example:/home/ratkaba/ros2_ws/install/traffic_sim_py:/home/ratkaba/ros2_ws/install/bme_ros2_tutorials_py:/opt/ros/jazzy:/home/ratkaba/ros2-traffic-project/install/traffic_sim:/home/ratkaba/ros2-traffic-project/install/ros2-traffic-project:/opt/ros/jazzy/opt/gz_sim_vendor:/opt/ros/jazzy/opt/gz_sensors_vendor:/opt/ros/jazzy/opt/gz_physics_vendor:/opt/ros/jazzy/opt/sdformat_vendor:/opt/ros/jazzy/opt/gz_gui_vendor:/opt/ros/jazzy/opt/gz_transport_vendor:/opt/ros/jazzy/opt/gz_rendering_vendor:/opt/ros/jazzy/opt/gz_plugin_vendor:/opt/ros/jazzy/opt/gz_fuel_tools_vendor:/opt/ros/jazzy/opt/gz_msgs_vendor:/opt/ros/jazzy/opt/gz_common_vendor:/opt/ros/jazzy/opt/gz_math_vendor:/opt/ros/jazzy/opt/gz_utils_vendor:/opt/ros/jazzy/opt/gz_tools_vendor:/opt/ros/jazzy/opt/gz_ogre_next_vendor:/opt/ros/jazzy/opt/gz_dartsim_vendor:/opt/ros/jazzy/opt/gz_cmake_vendor /usr/bin/cmake --install /home/ratkaba/workspace/src/ros2-traffic-project/build/turtlebot3_description
