[0.050s] Invoking command in '/home/ratkaba/workspace/src/ros2-traffic-project/build/turtlebot3_bringup': AMENT_PREFIX_PATH=/home/ratkaba/workspace/src/ros2-traffic-project/install/turtlebot3_description:${AMENT_PREFIX_PATH} CMAKE_PREFIX_PATH=/home/ratkaba/workspace/src/ros2-traffic-project/install/turtlebot3_description:/home/ratkaba/ros2_ws/install/turtlebot3:/home/ratkaba/ros2_ws/install/turtlebot3_slam_toolbox:/home/ratkaba/ros2_ws/install/turtlebot3_simulations:/home/ratkaba/ros2_ws/install/turtlebot3_navigation2:/home/ratkaba/ros2_ws/install/turtlebot3_fake_node:/home/ratkaba/ros2_ws/install/turtlebot3_msgs:/home/ratkaba/ros2_ws/install/turtlebot3_hardware:/home/ratkaba/ros2_ws/install/turtlebot3_gazebo:/home/ratkaba/ros2_ws/install/turtlebot3_bringup:/home/ratkaba/ros2_ws/install/turtlebot3_description:/home/ratkaba/ros2_ws/install/turtlebot3_cartographer:/home/ratkaba/ros2_ws/install/traffic_sim_bringup:/home/ratkaba/ros2_ws/install/bme_ros2_tutorials_bringup:/home/ratkaba/ros2_ws/install/turtlebot3_teleop:/home/ratkaba/ros2_ws/install/turtlebot3_example:/home/ratkaba/ros2_ws/install/traffic_sim_py:/home/ratkaba/ros2_ws/install/bme_ros2_tutorials_py:/opt/ros/jazzy:/home/ratkaba/ros2-traffic-project/install/traffic_sim:/home/ratkaba/ros2-traffic-project/install/ros2-traffic-project:/opt/ros/jazzy/opt/gz_sim_vendor:/opt/ros/jazzy/opt/gz_sensors_vendor:/opt/ros/jazzy/opt/gz_physics_vendor:/opt/ros/jazzy/opt/sdformat_vendor:/opt/ros/jazzy/opt/gz_gui_vendor:/opt/ros/jazzy/opt/gz_transport_vendor:/opt/ros/jazzy/opt/gz_rendering_vendor:/opt/ros/jazzy/opt/gz_plugin_vendor:/opt/ros/jazzy/opt/gz_fuel_tools_vendor:/opt/ros/jazzy/opt/gz_msgs_vendor:/opt/ros/jazzy/opt/gz_common_vendor:/opt/ros/jazzy/opt/gz_math_vendor:/opt/ros/jazzy/opt/gz_utils_vendor:/opt/ros/jazzy/opt/gz_tools_vendor:/opt/ros/jazzy/opt/gz_ogre_next_vendor:/opt/ros/jazzy/opt/gz_dartsim_vendor:/opt/ros/jazzy/opt/gz_cmake_vendor /usr/bin/cmake /home/ratkaba/workspace/src/ros2-traffic-project/turtlebot3/turtlebot3_bringup -DCMAKE_INSTALL_PREFIX=/home/ratkaba/workspace/src/ros2-traffic-project/install/turtlebot3_bringup
[0.195s] -- The C compiler identification is GNU 13.3.0
[0.754s] -- The CXX compiler identification is GNU 13.3.0
[1.280s] -- Detecting C compiler ABI info
[1.535s] -- Detecting C compiler ABI info - done
[1.540s] -- Check for working C compiler: /usr/bin/cc - skipped
[1.541s] -- Detecting C compile features
[1.541s] -- Detecting C compile features - done
[1.626s] -- Detecting CXX compiler ABI info
[1.868s] -- Detecting CXX compiler ABI info - done
[1.873s] -- Check for working CXX compiler: /usr/bin/c++ - skipped
[1.874s] -- Detecting CXX compile features
[1.874s] -- Detecting CXX compile features - done
[1.877s] -- Found ament_cmake: 2.5.4 (/opt/ros/jazzy/share/ament_cmake/cmake)
[1.985s] -- Found Python3: /usr/bin/python3 (found version "3.12.3") found components: Interpreter 
[2.119s] -- Configuring done (2.1s)
[2.121s] -- Generating done (0.0s)
[2.122s] -- Build files have been written to: /home/ratkaba/workspace/src/ros2-traffic-project/build/turtlebot3_bringup
[2.125s] Invoked command in '/home/ratkaba/workspace/src/ros2-traffic-project/build/turtlebot3_bringup' returned '0': AMENT_PREFIX_PATH=/home/ratkaba/workspace/src/ros2-traffic-project/install/turtlebot3_description:${AMENT_PREFIX_PATH} CMAKE_PREFIX_PATH=/home/ratkaba/workspace/src/ros2-traffic-project/install/turtlebot3_description:/home/ratkaba/ros2_ws/install/turtlebot3:/home/ratkaba/ros2_ws/install/turtlebot3_slam_toolbox:/home/ratkaba/ros2_ws/install/turtlebot3_simulations:/home/ratkaba/ros2_ws/install/turtlebot3_navigation2:/home/ratkaba/ros2_ws/install/turtlebot3_fake_node:/home/ratkaba/ros2_ws/install/turtlebot3_msgs:/home/ratkaba/ros2_ws/install/turtlebot3_hardware:/home/ratkaba/ros2_ws/install/turtlebot3_gazebo:/home/ratkaba/ros2_ws/install/turtlebot3_bringup:/home/ratkaba/ros2_ws/install/turtlebot3_description:/home/ratkaba/ros2_ws/install/turtlebot3_cartographer:/home/ratkaba/ros2_ws/install/traffic_sim_bringup:/home/ratkaba/ros2_ws/install/bme_ros2_tutorials_bringup:/home/ratkaba/ros2_ws/install/turtlebot3_teleop:/home/ratkaba/ros2_ws/install/turtlebot3_example:/home/ratkaba/ros2_ws/install/traffic_sim_py:/home/ratkaba/ros2_ws/install/bme_ros2_tutorials_py:/opt/ros/jazzy:/home/ratkaba/ros2-traffic-project/install/traffic_sim:/home/ratkaba/ros2-traffic-project/install/ros2-traffic-project:/opt/ros/jazzy/opt/gz_sim_vendor:/opt/ros/jazzy/opt/gz_sensors_vendor:/opt/ros/jazzy/opt/gz_physics_vendor:/opt/ros/jazzy/opt/sdformat_vendor:/opt/ros/jazzy/opt/gz_gui_vendor:/opt/ros/jazzy/opt/gz_transport_vendor:/opt/ros/jazzy/opt/gz_rendering_vendor:/opt/ros/jazzy/opt/gz_plugin_vendor:/opt/ros/jazzy/opt/gz_fuel_tools_vendor:/opt/ros/jazzy/opt/gz_msgs_vendor:/opt/ros/jazzy/opt/gz_common_vendor:/opt/ros/jazzy/opt/gz_math_vendor:/opt/ros/jazzy/opt/gz_utils_vendor:/opt/ros/jazzy/opt/gz_tools_vendor:/opt/ros/jazzy/opt/gz_ogre_next_vendor:/opt/ros/jazzy/opt/gz_dartsim_vendor:/opt/ros/jazzy/opt/gz_cmake_vendor /usr/bin/cmake /home/ratkaba/workspace/src/ros2-traffic-project/turtlebot3/turtlebot3_bringup -DCMAKE_INSTALL_PREFIX=/home/ratkaba/workspace/src/ros2-traffic-project/install/turtlebot3_bringup
[2.126s] Invoking command in '/home/ratkaba/workspace/src/ros2-traffic-project/build/turtlebot3_bringup': AMENT_PREFIX_PATH=/home/ratkaba/workspace/src/ros2-traffic-project/install/turtlebot3_description:${AMENT_PREFIX_PATH} CMAKE_PREFIX_PATH=/home/ratkaba/workspace/src/ros2-traffic-project/install/turtlebot3_description:/home/ratkaba/ros2_ws/install/turtlebot3:/home/ratkaba/ros2_ws/install/turtlebot3_slam_toolbox:/home/ratkaba/ros2_ws/install/turtlebot3_simulations:/home/ratkaba/ros2_ws/install/turtlebot3_navigation2:/home/ratkaba/ros2_ws/install/turtlebot3_fake_node:/home/ratkaba/ros2_ws/install/turtlebot3_msgs:/home/ratkaba/ros2_ws/install/turtlebot3_hardware:/home/ratkaba/ros2_ws/install/turtlebot3_gazebo:/home/ratkaba/ros2_ws/install/turtlebot3_bringup:/home/ratkaba/ros2_ws/install/turtlebot3_description:/home/ratkaba/ros2_ws/install/turtlebot3_cartographer:/home/ratkaba/ros2_ws/install/traffic_sim_bringup:/home/ratkaba/ros2_ws/install/bme_ros2_tutorials_bringup:/home/ratkaba/ros2_ws/install/turtlebot3_teleop:/home/ratkaba/ros2_ws/install/turtlebot3_example:/home/ratkaba/ros2_ws/install/traffic_sim_py:/home/ratkaba/ros2_ws/install/bme_ros2_tutorials_py:/opt/ros/jazzy:/home/ratkaba/ros2-traffic-project/install/traffic_sim:/home/ratkaba/ros2-traffic-project/install/ros2-traffic-project:/opt/ros/jazzy/opt/gz_sim_vendor:/opt/ros/jazzy/opt/gz_sensors_vendor:/opt/ros/jazzy/opt/gz_physics_vendor:/opt/ros/jazzy/opt/sdformat_vendor:/opt/ros/jazzy/opt/gz_gui_vendor:/opt/ros/jazzy/opt/gz_transport_vendor:/opt/ros/jazzy/opt/gz_rendering_vendor:/opt/ros/jazzy/opt/gz_plugin_vendor:/opt/ros/jazzy/opt/gz_fuel_tools_vendor:/opt/ros/jazzy/opt/gz_msgs_vendor:/opt/ros/jazzy/opt/gz_common_vendor:/opt/ros/jazzy/opt/gz_math_vendor:/opt/ros/jazzy/opt/gz_utils_vendor:/opt/ros/jazzy/opt/gz_tools_vendor:/opt/ros/jazzy/opt/gz_ogre_next_vendor:/opt/ros/jazzy/opt/gz_dartsim_vendor:/opt/ros/jazzy/opt/gz_cmake_vendor /usr/bin/cmake --build /home/ratkaba/workspace/src/ros2-traffic-project/build/turtlebot3_bringup -- -j20 -l20
[2.149s] Invoked command in '/home/ratkaba/workspace/src/ros2-traffic-project/build/turtlebot3_bringup' returned '0': AMENT_PREFIX_PATH=/home/ratkaba/workspace/src/ros2-traffic-project/install/turtlebot3_description:${AMENT_PREFIX_PATH} CMAKE_PREFIX_PATH=/home/ratkaba/workspace/src/ros2-traffic-project/install/turtlebot3_description:/home/ratkaba/ros2_ws/install/turtlebot3:/home/ratkaba/ros2_ws/install/turtlebot3_slam_toolbox:/home/ratkaba/ros2_ws/install/turtlebot3_simulations:/home/ratkaba/ros2_ws/install/turtlebot3_navigation2:/home/ratkaba/ros2_ws/install/turtlebot3_fake_node:/home/ratkaba/ros2_ws/install/turtlebot3_msgs:/home/ratkaba/ros2_ws/install/turtlebot3_hardware:/home/ratkaba/ros2_ws/install/turtlebot3_gazebo:/home/ratkaba/ros2_ws/install/turtlebot3_bringup:/home/ratkaba/ros2_ws/install/turtlebot3_description:/home/ratkaba/ros2_ws/install/turtlebot3_cartographer:/home/ratkaba/ros2_ws/install/traffic_sim_bringup:/home/ratkaba/ros2_ws/install/bme_ros2_tutorials_bringup:/home/ratkaba/ros2_ws/install/turtlebot3_teleop:/home/ratkaba/ros2_ws/install/turtlebot3_example:/home/ratkaba/ros2_ws/install/traffic_sim_py:/home/ratkaba/ros2_ws/install/bme_ros2_tutorials_py:/opt/ros/jazzy:/home/ratkaba/ros2-traffic-project/install/traffic_sim:/home/ratkaba/ros2-traffic-project/install/ros2-traffic-project:/opt/ros/jazzy/opt/gz_sim_vendor:/opt/ros/jazzy/opt/gz_sensors_vendor:/opt/ros/jazzy/opt/gz_physics_vendor:/opt/ros/jazzy/opt/sdformat_vendor:/opt/ros/jazzy/opt/gz_gui_vendor:/opt/ros/jazzy/opt/gz_transport_vendor:/opt/ros/jazzy/opt/gz_rendering_vendor:/opt/ros/jazzy/opt/gz_plugin_vendor:/opt/ros/jazzy/opt/gz_fuel_tools_vendor:/opt/ros/jazzy/opt/gz_msgs_vendor:/opt/ros/jazzy/opt/gz_common_vendor:/opt/ros/jazzy/opt/gz_math_vendor:/opt/ros/jazzy/opt/gz_utils_vendor:/opt/ros/jazzy/opt/gz_tools_vendor:/opt/ros/jazzy/opt/gz_ogre_next_vendor:/opt/ros/jazzy/opt/gz_dartsim_vendor:/opt/ros/jazzy/opt/gz_cmake_vendor /usr/bin/cmake --build /home/ratkaba/workspace/src/ros2-traffic-project/build/turtlebot3_bringup -- -j20 -l20
[2.149s] Invoking command in '/home/ratkaba/workspace/src/ros2-traffic-project/build/turtlebot3_bringup': AMENT_PREFIX_PATH=/home/ratkaba/workspace/src/ros2-traffic-project/install/turtlebot3_description:${AMENT_PREFIX_PATH} CMAKE_PREFIX_PATH=/home/ratkaba/workspace/src/ros2-traffic-project/install/turtlebot3_description:/home/ratkaba/ros2_ws/install/turtlebot3:/home/ratkaba/ros2_ws/install/turtlebot3_slam_toolbox:/home/ratkaba/ros2_ws/install/turtlebot3_simulations:/home/ratkaba/ros2_ws/install/turtlebot3_navigation2:/home/ratkaba/ros2_ws/install/turtlebot3_fake_node:/home/ratkaba/ros2_ws/install/turtlebot3_msgs:/home/ratkaba/ros2_ws/install/turtlebot3_hardware:/home/ratkaba/ros2_ws/install/turtlebot3_gazebo:/home/ratkaba/ros2_ws/install/turtlebot3_bringup:/home/ratkaba/ros2_ws/install/turtlebot3_description:/home/ratkaba/ros2_ws/install/turtlebot3_cartographer:/home/ratkaba/ros2_ws/install/traffic_sim_bringup:/home/ratkaba/ros2_ws/install/bme_ros2_tutorials_bringup:/home/ratkaba/ros2_ws/install/turtlebot3_teleop:/home/ratkaba/ros2_ws/install/turtlebot3_example:/home/ratkaba/ros2_ws/install/traffic_sim_py:/home/ratkaba/ros2_ws/install/bme_ros2_tutorials_py:/opt/ros/jazzy:/home/ratkaba/ros2-traffic-project/install/traffic_sim:/home/ratkaba/ros2-traffic-project/install/ros2-traffic-project:/opt/ros/jazzy/opt/gz_sim_vendor:/opt/ros/jazzy/opt/gz_sensors_vendor:/opt/ros/jazzy/opt/gz_physics_vendor:/opt/ros/jazzy/opt/sdformat_vendor:/opt/ros/jazzy/opt/gz_gui_vendor:/opt/ros/jazzy/opt/gz_transport_vendor:/opt/ros/jazzy/opt/gz_rendering_vendor:/opt/ros/jazzy/opt/gz_plugin_vendor:/opt/ros/jazzy/opt/gz_fuel_tools_vendor:/opt/ros/jazzy/opt/gz_msgs_vendor:/opt/ros/jazzy/opt/gz_common_vendor:/opt/ros/jazzy/opt/gz_math_vendor:/opt/ros/jazzy/opt/gz_utils_vendor:/opt/ros/jazzy/opt/gz_tools_vendor:/opt/ros/jazzy/opt/gz_ogre_next_vendor:/opt/ros/jazzy/opt/gz_dartsim_vendor:/opt/ros/jazzy/opt/gz_cmake_vendor /usr/bin/cmake --install /home/ratkaba/workspace/src/ros2-traffic-project/build/turtlebot3_bringup
[2.154s] -- Install configuration: ""
[2.154s] -- Installing: /home/ratkaba/workspace/src/ros2-traffic-project/install/turtlebot3_bringup/share/turtlebot3_bringup/launch
[2.154s] -- Installing: /home/ratkaba/workspace/src/ros2-traffic-project/install/turtlebot3_bringup/share/turtlebot3_bringup/launch/base.launch.py
[2.155s] -- Installing: /home/ratkaba/workspace/src/ros2-traffic-project/install/turtlebot3_bringup/share/turtlebot3_bringup/launch/hardware.launch.py:Zone.Identifier
[2.155s] -- Installing: /home/ratkaba/workspace/src/ros2-traffic-project/install/turtlebot3_bringup/share/turtlebot3_bringup/launch/base.launch.py:Zone.Identifier
[2.155s] -- Installing: /home/ratkaba/workspace/src/ros2-traffic-project/install/turtlebot3_bringup/share/turtlebot3_bringup/launch/fake.launch.py:Zone.Identifier
[2.155s] -- Installing: /home/ratkaba/workspace/src/ros2-traffic-project/install/turtlebot3_bringup/share/turtlebot3_bringup/launch/fake.launch.py
[2.156s] -- Installing: /home/ratkaba/workspace/src/ros2-traffic-project/install/turtlebot3_bringup/share/turtlebot3_bringup/launch/gazebo.launch.py
[2.156s] -- Installing: /home/ratkaba/workspace/src/ros2-traffic-project/install/turtlebot3_bringup/share/turtlebot3_bringup/launch/gazebo.launch.py:Zone.Identifier
[2.156s] -- Installing: /home/ratkaba/workspace/src/ros2-traffic-project/install/turtlebot3_bringup/share/turtlebot3_bringup/launch/hardware.launch.py
[2.157s] -- Installing: /home/ratkaba/workspace/src/ros2-traffic-project/install/turtlebot3_bringup/share/turtlebot3_bringup/config
[2.157s] -- Installing: /home/ratkaba/workspace/src/ros2-traffic-project/install/turtlebot3_bringup/share/turtlebot3_bringup/config/burger
[2.157s] -- Installing: /home/ratkaba/workspace/src/ros2-traffic-project/install/turtlebot3_bringup/share/turtlebot3_bringup/config/burger/gazebo_controller_manager.yaml:Zone.Identifier
[2.157s] -- Installing: /home/ratkaba/workspace/src/ros2-traffic-project/install/turtlebot3_bringup/share/turtlebot3_bringup/config/burger/gazebo_controller_manager.yaml
[2.158s] -- Installing: /home/ratkaba/workspace/src/ros2-traffic-project/install/turtlebot3_bringup/share/turtlebot3_bringup/config/burger/hardware_controller_manager.yaml:Zone.Identifier
[2.158s] -- Installing: /home/ratkaba/workspace/src/ros2-traffic-project/install/turtlebot3_bringup/share/turtlebot3_bringup/config/burger/hardware_controller_manager.yaml
[2.158s] -- Installing: /home/ratkaba/workspace/src/ros2-traffic-project/install/turtlebot3_bringup/share/turtlebot3_bringup/config/waffle_pi
[2.158s] -- Installing: /home/ratkaba/workspace/src/ros2-traffic-project/install/turtlebot3_bringup/share/turtlebot3_bringup/config/waffle_pi/gazebo_controller_manager.yaml:Zone.Identifier
[2.158s] -- Installing: /home/ratkaba/workspace/src/ros2-traffic-project/install/turtlebot3_bringup/share/turtlebot3_bringup/config/waffle_pi/gazebo_controller_manager.yaml
[2.159s] -- Installing: /home/ratkaba/workspace/src/ros2-traffic-project/install/turtlebot3_bringup/share/turtlebot3_bringup/config/waffle_pi/hardware_controller_manager.yaml:Zone.Identifier
[2.159s] -- Installing: /home/ratkaba/workspace/src/ros2-traffic-project/install/turtlebot3_bringup/share/turtlebot3_bringup/config/waffle_pi/hardware_controller_manager.yaml
[2.159s] -- Installing: /home/ratkaba/workspace/src/ros2-traffic-project/install/turtlebot3_bringup/share/turtlebot3_bringup/script
[2.159s] -- Installing: /home/ratkaba/workspace/src/ros2-traffic-project/install/turtlebot3_bringup/share/turtlebot3_bringup/script/create_udev_rules:Zone.Identifier
[2.159s] -- Installing: /home/ratkaba/workspace/src/ros2-traffic-project/install/turtlebot3_bringup/share/turtlebot3_bringup/script/99-turtlebot3-cdc.rules
[2.160s] -- Installing: /home/ratkaba/workspace/src/ros2-traffic-project/install/turtlebot3_bringup/share/turtlebot3_bringup/script/99-turtlebot3-cdc.rules:Zone.Identifier
[2.160s] -- Installing: /home/ratkaba/workspace/src/ros2-traffic-project/install/turtlebot3_bringup/share/turtlebot3_bringup/script/create_udev_rules
[2.160s] -- Installing: /home/ratkaba/workspace/src/ros2-traffic-project/install/turtlebot3_bringup/share/turtlebot3_bringup/worlds
[2.160s] -- Installing: /home/ratkaba/workspace/src/ros2-traffic-project/install/turtlebot3_bringup/share/turtlebot3_bringup/worlds/turtlebot3_world
[2.160s] -- Installing: /home/ratkaba/workspace/src/ros2-traffic-project/install/turtlebot3_bringup/share/turtlebot3_bringup/worlds/turtlebot3_world/meshes
[2.160s] -- Installing: /home/ratkaba/workspace/src/ros2-traffic-project/install/turtlebot3_bringup/share/turtlebot3_bringup/worlds/turtlebot3_world/meshes/wall.dae
[2.160s] -- Installing: /home/ratkaba/workspace/src/ros2-traffic-project/install/turtlebot3_bringup/share/turtlebot3_bringup/worlds/turtlebot3_world/meshes/wall.dae:Zone.Identifier
[2.160s] -- Installing: /home/ratkaba/workspace/src/ros2-traffic-project/install/turtlebot3_bringup/share/turtlebot3_bringup/worlds/turtlebot3_world/meshes/hexagon.dae:Zone.Identifier
[2.160s] -- Installing: /home/ratkaba/workspace/src/ros2-traffic-project/install/turtlebot3_bringup/share/turtlebot3_bringup/worlds/turtlebot3_world/meshes/hexagon.dae
[2.160s] -- Installing: /home/ratkaba/workspace/src/ros2-traffic-project/install/turtlebot3_bringup/share/turtlebot3_bringup/worlds/turtlebot3_world/model-1_4.sdf
[2.161s] -- Installing: /home/ratkaba/workspace/src/ros2-traffic-project/install/turtlebot3_bringup/share/turtlebot3_bringup/worlds/turtlebot3_world/model.sdf:Zone.Identifier
[2.161s] -- Installing: /home/ratkaba/workspace/src/ros2-traffic-project/install/turtlebot3_bringup/share/turtlebot3_bringup/worlds/turtlebot3_world/model.config:Zone.Identifier
[2.161s] -- Installing: /home/ratkaba/workspace/src/ros2-traffic-project/install/turtlebot3_bringup/share/turtlebot3_bringup/worlds/turtlebot3_world/model-1_4.sdf:Zone.Identifier
[2.161s] -- Installing: /home/ratkaba/workspace/src/ros2-traffic-project/install/turtlebot3_bringup/share/turtlebot3_bringup/worlds/turtlebot3_world/model.sdf
[2.161s] -- Installing: /home/ratkaba/workspace/src/ros2-traffic-project/install/turtlebot3_bringup/share/turtlebot3_bringup/worlds/turtlebot3_world/model.config
[2.161s] -- Installing: /home/ratkaba/workspace/src/ros2-traffic-project/install/turtlebot3_bringup/share/turtlebot3_bringup/worlds/project.sdf:Zone.Identifier:Zone.Identifier
[2.162s] -- Installing: /home/ratkaba/workspace/src/ros2-traffic-project/install/turtlebot3_bringup/share/turtlebot3_bringup/worlds/project.sdf:Zone.Identifier
[2.162s] -- Installing: /home/ratkaba/workspace/src/ros2-traffic-project/install/turtlebot3_bringup/share/turtlebot3_bringup/worlds/turtlebot3_world.model:Zone.Identifier
[2.162s] -- Installing: /home/ratkaba/workspace/src/ros2-traffic-project/install/turtlebot3_bringup/share/turtlebot3_bringup/worlds/empty_world.model:Zone.Identifier
[2.162s] -- Installing: /home/ratkaba/workspace/src/ros2-traffic-project/install/turtlebot3_bringup/share/turtlebot3_bringup/worlds/empty_world.model
[2.162s] -- Installing: /home/ratkaba/workspace/src/ros2-traffic-project/install/turtlebot3_bringup/share/turtlebot3_bringup/worlds/turtlebot3_world.model
[2.162s] -- Installing: /home/ratkaba/workspace/src/ros2-traffic-project/install/turtlebot3_bringup/share/turtlebot3_bringup/rviz
[2.162s] -- Installing: /home/ratkaba/workspace/src/ros2-traffic-project/install/turtlebot3_bringup/share/turtlebot3_bringup/rviz/turtlebot3.rviz:Zone.Identifier
[2.162s] -- Installing: /home/ratkaba/workspace/src/ros2-traffic-project/install/turtlebot3_bringup/share/turtlebot3_bringup/rviz/turtlebot3.rviz
[2.163s] -- Installing: /home/ratkaba/workspace/src/ros2-traffic-project/install/turtlebot3_bringup/share/turtlebot3_bringup/environment/turtlebot3_bringup.dsv
[2.163s] -- Installing: /home/ratkaba/workspace/src/ros2-traffic-project/install/turtlebot3_bringup/share/ament_index/resource_index/package_run_dependencies/turtlebot3_bringup
[2.163s] -- Installing: /home/ratkaba/workspace/src/ros2-traffic-project/install/turtlebot3_bringup/share/ament_index/resource_index/parent_prefix_path/turtlebot3_bringup
[2.163s] -- Installing: /home/ratkaba/workspace/src/ros2-traffic-project/install/turtlebot3_bringup/share/turtlebot3_bringup/environment/ament_prefix_path.sh
[2.164s] -- Installing: /home/ratkaba/workspace/src/ros2-traffic-project/install/turtlebot3_bringup/share/turtlebot3_bringup/environment/ament_prefix_path.dsv
[2.164s] -- Installing: /home/ratkaba/workspace/src/ros2-traffic-project/install/turtlebot3_bringup/share/turtlebot3_bringup/environment/path.sh
[2.164s] -- Installing: /home/ratkaba/workspace/src/ros2-traffic-project/install/turtlebot3_bringup/share/turtlebot3_bringup/environment/path.dsv
[2.164s] -- Installing: /home/ratkaba/workspace/src/ros2-traffic-project/install/turtlebot3_bringup/share/turtlebot3_bringup/local_setup.bash
[2.164s] -- Installing: /home/ratkaba/workspace/src/ros2-traffic-project/install/turtlebot3_bringup/share/turtlebot3_bringup/local_setup.sh
[2.164s] -- Installing: /home/ratkaba/workspace/src/ros2-traffic-project/install/turtlebot3_bringup/share/turtlebot3_bringup/local_setup.zsh
[2.164s] -- Installing: /home/ratkaba/workspace/src/ros2-traffic-project/install/turtlebot3_bringup/share/turtlebot3_bringup/local_setup.dsv
[2.164s] -- Installing: /home/ratkaba/workspace/src/ros2-traffic-project/install/turtlebot3_bringup/share/turtlebot3_bringup/package.dsv
[2.164s] -- Installing: /home/ratkaba/workspace/src/ros2-traffic-project/install/turtlebot3_bringup/share/ament_index/resource_index/packages/turtlebot3_bringup
[2.164s] -- Installing: /home/ratkaba/workspace/src/ros2-traffic-project/install/turtlebot3_bringup/share/turtlebot3_bringup/cmake/turtlebot3_bringupConfig.cmake
[2.164s] -- Installing: /home/ratkaba/workspace/src/ros2-traffic-project/install/turtlebot3_bringup/share/turtlebot3_bringup/cmake/turtlebot3_bringupConfig-version.cmake
[2.164s] -- Installing: /home/ratkaba/workspace/src/ros2-traffic-project/install/turtlebot3_bringup/share/turtlebot3_bringup/package.xml
[2.166s] Invoked command in '/home/ratkaba/workspace/src/ros2-traffic-project/build/turtlebot3_bringup' returned '0': AMENT_PREFIX_PATH=/home/ratkaba/workspace/src/ros2-traffic-project/install/turtlebot3_description:${AMENT_PREFIX_PATH} CMAKE_PREFIX_PATH=/home/ratkaba/workspace/src/ros2-traffic-project/install/turtlebot3_description:/home/ratkaba/ros2_ws/install/turtlebot3:/home/ratkaba/ros2_ws/install/turtlebot3_slam_toolbox:/home/ratkaba/ros2_ws/install/turtlebot3_simulations:/home/ratkaba/ros2_ws/install/turtlebot3_navigation2:/home/ratkaba/ros2_ws/install/turtlebot3_fake_node:/home/ratkaba/ros2_ws/install/turtlebot3_msgs:/home/ratkaba/ros2_ws/install/turtlebot3_hardware:/home/ratkaba/ros2_ws/install/turtlebot3_gazebo:/home/ratkaba/ros2_ws/install/turtlebot3_bringup:/home/ratkaba/ros2_ws/install/turtlebot3_description:/home/ratkaba/ros2_ws/install/turtlebot3_cartographer:/home/ratkaba/ros2_ws/install/traffic_sim_bringup:/home/ratkaba/ros2_ws/install/bme_ros2_tutorials_bringup:/home/ratkaba/ros2_ws/install/turtlebot3_teleop:/home/ratkaba/ros2_ws/install/turtlebot3_example:/home/ratkaba/ros2_ws/install/traffic_sim_py:/home/ratkaba/ros2_ws/install/bme_ros2_tutorials_py:/opt/ros/jazzy:/home/ratkaba/ros2-traffic-project/install/traffic_sim:/home/ratkaba/ros2-traffic-project/install/ros2-traffic-project:/opt/ros/jazzy/opt/gz_sim_vendor:/opt/ros/jazzy/opt/gz_sensors_vendor:/opt/ros/jazzy/opt/gz_physics_vendor:/opt/ros/jazzy/opt/sdformat_vendor:/opt/ros/jazzy/opt/gz_gui_vendor:/opt/ros/jazzy/opt/gz_transport_vendor:/opt/ros/jazzy/opt/gz_rendering_vendor:/opt/ros/jazzy/opt/gz_plugin_vendor:/opt/ros/jazzy/opt/gz_fuel_tools_vendor:/opt/ros/jazzy/opt/gz_msgs_vendor:/opt/ros/jazzy/opt/gz_common_vendor:/opt/ros/jazzy/opt/gz_math_vendor:/opt/ros/jazzy/opt/gz_utils_vendor:/opt/ros/jazzy/opt/gz_tools_vendor:/opt/ros/jazzy/opt/gz_ogre_next_vendor:/opt/ros/jazzy/opt/gz_dartsim_vendor:/opt/ros/jazzy/opt/gz_cmake_vendor /usr/bin/cmake --install /home/ratkaba/workspace/src/ros2-traffic-project/build/turtlebot3_bringup
