[0.023s] Invoking command in '/home/ratkaba/workspace/src/ros2-traffic-project/build/turtlebot3_navigation2': CMAKE_PREFIX_PATH=/home/ratkaba/ros2_ws/install/turtlebot3:/home/ratkaba/ros2_ws/install/turtlebot3_slam_toolbox:/home/ratkaba/ros2_ws/install/turtlebot3_simulations:/home/ratkaba/ros2_ws/install/turtlebot3_navigation2:/home/ratkaba/ros2_ws/install/turtlebot3_fake_node:/home/ratkaba/ros2_ws/install/turtlebot3_msgs:/home/ratkaba/ros2_ws/install/turtlebot3_hardware:/home/ratkaba/ros2_ws/install/turtlebot3_gazebo:/home/ratkaba/ros2_ws/install/turtlebot3_bringup:/home/ratkaba/ros2_ws/install/turtlebot3_description:/home/ratkaba/ros2_ws/install/turtlebot3_cartographer:/home/ratkaba/ros2_ws/install/traffic_sim_bringup:/home/ratkaba/ros2_ws/install/bme_ros2_tutorials_bringup:/home/ratkaba/ros2_ws/install/turtlebot3_teleop:/home/ratkaba/ros2_ws/install/turtlebot3_example:/home/ratkaba/ros2_ws/install/traffic_sim_py:/home/ratkaba/ros2_ws/install/bme_ros2_tutorials_py:/opt/ros/jazzy:/home/ratkaba/ros2-traffic-project/install/traffic_sim:/home/ratkaba/ros2-traffic-project/install/ros2-traffic-project:/opt/ros/jazzy/opt/gz_sim_vendor:/opt/ros/jazzy/opt/gz_sensors_vendor:/opt/ros/jazzy/opt/gz_physics_vendor:/opt/ros/jazzy/opt/sdformat_vendor:/opt/ros/jazzy/opt/gz_gui_vendor:/opt/ros/jazzy/opt/gz_transport_vendor:/opt/ros/jazzy/opt/gz_rendering_vendor:/opt/ros/jazzy/opt/gz_plugin_vendor:/opt/ros/jazzy/opt/gz_fuel_tools_vendor:/opt/ros/jazzy/opt/gz_msgs_vendor:/opt/ros/jazzy/opt/gz_common_vendor:/opt/ros/jazzy/opt/gz_math_vendor:/opt/ros/jazzy/opt/gz_utils_vendor:/opt/ros/jazzy/opt/gz_tools_vendor:/opt/ros/jazzy/opt/gz_ogre_next_vendor:/opt/ros/jazzy/opt/gz_dartsim_vendor:/opt/ros/jazzy/opt/gz_cmake_vendor /usr/bin/cmake /home/ratkaba/workspace/src/ros2-traffic-project/turtlebot3/turtlebot3_navigation2 -DCMAKE_INSTALL_PREFIX=/home/ratkaba/workspace/src/ros2-traffic-project/install/turtlebot3_navigation2
[0.263s] -- The C compiler identification is GNU 13.3.0
[1.004s] -- The CXX compiler identification is GNU 13.3.0
[1.646s] -- Detecting C compiler ABI info
[1.893s] -- Detecting C compiler ABI info - done
[1.899s] -- Check for working C compiler: /usr/bin/cc - skipped
[1.899s] -- Detecting C compile features
[1.899s] -- Detecting C compile features - done
[2.025s] -- Detecting CXX compiler ABI info
[2.297s] -- Detecting CXX compiler ABI info - done
[2.303s] -- Check for working CXX compiler: /usr/bin/c++ - skipped
[2.303s] -- Detecting CXX compile features
[2.303s] -- Detecting CXX compile features - done
[2.305s] -- Found ament_cmake: 2.5.4 (/opt/ros/jazzy/share/ament_cmake/cmake)
[2.422s] -- Found Python3: /usr/bin/python3 (found version "3.12.3") found components: Interpreter 
[2.564s] -- Configuring done (2.5s)
[2.566s] -- Generating done (0.0s)
[2.567s] -- Build files have been written to: /home/ratkaba/workspace/src/ros2-traffic-project/build/turtlebot3_navigation2
[2.569s] Invoked command in '/home/ratkaba/workspace/src/ros2-traffic-project/build/turtlebot3_navigation2' returned '0': CMAKE_PREFIX_PATH=/home/ratkaba/ros2_ws/install/turtlebot3:/home/ratkaba/ros2_ws/install/turtlebot3_slam_toolbox:/home/ratkaba/ros2_ws/install/turtlebot3_simulations:/home/ratkaba/ros2_ws/install/turtlebot3_navigation2:/home/ratkaba/ros2_ws/install/turtlebot3_fake_node:/home/ratkaba/ros2_ws/install/turtlebot3_msgs:/home/ratkaba/ros2_ws/install/turtlebot3_hardware:/home/ratkaba/ros2_ws/install/turtlebot3_gazebo:/home/ratkaba/ros2_ws/install/turtlebot3_bringup:/home/ratkaba/ros2_ws/install/turtlebot3_description:/home/ratkaba/ros2_ws/install/turtlebot3_cartographer:/home/ratkaba/ros2_ws/install/traffic_sim_bringup:/home/ratkaba/ros2_ws/install/bme_ros2_tutorials_bringup:/home/ratkaba/ros2_ws/install/turtlebot3_teleop:/home/ratkaba/ros2_ws/install/turtlebot3_example:/home/ratkaba/ros2_ws/install/traffic_sim_py:/home/ratkaba/ros2_ws/install/bme_ros2_tutorials_py:/opt/ros/jazzy:/home/ratkaba/ros2-traffic-project/install/traffic_sim:/home/ratkaba/ros2-traffic-project/install/ros2-traffic-project:/opt/ros/jazzy/opt/gz_sim_vendor:/opt/ros/jazzy/opt/gz_sensors_vendor:/opt/ros/jazzy/opt/gz_physics_vendor:/opt/ros/jazzy/opt/sdformat_vendor:/opt/ros/jazzy/opt/gz_gui_vendor:/opt/ros/jazzy/opt/gz_transport_vendor:/opt/ros/jazzy/opt/gz_rendering_vendor:/opt/ros/jazzy/opt/gz_plugin_vendor:/opt/ros/jazzy/opt/gz_fuel_tools_vendor:/opt/ros/jazzy/opt/gz_msgs_vendor:/opt/ros/jazzy/opt/gz_common_vendor:/opt/ros/jazzy/opt/gz_math_vendor:/opt/ros/jazzy/opt/gz_utils_vendor:/opt/ros/jazzy/opt/gz_tools_vendor:/opt/ros/jazzy/opt/gz_ogre_next_vendor:/opt/ros/jazzy/opt/gz_dartsim_vendor:/opt/ros/jazzy/opt/gz_cmake_vendor /usr/bin/cmake /home/ratkaba/workspace/src/ros2-traffic-project/turtlebot3/turtlebot3_navigation2 -DCMAKE_INSTALL_PREFIX=/home/ratkaba/workspace/src/ros2-traffic-project/install/turtlebot3_navigation2
[2.570s] Invoking command in '/home/ratkaba/workspace/src/ros2-traffic-project/build/turtlebot3_navigation2': CMAKE_PREFIX_PATH=/home/ratkaba/ros2_ws/install/turtlebot3:/home/ratkaba/ros2_ws/install/turtlebot3_slam_toolbox:/home/ratkaba/ros2_ws/install/turtlebot3_simulations:/home/ratkaba/ros2_ws/install/turtlebot3_navigation2:/home/ratkaba/ros2_ws/install/turtlebot3_fake_node:/home/ratkaba/ros2_ws/install/turtlebot3_msgs:/home/ratkaba/ros2_ws/install/turtlebot3_hardware:/home/ratkaba/ros2_ws/install/turtlebot3_gazebo:/home/ratkaba/ros2_ws/install/turtlebot3_bringup:/home/ratkaba/ros2_ws/install/turtlebot3_description:/home/ratkaba/ros2_ws/install/turtlebot3_cartographer:/home/ratkaba/ros2_ws/install/traffic_sim_bringup:/home/ratkaba/ros2_ws/install/bme_ros2_tutorials_bringup:/home/ratkaba/ros2_ws/install/turtlebot3_teleop:/home/ratkaba/ros2_ws/install/turtlebot3_example:/home/ratkaba/ros2_ws/install/traffic_sim_py:/home/ratkaba/ros2_ws/install/bme_ros2_tutorials_py:/opt/ros/jazzy:/home/ratkaba/ros2-traffic-project/install/traffic_sim:/home/ratkaba/ros2-traffic-project/install/ros2-traffic-project:/opt/ros/jazzy/opt/gz_sim_vendor:/opt/ros/jazzy/opt/gz_sensors_vendor:/opt/ros/jazzy/opt/gz_physics_vendor:/opt/ros/jazzy/opt/sdformat_vendor:/opt/ros/jazzy/opt/gz_gui_vendor:/opt/ros/jazzy/opt/gz_transport_vendor:/opt/ros/jazzy/opt/gz_rendering_vendor:/opt/ros/jazzy/opt/gz_plugin_vendor:/opt/ros/jazzy/opt/gz_fuel_tools_vendor:/opt/ros/jazzy/opt/gz_msgs_vendor:/opt/ros/jazzy/opt/gz_common_vendor:/opt/ros/jazzy/opt/gz_math_vendor:/opt/ros/jazzy/opt/gz_utils_vendor:/opt/ros/jazzy/opt/gz_tools_vendor:/opt/ros/jazzy/opt/gz_ogre_next_vendor:/opt/ros/jazzy/opt/gz_dartsim_vendor:/opt/ros/jazzy/opt/gz_cmake_vendor /usr/bin/cmake --build /home/ratkaba/workspace/src/ros2-traffic-project/build/turtlebot3_navigation2 -- -j20 -l20
[2.592s] Invoked command in '/home/ratkaba/workspace/src/ros2-traffic-project/build/turtlebot3_navigation2' returned '0': CMAKE_PREFIX_PATH=/home/ratkaba/ros2_ws/install/turtlebot3:/home/ratkaba/ros2_ws/install/turtlebot3_slam_toolbox:/home/ratkaba/ros2_ws/install/turtlebot3_simulations:/home/ratkaba/ros2_ws/install/turtlebot3_navigation2:/home/ratkaba/ros2_ws/install/turtlebot3_fake_node:/home/ratkaba/ros2_ws/install/turtlebot3_msgs:/home/ratkaba/ros2_ws/install/turtlebot3_hardware:/home/ratkaba/ros2_ws/install/turtlebot3_gazebo:/home/ratkaba/ros2_ws/install/turtlebot3_bringup:/home/ratkaba/ros2_ws/install/turtlebot3_description:/home/ratkaba/ros2_ws/install/turtlebot3_cartographer:/home/ratkaba/ros2_ws/install/traffic_sim_bringup:/home/ratkaba/ros2_ws/install/bme_ros2_tutorials_bringup:/home/ratkaba/ros2_ws/install/turtlebot3_teleop:/home/ratkaba/ros2_ws/install/turtlebot3_example:/home/ratkaba/ros2_ws/install/traffic_sim_py:/home/ratkaba/ros2_ws/install/bme_ros2_tutorials_py:/opt/ros/jazzy:/home/ratkaba/ros2-traffic-project/install/traffic_sim:/home/ratkaba/ros2-traffic-project/install/ros2-traffic-project:/opt/ros/jazzy/opt/gz_sim_vendor:/opt/ros/jazzy/opt/gz_sensors_vendor:/opt/ros/jazzy/opt/gz_physics_vendor:/opt/ros/jazzy/opt/sdformat_vendor:/opt/ros/jazzy/opt/gz_gui_vendor:/opt/ros/jazzy/opt/gz_transport_vendor:/opt/ros/jazzy/opt/gz_rendering_vendor:/opt/ros/jazzy/opt/gz_plugin_vendor:/opt/ros/jazzy/opt/gz_fuel_tools_vendor:/opt/ros/jazzy/opt/gz_msgs_vendor:/opt/ros/jazzy/opt/gz_common_vendor:/opt/ros/jazzy/opt/gz_math_vendor:/opt/ros/jazzy/opt/gz_utils_vendor:/opt/ros/jazzy/opt/gz_tools_vendor:/opt/ros/jazzy/opt/gz_ogre_next_vendor:/opt/ros/jazzy/opt/gz_dartsim_vendor:/opt/ros/jazzy/opt/gz_cmake_vendor /usr/bin/cmake --build /home/ratkaba/workspace/src/ros2-traffic-project/build/turtlebot3_navigation2 -- -j20 -l20
[2.593s] Invoking command in '/home/ratkaba/workspace/src/ros2-traffic-project/build/turtlebot3_navigation2': CMAKE_PREFIX_PATH=/home/ratkaba/ros2_ws/install/turtlebot3:/home/ratkaba/ros2_ws/install/turtlebot3_slam_toolbox:/home/ratkaba/ros2_ws/install/turtlebot3_simulations:/home/ratkaba/ros2_ws/install/turtlebot3_navigation2:/home/ratkaba/ros2_ws/install/turtlebot3_fake_node:/home/ratkaba/ros2_ws/install/turtlebot3_msgs:/home/ratkaba/ros2_ws/install/turtlebot3_hardware:/home/ratkaba/ros2_ws/install/turtlebot3_gazebo:/home/ratkaba/ros2_ws/install/turtlebot3_bringup:/home/ratkaba/ros2_ws/install/turtlebot3_description:/home/ratkaba/ros2_ws/install/turtlebot3_cartographer:/home/ratkaba/ros2_ws/install/traffic_sim_bringup:/home/ratkaba/ros2_ws/install/bme_ros2_tutorials_bringup:/home/ratkaba/ros2_ws/install/turtlebot3_teleop:/home/ratkaba/ros2_ws/install/turtlebot3_example:/home/ratkaba/ros2_ws/install/traffic_sim_py:/home/ratkaba/ros2_ws/install/bme_ros2_tutorials_py:/opt/ros/jazzy:/home/ratkaba/ros2-traffic-project/install/traffic_sim:/home/ratkaba/ros2-traffic-project/install/ros2-traffic-project:/opt/ros/jazzy/opt/gz_sim_vendor:/opt/ros/jazzy/opt/gz_sensors_vendor:/opt/ros/jazzy/opt/gz_physics_vendor:/opt/ros/jazzy/opt/sdformat_vendor:/opt/ros/jazzy/opt/gz_gui_vendor:/opt/ros/jazzy/opt/gz_transport_vendor:/opt/ros/jazzy/opt/gz_rendering_vendor:/opt/ros/jazzy/opt/gz_plugin_vendor:/opt/ros/jazzy/opt/gz_fuel_tools_vendor:/opt/ros/jazzy/opt/gz_msgs_vendor:/opt/ros/jazzy/opt/gz_common_vendor:/opt/ros/jazzy/opt/gz_math_vendor:/opt/ros/jazzy/opt/gz_utils_vendor:/opt/ros/jazzy/opt/gz_tools_vendor:/opt/ros/jazzy/opt/gz_ogre_next_vendor:/opt/ros/jazzy/opt/gz_dartsim_vendor:/opt/ros/jazzy/opt/gz_cmake_vendor /usr/bin/cmake --install /home/ratkaba/workspace/src/ros2-traffic-project/build/turtlebot3_navigation2
[2.598s] -- Install configuration: ""
[2.598s] -- Installing: /home/ratkaba/workspace/src/ros2-traffic-project/install/turtlebot3_navigation2/share/turtlebot3_navigation2/launch
[2.598s] -- Installing: /home/ratkaba/workspace/src/ros2-traffic-project/install/turtlebot3_navigation2/share/turtlebot3_navigation2/launch/navigation2_use_sim_time.launch.py:Zone.Identifier
[2.598s] -- Installing: /home/ratkaba/workspace/src/ros2-traffic-project/install/turtlebot3_navigation2/share/turtlebot3_navigation2/launch/navigation2.launch.py
[2.615s] -- Installing: /home/ratkaba/workspace/src/ros2-traffic-project/install/turtlebot3_navigation2/share/turtlebot3_navigation2/launch/navigation2.launch.py:Zone.Identifier
[2.615s] -- Installing: /home/ratkaba/workspace/src/ros2-traffic-project/install/turtlebot3_navigation2/share/turtlebot3_navigation2/launch/navigation2_use_sim_time.launch.py
[2.616s] -- Installing: /home/ratkaba/workspace/src/ros2-traffic-project/install/turtlebot3_navigation2/share/turtlebot3_navigation2/map
[2.616s] -- Installing: /home/ratkaba/workspace/src/ros2-traffic-project/install/turtlebot3_navigation2/share/turtlebot3_navigation2/map/turtlebot3_world.yaml
[2.616s] -- Installing: /home/ratkaba/workspace/src/ros2-traffic-project/install/turtlebot3_navigation2/share/turtlebot3_navigation2/map/turtlebot3_world.yaml:Zone.Identifier
[2.616s] -- Installing: /home/ratkaba/workspace/src/ros2-traffic-project/install/turtlebot3_navigation2/share/turtlebot3_navigation2/map/turtlebot3_world.pgm
[2.617s] -- Installing: /home/ratkaba/workspace/src/ros2-traffic-project/install/turtlebot3_navigation2/share/turtlebot3_navigation2/map/turtlebot3_world.pgm:Zone.Identifier
[2.617s] -- Installing: /home/ratkaba/workspace/src/ros2-traffic-project/install/turtlebot3_navigation2/share/turtlebot3_navigation2/param
[2.617s] -- Installing: /home/ratkaba/workspace/src/ros2-traffic-project/install/turtlebot3_navigation2/share/turtlebot3_navigation2/param/waffle_pi_use_sim_time.yaml
[2.618s] -- Installing: /home/ratkaba/workspace/src/ros2-traffic-project/install/turtlebot3_navigation2/share/turtlebot3_navigation2/param/burger.yaml:Zone.Identifier
[2.618s] -- Installing: /home/ratkaba/workspace/src/ros2-traffic-project/install/turtlebot3_navigation2/share/turtlebot3_navigation2/param/waffle_pi.yaml:Zone.Identifier
[2.618s] -- Installing: /home/ratkaba/workspace/src/ros2-traffic-project/install/turtlebot3_navigation2/share/turtlebot3_navigation2/param/waffle_pi.yaml
[2.618s] -- Installing: /home/ratkaba/workspace/src/ros2-traffic-project/install/turtlebot3_navigation2/share/turtlebot3_navigation2/param/waffle_pi_use_sim_time.yaml:Zone.Identifier
[2.619s] -- Installing: /home/ratkaba/workspace/src/ros2-traffic-project/install/turtlebot3_navigation2/share/turtlebot3_navigation2/param/burger_use_sim_time.yaml
[2.619s] -- Installing: /home/ratkaba/workspace/src/ros2-traffic-project/install/turtlebot3_navigation2/share/turtlebot3_navigation2/param/burger.yaml
[2.619s] -- Installing: /home/ratkaba/workspace/src/ros2-traffic-project/install/turtlebot3_navigation2/share/turtlebot3_navigation2/param/burger_use_sim_time.yaml:Zone.Identifier
[2.619s] -- Installing: /home/ratkaba/workspace/src/ros2-traffic-project/install/turtlebot3_navigation2/share/turtlebot3_navigation2/rviz
[2.619s] -- Installing: /home/ratkaba/workspace/src/ros2-traffic-project/install/turtlebot3_navigation2/share/turtlebot3_navigation2/rviz/navigation2.rviz
[2.620s] -- Installing: /home/ratkaba/workspace/src/ros2-traffic-project/install/turtlebot3_navigation2/share/turtlebot3_navigation2/rviz/navigation2.rviz:Zone.Identifier
[2.620s] -- Installing: /home/ratkaba/workspace/src/ros2-traffic-project/install/turtlebot3_navigation2/share/ament_index/resource_index/package_run_dependencies/turtlebot3_navigation2
[2.620s] -- Installing: /home/ratkaba/workspace/src/ros2-traffic-project/install/turtlebot3_navigation2/share/ament_index/resource_index/parent_prefix_path/turtlebot3_navigation2
[2.621s] -- Installing: /home/ratkaba/workspace/src/ros2-traffic-project/install/turtlebot3_navigation2/share/turtlebot3_navigation2/environment/ament_prefix_path.sh
[2.621s] -- Installing: /home/ratkaba/workspace/src/ros2-traffic-project/install/turtlebot3_navigation2/share/turtlebot3_navigation2/environment/ament_prefix_path.dsv
[2.621s] -- Installing: /home/ratkaba/workspace/src/ros2-traffic-project/install/turtlebot3_navigation2/share/turtlebot3_navigation2/environment/path.sh
[2.621s] -- Installing: /home/ratkaba/workspace/src/ros2-traffic-project/install/turtlebot3_navigation2/share/turtlebot3_navigation2/environment/path.dsv
[2.621s] -- Installing: /home/ratkaba/workspace/src/ros2-traffic-project/install/turtlebot3_navigation2/share/turtlebot3_navigation2/local_setup.bash
[2.621s] -- Installing: /home/ratkaba/workspace/src/ros2-traffic-project/install/turtlebot3_navigation2/share/turtlebot3_navigation2/local_setup.sh
[2.621s] -- Installing: /home/ratkaba/workspace/src/ros2-traffic-project/install/turtlebot3_navigation2/share/turtlebot3_navigation2/local_setup.zsh
[2.621s] -- Installing: /home/ratkaba/workspace/src/ros2-traffic-project/install/turtlebot3_navigation2/share/turtlebot3_navigation2/local_setup.dsv
[2.621s] -- Installing: /home/ratkaba/workspace/src/ros2-traffic-project/install/turtlebot3_navigation2/share/turtlebot3_navigation2/package.dsv
[2.621s] -- Installing: /home/ratkaba/workspace/src/ros2-traffic-project/install/turtlebot3_navigation2/share/ament_index/resource_index/packages/turtlebot3_navigation2
[2.622s] -- Installing: /home/ratkaba/workspace/src/ros2-traffic-project/install/turtlebot3_navigation2/share/turtlebot3_navigation2/cmake/turtlebot3_navigation2Config.cmake
[2.622s] -- Installing: /home/ratkaba/workspace/src/ros2-traffic-project/install/turtlebot3_navigation2/share/turtlebot3_navigation2/cmake/turtlebot3_navigation2Config-version.cmake
[2.622s] -- Installing: /home/ratkaba/workspace/src/ros2-traffic-project/install/turtlebot3_navigation2/share/turtlebot3_navigation2/package.xml
[2.622s] Invoked command in '/home/ratkaba/workspace/src/ros2-traffic-project/build/turtlebot3_navigation2' returned '0': CMAKE_PREFIX_PATH=/home/ratkaba/ros2_ws/install/turtlebot3:/home/ratkaba/ros2_ws/install/turtlebot3_slam_toolbox:/home/ratkaba/ros2_ws/install/turtlebot3_simulations:/home/ratkaba/ros2_ws/install/turtlebot3_navigation2:/home/ratkaba/ros2_ws/install/turtlebot3_fake_node:/home/ratkaba/ros2_ws/install/turtlebot3_msgs:/home/ratkaba/ros2_ws/install/turtlebot3_hardware:/home/ratkaba/ros2_ws/install/turtlebot3_gazebo:/home/ratkaba/ros2_ws/install/turtlebot3_bringup:/home/ratkaba/ros2_ws/install/turtlebot3_description:/home/ratkaba/ros2_ws/install/turtlebot3_cartographer:/home/ratkaba/ros2_ws/install/traffic_sim_bringup:/home/ratkaba/ros2_ws/install/bme_ros2_tutorials_bringup:/home/ratkaba/ros2_ws/install/turtlebot3_teleop:/home/ratkaba/ros2_ws/install/turtlebot3_example:/home/ratkaba/ros2_ws/install/traffic_sim_py:/home/ratkaba/ros2_ws/install/bme_ros2_tutorials_py:/opt/ros/jazzy:/home/ratkaba/ros2-traffic-project/install/traffic_sim:/home/ratkaba/ros2-traffic-project/install/ros2-traffic-project:/opt/ros/jazzy/opt/gz_sim_vendor:/opt/ros/jazzy/opt/gz_sensors_vendor:/opt/ros/jazzy/opt/gz_physics_vendor:/opt/ros/jazzy/opt/sdformat_vendor:/opt/ros/jazzy/opt/gz_gui_vendor:/opt/ros/jazzy/opt/gz_transport_vendor:/opt/ros/jazzy/opt/gz_rendering_vendor:/opt/ros/jazzy/opt/gz_plugin_vendor:/opt/ros/jazzy/opt/gz_fuel_tools_vendor:/opt/ros/jazzy/opt/gz_msgs_vendor:/opt/ros/jazzy/opt/gz_common_vendor:/opt/ros/jazzy/opt/gz_math_vendor:/opt/ros/jazzy/opt/gz_utils_vendor:/opt/ros/jazzy/opt/gz_tools_vendor:/opt/ros/jazzy/opt/gz_ogre_next_vendor:/opt/ros/jazzy/opt/gz_dartsim_vendor:/opt/ros/jazzy/opt/gz_cmake_vendor /usr/bin/cmake --install /home/ratkaba/workspace/src/ros2-traffic-project/build/turtlebot3_navigation2
