[0.681s] Invoking command in '/home/ratkaba/workspace/src/ros2-traffic-project/turtlebot3/turtlebot3_teleop': PYTHONPATH=/home/ratkaba/workspace/src/ros2-traffic-project/build/turtlebot3_teleop/prefix_override:/usr/lib/python3/dist-packages/colcon_core/task/python/colcon_distutils_commands:/home/ratkaba/workspace/src/ros2-traffic-project/install/turtlebot3_teleop/lib/python3.12/site-packages:${PYTHONPATH} /usr/bin/python3 -W ignore:setup.py install is deprecated -W ignore:easy_install command is deprecated setup.py egg_info --egg-base ../../build/turtlebot3_teleop build --build-base /home/ratkaba/workspace/src/ros2-traffic-project/build/turtlebot3_teleop/build install --record /home/ratkaba/workspace/src/ros2-traffic-project/build/turtlebot3_teleop/install.log --single-version-externally-managed install_data
[0.833s] running egg_info
[0.843s] writing ../../build/turtlebot3_teleop/turtlebot3_teleop.egg-info/PKG-INFO
[0.844s] writing dependency_links to ../../build/turtlebot3_teleop/turtlebot3_teleop.egg-info/dependency_links.txt
[0.844s] writing entry points to ../../build/turtlebot3_teleop/turtlebot3_teleop.egg-info/entry_points.txt
[0.844s] writing requirements to ../../build/turtlebot3_teleop/turtlebot3_teleop.egg-info/requires.txt
[0.844s] writing top-level names to ../../build/turtlebot3_teleop/turtlebot3_teleop.egg-info/top_level.txt
[0.867s] reading manifest file '../../build/turtlebot3_teleop/turtlebot3_teleop.egg-info/SOURCES.txt'
[0.868s] writing manifest file '../../build/turtlebot3_teleop/turtlebot3_teleop.egg-info/SOURCES.txt'
[0.868s] running build
[0.868s] running build_py
[0.870s] running install
[0.874s] running install_lib
[0.887s] running install_data
[0.888s] running install_egg_info
[0.900s] removing '/home/ratkaba/workspace/src/ros2-traffic-project/install/turtlebot3_teleop/lib/python3.12/site-packages/turtlebot3_teleop-2.1.5-py3.12.egg-info' (and everything under it)
[0.900s] Copying ../../build/turtlebot3_teleop/turtlebot3_teleop.egg-info to /home/ratkaba/workspace/src/ros2-traffic-project/install/turtlebot3_teleop/lib/python3.12/site-packages/turtlebot3_teleop-2.1.5-py3.12.egg-info
[0.901s] running install_scripts
[0.973s] Installing teleop_keyboard script to /home/ratkaba/workspace/src/ros2-traffic-project/install/turtlebot3_teleop/lib/turtlebot3_teleop
[0.974s] writing list of installed files to '/home/ratkaba/workspace/src/ros2-traffic-project/build/turtlebot3_teleop/install.log'
[0.993s] Invoked command in '/home/ratkaba/workspace/src/ros2-traffic-project/turtlebot3/turtlebot3_teleop' returned '0': PYTHONPATH=/home/ratkaba/workspace/src/ros2-traffic-project/build/turtlebot3_teleop/prefix_override:/usr/lib/python3/dist-packages/colcon_core/task/python/colcon_distutils_commands:/home/ratkaba/workspace/src/ros2-traffic-project/install/turtlebot3_teleop/lib/python3.12/site-packages:${PYTHONPATH} /usr/bin/python3 -W ignore:setup.py install is deprecated -W ignore:easy_install command is deprecated setup.py egg_info --egg-base ../../build/turtlebot3_teleop build --build-base /home/ratkaba/workspace/src/ros2-traffic-project/build/turtlebot3_teleop/build install --record /home/ratkaba/workspace/src/ros2-traffic-project/build/turtlebot3_teleop/install.log --single-version-externally-managed install_data
