-- The C compiler identification is GNU 13.3.0
-- The CXX compiler identification is GNU 13.3.0
-- Detecting C compiler ABI info
-- Detecting C compiler ABI info - done
-- Check for working C compiler: /usr/bin/cc - skipped
-- Detecting C compile features
-- Detecting C compile features - done
-- Detecting CXX compiler ABI info
-- Detecting CXX compiler ABI info - done
-- Check for working CXX compiler: /usr/bin/c++ - skipped
-- Detecting CXX compile features
-- Detecting CXX compile features - done
-- Found ament_cmake: 2.5.4 (/opt/ros/jazzy/share/ament_cmake/cmake)
-- Found Python3: /usr/bin/python3 (found version "3.12.3") found components: Interpreter 
-- Found dynamixel_sdk: 3.8.3 (/opt/ros/jazzy/share/dynamixel_sdk/cmake)
-- Found hardware_interface: 4.28.1 (/opt/ros/jazzy/share/hardware_interface/cmake)
-- Found rosidl_generator_c: 4.6.5 (/opt/ros/jazzy/share/rosidl_generator_c/cmake)
-- Found rosidl_generator_cpp: 4.6.5 (/opt/ros/jazzy/share/rosidl_generator_cpp/cmake)
-- Using all available rosidl_typesupport_c: rosidl_typesupport_fastrtps_c;rosidl_typesupport_introspection_c
-- Using all available rosidl_typesupport_cpp: rosidl_typesupport_fastrtps_cpp;rosidl_typesupport_introspection_cpp
-- Found TinyXML2 via Config file: /usr/lib/x86_64-linux-gnu/cmake/tinyxml2
-- Found rmw_implementation_cmake: 7.3.2 (/opt/ros/jazzy/share/rmw_implementation_cmake/cmake)
-- Found rmw_fastrtps_cpp: 8.4.2 (/opt/ros/jazzy/share/rmw_fastrtps_cpp/cmake)
-- Found TinyXML2 via Config file: /usr/lib/x86_64-linux-gnu/cmake/tinyxml2
-- Found OpenSSL: /usr/lib/x86_64-linux-gnu/libcrypto.so (found version "3.0.13")  
-- Found TinyXML2 via Config file: /usr/lib/x86_64-linux-gnu/cmake/tinyxml2
-- Found FastRTPS: /opt/ros/jazzy/include (Required is at least version "2.13") 
-- Found TinyXML2 via Config file: /usr/lib/x86_64-linux-gnu/cmake/tinyxml2
-- Found TinyXML2 via Config file: /usr/lib/x86_64-linux-gnu/cmake/tinyxml2
-- Using RMW implementation 'rmw_fastrtps_cpp' as default
-- Configuring done (3.6s)
-- Generating done (0.0s)
-- Build files have been written to: /home/ratkaba/workspace/src/ros2-traffic-project/build/turtlebot3_hardware
[ 50%] [32mBuilding CXX object CMakeFiles/turtlebot3_hardware.dir/src/dynamixel_sdk_wrapper.cpp.o[0m
[ 50%] [32mBuilding CXX object CMakeFiles/turtlebot3_hardware.dir/src/turtlebot3_system.cpp.o[0m
[ 75%] [32mBuilding CXX object CMakeFiles/turtlebot3_hardware.dir/src/opencr.cpp.o[0m
[100%] [32m[1mLinking CXX shared library libturtlebot3_hardware.so[0m
[100%] Built target turtlebot3_hardware
-- Install configuration: ""
-- Installing: /home/ratkaba/workspace/src/ros2-traffic-project/install/turtlebot3_hardware/share/turtlebot3_hardware/turtlebot3_hardware.xml
-- Installing: /home/ratkaba/workspace/src/ros2-traffic-project/install/turtlebot3_hardware/include
-- Installing: /home/ratkaba/workspace/src/ros2-traffic-project/install/turtlebot3_hardware/include/turtlebot3_hardware
-- Installing: /home/ratkaba/workspace/src/ros2-traffic-project/install/turtlebot3_hardware/include/turtlebot3_hardware/opencr_control_table.hpp
-- Installing: /home/ratkaba/workspace/src/ros2-traffic-project/install/turtlebot3_hardware/include/turtlebot3_hardware/opencr_definitions.hpp:Zone.Identifier
-- Installing: /home/ratkaba/workspace/src/ros2-traffic-project/install/turtlebot3_hardware/include/turtlebot3_hardware/turtlebot3_system.hpp
-- Installing: /home/ratkaba/workspace/src/ros2-traffic-project/install/turtlebot3_hardware/include/turtlebot3_hardware/dynamixel_sdk_wrapper.hpp
-- Installing: /home/ratkaba/workspace/src/ros2-traffic-project/install/turtlebot3_hardware/include/turtlebot3_hardware/opencr.hpp:Zone.Identifier
-- Installing: /home/ratkaba/workspace/src/ros2-traffic-project/install/turtlebot3_hardware/include/turtlebot3_hardware/visibility_control.h
-- Installing: /home/ratkaba/workspace/src/ros2-traffic-project/install/turtlebot3_hardware/include/turtlebot3_hardware/opencr.hpp
-- Installing: /home/ratkaba/workspace/src/ros2-traffic-project/install/turtlebot3_hardware/include/turtlebot3_hardware/turtlebot3_system.hpp:Zone.Identifier
-- Installing: /home/ratkaba/workspace/src/ros2-traffic-project/install/turtlebot3_hardware/include/turtlebot3_hardware/opencr_control_table.hpp:Zone.Identifier
-- Installing: /home/ratkaba/workspace/src/ros2-traffic-project/install/turtlebot3_hardware/include/turtlebot3_hardware/dynamixel_sdk_wrapper.hpp:Zone.Identifier
-- Installing: /home/ratkaba/workspace/src/ros2-traffic-project/install/turtlebot3_hardware/include/turtlebot3_hardware/opencr_definitions.hpp
-- Installing: /home/ratkaba/workspace/src/ros2-traffic-project/install/turtlebot3_hardware/include/turtlebot3_hardware/visibility_control.h:Zone.Identifier
-- Installing: /home/ratkaba/workspace/src/ros2-traffic-project/install/turtlebot3_hardware/lib/libturtlebot3_hardware.so
-- Set non-toolchain portion of runtime path of "/home/ratkaba/workspace/src/ros2-traffic-project/install/turtlebot3_hardware/lib/libturtlebot3_hardware.so" to ""
-- Installing: /home/ratkaba/workspace/src/ros2-traffic-project/install/turtlebot3_hardware/share/turtlebot3_hardware/environment/library_path.sh
-- Installing: /home/ratkaba/workspace/src/ros2-traffic-project/install/turtlebot3_hardware/share/turtlebot3_hardware/environment/library_path.dsv
-- Installing: /home/ratkaba/workspace/src/ros2-traffic-project/install/turtlebot3_hardware/share/ament_index/resource_index/package_run_dependencies/turtlebot3_hardware
-- Installing: /home/ratkaba/workspace/src/ros2-traffic-project/install/turtlebot3_hardware/share/ament_index/resource_index/parent_prefix_path/turtlebot3_hardware
-- Installing: /home/ratkaba/workspace/src/ros2-traffic-project/install/turtlebot3_hardware/share/turtlebot3_hardware/environment/ament_prefix_path.sh
-- Installing: /home/ratkaba/workspace/src/ros2-traffic-project/install/turtlebot3_hardware/share/turtlebot3_hardware/environment/ament_prefix_path.dsv
-- Installing: /home/ratkaba/workspace/src/ros2-traffic-project/install/turtlebot3_hardware/share/turtlebot3_hardware/environment/path.sh
-- Installing: /home/ratkaba/workspace/src/ros2-traffic-project/install/turtlebot3_hardware/share/turtlebot3_hardware/environment/path.dsv
-- Installing: /home/ratkaba/workspace/src/ros2-traffic-project/install/turtlebot3_hardware/share/turtlebot3_hardware/local_setup.bash
-- Installing: /home/ratkaba/workspace/src/ros2-traffic-project/install/turtlebot3_hardware/share/turtlebot3_hardware/local_setup.sh
-- Installing: /home/ratkaba/workspace/src/ros2-traffic-project/install/turtlebot3_hardware/share/turtlebot3_hardware/local_setup.zsh
-- Installing: /home/ratkaba/workspace/src/ros2-traffic-project/install/turtlebot3_hardware/share/turtlebot3_hardware/local_setup.dsv
-- Installing: /home/ratkaba/workspace/src/ros2-traffic-project/install/turtlebot3_hardware/share/turtlebot3_hardware/package.dsv
-- Installing: /home/ratkaba/workspace/src/ros2-traffic-project/install/turtlebot3_hardware/share/ament_index/resource_index/packages/turtlebot3_hardware
-- Installing: /home/ratkaba/workspace/src/ros2-traffic-project/install/turtlebot3_hardware/share/ament_index/resource_index/hardware_interface__pluginlib__plugin/turtlebot3_hardware
-- Installing: /home/ratkaba/workspace/src/ros2-traffic-project/install/turtlebot3_hardware/share/turtlebot3_hardware/cmake/ament_cmake_export_include_directories-extras.cmake
-- Installing: /home/ratkaba/workspace/src/ros2-traffic-project/install/turtlebot3_hardware/share/turtlebot3_hardware/cmake/ament_cmake_export_libraries-extras.cmake
-- Installing: /home/ratkaba/workspace/src/ros2-traffic-project/install/turtlebot3_hardware/share/turtlebot3_hardware/cmake/ament_cmake_export_dependencies-extras.cmake
-- Installing: /home/ratkaba/workspace/src/ros2-traffic-project/install/turtlebot3_hardware/share/turtlebot3_hardware/cmake/turtlebot3_hardwareConfig.cmake
-- Installing: /home/ratkaba/workspace/src/ros2-traffic-project/install/turtlebot3_hardware/share/turtlebot3_hardware/cmake/turtlebot3_hardwareConfig-version.cmake
-- Installing: /home/ratkaba/workspace/src/ros2-traffic-project/install/turtlebot3_hardware/share/turtlebot3_hardware/package.xml
