[0.024s] Invoking command in '/home/ratkaba/workspace/src/ros2-traffic-project/build/turtlebot3_hardware': CMAKE_PREFIX_PATH=/home/ratkaba/ros2_ws/install/turtlebot3:/home/ratkaba/ros2_ws/install/turtlebot3_slam_toolbox:/home/ratkaba/ros2_ws/install/turtlebot3_simulations:/home/ratkaba/ros2_ws/install/turtlebot3_navigation2:/home/ratkaba/ros2_ws/install/turtlebot3_fake_node:/home/ratkaba/ros2_ws/install/turtlebot3_msgs:/home/ratkaba/ros2_ws/install/turtlebot3_hardware:/home/ratkaba/ros2_ws/install/turtlebot3_gazebo:/home/ratkaba/ros2_ws/install/turtlebot3_bringup:/home/ratkaba/ros2_ws/install/turtlebot3_description:/home/ratkaba/ros2_ws/install/turtlebot3_cartographer:/home/ratkaba/ros2_ws/install/traffic_sim_bringup:/home/ratkaba/ros2_ws/install/bme_ros2_tutorials_bringup:/home/ratkaba/ros2_ws/install/turtlebot3_teleop:/home/ratkaba/ros2_ws/install/turtlebot3_example:/home/ratkaba/ros2_ws/install/traffic_sim_py:/home/ratkaba/ros2_ws/install/bme_ros2_tutorials_py:/opt/ros/jazzy:/home/ratkaba/ros2-traffic-project/install/traffic_sim:/home/ratkaba/ros2-traffic-project/install/ros2-traffic-project:/opt/ros/jazzy/opt/gz_sim_vendor:/opt/ros/jazzy/opt/gz_sensors_vendor:/opt/ros/jazzy/opt/gz_physics_vendor:/opt/ros/jazzy/opt/sdformat_vendor:/opt/ros/jazzy/opt/gz_gui_vendor:/opt/ros/jazzy/opt/gz_transport_vendor:/opt/ros/jazzy/opt/gz_rendering_vendor:/opt/ros/jazzy/opt/gz_plugin_vendor:/opt/ros/jazzy/opt/gz_fuel_tools_vendor:/opt/ros/jazzy/opt/gz_msgs_vendor:/opt/ros/jazzy/opt/gz_common_vendor:/opt/ros/jazzy/opt/gz_math_vendor:/opt/ros/jazzy/opt/gz_utils_vendor:/opt/ros/jazzy/opt/gz_tools_vendor:/opt/ros/jazzy/opt/gz_ogre_next_vendor:/opt/ros/jazzy/opt/gz_dartsim_vendor:/opt/ros/jazzy/opt/gz_cmake_vendor /usr/bin/cmake /home/ratkaba/workspace/src/ros2-traffic-project/turtlebot3/turtlebot3_hardware -DCMAKE_INSTALL_PREFIX=/home/ratkaba/workspace/src/ros2-traffic-project/install/turtlebot3_hardware
[0.265s] -- The C compiler identification is GNU 13.3.0
[1.073s] -- The CXX compiler identification is GNU 13.3.0
[1.746s] -- Detecting C compiler ABI info
[2.041s] -- Detecting C compiler ABI info - done
[2.046s] -- Check for working C compiler: /usr/bin/cc - skipped
[2.046s] -- Detecting C compile features
[2.046s] -- Detecting C compile features - done
[2.142s] -- Detecting CXX compiler ABI info
[2.385s] -- Detecting CXX compiler ABI info - done
[2.390s] -- Check for working CXX compiler: /usr/bin/c++ - skipped
[2.390s] -- Detecting CXX compile features
[2.391s] -- Detecting CXX compile features - done
[2.393s] -- Found ament_cmake: 2.5.4 (/opt/ros/jazzy/share/ament_cmake/cmake)
[2.500s] -- Found Python3: /usr/bin/python3 (found version "3.12.3") found components: Interpreter 
[2.574s] -- Found dynamixel_sdk: 3.8.3 (/opt/ros/jazzy/share/dynamixel_sdk/cmake)
[2.577s] -- Found hardware_interface: 4.28.1 (/opt/ros/jazzy/share/hardware_interface/cmake)
[2.755s] -- Found rosidl_generator_c: 4.6.5 (/opt/ros/jazzy/share/rosidl_generator_c/cmake)
[2.765s] -- Found rosidl_generator_cpp: 4.6.5 (/opt/ros/jazzy/share/rosidl_generator_cpp/cmake)
[2.775s] -- Using all available rosidl_typesupport_c: rosidl_typesupport_fastrtps_c;rosidl_typesupport_introspection_c
[2.786s] -- Using all available rosidl_typesupport_cpp: rosidl_typesupport_fastrtps_cpp;rosidl_typesupport_introspection_cpp
[2.948s] -- Found TinyXML2 via Config file: /usr/lib/x86_64-linux-gnu/cmake/tinyxml2
[2.979s] -- Found rmw_implementation_cmake: 7.3.2 (/opt/ros/jazzy/share/rmw_implementation_cmake/cmake)
[2.981s] -- Found rmw_fastrtps_cpp: 8.4.2 (/opt/ros/jazzy/share/rmw_fastrtps_cpp/cmake)
[2.997s] -- Found TinyXML2 via Config file: /usr/lib/x86_64-linux-gnu/cmake/tinyxml2
[3.026s] -- Found OpenSSL: /usr/lib/x86_64-linux-gnu/libcrypto.so (found version "3.0.13")  
[3.028s] -- Found TinyXML2 via Config file: /usr/lib/x86_64-linux-gnu/cmake/tinyxml2
[3.194s] -- Found FastRTPS: /opt/ros/jazzy/include (Required is at least version "2.13") 
[3.196s] -- Found TinyXML2 via Config file: /usr/lib/x86_64-linux-gnu/cmake/tinyxml2
[3.201s] -- Found TinyXML2 via Config file: /usr/lib/x86_64-linux-gnu/cmake/tinyxml2
[3.252s] -- Using RMW implementation 'rmw_fastrtps_cpp' as default
[3.651s] -- Configuring done (3.6s)
[3.687s] -- Generating done (0.0s)
[3.690s] -- Build files have been written to: /home/ratkaba/workspace/src/ros2-traffic-project/build/turtlebot3_hardware
[3.699s] Invoked command in '/home/ratkaba/workspace/src/ros2-traffic-project/build/turtlebot3_hardware' returned '0': CMAKE_PREFIX_PATH=/home/ratkaba/ros2_ws/install/turtlebot3:/home/ratkaba/ros2_ws/install/turtlebot3_slam_toolbox:/home/ratkaba/ros2_ws/install/turtlebot3_simulations:/home/ratkaba/ros2_ws/install/turtlebot3_navigation2:/home/ratkaba/ros2_ws/install/turtlebot3_fake_node:/home/ratkaba/ros2_ws/install/turtlebot3_msgs:/home/ratkaba/ros2_ws/install/turtlebot3_hardware:/home/ratkaba/ros2_ws/install/turtlebot3_gazebo:/home/ratkaba/ros2_ws/install/turtlebot3_bringup:/home/ratkaba/ros2_ws/install/turtlebot3_description:/home/ratkaba/ros2_ws/install/turtlebot3_cartographer:/home/ratkaba/ros2_ws/install/traffic_sim_bringup:/home/ratkaba/ros2_ws/install/bme_ros2_tutorials_bringup:/home/ratkaba/ros2_ws/install/turtlebot3_teleop:/home/ratkaba/ros2_ws/install/turtlebot3_example:/home/ratkaba/ros2_ws/install/traffic_sim_py:/home/ratkaba/ros2_ws/install/bme_ros2_tutorials_py:/opt/ros/jazzy:/home/ratkaba/ros2-traffic-project/install/traffic_sim:/home/ratkaba/ros2-traffic-project/install/ros2-traffic-project:/opt/ros/jazzy/opt/gz_sim_vendor:/opt/ros/jazzy/opt/gz_sensors_vendor:/opt/ros/jazzy/opt/gz_physics_vendor:/opt/ros/jazzy/opt/sdformat_vendor:/opt/ros/jazzy/opt/gz_gui_vendor:/opt/ros/jazzy/opt/gz_transport_vendor:/opt/ros/jazzy/opt/gz_rendering_vendor:/opt/ros/jazzy/opt/gz_plugin_vendor:/opt/ros/jazzy/opt/gz_fuel_tools_vendor:/opt/ros/jazzy/opt/gz_msgs_vendor:/opt/ros/jazzy/opt/gz_common_vendor:/opt/ros/jazzy/opt/gz_math_vendor:/opt/ros/jazzy/opt/gz_utils_vendor:/opt/ros/jazzy/opt/gz_tools_vendor:/opt/ros/jazzy/opt/gz_ogre_next_vendor:/opt/ros/jazzy/opt/gz_dartsim_vendor:/opt/ros/jazzy/opt/gz_cmake_vendor /usr/bin/cmake /home/ratkaba/workspace/src/ros2-traffic-project/turtlebot3/turtlebot3_hardware -DCMAKE_INSTALL_PREFIX=/home/ratkaba/workspace/src/ros2-traffic-project/install/turtlebot3_hardware
[3.700s] Invoking command in '/home/ratkaba/workspace/src/ros2-traffic-project/build/turtlebot3_hardware': CMAKE_PREFIX_PATH=/home/ratkaba/ros2_ws/install/turtlebot3:/home/ratkaba/ros2_ws/install/turtlebot3_slam_toolbox:/home/ratkaba/ros2_ws/install/turtlebot3_simulations:/home/ratkaba/ros2_ws/install/turtlebot3_navigation2:/home/ratkaba/ros2_ws/install/turtlebot3_fake_node:/home/ratkaba/ros2_ws/install/turtlebot3_msgs:/home/ratkaba/ros2_ws/install/turtlebot3_hardware:/home/ratkaba/ros2_ws/install/turtlebot3_gazebo:/home/ratkaba/ros2_ws/install/turtlebot3_bringup:/home/ratkaba/ros2_ws/install/turtlebot3_description:/home/ratkaba/ros2_ws/install/turtlebot3_cartographer:/home/ratkaba/ros2_ws/install/traffic_sim_bringup:/home/ratkaba/ros2_ws/install/bme_ros2_tutorials_bringup:/home/ratkaba/ros2_ws/install/turtlebot3_teleop:/home/ratkaba/ros2_ws/install/turtlebot3_example:/home/ratkaba/ros2_ws/install/traffic_sim_py:/home/ratkaba/ros2_ws/install/bme_ros2_tutorials_py:/opt/ros/jazzy:/home/ratkaba/ros2-traffic-project/install/traffic_sim:/home/ratkaba/ros2-traffic-project/install/ros2-traffic-project:/opt/ros/jazzy/opt/gz_sim_vendor:/opt/ros/jazzy/opt/gz_sensors_vendor:/opt/ros/jazzy/opt/gz_physics_vendor:/opt/ros/jazzy/opt/sdformat_vendor:/opt/ros/jazzy/opt/gz_gui_vendor:/opt/ros/jazzy/opt/gz_transport_vendor:/opt/ros/jazzy/opt/gz_rendering_vendor:/opt/ros/jazzy/opt/gz_plugin_vendor:/opt/ros/jazzy/opt/gz_fuel_tools_vendor:/opt/ros/jazzy/opt/gz_msgs_vendor:/opt/ros/jazzy/opt/gz_common_vendor:/opt/ros/jazzy/opt/gz_math_vendor:/opt/ros/jazzy/opt/gz_utils_vendor:/opt/ros/jazzy/opt/gz_tools_vendor:/opt/ros/jazzy/opt/gz_ogre_next_vendor:/opt/ros/jazzy/opt/gz_dartsim_vendor:/opt/ros/jazzy/opt/gz_cmake_vendor /usr/bin/cmake --build /home/ratkaba/workspace/src/ros2-traffic-project/build/turtlebot3_hardware -- -j20 -l20
[3.726s] [ 50%] [32mBuilding CXX object CMakeFiles/turtlebot3_hardware.dir/src/dynamixel_sdk_wrapper.cpp.o[0m
[3.726s] [ 50%] [32mBuilding CXX object CMakeFiles/turtlebot3_hardware.dir/src/turtlebot3_system.cpp.o[0m
[3.726s] [ 75%] [32mBuilding CXX object CMakeFiles/turtlebot3_hardware.dir/src/opencr.cpp.o[0m
[7.622s] [100%] [32m[1mLinking CXX shared library libturtlebot3_hardware.so[0m
[7.925s] [100%] Built target turtlebot3_hardware
[7.931s] Invoked command in '/home/ratkaba/workspace/src/ros2-traffic-project/build/turtlebot3_hardware' returned '0': CMAKE_PREFIX_PATH=/home/ratkaba/ros2_ws/install/turtlebot3:/home/ratkaba/ros2_ws/install/turtlebot3_slam_toolbox:/home/ratkaba/ros2_ws/install/turtlebot3_simulations:/home/ratkaba/ros2_ws/install/turtlebot3_navigation2:/home/ratkaba/ros2_ws/install/turtlebot3_fake_node:/home/ratkaba/ros2_ws/install/turtlebot3_msgs:/home/ratkaba/ros2_ws/install/turtlebot3_hardware:/home/ratkaba/ros2_ws/install/turtlebot3_gazebo:/home/ratkaba/ros2_ws/install/turtlebot3_bringup:/home/ratkaba/ros2_ws/install/turtlebot3_description:/home/ratkaba/ros2_ws/install/turtlebot3_cartographer:/home/ratkaba/ros2_ws/install/traffic_sim_bringup:/home/ratkaba/ros2_ws/install/bme_ros2_tutorials_bringup:/home/ratkaba/ros2_ws/install/turtlebot3_teleop:/home/ratkaba/ros2_ws/install/turtlebot3_example:/home/ratkaba/ros2_ws/install/traffic_sim_py:/home/ratkaba/ros2_ws/install/bme_ros2_tutorials_py:/opt/ros/jazzy:/home/ratkaba/ros2-traffic-project/install/traffic_sim:/home/ratkaba/ros2-traffic-project/install/ros2-traffic-project:/opt/ros/jazzy/opt/gz_sim_vendor:/opt/ros/jazzy/opt/gz_sensors_vendor:/opt/ros/jazzy/opt/gz_physics_vendor:/opt/ros/jazzy/opt/sdformat_vendor:/opt/ros/jazzy/opt/gz_gui_vendor:/opt/ros/jazzy/opt/gz_transport_vendor:/opt/ros/jazzy/opt/gz_rendering_vendor:/opt/ros/jazzy/opt/gz_plugin_vendor:/opt/ros/jazzy/opt/gz_fuel_tools_vendor:/opt/ros/jazzy/opt/gz_msgs_vendor:/opt/ros/jazzy/opt/gz_common_vendor:/opt/ros/jazzy/opt/gz_math_vendor:/opt/ros/jazzy/opt/gz_utils_vendor:/opt/ros/jazzy/opt/gz_tools_vendor:/opt/ros/jazzy/opt/gz_ogre_next_vendor:/opt/ros/jazzy/opt/gz_dartsim_vendor:/opt/ros/jazzy/opt/gz_cmake_vendor /usr/bin/cmake --build /home/ratkaba/workspace/src/ros2-traffic-project/build/turtlebot3_hardware -- -j20 -l20
[7.932s] Invoking command in '/home/ratkaba/workspace/src/ros2-traffic-project/build/turtlebot3_hardware': CMAKE_PREFIX_PATH=/home/ratkaba/ros2_ws/install/turtlebot3:/home/ratkaba/ros2_ws/install/turtlebot3_slam_toolbox:/home/ratkaba/ros2_ws/install/turtlebot3_simulations:/home/ratkaba/ros2_ws/install/turtlebot3_navigation2:/home/ratkaba/ros2_ws/install/turtlebot3_fake_node:/home/ratkaba/ros2_ws/install/turtlebot3_msgs:/home/ratkaba/ros2_ws/install/turtlebot3_hardware:/home/ratkaba/ros2_ws/install/turtlebot3_gazebo:/home/ratkaba/ros2_ws/install/turtlebot3_bringup:/home/ratkaba/ros2_ws/install/turtlebot3_description:/home/ratkaba/ros2_ws/install/turtlebot3_cartographer:/home/ratkaba/ros2_ws/install/traffic_sim_bringup:/home/ratkaba/ros2_ws/install/bme_ros2_tutorials_bringup:/home/ratkaba/ros2_ws/install/turtlebot3_teleop:/home/ratkaba/ros2_ws/install/turtlebot3_example:/home/ratkaba/ros2_ws/install/traffic_sim_py:/home/ratkaba/ros2_ws/install/bme_ros2_tutorials_py:/opt/ros/jazzy:/home/ratkaba/ros2-traffic-project/install/traffic_sim:/home/ratkaba/ros2-traffic-project/install/ros2-traffic-project:/opt/ros/jazzy/opt/gz_sim_vendor:/opt/ros/jazzy/opt/gz_sensors_vendor:/opt/ros/jazzy/opt/gz_physics_vendor:/opt/ros/jazzy/opt/sdformat_vendor:/opt/ros/jazzy/opt/gz_gui_vendor:/opt/ros/jazzy/opt/gz_transport_vendor:/opt/ros/jazzy/opt/gz_rendering_vendor:/opt/ros/jazzy/opt/gz_plugin_vendor:/opt/ros/jazzy/opt/gz_fuel_tools_vendor:/opt/ros/jazzy/opt/gz_msgs_vendor:/opt/ros/jazzy/opt/gz_common_vendor:/opt/ros/jazzy/opt/gz_math_vendor:/opt/ros/jazzy/opt/gz_utils_vendor:/opt/ros/jazzy/opt/gz_tools_vendor:/opt/ros/jazzy/opt/gz_ogre_next_vendor:/opt/ros/jazzy/opt/gz_dartsim_vendor:/opt/ros/jazzy/opt/gz_cmake_vendor /usr/bin/cmake --install /home/ratkaba/workspace/src/ros2-traffic-project/build/turtlebot3_hardware
[7.937s] -- Install configuration: ""
[7.937s] -- Installing: /home/ratkaba/workspace/src/ros2-traffic-project/install/turtlebot3_hardware/share/turtlebot3_hardware/turtlebot3_hardware.xml
[7.938s] -- Installing: /home/ratkaba/workspace/src/ros2-traffic-project/install/turtlebot3_hardware/include
[7.938s] -- Installing: /home/ratkaba/workspace/src/ros2-traffic-project/install/turtlebot3_hardware/include/turtlebot3_hardware
[7.938s] -- Installing: /home/ratkaba/workspace/src/ros2-traffic-project/install/turtlebot3_hardware/include/turtlebot3_hardware/opencr_control_table.hpp
[7.938s] -- Installing: /home/ratkaba/workspace/src/ros2-traffic-project/install/turtlebot3_hardware/include/turtlebot3_hardware/opencr_definitions.hpp:Zone.Identifier
[7.938s] -- Installing: /home/ratkaba/workspace/src/ros2-traffic-project/install/turtlebot3_hardware/include/turtlebot3_hardware/turtlebot3_system.hpp
[7.938s] -- Installing: /home/ratkaba/workspace/src/ros2-traffic-project/install/turtlebot3_hardware/include/turtlebot3_hardware/dynamixel_sdk_wrapper.hpp
[7.938s] -- Installing: /home/ratkaba/workspace/src/ros2-traffic-project/install/turtlebot3_hardware/include/turtlebot3_hardware/opencr.hpp:Zone.Identifier
[7.939s] -- Installing: /home/ratkaba/workspace/src/ros2-traffic-project/install/turtlebot3_hardware/include/turtlebot3_hardware/visibility_control.h
[7.939s] -- Installing: /home/ratkaba/workspace/src/ros2-traffic-project/install/turtlebot3_hardware/include/turtlebot3_hardware/opencr.hpp
[7.939s] -- Installing: /home/ratkaba/workspace/src/ros2-traffic-project/install/turtlebot3_hardware/include/turtlebot3_hardware/turtlebot3_system.hpp:Zone.Identifier
[7.939s] -- Installing: /home/ratkaba/workspace/src/ros2-traffic-project/install/turtlebot3_hardware/include/turtlebot3_hardware/opencr_control_table.hpp:Zone.Identifier
[7.939s] -- Installing: /home/ratkaba/workspace/src/ros2-traffic-project/install/turtlebot3_hardware/include/turtlebot3_hardware/dynamixel_sdk_wrapper.hpp:Zone.Identifier
[7.939s] -- Installing: /home/ratkaba/workspace/src/ros2-traffic-project/install/turtlebot3_hardware/include/turtlebot3_hardware/opencr_definitions.hpp
[7.939s] -- Installing: /home/ratkaba/workspace/src/ros2-traffic-project/install/turtlebot3_hardware/include/turtlebot3_hardware/visibility_control.h:Zone.Identifier
[7.939s] -- Installing: /home/ratkaba/workspace/src/ros2-traffic-project/install/turtlebot3_hardware/lib/libturtlebot3_hardware.so
[7.940s] -- Set non-toolchain portion of runtime path of "/home/ratkaba/workspace/src/ros2-traffic-project/install/turtlebot3_hardware/lib/libturtlebot3_hardware.so" to ""
[7.940s] -- Installing: /home/ratkaba/workspace/src/ros2-traffic-project/install/turtlebot3_hardware/share/turtlebot3_hardware/environment/library_path.sh
[7.940s] -- Installing: /home/ratkaba/workspace/src/ros2-traffic-project/install/turtlebot3_hardware/share/turtlebot3_hardware/environment/library_path.dsv
[7.940s] -- Installing: /home/ratkaba/workspace/src/ros2-traffic-project/install/turtlebot3_hardware/share/ament_index/resource_index/package_run_dependencies/turtlebot3_hardware
[7.940s] -- Installing: /home/ratkaba/workspace/src/ros2-traffic-project/install/turtlebot3_hardware/share/ament_index/resource_index/parent_prefix_path/turtlebot3_hardware
[7.940s] -- Installing: /home/ratkaba/workspace/src/ros2-traffic-project/install/turtlebot3_hardware/share/turtlebot3_hardware/environment/ament_prefix_path.sh
[7.940s] -- Installing: /home/ratkaba/workspace/src/ros2-traffic-project/install/turtlebot3_hardware/share/turtlebot3_hardware/environment/ament_prefix_path.dsv
[7.940s] -- Installing: /home/ratkaba/workspace/src/ros2-traffic-project/install/turtlebot3_hardware/share/turtlebot3_hardware/environment/path.sh
[7.940s] -- Installing: /home/ratkaba/workspace/src/ros2-traffic-project/install/turtlebot3_hardware/share/turtlebot3_hardware/environment/path.dsv
[7.941s] -- Installing: /home/ratkaba/workspace/src/ros2-traffic-project/install/turtlebot3_hardware/share/turtlebot3_hardware/local_setup.bash
[7.941s] -- Installing: /home/ratkaba/workspace/src/ros2-traffic-project/install/turtlebot3_hardware/share/turtlebot3_hardware/local_setup.sh
[7.941s] -- Installing: /home/ratkaba/workspace/src/ros2-traffic-project/install/turtlebot3_hardware/share/turtlebot3_hardware/local_setup.zsh
[7.941s] -- Installing: /home/ratkaba/workspace/src/ros2-traffic-project/install/turtlebot3_hardware/share/turtlebot3_hardware/local_setup.dsv
[7.941s] -- Installing: /home/ratkaba/workspace/src/ros2-traffic-project/install/turtlebot3_hardware/share/turtlebot3_hardware/package.dsv
[7.941s] -- Installing: /home/ratkaba/workspace/src/ros2-traffic-project/install/turtlebot3_hardware/share/ament_index/resource_index/packages/turtlebot3_hardware
[7.941s] -- Installing: /home/ratkaba/workspace/src/ros2-traffic-project/install/turtlebot3_hardware/share/ament_index/resource_index/hardware_interface__pluginlib__plugin/turtlebot3_hardware
[7.941s] -- Installing: /home/ratkaba/workspace/src/ros2-traffic-project/install/turtlebot3_hardware/share/turtlebot3_hardware/cmake/ament_cmake_export_include_directories-extras.cmake
[7.942s] -- Installing: /home/ratkaba/workspace/src/ros2-traffic-project/install/turtlebot3_hardware/share/turtlebot3_hardware/cmake/ament_cmake_export_libraries-extras.cmake
[7.942s] -- Installing: /home/ratkaba/workspace/src/ros2-traffic-project/install/turtlebot3_hardware/share/turtlebot3_hardware/cmake/ament_cmake_export_dependencies-extras.cmake
[7.942s] -- Installing: /home/ratkaba/workspace/src/ros2-traffic-project/install/turtlebot3_hardware/share/turtlebot3_hardware/cmake/turtlebot3_hardwareConfig.cmake
[7.942s] -- Installing: /home/ratkaba/workspace/src/ros2-traffic-project/install/turtlebot3_hardware/share/turtlebot3_hardware/cmake/turtlebot3_hardwareConfig-version.cmake
[7.942s] -- Installing: /home/ratkaba/workspace/src/ros2-traffic-project/install/turtlebot3_hardware/share/turtlebot3_hardware/package.xml
[7.943s] Invoked command in '/home/ratkaba/workspace/src/ros2-traffic-project/build/turtlebot3_hardware' returned '0': CMAKE_PREFIX_PATH=/home/ratkaba/ros2_ws/install/turtlebot3:/home/ratkaba/ros2_ws/install/turtlebot3_slam_toolbox:/home/ratkaba/ros2_ws/install/turtlebot3_simulations:/home/ratkaba/ros2_ws/install/turtlebot3_navigation2:/home/ratkaba/ros2_ws/install/turtlebot3_fake_node:/home/ratkaba/ros2_ws/install/turtlebot3_msgs:/home/ratkaba/ros2_ws/install/turtlebot3_hardware:/home/ratkaba/ros2_ws/install/turtlebot3_gazebo:/home/ratkaba/ros2_ws/install/turtlebot3_bringup:/home/ratkaba/ros2_ws/install/turtlebot3_description:/home/ratkaba/ros2_ws/install/turtlebot3_cartographer:/home/ratkaba/ros2_ws/install/traffic_sim_bringup:/home/ratkaba/ros2_ws/install/bme_ros2_tutorials_bringup:/home/ratkaba/ros2_ws/install/turtlebot3_teleop:/home/ratkaba/ros2_ws/install/turtlebot3_example:/home/ratkaba/ros2_ws/install/traffic_sim_py:/home/ratkaba/ros2_ws/install/bme_ros2_tutorials_py:/opt/ros/jazzy:/home/ratkaba/ros2-traffic-project/install/traffic_sim:/home/ratkaba/ros2-traffic-project/install/ros2-traffic-project:/opt/ros/jazzy/opt/gz_sim_vendor:/opt/ros/jazzy/opt/gz_sensors_vendor:/opt/ros/jazzy/opt/gz_physics_vendor:/opt/ros/jazzy/opt/sdformat_vendor:/opt/ros/jazzy/opt/gz_gui_vendor:/opt/ros/jazzy/opt/gz_transport_vendor:/opt/ros/jazzy/opt/gz_rendering_vendor:/opt/ros/jazzy/opt/gz_plugin_vendor:/opt/ros/jazzy/opt/gz_fuel_tools_vendor:/opt/ros/jazzy/opt/gz_msgs_vendor:/opt/ros/jazzy/opt/gz_common_vendor:/opt/ros/jazzy/opt/gz_math_vendor:/opt/ros/jazzy/opt/gz_utils_vendor:/opt/ros/jazzy/opt/gz_tools_vendor:/opt/ros/jazzy/opt/gz_ogre_next_vendor:/opt/ros/jazzy/opt/gz_dartsim_vendor:/opt/ros/jazzy/opt/gz_cmake_vendor /usr/bin/cmake --install /home/ratkaba/workspace/src/ros2-traffic-project/build/turtlebot3_hardware
