[2.259s] Invoking command in '/home/ratkaba/workspace/src/ros2-traffic-project/turtlebot3/turtlebot3_teleop': PYTHONPATH=/home/ratkaba/workspace/src/ros2-traffic-project/build/turtlebot3_teleop/prefix_override:/usr/lib/python3/dist-packages/colcon_core/task/python/colcon_distutils_commands:/home/ratkaba/workspace/src/ros2-traffic-project/install/turtlebot3_teleop/lib/python3.12/site-packages:${PYTHONPATH} /usr/bin/python3 -W ignore:setup.py install is deprecated -W ignore:easy_install command is deprecated setup.py egg_info --egg-base ../../build/turtlebot3_teleop build --build-base /home/ratkaba/workspace/src/ros2-traffic-project/build/turtlebot3_teleop/build install --record /home/ratkaba/workspace/src/ros2-traffic-project/build/turtlebot3_teleop/install.log --single-version-externally-managed install_data
[2.614s] running egg_info
[2.638s] writing ../../build/turtlebot3_teleop/turtlebot3_teleop.egg-info/PKG-INFO
[2.640s] writing dependency_links to ../../build/turtlebot3_teleop/turtlebot3_teleop.egg-info/dependency_links.txt
[2.641s] writing entry points to ../../build/turtlebot3_teleop/turtlebot3_teleop.egg-info/entry_points.txt
[2.641s] writing requirements to ../../build/turtlebot3_teleop/turtlebot3_teleop.egg-info/requires.txt
[2.641s] writing top-level names to ../../build/turtlebot3_teleop/turtlebot3_teleop.egg-info/top_level.txt
[2.692s] reading manifest file '../../build/turtlebot3_teleop/turtlebot3_teleop.egg-info/SOURCES.txt'
[2.693s] writing manifest file '../../build/turtlebot3_teleop/turtlebot3_teleop.egg-info/SOURCES.txt'
[2.694s] running build
[2.694s] running build_py
[2.696s] running install
[2.704s] running install_lib
[2.731s] running install_data
[2.733s] running install_egg_info
[2.758s] removing '/home/ratkaba/workspace/src/ros2-traffic-project/install/turtlebot3_teleop/lib/python3.12/site-packages/turtlebot3_teleop-2.1.5-py3.12.egg-info' (and everything under it)
[2.758s] Copying ../../build/turtlebot3_teleop/turtlebot3_teleop.egg-info to /home/ratkaba/workspace/src/ros2-traffic-project/install/turtlebot3_teleop/lib/python3.12/site-packages/turtlebot3_teleop-2.1.5-py3.12.egg-info
[2.760s] running install_scripts
[2.930s] Installing teleop_keyboard script to /home/ratkaba/workspace/src/ros2-traffic-project/install/turtlebot3_teleop/lib/turtlebot3_teleop
[2.932s] writing list of installed files to '/home/ratkaba/workspace/src/ros2-traffic-project/build/turtlebot3_teleop/install.log'
[2.973s] Invoked command in '/home/ratkaba/workspace/src/ros2-traffic-project/turtlebot3/turtlebot3_teleop' returned '0': PYTHONPATH=/home/ratkaba/workspace/src/ros2-traffic-project/build/turtlebot3_teleop/prefix_override:/usr/lib/python3/dist-packages/colcon_core/task/python/colcon_distutils_commands:/home/ratkaba/workspace/src/ros2-traffic-project/install/turtlebot3_teleop/lib/python3.12/site-packages:${PYTHONPATH} /usr/bin/python3 -W ignore:setup.py install is deprecated -W ignore:easy_install command is deprecated setup.py egg_info --egg-base ../../build/turtlebot3_teleop build --build-base /home/ratkaba/workspace/src/ros2-traffic-project/build/turtlebot3_teleop/build install --record /home/ratkaba/workspace/src/ros2-traffic-project/build/turtlebot3_teleop/install.log --single-version-externally-managed install_data
