[0.029s] Invoking command in '/home/ratkaba/workspace/src/ros2-traffic-project/build/turtlebot3_description': CMAKE_PREFIX_PATH=/home/ratkaba/ros2_ws/install/turtlebot3:/home/ratkaba/ros2_ws/install/turtlebot3_slam_toolbox:/home/ratkaba/ros2_ws/install/turtlebot3_simulations:/home/ratkaba/ros2_ws/install/turtlebot3_navigation2:/home/ratkaba/ros2_ws/install/turtlebot3_fake_node:/home/ratkaba/ros2_ws/install/turtlebot3_msgs:/home/ratkaba/ros2_ws/install/turtlebot3_hardware:/home/ratkaba/ros2_ws/install/turtlebot3_gazebo:/home/ratkaba/ros2_ws/install/turtlebot3_bringup:/home/ratkaba/ros2_ws/install/turtlebot3_description:/home/ratkaba/ros2_ws/install/turtlebot3_cartographer:/home/ratkaba/ros2_ws/install/traffic_sim_bringup:/home/ratkaba/ros2_ws/install/bme_ros2_tutorials_bringup:/home/ratkaba/ros2_ws/install/turtlebot3_teleop:/home/ratkaba/ros2_ws/install/turtlebot3_example:/home/ratkaba/ros2_ws/install/traffic_sim_py:/home/ratkaba/ros2_ws/install/bme_ros2_tutorials_py:/opt/ros/jazzy:/home/ratkaba/ros2-traffic-project/install/traffic_sim:/home/ratkaba/ros2-traffic-project/install/ros2-traffic-project:/opt/ros/jazzy/opt/gz_sim_vendor:/opt/ros/jazzy/opt/gz_sensors_vendor:/opt/ros/jazzy/opt/gz_physics_vendor:/opt/ros/jazzy/opt/sdformat_vendor:/opt/ros/jazzy/opt/gz_gui_vendor:/opt/ros/jazzy/opt/gz_transport_vendor:/opt/ros/jazzy/opt/gz_rendering_vendor:/opt/ros/jazzy/opt/gz_plugin_vendor:/opt/ros/jazzy/opt/gz_fuel_tools_vendor:/opt/ros/jazzy/opt/gz_msgs_vendor:/opt/ros/jazzy/opt/gz_common_vendor:/opt/ros/jazzy/opt/gz_math_vendor:/opt/ros/jazzy/opt/gz_utils_vendor:/opt/ros/jazzy/opt/gz_tools_vendor:/opt/ros/jazzy/opt/gz_ogre_next_vendor:/opt/ros/jazzy/opt/gz_dartsim_vendor:/opt/ros/jazzy/opt/gz_cmake_vendor /usr/bin/cmake /home/ratkaba/workspace/src/ros2-traffic-project/turtlebot3/turtlebot3_description -DCMAKE_INSTALL_PREFIX=/home/ratkaba/workspace/src/ros2-traffic-project/install/turtlebot3_description
[0.278s] -- The C compiler identification is GNU 13.3.0
[0.869s] -- The CXX compiler identification is GNU 13.3.0
[1.682s] -- Detecting C compiler ABI info
[1.906s] -- Detecting C compiler ABI info - done
[1.912s] -- Check for working C compiler: /usr/bin/cc - skipped
[1.912s] -- Detecting C compile features
[1.912s] -- Detecting C compile features - done
[2.037s] -- Detecting CXX compiler ABI info
[2.290s] -- Detecting CXX compiler ABI info - done
[2.295s] -- Check for working CXX compiler: /usr/bin/c++ - skipped
[2.295s] -- Detecting CXX compile features
[2.296s] -- Detecting CXX compile features - done
[2.300s] -- Found ament_cmake: 2.5.4 (/opt/ros/jazzy/share/ament_cmake/cmake)
[2.403s] -- Found Python3: /usr/bin/python3 (found version "3.12.3") found components: Interpreter 
[2.552s] -- Configuring done (2.5s)
[2.554s] -- Generating done (0.0s)
[2.555s] -- Build files have been written to: /home/ratkaba/workspace/src/ros2-traffic-project/build/turtlebot3_description
[2.559s] Invoked command in '/home/ratkaba/workspace/src/ros2-traffic-project/build/turtlebot3_description' returned '0': CMAKE_PREFIX_PATH=/home/ratkaba/ros2_ws/install/turtlebot3:/home/ratkaba/ros2_ws/install/turtlebot3_slam_toolbox:/home/ratkaba/ros2_ws/install/turtlebot3_simulations:/home/ratkaba/ros2_ws/install/turtlebot3_navigation2:/home/ratkaba/ros2_ws/install/turtlebot3_fake_node:/home/ratkaba/ros2_ws/install/turtlebot3_msgs:/home/ratkaba/ros2_ws/install/turtlebot3_hardware:/home/ratkaba/ros2_ws/install/turtlebot3_gazebo:/home/ratkaba/ros2_ws/install/turtlebot3_bringup:/home/ratkaba/ros2_ws/install/turtlebot3_description:/home/ratkaba/ros2_ws/install/turtlebot3_cartographer:/home/ratkaba/ros2_ws/install/traffic_sim_bringup:/home/ratkaba/ros2_ws/install/bme_ros2_tutorials_bringup:/home/ratkaba/ros2_ws/install/turtlebot3_teleop:/home/ratkaba/ros2_ws/install/turtlebot3_example:/home/ratkaba/ros2_ws/install/traffic_sim_py:/home/ratkaba/ros2_ws/install/bme_ros2_tutorials_py:/opt/ros/jazzy:/home/ratkaba/ros2-traffic-project/install/traffic_sim:/home/ratkaba/ros2-traffic-project/install/ros2-traffic-project:/opt/ros/jazzy/opt/gz_sim_vendor:/opt/ros/jazzy/opt/gz_sensors_vendor:/opt/ros/jazzy/opt/gz_physics_vendor:/opt/ros/jazzy/opt/sdformat_vendor:/opt/ros/jazzy/opt/gz_gui_vendor:/opt/ros/jazzy/opt/gz_transport_vendor:/opt/ros/jazzy/opt/gz_rendering_vendor:/opt/ros/jazzy/opt/gz_plugin_vendor:/opt/ros/jazzy/opt/gz_fuel_tools_vendor:/opt/ros/jazzy/opt/gz_msgs_vendor:/opt/ros/jazzy/opt/gz_common_vendor:/opt/ros/jazzy/opt/gz_math_vendor:/opt/ros/jazzy/opt/gz_utils_vendor:/opt/ros/jazzy/opt/gz_tools_vendor:/opt/ros/jazzy/opt/gz_ogre_next_vendor:/opt/ros/jazzy/opt/gz_dartsim_vendor:/opt/ros/jazzy/opt/gz_cmake_vendor /usr/bin/cmake /home/ratkaba/workspace/src/ros2-traffic-project/turtlebot3/turtlebot3_description -DCMAKE_INSTALL_PREFIX=/home/ratkaba/workspace/src/ros2-traffic-project/install/turtlebot3_description
[2.560s] Invoking command in '/home/ratkaba/workspace/src/ros2-traffic-project/build/turtlebot3_description': CMAKE_PREFIX_PATH=/home/ratkaba/ros2_ws/install/turtlebot3:/home/ratkaba/ros2_ws/install/turtlebot3_slam_toolbox:/home/ratkaba/ros2_ws/install/turtlebot3_simulations:/home/ratkaba/ros2_ws/install/turtlebot3_navigation2:/home/ratkaba/ros2_ws/install/turtlebot3_fake_node:/home/ratkaba/ros2_ws/install/turtlebot3_msgs:/home/ratkaba/ros2_ws/install/turtlebot3_hardware:/home/ratkaba/ros2_ws/install/turtlebot3_gazebo:/home/ratkaba/ros2_ws/install/turtlebot3_bringup:/home/ratkaba/ros2_ws/install/turtlebot3_description:/home/ratkaba/ros2_ws/install/turtlebot3_cartographer:/home/ratkaba/ros2_ws/install/traffic_sim_bringup:/home/ratkaba/ros2_ws/install/bme_ros2_tutorials_bringup:/home/ratkaba/ros2_ws/install/turtlebot3_teleop:/home/ratkaba/ros2_ws/install/turtlebot3_example:/home/ratkaba/ros2_ws/install/traffic_sim_py:/home/ratkaba/ros2_ws/install/bme_ros2_tutorials_py:/opt/ros/jazzy:/home/ratkaba/ros2-traffic-project/install/traffic_sim:/home/ratkaba/ros2-traffic-project/install/ros2-traffic-project:/opt/ros/jazzy/opt/gz_sim_vendor:/opt/ros/jazzy/opt/gz_sensors_vendor:/opt/ros/jazzy/opt/gz_physics_vendor:/opt/ros/jazzy/opt/sdformat_vendor:/opt/ros/jazzy/opt/gz_gui_vendor:/opt/ros/jazzy/opt/gz_transport_vendor:/opt/ros/jazzy/opt/gz_rendering_vendor:/opt/ros/jazzy/opt/gz_plugin_vendor:/opt/ros/jazzy/opt/gz_fuel_tools_vendor:/opt/ros/jazzy/opt/gz_msgs_vendor:/opt/ros/jazzy/opt/gz_common_vendor:/opt/ros/jazzy/opt/gz_math_vendor:/opt/ros/jazzy/opt/gz_utils_vendor:/opt/ros/jazzy/opt/gz_tools_vendor:/opt/ros/jazzy/opt/gz_ogre_next_vendor:/opt/ros/jazzy/opt/gz_dartsim_vendor:/opt/ros/jazzy/opt/gz_cmake_vendor /usr/bin/cmake --build /home/ratkaba/workspace/src/ros2-traffic-project/build/turtlebot3_description -- -j20 -l20
[2.588s] Invoked command in '/home/ratkaba/workspace/src/ros2-traffic-project/build/turtlebot3_description' returned '0': CMAKE_PREFIX_PATH=/home/ratkaba/ros2_ws/install/turtlebot3:/home/ratkaba/ros2_ws/install/turtlebot3_slam_toolbox:/home/ratkaba/ros2_ws/install/turtlebot3_simulations:/home/ratkaba/ros2_ws/install/turtlebot3_navigation2:/home/ratkaba/ros2_ws/install/turtlebot3_fake_node:/home/ratkaba/ros2_ws/install/turtlebot3_msgs:/home/ratkaba/ros2_ws/install/turtlebot3_hardware:/home/ratkaba/ros2_ws/install/turtlebot3_gazebo:/home/ratkaba/ros2_ws/install/turtlebot3_bringup:/home/ratkaba/ros2_ws/install/turtlebot3_description:/home/ratkaba/ros2_ws/install/turtlebot3_cartographer:/home/ratkaba/ros2_ws/install/traffic_sim_bringup:/home/ratkaba/ros2_ws/install/bme_ros2_tutorials_bringup:/home/ratkaba/ros2_ws/install/turtlebot3_teleop:/home/ratkaba/ros2_ws/install/turtlebot3_example:/home/ratkaba/ros2_ws/install/traffic_sim_py:/home/ratkaba/ros2_ws/install/bme_ros2_tutorials_py:/opt/ros/jazzy:/home/ratkaba/ros2-traffic-project/install/traffic_sim:/home/ratkaba/ros2-traffic-project/install/ros2-traffic-project:/opt/ros/jazzy/opt/gz_sim_vendor:/opt/ros/jazzy/opt/gz_sensors_vendor:/opt/ros/jazzy/opt/gz_physics_vendor:/opt/ros/jazzy/opt/sdformat_vendor:/opt/ros/jazzy/opt/gz_gui_vendor:/opt/ros/jazzy/opt/gz_transport_vendor:/opt/ros/jazzy/opt/gz_rendering_vendor:/opt/ros/jazzy/opt/gz_plugin_vendor:/opt/ros/jazzy/opt/gz_fuel_tools_vendor:/opt/ros/jazzy/opt/gz_msgs_vendor:/opt/ros/jazzy/opt/gz_common_vendor:/opt/ros/jazzy/opt/gz_math_vendor:/opt/ros/jazzy/opt/gz_utils_vendor:/opt/ros/jazzy/opt/gz_tools_vendor:/opt/ros/jazzy/opt/gz_ogre_next_vendor:/opt/ros/jazzy/opt/gz_dartsim_vendor:/opt/ros/jazzy/opt/gz_cmake_vendor /usr/bin/cmake --build /home/ratkaba/workspace/src/ros2-traffic-project/build/turtlebot3_description -- -j20 -l20
[2.594s] Invoking command in '/home/ratkaba/workspace/src/ros2-traffic-project/build/turtlebot3_description': CMAKE_PREFIX_PATH=/home/ratkaba/ros2_ws/install/turtlebot3:/home/ratkaba/ros2_ws/install/turtlebot3_slam_toolbox:/home/ratkaba/ros2_ws/install/turtlebot3_simulations:/home/ratkaba/ros2_ws/install/turtlebot3_navigation2:/home/ratkaba/ros2_ws/install/turtlebot3_fake_node:/home/ratkaba/ros2_ws/install/turtlebot3_msgs:/home/ratkaba/ros2_ws/install/turtlebot3_hardware:/home/ratkaba/ros2_ws/install/turtlebot3_gazebo:/home/ratkaba/ros2_ws/install/turtlebot3_bringup:/home/ratkaba/ros2_ws/install/turtlebot3_description:/home/ratkaba/ros2_ws/install/turtlebot3_cartographer:/home/ratkaba/ros2_ws/install/traffic_sim_bringup:/home/ratkaba/ros2_ws/install/bme_ros2_tutorials_bringup:/home/ratkaba/ros2_ws/install/turtlebot3_teleop:/home/ratkaba/ros2_ws/install/turtlebot3_example:/home/ratkaba/ros2_ws/install/traffic_sim_py:/home/ratkaba/ros2_ws/install/bme_ros2_tutorials_py:/opt/ros/jazzy:/home/ratkaba/ros2-traffic-project/install/traffic_sim:/home/ratkaba/ros2-traffic-project/install/ros2-traffic-project:/opt/ros/jazzy/opt/gz_sim_vendor:/opt/ros/jazzy/opt/gz_sensors_vendor:/opt/ros/jazzy/opt/gz_physics_vendor:/opt/ros/jazzy/opt/sdformat_vendor:/opt/ros/jazzy/opt/gz_gui_vendor:/opt/ros/jazzy/opt/gz_transport_vendor:/opt/ros/jazzy/opt/gz_rendering_vendor:/opt/ros/jazzy/opt/gz_plugin_vendor:/opt/ros/jazzy/opt/gz_fuel_tools_vendor:/opt/ros/jazzy/opt/gz_msgs_vendor:/opt/ros/jazzy/opt/gz_common_vendor:/opt/ros/jazzy/opt/gz_math_vendor:/opt/ros/jazzy/opt/gz_utils_vendor:/opt/ros/jazzy/opt/gz_tools_vendor:/opt/ros/jazzy/opt/gz_ogre_next_vendor:/opt/ros/jazzy/opt/gz_dartsim_vendor:/opt/ros/jazzy/opt/gz_cmake_vendor /usr/bin/cmake --install /home/ratkaba/workspace/src/ros2-traffic-project/build/turtlebot3_description
[2.598s] -- Install configuration: ""
[2.598s] -- Installing: /home/ratkaba/workspace/src/ros2-traffic-project/install/turtlebot3_description/share/turtlebot3_description/launch
[2.599s] -- Installing: /home/ratkaba/workspace/src/ros2-traffic-project/install/turtlebot3_description/share/turtlebot3_description/launch/model.launch.py
[2.599s] -- Installing: /home/ratkaba/workspace/src/ros2-traffic-project/install/turtlebot3_description/share/turtlebot3_description/launch/model.launch.py:Zone.Identifier
[2.599s] -- Installing: /home/ratkaba/workspace/src/ros2-traffic-project/install/turtlebot3_description/share/turtlebot3_description/rviz
[2.599s] -- Installing: /home/ratkaba/workspace/src/ros2-traffic-project/install/turtlebot3_description/share/turtlebot3_description/rviz/model.rviz
[2.599s] -- Installing: /home/ratkaba/workspace/src/ros2-traffic-project/install/turtlebot3_description/share/turtlebot3_description/rviz/model.rviz:Zone.Identifier
[2.599s] -- Installing: /home/ratkaba/workspace/src/ros2-traffic-project/install/turtlebot3_description/share/turtlebot3_description/urdf
[2.599s] -- Installing: /home/ratkaba/workspace/src/ros2-traffic-project/install/turtlebot3_description/share/turtlebot3_description/urdf/turtlebot3_burger.urdf.xacro
[2.599s] -- Installing: /home/ratkaba/workspace/src/ros2-traffic-project/install/turtlebot3_description/share/turtlebot3_description/urdf/waffle_pi.urdf.xacro
[2.600s] -- Installing: /home/ratkaba/workspace/src/ros2-traffic-project/install/turtlebot3_description/share/turtlebot3_description/urdf/turtlebot3_waffle_pi.urdf.xacro:Zone.Identifier
[2.600s] -- Installing: /home/ratkaba/workspace/src/ros2-traffic-project/install/turtlebot3_description/share/turtlebot3_description/urdf/waffle_pi.urdf.xacro:Zone.Identifier
[2.600s] -- Installing: /home/ratkaba/workspace/src/ros2-traffic-project/install/turtlebot3_description/share/turtlebot3_description/urdf/turtlebot3_burger.urdf.xacro:Zone.Identifier
[2.600s] -- Installing: /home/ratkaba/workspace/src/ros2-traffic-project/install/turtlebot3_description/share/turtlebot3_description/urdf/turtlebot3_waffle_pi.urdf.xacro
[2.600s] -- Installing: /home/ratkaba/workspace/src/ros2-traffic-project/install/turtlebot3_description/share/turtlebot3_description/urdf/burger.urdf.xacro:Zone.Identifier
[2.600s] -- Installing: /home/ratkaba/workspace/src/ros2-traffic-project/install/turtlebot3_description/share/turtlebot3_description/urdf/burger.urdf.xacro
[2.601s] -- Installing: /home/ratkaba/workspace/src/ros2-traffic-project/install/turtlebot3_description/share/turtlebot3_description/urdf/burger_camera.urdf.xacro:Zone.Identifier
[2.601s] -- Installing: /home/ratkaba/workspace/src/ros2-traffic-project/install/turtlebot3_description/share/turtlebot3_description/urdf/burger_camera.urdf.xacro
[2.601s] -- Installing: /home/ratkaba/workspace/src/ros2-traffic-project/install/turtlebot3_description/share/turtlebot3_description/gazebo
[2.601s] -- Installing: /home/ratkaba/workspace/src/ros2-traffic-project/install/turtlebot3_description/share/turtlebot3_description/gazebo/waffle_pi.gazebo.xacro
[2.602s] -- Installing: /home/ratkaba/workspace/src/ros2-traffic-project/install/turtlebot3_description/share/turtlebot3_description/gazebo/materials.xacro:Zone.Identifier
[2.602s] -- Installing: /home/ratkaba/workspace/src/ros2-traffic-project/install/turtlebot3_description/share/turtlebot3_description/gazebo/burger.gazebo.xacro:Zone.Identifier
[2.602s] -- Installing: /home/ratkaba/workspace/src/ros2-traffic-project/install/turtlebot3_description/share/turtlebot3_description/gazebo/waffle_pi.gazebo.xacro:Zone.Identifier
[2.602s] -- Installing: /home/ratkaba/workspace/src/ros2-traffic-project/install/turtlebot3_description/share/turtlebot3_description/gazebo/materials.xacro
[2.602s] -- Installing: /home/ratkaba/workspace/src/ros2-traffic-project/install/turtlebot3_description/share/turtlebot3_description/gazebo/burger.gazebo.xacro
[2.602s] -- Installing: /home/ratkaba/workspace/src/ros2-traffic-project/install/turtlebot3_description/share/turtlebot3_description/meshes
[2.602s] -- Installing: /home/ratkaba/workspace/src/ros2-traffic-project/install/turtlebot3_description/share/turtlebot3_description/meshes/burger
[2.603s] -- Installing: /home/ratkaba/workspace/src/ros2-traffic-project/install/turtlebot3_description/share/turtlebot3_description/meshes/burger/base.stl:Zone.Identifier
[2.603s] -- Installing: /home/ratkaba/workspace/src/ros2-traffic-project/install/turtlebot3_description/share/turtlebot3_description/meshes/burger/ladar.stl
[2.628s] -- Installing: /home/ratkaba/workspace/src/ros2-traffic-project/install/turtlebot3_description/share/turtlebot3_description/meshes/burger/left_tire.stl
[2.631s] -- Installing: /home/ratkaba/workspace/src/ros2-traffic-project/install/turtlebot3_description/share/turtlebot3_description/meshes/burger/base.stl
[2.642s] -- Installing: /home/ratkaba/workspace/src/ros2-traffic-project/install/turtlebot3_description/share/turtlebot3_description/meshes/burger/ladar.stl:Zone.Identifier
[2.642s] -- Installing: /home/ratkaba/workspace/src/ros2-traffic-project/install/turtlebot3_description/share/turtlebot3_description/meshes/burger/left_tire.stl:Zone.Identifier
[2.643s] -- Installing: /home/ratkaba/workspace/src/ros2-traffic-project/install/turtlebot3_description/share/turtlebot3_description/meshes/burger/right_tire.stl:Zone.Identifier
[2.643s] -- Installing: /home/ratkaba/workspace/src/ros2-traffic-project/install/turtlebot3_description/share/turtlebot3_description/meshes/burger/right_tire.stl
[2.646s] -- Installing: /home/ratkaba/workspace/src/ros2-traffic-project/install/turtlebot3_description/share/turtlebot3_description/meshes/waffle_pi
[2.646s] -- Installing: /home/ratkaba/workspace/src/ros2-traffic-project/install/turtlebot3_description/share/turtlebot3_description/meshes/waffle_pi/base.stl:Zone.Identifier
[2.646s] -- Installing: /home/ratkaba/workspace/src/ros2-traffic-project/install/turtlebot3_description/share/turtlebot3_description/meshes/waffle_pi/ladar.stl
[2.647s] -- Installing: /home/ratkaba/workspace/src/ros2-traffic-project/install/turtlebot3_description/share/turtlebot3_description/meshes/waffle_pi/left_tire.stl
[2.648s] -- Installing: /home/ratkaba/workspace/src/ros2-traffic-project/install/turtlebot3_description/share/turtlebot3_description/meshes/waffle_pi/base.stl
[2.654s] -- Installing: /home/ratkaba/workspace/src/ros2-traffic-project/install/turtlebot3_description/share/turtlebot3_description/meshes/waffle_pi/ladar.stl:Zone.Identifier
[2.654s] -- Installing: /home/ratkaba/workspace/src/ros2-traffic-project/install/turtlebot3_description/share/turtlebot3_description/meshes/waffle_pi/left_tire.stl:Zone.Identifier
[2.654s] -- Installing: /home/ratkaba/workspace/src/ros2-traffic-project/install/turtlebot3_description/share/turtlebot3_description/meshes/waffle_pi/right_tire.stl:Zone.Identifier
[2.654s] -- Installing: /home/ratkaba/workspace/src/ros2-traffic-project/install/turtlebot3_description/share/turtlebot3_description/meshes/waffle_pi/right_tire.stl
[2.656s] -- Installing: /home/ratkaba/workspace/src/ros2-traffic-project/install/turtlebot3_description/share/turtlebot3_description/ros2_control
[2.656s] -- Installing: /home/ratkaba/workspace/src/ros2-traffic-project/install/turtlebot3_description/share/turtlebot3_description/ros2_control/turtlebot3_system.ros2_control.xacro:Zone.Identifier
[2.656s] -- Installing: /home/ratkaba/workspace/src/ros2-traffic-project/install/turtlebot3_description/share/turtlebot3_description/ros2_control/turtlebot3_system.ros2_control.xacro
[2.656s] -- Installing: /home/ratkaba/workspace/src/ros2-traffic-project/install/turtlebot3_description/share/turtlebot3_description/environment/turtlebot3_description.dsv
[2.657s] -- Installing: /home/ratkaba/workspace/src/ros2-traffic-project/install/turtlebot3_description/share/ament_index/resource_index/package_run_dependencies/turtlebot3_description
[2.657s] -- Installing: /home/ratkaba/workspace/src/ros2-traffic-project/install/turtlebot3_description/share/ament_index/resource_index/parent_prefix_path/turtlebot3_description
[2.657s] -- Installing: /home/ratkaba/workspace/src/ros2-traffic-project/install/turtlebot3_description/share/turtlebot3_description/environment/ament_prefix_path.sh
[2.657s] -- Installing: /home/ratkaba/workspace/src/ros2-traffic-project/install/turtlebot3_description/share/turtlebot3_description/environment/ament_prefix_path.dsv
[2.657s] -- Installing: /home/ratkaba/workspace/src/ros2-traffic-project/install/turtlebot3_description/share/turtlebot3_description/environment/path.sh
[2.657s] -- Installing: /home/ratkaba/workspace/src/ros2-traffic-project/install/turtlebot3_description/share/turtlebot3_description/environment/path.dsv
[2.657s] -- Installing: /home/ratkaba/workspace/src/ros2-traffic-project/install/turtlebot3_description/share/turtlebot3_description/local_setup.bash
[2.658s] -- Installing: /home/ratkaba/workspace/src/ros2-traffic-project/install/turtlebot3_description/share/turtlebot3_description/local_setup.sh
[2.658s] -- Installing: /home/ratkaba/workspace/src/ros2-traffic-project/install/turtlebot3_description/share/turtlebot3_description/local_setup.zsh
[2.658s] -- Installing: /home/ratkaba/workspace/src/ros2-traffic-project/install/turtlebot3_description/share/turtlebot3_description/local_setup.dsv
[2.658s] -- Installing: /home/ratkaba/workspace/src/ros2-traffic-project/install/turtlebot3_description/share/turtlebot3_description/package.dsv
[2.658s] -- Installing: /home/ratkaba/workspace/src/ros2-traffic-project/install/turtlebot3_description/share/ament_index/resource_index/packages/turtlebot3_description
[2.658s] -- Installing: /home/ratkaba/workspace/src/ros2-traffic-project/install/turtlebot3_description/share/turtlebot3_description/cmake/turtlebot3_descriptionConfig.cmake
[2.658s] -- Installing: /home/ratkaba/workspace/src/ros2-traffic-project/install/turtlebot3_description/share/turtlebot3_description/cmake/turtlebot3_descriptionConfig-version.cmake
[2.658s] -- Installing: /home/ratkaba/workspace/src/ros2-traffic-project/install/turtlebot3_description/share/turtlebot3_description/package.xml
[2.659s] Invoked command in '/home/ratkaba/workspace/src/ros2-traffic-project/build/turtlebot3_description' returned '0': CMAKE_PREFIX_PATH=/home/ratkaba/ros2_ws/install/turtlebot3:/home/ratkaba/ros2_ws/install/turtlebot3_slam_toolbox:/home/ratkaba/ros2_ws/install/turtlebot3_simulations:/home/ratkaba/ros2_ws/install/turtlebot3_navigation2:/home/ratkaba/ros2_ws/install/turtlebot3_fake_node:/home/ratkaba/ros2_ws/install/turtlebot3_msgs:/home/ratkaba/ros2_ws/install/turtlebot3_hardware:/home/ratkaba/ros2_ws/install/turtlebot3_gazebo:/home/ratkaba/ros2_ws/install/turtlebot3_bringup:/home/ratkaba/ros2_ws/install/turtlebot3_description:/home/ratkaba/ros2_ws/install/turtlebot3_cartographer:/home/ratkaba/ros2_ws/install/traffic_sim_bringup:/home/ratkaba/ros2_ws/install/bme_ros2_tutorials_bringup:/home/ratkaba/ros2_ws/install/turtlebot3_teleop:/home/ratkaba/ros2_ws/install/turtlebot3_example:/home/ratkaba/ros2_ws/install/traffic_sim_py:/home/ratkaba/ros2_ws/install/bme_ros2_tutorials_py:/opt/ros/jazzy:/home/ratkaba/ros2-traffic-project/install/traffic_sim:/home/ratkaba/ros2-traffic-project/install/ros2-traffic-project:/opt/ros/jazzy/opt/gz_sim_vendor:/opt/ros/jazzy/opt/gz_sensors_vendor:/opt/ros/jazzy/opt/gz_physics_vendor:/opt/ros/jazzy/opt/sdformat_vendor:/opt/ros/jazzy/opt/gz_gui_vendor:/opt/ros/jazzy/opt/gz_transport_vendor:/opt/ros/jazzy/opt/gz_rendering_vendor:/opt/ros/jazzy/opt/gz_plugin_vendor:/opt/ros/jazzy/opt/gz_fuel_tools_vendor:/opt/ros/jazzy/opt/gz_msgs_vendor:/opt/ros/jazzy/opt/gz_common_vendor:/opt/ros/jazzy/opt/gz_math_vendor:/opt/ros/jazzy/opt/gz_utils_vendor:/opt/ros/jazzy/opt/gz_tools_vendor:/opt/ros/jazzy/opt/gz_ogre_next_vendor:/opt/ros/jazzy/opt/gz_dartsim_vendor:/opt/ros/jazzy/opt/gz_cmake_vendor /usr/bin/cmake --install /home/ratkaba/workspace/src/ros2-traffic-project/build/turtlebot3_description
