[0.128s] Invoking command in '/home/ratkaba/workspace/src/ros2-traffic-project/build/turtlebot3_fake_node': AMENT_PREFIX_PATH=/home/ratkaba/workspace/src/ros2-traffic-project/install/turtlebot3_msgs:${AMENT_PREFIX_PATH} CMAKE_PREFIX_PATH=/home/ratkaba/workspace/src/ros2-traffic-project/install/turtlebot3_msgs:/home/ratkaba/ros2_ws/install/turtlebot3:/home/ratkaba/ros2_ws/install/turtlebot3_slam_toolbox:/home/ratkaba/ros2_ws/install/turtlebot3_simulations:/home/ratkaba/ros2_ws/install/turtlebot3_navigation2:/home/ratkaba/ros2_ws/install/turtlebot3_fake_node:/home/ratkaba/ros2_ws/install/turtlebot3_msgs:/home/ratkaba/ros2_ws/install/turtlebot3_hardware:/home/ratkaba/ros2_ws/install/turtlebot3_gazebo:/home/ratkaba/ros2_ws/install/turtlebot3_bringup:/home/ratkaba/ros2_ws/install/turtlebot3_description:/home/ratkaba/ros2_ws/install/turtlebot3_cartographer:/home/ratkaba/ros2_ws/install/traffic_sim_bringup:/home/ratkaba/ros2_ws/install/bme_ros2_tutorials_bringup:/home/ratkaba/ros2_ws/install/turtlebot3_teleop:/home/ratkaba/ros2_ws/install/turtlebot3_example:/home/ratkaba/ros2_ws/install/traffic_sim_py:/home/ratkaba/ros2_ws/install/bme_ros2_tutorials_py:/opt/ros/jazzy:/home/ratkaba/ros2-traffic-project/install/traffic_sim:/home/ratkaba/ros2-traffic-project/install/ros2-traffic-project:/opt/ros/jazzy/opt/gz_sim_vendor:/opt/ros/jazzy/opt/gz_sensors_vendor:/opt/ros/jazzy/opt/gz_physics_vendor:/opt/ros/jazzy/opt/sdformat_vendor:/opt/ros/jazzy/opt/gz_gui_vendor:/opt/ros/jazzy/opt/gz_transport_vendor:/opt/ros/jazzy/opt/gz_rendering_vendor:/opt/ros/jazzy/opt/gz_plugin_vendor:/opt/ros/jazzy/opt/gz_fuel_tools_vendor:/opt/ros/jazzy/opt/gz_msgs_vendor:/opt/ros/jazzy/opt/gz_common_vendor:/opt/ros/jazzy/opt/gz_math_vendor:/opt/ros/jazzy/opt/gz_utils_vendor:/opt/ros/jazzy/opt/gz_tools_vendor:/opt/ros/jazzy/opt/gz_ogre_next_vendor:/opt/ros/jazzy/opt/gz_dartsim_vendor:/opt/ros/jazzy/opt/gz_cmake_vendor LD_LIBRARY_PATH=/home/ratkaba/workspace/src/ros2-traffic-project/install/turtlebot3_msgs/lib:${LD_LIBRARY_PATH} PYTHONPATH=/home/ratkaba/workspace/src/ros2-traffic-project/install/turtlebot3_msgs/lib/python3.12/site-packages:${PYTHONPATH} /usr/bin/cmake /home/ratkaba/workspace/src/ros2-traffic-project/turtlebot3_simulations/turtlebot3_fake_node -DCMAKE_INSTALL_PREFIX=/home/ratkaba/workspace/src/ros2-traffic-project/install/turtlebot3_fake_node
[0.287s] -- The C compiler identification is GNU 13.3.0
[1.032s] -- The CXX compiler identification is GNU 13.3.0
[1.333s] -- Detecting C compiler ABI info
[1.456s] -- Detecting C compiler ABI info - done
[1.461s] -- Check for working C compiler: /usr/bin/cc - skipped
[1.461s] -- Detecting C compile features
[1.461s] -- Detecting C compile features - done
[1.515s] -- Detecting CXX compiler ABI info
[1.757s] -- Detecting CXX compiler ABI info - done
[1.762s] -- Check for working CXX compiler: /usr/bin/c++ - skipped
[1.762s] -- Detecting CXX compile features
[1.762s] -- Detecting CXX compile features - done
[1.764s] -- Found ament_cmake: 2.5.4 (/opt/ros/jazzy/share/ament_cmake/cmake)
[1.864s] -- Found Python3: /usr/bin/python3 (found version "3.12.3") found components: Interpreter 
[1.934s] -- Found geometry_msgs: 5.3.6 (/opt/ros/jazzy/share/geometry_msgs/cmake)
[2.133s] -- Found rosidl_generator_c: 4.6.5 (/opt/ros/jazzy/share/rosidl_generator_c/cmake)
[2.143s] -- Found rosidl_generator_cpp: 4.6.5 (/opt/ros/jazzy/share/rosidl_generator_cpp/cmake)
[2.154s] -- Using all available rosidl_typesupport_c: rosidl_typesupport_fastrtps_c;rosidl_typesupport_introspection_c
[2.166s] -- Using all available rosidl_typesupport_cpp: rosidl_typesupport_fastrtps_cpp;rosidl_typesupport_introspection_cpp
[2.195s] -- Found nav_msgs: 5.3.6 (/opt/ros/jazzy/share/nav_msgs/cmake)
[2.220s] -- Found rclcpp: 28.1.9 (/opt/ros/jazzy/share/rclcpp/cmake)
[2.251s] -- Found rmw_implementation_cmake: 7.3.2 (/opt/ros/jazzy/share/rmw_implementation_cmake/cmake)
[2.253s] -- Found rmw_fastrtps_cpp: 8.4.2 (/opt/ros/jazzy/share/rmw_fastrtps_cpp/cmake)
[2.301s] -- Found OpenSSL: /usr/lib/x86_64-linux-gnu/libcrypto.so (found version "3.0.13")  
[2.626s] -- Found FastRTPS: /opt/ros/jazzy/include (Required is at least version "2.13") 
[2.807s] -- Using RMW implementation 'rmw_fastrtps_cpp' as default
[3.021s] -- Found sensor_msgs: 5.3.6 (/opt/ros/jazzy/share/sensor_msgs/cmake)
[3.037s] -- Found tf2: 0.36.10 (/opt/ros/jazzy/share/tf2/cmake)
[3.042s] -- Found tf2_msgs: 0.36.10 (/opt/ros/jazzy/share/tf2_msgs/cmake)
[3.083s] -- Found turtlebot3_msgs: 2.2.3 (/home/ratkaba/workspace/src/ros2-traffic-project/install/turtlebot3_msgs/share/turtlebot3_msgs/cmake)
[3.156s] -- Configuring done (3.0s)
[3.165s] -- Generating done (0.0s)
[3.168s] -- Build files have been written to: /home/ratkaba/workspace/src/ros2-traffic-project/build/turtlebot3_fake_node
[3.175s] Invoked command in '/home/ratkaba/workspace/src/ros2-traffic-project/build/turtlebot3_fake_node' returned '0': AMENT_PREFIX_PATH=/home/ratkaba/workspace/src/ros2-traffic-project/install/turtlebot3_msgs:${AMENT_PREFIX_PATH} CMAKE_PREFIX_PATH=/home/ratkaba/workspace/src/ros2-traffic-project/install/turtlebot3_msgs:/home/ratkaba/ros2_ws/install/turtlebot3:/home/ratkaba/ros2_ws/install/turtlebot3_slam_toolbox:/home/ratkaba/ros2_ws/install/turtlebot3_simulations:/home/ratkaba/ros2_ws/install/turtlebot3_navigation2:/home/ratkaba/ros2_ws/install/turtlebot3_fake_node:/home/ratkaba/ros2_ws/install/turtlebot3_msgs:/home/ratkaba/ros2_ws/install/turtlebot3_hardware:/home/ratkaba/ros2_ws/install/turtlebot3_gazebo:/home/ratkaba/ros2_ws/install/turtlebot3_bringup:/home/ratkaba/ros2_ws/install/turtlebot3_description:/home/ratkaba/ros2_ws/install/turtlebot3_cartographer:/home/ratkaba/ros2_ws/install/traffic_sim_bringup:/home/ratkaba/ros2_ws/install/bme_ros2_tutorials_bringup:/home/ratkaba/ros2_ws/install/turtlebot3_teleop:/home/ratkaba/ros2_ws/install/turtlebot3_example:/home/ratkaba/ros2_ws/install/traffic_sim_py:/home/ratkaba/ros2_ws/install/bme_ros2_tutorials_py:/opt/ros/jazzy:/home/ratkaba/ros2-traffic-project/install/traffic_sim:/home/ratkaba/ros2-traffic-project/install/ros2-traffic-project:/opt/ros/jazzy/opt/gz_sim_vendor:/opt/ros/jazzy/opt/gz_sensors_vendor:/opt/ros/jazzy/opt/gz_physics_vendor:/opt/ros/jazzy/opt/sdformat_vendor:/opt/ros/jazzy/opt/gz_gui_vendor:/opt/ros/jazzy/opt/gz_transport_vendor:/opt/ros/jazzy/opt/gz_rendering_vendor:/opt/ros/jazzy/opt/gz_plugin_vendor:/opt/ros/jazzy/opt/gz_fuel_tools_vendor:/opt/ros/jazzy/opt/gz_msgs_vendor:/opt/ros/jazzy/opt/gz_common_vendor:/opt/ros/jazzy/opt/gz_math_vendor:/opt/ros/jazzy/opt/gz_utils_vendor:/opt/ros/jazzy/opt/gz_tools_vendor:/opt/ros/jazzy/opt/gz_ogre_next_vendor:/opt/ros/jazzy/opt/gz_dartsim_vendor:/opt/ros/jazzy/opt/gz_cmake_vendor LD_LIBRARY_PATH=/home/ratkaba/workspace/src/ros2-traffic-project/install/turtlebot3_msgs/lib:${LD_LIBRARY_PATH} PYTHONPATH=/home/ratkaba/workspace/src/ros2-traffic-project/install/turtlebot3_msgs/lib/python3.12/site-packages:${PYTHONPATH} /usr/bin/cmake /home/ratkaba/workspace/src/ros2-traffic-project/turtlebot3_simulations/turtlebot3_fake_node -DCMAKE_INSTALL_PREFIX=/home/ratkaba/workspace/src/ros2-traffic-project/install/turtlebot3_fake_node
[3.175s] Invoking command in '/home/ratkaba/workspace/src/ros2-traffic-project/build/turtlebot3_fake_node': AMENT_PREFIX_PATH=/home/ratkaba/workspace/src/ros2-traffic-project/install/turtlebot3_msgs:${AMENT_PREFIX_PATH} CMAKE_PREFIX_PATH=/home/ratkaba/workspace/src/ros2-traffic-project/install/turtlebot3_msgs:/home/ratkaba/ros2_ws/install/turtlebot3:/home/ratkaba/ros2_ws/install/turtlebot3_slam_toolbox:/home/ratkaba/ros2_ws/install/turtlebot3_simulations:/home/ratkaba/ros2_ws/install/turtlebot3_navigation2:/home/ratkaba/ros2_ws/install/turtlebot3_fake_node:/home/ratkaba/ros2_ws/install/turtlebot3_msgs:/home/ratkaba/ros2_ws/install/turtlebot3_hardware:/home/ratkaba/ros2_ws/install/turtlebot3_gazebo:/home/ratkaba/ros2_ws/install/turtlebot3_bringup:/home/ratkaba/ros2_ws/install/turtlebot3_description:/home/ratkaba/ros2_ws/install/turtlebot3_cartographer:/home/ratkaba/ros2_ws/install/traffic_sim_bringup:/home/ratkaba/ros2_ws/install/bme_ros2_tutorials_bringup:/home/ratkaba/ros2_ws/install/turtlebot3_teleop:/home/ratkaba/ros2_ws/install/turtlebot3_example:/home/ratkaba/ros2_ws/install/traffic_sim_py:/home/ratkaba/ros2_ws/install/bme_ros2_tutorials_py:/opt/ros/jazzy:/home/ratkaba/ros2-traffic-project/install/traffic_sim:/home/ratkaba/ros2-traffic-project/install/ros2-traffic-project:/opt/ros/jazzy/opt/gz_sim_vendor:/opt/ros/jazzy/opt/gz_sensors_vendor:/opt/ros/jazzy/opt/gz_physics_vendor:/opt/ros/jazzy/opt/sdformat_vendor:/opt/ros/jazzy/opt/gz_gui_vendor:/opt/ros/jazzy/opt/gz_transport_vendor:/opt/ros/jazzy/opt/gz_rendering_vendor:/opt/ros/jazzy/opt/gz_plugin_vendor:/opt/ros/jazzy/opt/gz_fuel_tools_vendor:/opt/ros/jazzy/opt/gz_msgs_vendor:/opt/ros/jazzy/opt/gz_common_vendor:/opt/ros/jazzy/opt/gz_math_vendor:/opt/ros/jazzy/opt/gz_utils_vendor:/opt/ros/jazzy/opt/gz_tools_vendor:/opt/ros/jazzy/opt/gz_ogre_next_vendor:/opt/ros/jazzy/opt/gz_dartsim_vendor:/opt/ros/jazzy/opt/gz_cmake_vendor LD_LIBRARY_PATH=/home/ratkaba/workspace/src/ros2-traffic-project/install/turtlebot3_msgs/lib:${LD_LIBRARY_PATH} PYTHONPATH=/home/ratkaba/workspace/src/ros2-traffic-project/install/turtlebot3_msgs/lib/python3.12/site-packages:${PYTHONPATH} /usr/bin/cmake --build /home/ratkaba/workspace/src/ros2-traffic-project/build/turtlebot3_fake_node -- -j20 -l20
[3.201s] [ 50%] [32mBuilding CXX object CMakeFiles/turtlebot3_fake_node.dir/src/turtlebot3_fake_node.cpp.o[0m
[8.521s] [100%] [32m[1mLinking CXX executable turtlebot3_fake_node[0m
[8.752s] [100%] Built target turtlebot3_fake_node
[8.758s] Invoked command in '/home/ratkaba/workspace/src/ros2-traffic-project/build/turtlebot3_fake_node' returned '0': AMENT_PREFIX_PATH=/home/ratkaba/workspace/src/ros2-traffic-project/install/turtlebot3_msgs:${AMENT_PREFIX_PATH} CMAKE_PREFIX_PATH=/home/ratkaba/workspace/src/ros2-traffic-project/install/turtlebot3_msgs:/home/ratkaba/ros2_ws/install/turtlebot3:/home/ratkaba/ros2_ws/install/turtlebot3_slam_toolbox:/home/ratkaba/ros2_ws/install/turtlebot3_simulations:/home/ratkaba/ros2_ws/install/turtlebot3_navigation2:/home/ratkaba/ros2_ws/install/turtlebot3_fake_node:/home/ratkaba/ros2_ws/install/turtlebot3_msgs:/home/ratkaba/ros2_ws/install/turtlebot3_hardware:/home/ratkaba/ros2_ws/install/turtlebot3_gazebo:/home/ratkaba/ros2_ws/install/turtlebot3_bringup:/home/ratkaba/ros2_ws/install/turtlebot3_description:/home/ratkaba/ros2_ws/install/turtlebot3_cartographer:/home/ratkaba/ros2_ws/install/traffic_sim_bringup:/home/ratkaba/ros2_ws/install/bme_ros2_tutorials_bringup:/home/ratkaba/ros2_ws/install/turtlebot3_teleop:/home/ratkaba/ros2_ws/install/turtlebot3_example:/home/ratkaba/ros2_ws/install/traffic_sim_py:/home/ratkaba/ros2_ws/install/bme_ros2_tutorials_py:/opt/ros/jazzy:/home/ratkaba/ros2-traffic-project/install/traffic_sim:/home/ratkaba/ros2-traffic-project/install/ros2-traffic-project:/opt/ros/jazzy/opt/gz_sim_vendor:/opt/ros/jazzy/opt/gz_sensors_vendor:/opt/ros/jazzy/opt/gz_physics_vendor:/opt/ros/jazzy/opt/sdformat_vendor:/opt/ros/jazzy/opt/gz_gui_vendor:/opt/ros/jazzy/opt/gz_transport_vendor:/opt/ros/jazzy/opt/gz_rendering_vendor:/opt/ros/jazzy/opt/gz_plugin_vendor:/opt/ros/jazzy/opt/gz_fuel_tools_vendor:/opt/ros/jazzy/opt/gz_msgs_vendor:/opt/ros/jazzy/opt/gz_common_vendor:/opt/ros/jazzy/opt/gz_math_vendor:/opt/ros/jazzy/opt/gz_utils_vendor:/opt/ros/jazzy/opt/gz_tools_vendor:/opt/ros/jazzy/opt/gz_ogre_next_vendor:/opt/ros/jazzy/opt/gz_dartsim_vendor:/opt/ros/jazzy/opt/gz_cmake_vendor LD_LIBRARY_PATH=/home/ratkaba/workspace/src/ros2-traffic-project/install/turtlebot3_msgs/lib:${LD_LIBRARY_PATH} PYTHONPATH=/home/ratkaba/workspace/src/ros2-traffic-project/install/turtlebot3_msgs/lib/python3.12/site-packages:${PYTHONPATH} /usr/bin/cmake --build /home/ratkaba/workspace/src/ros2-traffic-project/build/turtlebot3_fake_node -- -j20 -l20
[8.758s] Invoking command in '/home/ratkaba/workspace/src/ros2-traffic-project/build/turtlebot3_fake_node': AMENT_PREFIX_PATH=/home/ratkaba/workspace/src/ros2-traffic-project/install/turtlebot3_msgs:${AMENT_PREFIX_PATH} CMAKE_PREFIX_PATH=/home/ratkaba/workspace/src/ros2-traffic-project/install/turtlebot3_msgs:/home/ratkaba/ros2_ws/install/turtlebot3:/home/ratkaba/ros2_ws/install/turtlebot3_slam_toolbox:/home/ratkaba/ros2_ws/install/turtlebot3_simulations:/home/ratkaba/ros2_ws/install/turtlebot3_navigation2:/home/ratkaba/ros2_ws/install/turtlebot3_fake_node:/home/ratkaba/ros2_ws/install/turtlebot3_msgs:/home/ratkaba/ros2_ws/install/turtlebot3_hardware:/home/ratkaba/ros2_ws/install/turtlebot3_gazebo:/home/ratkaba/ros2_ws/install/turtlebot3_bringup:/home/ratkaba/ros2_ws/install/turtlebot3_description:/home/ratkaba/ros2_ws/install/turtlebot3_cartographer:/home/ratkaba/ros2_ws/install/traffic_sim_bringup:/home/ratkaba/ros2_ws/install/bme_ros2_tutorials_bringup:/home/ratkaba/ros2_ws/install/turtlebot3_teleop:/home/ratkaba/ros2_ws/install/turtlebot3_example:/home/ratkaba/ros2_ws/install/traffic_sim_py:/home/ratkaba/ros2_ws/install/bme_ros2_tutorials_py:/opt/ros/jazzy:/home/ratkaba/ros2-traffic-project/install/traffic_sim:/home/ratkaba/ros2-traffic-project/install/ros2-traffic-project:/opt/ros/jazzy/opt/gz_sim_vendor:/opt/ros/jazzy/opt/gz_sensors_vendor:/opt/ros/jazzy/opt/gz_physics_vendor:/opt/ros/jazzy/opt/sdformat_vendor:/opt/ros/jazzy/opt/gz_gui_vendor:/opt/ros/jazzy/opt/gz_transport_vendor:/opt/ros/jazzy/opt/gz_rendering_vendor:/opt/ros/jazzy/opt/gz_plugin_vendor:/opt/ros/jazzy/opt/gz_fuel_tools_vendor:/opt/ros/jazzy/opt/gz_msgs_vendor:/opt/ros/jazzy/opt/gz_common_vendor:/opt/ros/jazzy/opt/gz_math_vendor:/opt/ros/jazzy/opt/gz_utils_vendor:/opt/ros/jazzy/opt/gz_tools_vendor:/opt/ros/jazzy/opt/gz_ogre_next_vendor:/opt/ros/jazzy/opt/gz_dartsim_vendor:/opt/ros/jazzy/opt/gz_cmake_vendor LD_LIBRARY_PATH=/home/ratkaba/workspace/src/ros2-traffic-project/install/turtlebot3_msgs/lib:${LD_LIBRARY_PATH} PYTHONPATH=/home/ratkaba/workspace/src/ros2-traffic-project/install/turtlebot3_msgs/lib/python3.12/site-packages:${PYTHONPATH} /usr/bin/cmake --install /home/ratkaba/workspace/src/ros2-traffic-project/build/turtlebot3_fake_node
[8.763s] -- Install configuration: ""
[8.763s] -- Installing: /home/ratkaba/workspace/src/ros2-traffic-project/install/turtlebot3_fake_node/lib/turtlebot3_fake_node/turtlebot3_fake_node
[8.766s] -- Set non-toolchain portion of runtime path of "/home/ratkaba/workspace/src/ros2-traffic-project/install/turtlebot3_fake_node/lib/turtlebot3_fake_node/turtlebot3_fake_node" to ""
[8.766s] -- Installing: /home/ratkaba/workspace/src/ros2-traffic-project/install/turtlebot3_fake_node/share/turtlebot3_fake_node/launch
[8.766s] -- Installing: /home/ratkaba/workspace/src/ros2-traffic-project/install/turtlebot3_fake_node/share/turtlebot3_fake_node/launch/turtlebot3_fake_node.launch.py
[8.767s] -- Installing: /home/ratkaba/workspace/src/ros2-traffic-project/install/turtlebot3_fake_node/share/turtlebot3_fake_node/launch/rviz2.launch.py
[8.767s] -- Installing: /home/ratkaba/workspace/src/ros2-traffic-project/install/turtlebot3_fake_node/share/turtlebot3_fake_node/param
[8.768s] -- Installing: /home/ratkaba/workspace/src/ros2-traffic-project/install/turtlebot3_fake_node/share/turtlebot3_fake_node/param/waffle.yaml
[8.768s] -- Installing: /home/ratkaba/workspace/src/ros2-traffic-project/install/turtlebot3_fake_node/share/turtlebot3_fake_node/param/waffle_pi.yaml
[8.768s] -- Installing: /home/ratkaba/workspace/src/ros2-traffic-project/install/turtlebot3_fake_node/share/turtlebot3_fake_node/param/burger.yaml
[8.769s] -- Installing: /home/ratkaba/workspace/src/ros2-traffic-project/install/turtlebot3_fake_node/include/
[8.769s] -- Installing: /home/ratkaba/workspace/src/ros2-traffic-project/install/turtlebot3_fake_node/include//turtlebot3_fake_node
[8.769s] -- Installing: /home/ratkaba/workspace/src/ros2-traffic-project/install/turtlebot3_fake_node/include//turtlebot3_fake_node/turtlebot3_fake_node.hpp
[8.769s] -- Installing: /home/ratkaba/workspace/src/ros2-traffic-project/install/turtlebot3_fake_node/share/ament_index/resource_index/package_run_dependencies/turtlebot3_fake_node
[8.769s] -- Installing: /home/ratkaba/workspace/src/ros2-traffic-project/install/turtlebot3_fake_node/share/ament_index/resource_index/parent_prefix_path/turtlebot3_fake_node
[8.769s] -- Installing: /home/ratkaba/workspace/src/ros2-traffic-project/install/turtlebot3_fake_node/share/turtlebot3_fake_node/environment/ament_prefix_path.sh
[8.770s] -- Installing: /home/ratkaba/workspace/src/ros2-traffic-project/install/turtlebot3_fake_node/share/turtlebot3_fake_node/environment/ament_prefix_path.dsv
[8.770s] -- Installing: /home/ratkaba/workspace/src/ros2-traffic-project/install/turtlebot3_fake_node/share/turtlebot3_fake_node/environment/path.sh
[8.770s] -- Installing: /home/ratkaba/workspace/src/ros2-traffic-project/install/turtlebot3_fake_node/share/turtlebot3_fake_node/environment/path.dsv
[8.770s] -- Installing: /home/ratkaba/workspace/src/ros2-traffic-project/install/turtlebot3_fake_node/share/turtlebot3_fake_node/local_setup.bash
[8.770s] -- Installing: /home/ratkaba/workspace/src/ros2-traffic-project/install/turtlebot3_fake_node/share/turtlebot3_fake_node/local_setup.sh
[8.770s] -- Installing: /home/ratkaba/workspace/src/ros2-traffic-project/install/turtlebot3_fake_node/share/turtlebot3_fake_node/local_setup.zsh
[8.770s] -- Installing: /home/ratkaba/workspace/src/ros2-traffic-project/install/turtlebot3_fake_node/share/turtlebot3_fake_node/local_setup.dsv
[8.770s] -- Installing: /home/ratkaba/workspace/src/ros2-traffic-project/install/turtlebot3_fake_node/share/turtlebot3_fake_node/package.dsv
[8.770s] -- Installing: /home/ratkaba/workspace/src/ros2-traffic-project/install/turtlebot3_fake_node/share/ament_index/resource_index/packages/turtlebot3_fake_node
[8.770s] -- Installing: /home/ratkaba/workspace/src/ros2-traffic-project/install/turtlebot3_fake_node/share/turtlebot3_fake_node/cmake/ament_cmake_export_include_directories-extras.cmake
[8.770s] -- Installing: /home/ratkaba/workspace/src/ros2-traffic-project/install/turtlebot3_fake_node/share/turtlebot3_fake_node/cmake/ament_cmake_export_dependencies-extras.cmake
[8.770s] -- Installing: /home/ratkaba/workspace/src/ros2-traffic-project/install/turtlebot3_fake_node/share/turtlebot3_fake_node/cmake/turtlebot3_fake_nodeConfig.cmake
[8.771s] -- Installing: /home/ratkaba/workspace/src/ros2-traffic-project/install/turtlebot3_fake_node/share/turtlebot3_fake_node/cmake/turtlebot3_fake_nodeConfig-version.cmake
[8.771s] -- Installing: /home/ratkaba/workspace/src/ros2-traffic-project/install/turtlebot3_fake_node/share/turtlebot3_fake_node/package.xml
[8.772s] Invoked command in '/home/ratkaba/workspace/src/ros2-traffic-project/build/turtlebot3_fake_node' returned '0': AMENT_PREFIX_PATH=/home/ratkaba/workspace/src/ros2-traffic-project/install/turtlebot3_msgs:${AMENT_PREFIX_PATH} CMAKE_PREFIX_PATH=/home/ratkaba/workspace/src/ros2-traffic-project/install/turtlebot3_msgs:/home/ratkaba/ros2_ws/install/turtlebot3:/home/ratkaba/ros2_ws/install/turtlebot3_slam_toolbox:/home/ratkaba/ros2_ws/install/turtlebot3_simulations:/home/ratkaba/ros2_ws/install/turtlebot3_navigation2:/home/ratkaba/ros2_ws/install/turtlebot3_fake_node:/home/ratkaba/ros2_ws/install/turtlebot3_msgs:/home/ratkaba/ros2_ws/install/turtlebot3_hardware:/home/ratkaba/ros2_ws/install/turtlebot3_gazebo:/home/ratkaba/ros2_ws/install/turtlebot3_bringup:/home/ratkaba/ros2_ws/install/turtlebot3_description:/home/ratkaba/ros2_ws/install/turtlebot3_cartographer:/home/ratkaba/ros2_ws/install/traffic_sim_bringup:/home/ratkaba/ros2_ws/install/bme_ros2_tutorials_bringup:/home/ratkaba/ros2_ws/install/turtlebot3_teleop:/home/ratkaba/ros2_ws/install/turtlebot3_example:/home/ratkaba/ros2_ws/install/traffic_sim_py:/home/ratkaba/ros2_ws/install/bme_ros2_tutorials_py:/opt/ros/jazzy:/home/ratkaba/ros2-traffic-project/install/traffic_sim:/home/ratkaba/ros2-traffic-project/install/ros2-traffic-project:/opt/ros/jazzy/opt/gz_sim_vendor:/opt/ros/jazzy/opt/gz_sensors_vendor:/opt/ros/jazzy/opt/gz_physics_vendor:/opt/ros/jazzy/opt/sdformat_vendor:/opt/ros/jazzy/opt/gz_gui_vendor:/opt/ros/jazzy/opt/gz_transport_vendor:/opt/ros/jazzy/opt/gz_rendering_vendor:/opt/ros/jazzy/opt/gz_plugin_vendor:/opt/ros/jazzy/opt/gz_fuel_tools_vendor:/opt/ros/jazzy/opt/gz_msgs_vendor:/opt/ros/jazzy/opt/gz_common_vendor:/opt/ros/jazzy/opt/gz_math_vendor:/opt/ros/jazzy/opt/gz_utils_vendor:/opt/ros/jazzy/opt/gz_tools_vendor:/opt/ros/jazzy/opt/gz_ogre_next_vendor:/opt/ros/jazzy/opt/gz_dartsim_vendor:/opt/ros/jazzy/opt/gz_cmake_vendor LD_LIBRARY_PATH=/home/ratkaba/workspace/src/ros2-traffic-project/install/turtlebot3_msgs/lib:${LD_LIBRARY_PATH} PYTHONPATH=/home/ratkaba/workspace/src/ros2-traffic-project/install/turtlebot3_msgs/lib/python3.12/site-packages:${PYTHONPATH} /usr/bin/cmake --install /home/ratkaba/workspace/src/ros2-traffic-project/build/turtlebot3_fake_node
