-- Install configuration: ""
-- Up-to-date: /home/ratkaba/workspace/src/ros2-traffic-project/install/turtlebot3_description/share/turtlebot3_description/launch
-- Up-to-date: /home/ratkaba/workspace/src/ros2-traffic-project/install/turtlebot3_description/share/turtlebot3_description/launch/model.launch.py
-- Up-to-date: /home/ratkaba/workspace/src/ros2-traffic-project/install/turtlebot3_description/share/turtlebot3_description/launch/model.launch.py:Zone.Identifier
-- Up-to-date: /home/ratkaba/workspace/src/ros2-traffic-project/install/turtlebot3_description/share/turtlebot3_description/rviz
-- Up-to-date: /home/ratkaba/workspace/src/ros2-traffic-project/install/turtlebot3_description/share/turtlebot3_description/rviz/model.rviz
-- Up-to-date: /home/ratkaba/workspace/src/ros2-traffic-project/install/turtlebot3_description/share/turtlebot3_description/rviz/model.rviz:Zone.Identifier
-- Up-to-date: /home/ratkaba/workspace/src/ros2-traffic-project/install/turtlebot3_description/share/turtlebot3_description/urdf
-- Up-to-date: /home/ratkaba/workspace/src/ros2-traffic-project/install/turtlebot3_description/share/turtlebot3_description/urdf/turtlebot3_burger.urdf.xacro
-- Up-to-date: /home/ratkaba/workspace/src/ros2-traffic-project/install/turtlebot3_description/share/turtlebot3_description/urdf/waffle_pi.urdf.xacro
-- Up-to-date: /home/ratkaba/workspace/src/ros2-traffic-project/install/turtlebot3_description/share/turtlebot3_description/urdf/turtlebot3_waffle_pi.urdf.xacro:Zone.Identifier
-- Up-to-date: /home/ratkaba/workspace/src/ros2-traffic-project/install/turtlebot3_description/share/turtlebot3_description/urdf/waffle_pi.urdf.xacro:Zone.Identifier
-- Up-to-date: /home/ratkaba/workspace/src/ros2-traffic-project/install/turtlebot3_description/share/turtlebot3_description/urdf/turtlebot3_burger.urdf.xacro:Zone.Identifier
-- Up-to-date: /home/ratkaba/workspace/src/ros2-traffic-project/install/turtlebot3_description/share/turtlebot3_description/urdf/turtlebot3_waffle_pi.urdf.xacro
-- Up-to-date: /home/ratkaba/workspace/src/ros2-traffic-project/install/turtlebot3_description/share/turtlebot3_description/urdf/burger.urdf.xacro:Zone.Identifier
-- Up-to-date: /home/ratkaba/workspace/src/ros2-traffic-project/install/turtlebot3_description/share/turtlebot3_description/urdf/burger.urdf.xacro
-- Up-to-date: /home/ratkaba/workspace/src/ros2-traffic-project/install/turtlebot3_description/share/turtlebot3_description/urdf/burger_camera.urdf.xacro:Zone.Identifier
-- Up-to-date: /home/ratkaba/workspace/src/ros2-traffic-project/install/turtlebot3_description/share/turtlebot3_description/urdf/burger_camera.urdf.xacro
-- Up-to-date: /home/ratkaba/workspace/src/ros2-traffic-project/install/turtlebot3_description/share/turtlebot3_description/gazebo
-- Up-to-date: /home/ratkaba/workspace/src/ros2-traffic-project/install/turtlebot3_description/share/turtlebot3_description/gazebo/waffle_pi.gazebo.xacro
-- Up-to-date: /home/ratkaba/workspace/src/ros2-traffic-project/install/turtlebot3_description/share/turtlebot3_description/gazebo/materials.xacro:Zone.Identifier
-- Up-to-date: /home/ratkaba/workspace/src/ros2-traffic-project/install/turtlebot3_description/share/turtlebot3_description/gazebo/burger.gazebo.xacro:Zone.Identifier
-- Up-to-date: /home/ratkaba/workspace/src/ros2-traffic-project/install/turtlebot3_description/share/turtlebot3_description/gazebo/waffle_pi.gazebo.xacro:Zone.Identifier
-- Up-to-date: /home/ratkaba/workspace/src/ros2-traffic-project/install/turtlebot3_description/share/turtlebot3_description/gazebo/materials.xacro
-- Up-to-date: /home/ratkaba/workspace/src/ros2-traffic-project/install/turtlebot3_description/share/turtlebot3_description/gazebo/burger.gazebo.xacro
-- Up-to-date: /home/ratkaba/workspace/src/ros2-traffic-project/install/turtlebot3_description/share/turtlebot3_description/meshes
-- Up-to-date: /home/ratkaba/workspace/src/ros2-traffic-project/install/turtlebot3_description/share/turtlebot3_description/meshes/burger
-- Up-to-date: /home/ratkaba/workspace/src/ros2-traffic-project/install/turtlebot3_description/share/turtlebot3_description/meshes/burger/base.stl:Zone.Identifier
-- Up-to-date: /home/ratkaba/workspace/src/ros2-traffic-project/install/turtlebot3_description/share/turtlebot3_description/meshes/burger/ladar.stl
-- Up-to-date: /home/ratkaba/workspace/src/ros2-traffic-project/install/turtlebot3_description/share/turtlebot3_description/meshes/burger/left_tire.stl
-- Up-to-date: /home/ratkaba/workspace/src/ros2-traffic-project/install/turtlebot3_description/share/turtlebot3_description/meshes/burger/base.stl
-- Up-to-date: /home/ratkaba/workspace/src/ros2-traffic-project/install/turtlebot3_description/share/turtlebot3_description/meshes/burger/ladar.stl:Zone.Identifier
-- Up-to-date: /home/ratkaba/workspace/src/ros2-traffic-project/install/turtlebot3_description/share/turtlebot3_description/meshes/burger/left_tire.stl:Zone.Identifier
-- Up-to-date: /home/ratkaba/workspace/src/ros2-traffic-project/install/turtlebot3_description/share/turtlebot3_description/meshes/burger/right_tire.stl:Zone.Identifier
-- Up-to-date: /home/ratkaba/workspace/src/ros2-traffic-project/install/turtlebot3_description/share/turtlebot3_description/meshes/burger/right_tire.stl
-- Up-to-date: /home/ratkaba/workspace/src/ros2-traffic-project/install/turtlebot3_description/share/turtlebot3_description/meshes/waffle_pi
-- Up-to-date: /home/ratkaba/workspace/src/ros2-traffic-project/install/turtlebot3_description/share/turtlebot3_description/meshes/waffle_pi/base.stl:Zone.Identifier
-- Up-to-date: /home/ratkaba/workspace/src/ros2-traffic-project/install/turtlebot3_description/share/turtlebot3_description/meshes/waffle_pi/ladar.stl
-- Up-to-date: /home/ratkaba/workspace/src/ros2-traffic-project/install/turtlebot3_description/share/turtlebot3_description/meshes/waffle_pi/left_tire.stl
-- Up-to-date: /home/ratkaba/workspace/src/ros2-traffic-project/install/turtlebot3_description/share/turtlebot3_description/meshes/waffle_pi/base.stl
-- Up-to-date: /home/ratkaba/workspace/src/ros2-traffic-project/install/turtlebot3_description/share/turtlebot3_description/meshes/waffle_pi/ladar.stl:Zone.Identifier
-- Up-to-date: /home/ratkaba/workspace/src/ros2-traffic-project/install/turtlebot3_description/share/turtlebot3_description/meshes/waffle_pi/left_tire.stl:Zone.Identifier
-- Up-to-date: /home/ratkaba/workspace/src/ros2-traffic-project/install/turtlebot3_description/share/turtlebot3_description/meshes/waffle_pi/right_tire.stl:Zone.Identifier
-- Up-to-date: /home/ratkaba/workspace/src/ros2-traffic-project/install/turtlebot3_description/share/turtlebot3_description/meshes/waffle_pi/right_tire.stl
-- Up-to-date: /home/ratkaba/workspace/src/ros2-traffic-project/install/turtlebot3_description/share/turtlebot3_description/ros2_control
-- Up-to-date: /home/ratkaba/workspace/src/ros2-traffic-project/install/turtlebot3_description/share/turtlebot3_description/ros2_control/turtlebot3_system.ros2_control.xacro:Zone.Identifier
-- Up-to-date: /home/ratkaba/workspace/src/ros2-traffic-project/install/turtlebot3_description/share/turtlebot3_description/ros2_control/turtlebot3_system.ros2_control.xacro
-- Up-to-date: /home/ratkaba/workspace/src/ros2-traffic-project/install/turtlebot3_description/share/turtlebot3_description/environment/turtlebot3_description.dsv
-- Up-to-date: /home/ratkaba/workspace/src/ros2-traffic-project/install/turtlebot3_description/share/ament_index/resource_index/package_run_dependencies/turtlebot3_description
-- Up-to-date: /home/ratkaba/workspace/src/ros2-traffic-project/install/turtlebot3_description/share/ament_index/resource_index/parent_prefix_path/turtlebot3_description
-- Up-to-date: /home/ratkaba/workspace/src/ros2-traffic-project/install/turtlebot3_description/share/turtlebot3_description/environment/ament_prefix_path.sh
-- Up-to-date: /home/ratkaba/workspace/src/ros2-traffic-project/install/turtlebot3_description/share/turtlebot3_description/environment/ament_prefix_path.dsv
-- Up-to-date: /home/ratkaba/workspace/src/ros2-traffic-project/install/turtlebot3_description/share/turtlebot3_description/environment/path.sh
-- Up-to-date: /home/ratkaba/workspace/src/ros2-traffic-project/install/turtlebot3_description/share/turtlebot3_description/environment/path.dsv
-- Up-to-date: /home/ratkaba/workspace/src/ros2-traffic-project/install/turtlebot3_description/share/turtlebot3_description/local_setup.bash
-- Up-to-date: /home/ratkaba/workspace/src/ros2-traffic-project/install/turtlebot3_description/share/turtlebot3_description/local_setup.sh
-- Up-to-date: /home/ratkaba/workspace/src/ros2-traffic-project/install/turtlebot3_description/share/turtlebot3_description/local_setup.zsh
-- Up-to-date: /home/ratkaba/workspace/src/ros2-traffic-project/install/turtlebot3_description/share/turtlebot3_description/local_setup.dsv
-- Installing: /home/ratkaba/workspace/src/ros2-traffic-project/install/turtlebot3_description/share/turtlebot3_description/package.dsv
-- Up-to-date: /home/ratkaba/workspace/src/ros2-traffic-project/install/turtlebot3_description/share/ament_index/resource_index/packages/turtlebot3_description
-- Up-to-date: /home/ratkaba/workspace/src/ros2-traffic-project/install/turtlebot3_description/share/turtlebot3_description/cmake/turtlebot3_descriptionConfig.cmake
-- Up-to-date: /home/ratkaba/workspace/src/ros2-traffic-project/install/turtlebot3_description/share/turtlebot3_description/cmake/turtlebot3_descriptionConfig-version.cmake
-- Up-to-date: /home/ratkaba/workspace/src/ros2-traffic-project/install/turtlebot3_description/share/turtlebot3_description/package.xml
