-- The C compiler identification is GNU 13.3.0
-- The CXX compiler identification is GNU 13.3.0
-- Detecting C compiler ABI info
-- Detecting C compiler ABI info - done
-- Check for working C compiler: /usr/bin/cc - skipped
-- Detecting C compile features
-- Detecting C compile features - done
-- Detecting CXX compiler ABI info
-- Detecting CXX compiler ABI info - done
-- Check for working CXX compiler: /usr/bin/c++ - skipped
-- Detecting CXX compile features
-- Detecting CXX compile features - done
-- Found ament_cmake: 2.5.4 (/opt/ros/jazzy/share/ament_cmake/cmake)
-- Found Python3: /usr/bin/python3 (found version "3.12.3") found components: Interpreter 
-- Found geometry_msgs: 5.3.6 (/opt/ros/jazzy/share/geometry_msgs/cmake)
-- Found rosidl_generator_c: 4.6.5 (/opt/ros/jazzy/share/rosidl_generator_c/cmake)
-- Found rosidl_generator_cpp: 4.6.5 (/opt/ros/jazzy/share/rosidl_generator_cpp/cmake)
-- Using all available rosidl_typesupport_c: rosidl_typesupport_fastrtps_c;rosidl_typesupport_introspection_c
-- Using all available rosidl_typesupport_cpp: rosidl_typesupport_fastrtps_cpp;rosidl_typesupport_introspection_cpp
-- Found nav_msgs: 5.3.6 (/opt/ros/jazzy/share/nav_msgs/cmake)
-- Found rclcpp: 28.1.9 (/opt/ros/jazzy/share/rclcpp/cmake)
-- Found rmw_implementation_cmake: 7.3.2 (/opt/ros/jazzy/share/rmw_implementation_cmake/cmake)
-- Found rmw_fastrtps_cpp: 8.4.2 (/opt/ros/jazzy/share/rmw_fastrtps_cpp/cmake)
-- Found OpenSSL: /usr/lib/x86_64-linux-gnu/libcrypto.so (found version "3.0.13")  
-- Found FastRTPS: /opt/ros/jazzy/include (Required is at least version "2.13") 
-- Using RMW implementation 'rmw_fastrtps_cpp' as default
-- Found sensor_msgs: 5.3.6 (/opt/ros/jazzy/share/sensor_msgs/cmake)
-- Found tf2: 0.36.10 (/opt/ros/jazzy/share/tf2/cmake)
-- Configuring done (3.4s)
-- Generating done (0.0s)
-- Build files have been written to: /home/ratkaba/workspace/src/ros2-traffic-project/build/turtlebot3_gazebo
[ 50%] [32mBuilding CXX object CMakeFiles/turtlebot3_drive.dir/src/turtlebot3_drive.cpp.o[0m
[100%] [32m[1mLinking CXX executable turtlebot3_drive[0m
[100%] Built target turtlebot3_drive
-- Install configuration: ""
-- Installing: /home/ratkaba/workspace/src/ros2-traffic-project/install/turtlebot3_gazebo/lib/turtlebot3_gazebo/turtlebot3_drive
-- Set non-toolchain portion of runtime path of "/home/ratkaba/workspace/src/ros2-traffic-project/install/turtlebot3_gazebo/lib/turtlebot3_gazebo/turtlebot3_drive" to ""
-- Installing: /home/ratkaba/workspace/src/ros2-traffic-project/install/turtlebot3_gazebo/share/turtlebot3_gazebo//launch
-- Installing: /home/ratkaba/workspace/src/ros2-traffic-project/install/turtlebot3_gazebo/share/turtlebot3_gazebo//launch/turtlebot3_dqn_stage1.launch.py
-- Installing: /home/ratkaba/workspace/src/ros2-traffic-project/install/turtlebot3_gazebo/share/turtlebot3_gazebo//launch/spawn_turtlebot3.launch.py
-- Installing: /home/ratkaba/workspace/src/ros2-traffic-project/install/turtlebot3_gazebo/share/turtlebot3_gazebo//launch/turtlebot3_house.launch.py
-- Installing: /home/ratkaba/workspace/src/ros2-traffic-project/install/turtlebot3_gazebo/share/turtlebot3_gazebo//launch/turtlebot3_dqn_stage4.launch.py
-- Installing: /home/ratkaba/workspace/src/ros2-traffic-project/install/turtlebot3_gazebo/share/turtlebot3_gazebo//launch/empty_world.launch.py
-- Installing: /home/ratkaba/workspace/src/ros2-traffic-project/install/turtlebot3_gazebo/share/turtlebot3_gazebo//launch/robot_state_publisher.launch.py
-- Installing: /home/ratkaba/workspace/src/ros2-traffic-project/install/turtlebot3_gazebo/share/turtlebot3_gazebo//launch/turtlebot3_dqn_stage2.launch.py
-- Installing: /home/ratkaba/workspace/src/ros2-traffic-project/install/turtlebot3_gazebo/share/turtlebot3_gazebo//launch/turtlebot3_world.launch.py
-- Installing: /home/ratkaba/workspace/src/ros2-traffic-project/install/turtlebot3_gazebo/share/turtlebot3_gazebo//launch/turtlebot3_dqn_stage3.launch.py
-- Installing: /home/ratkaba/workspace/src/ros2-traffic-project/install/turtlebot3_gazebo/share/turtlebot3_gazebo//maps
-- Installing: /home/ratkaba/workspace/src/ros2-traffic-project/install/turtlebot3_gazebo/share/turtlebot3_gazebo//maps/map.yaml
-- Installing: /home/ratkaba/workspace/src/ros2-traffic-project/install/turtlebot3_gazebo/share/turtlebot3_gazebo//maps/map.pgm
-- Installing: /home/ratkaba/workspace/src/ros2-traffic-project/install/turtlebot3_gazebo/share/turtlebot3_gazebo//models
-- Installing: /home/ratkaba/workspace/src/ros2-traffic-project/install/turtlebot3_gazebo/share/turtlebot3_gazebo//models/turtlebot3_world
-- Installing: /home/ratkaba/workspace/src/ros2-traffic-project/install/turtlebot3_gazebo/share/turtlebot3_gazebo//models/turtlebot3_world/meshes
-- Installing: /home/ratkaba/workspace/src/ros2-traffic-project/install/turtlebot3_gazebo/share/turtlebot3_gazebo//models/turtlebot3_world/meshes/wall.dae
-- Installing: /home/ratkaba/workspace/src/ros2-traffic-project/install/turtlebot3_gazebo/share/turtlebot3_gazebo//models/turtlebot3_world/meshes/hexagon.dae
-- Installing: /home/ratkaba/workspace/src/ros2-traffic-project/install/turtlebot3_gazebo/share/turtlebot3_gazebo//models/turtlebot3_world/model-1_4.sdf
-- Installing: /home/ratkaba/workspace/src/ros2-traffic-project/install/turtlebot3_gazebo/share/turtlebot3_gazebo//models/turtlebot3_world/model.sdf
-- Installing: /home/ratkaba/workspace/src/ros2-traffic-project/install/turtlebot3_gazebo/share/turtlebot3_gazebo//models/turtlebot3_world/model.config
-- Installing: /home/ratkaba/workspace/src/ros2-traffic-project/install/turtlebot3_gazebo/share/turtlebot3_gazebo//models/turtlebot3_burger
-- Installing: /home/ratkaba/workspace/src/ros2-traffic-project/install/turtlebot3_gazebo/share/turtlebot3_gazebo//models/turtlebot3_burger/model-1_4.sdf
-- Installing: /home/ratkaba/workspace/src/ros2-traffic-project/install/turtlebot3_gazebo/share/turtlebot3_gazebo//models/turtlebot3_burger/model.sdf
-- Installing: /home/ratkaba/workspace/src/ros2-traffic-project/install/turtlebot3_gazebo/share/turtlebot3_gazebo//models/turtlebot3_burger/model.config
-- Installing: /home/ratkaba/workspace/src/ros2-traffic-project/install/turtlebot3_gazebo/share/turtlebot3_gazebo//models/turtlebot3_dqn_world
-- Installing: /home/ratkaba/workspace/src/ros2-traffic-project/install/turtlebot3_gazebo/share/turtlebot3_gazebo//models/turtlebot3_dqn_world/goal_box
-- Installing: /home/ratkaba/workspace/src/ros2-traffic-project/install/turtlebot3_gazebo/share/turtlebot3_gazebo//models/turtlebot3_dqn_world/goal_box/model.sdf
-- Installing: /home/ratkaba/workspace/src/ros2-traffic-project/install/turtlebot3_gazebo/share/turtlebot3_gazebo//models/turtlebot3_dqn_world/goal_box/model.config
-- Installing: /home/ratkaba/workspace/src/ros2-traffic-project/install/turtlebot3_gazebo/share/turtlebot3_gazebo//models/turtlebot3_dqn_world/obstacle2
-- Installing: /home/ratkaba/workspace/src/ros2-traffic-project/install/turtlebot3_gazebo/share/turtlebot3_gazebo//models/turtlebot3_dqn_world/obstacle2/model.sdf
-- Installing: /home/ratkaba/workspace/src/ros2-traffic-project/install/turtlebot3_gazebo/share/turtlebot3_gazebo//models/turtlebot3_dqn_world/obstacle2/model.config
-- Installing: /home/ratkaba/workspace/src/ros2-traffic-project/install/turtlebot3_gazebo/share/turtlebot3_gazebo//models/turtlebot3_dqn_world/obstacle_plugin
-- Installing: /home/ratkaba/workspace/src/ros2-traffic-project/install/turtlebot3_gazebo/share/turtlebot3_gazebo//models/turtlebot3_dqn_world/obstacle_plugin/obstacle2.cc
-- Installing: /home/ratkaba/workspace/src/ros2-traffic-project/install/turtlebot3_gazebo/share/turtlebot3_gazebo//models/turtlebot3_dqn_world/obstacle_plugin/obstacles.cc
-- Installing: /home/ratkaba/workspace/src/ros2-traffic-project/install/turtlebot3_gazebo/share/turtlebot3_gazebo//models/turtlebot3_dqn_world/obstacle_plugin/CMakeLists.txt
-- Installing: /home/ratkaba/workspace/src/ros2-traffic-project/install/turtlebot3_gazebo/share/turtlebot3_gazebo//models/turtlebot3_dqn_world/obstacle_plugin/obstacle1.cc
-- Installing: /home/ratkaba/workspace/src/ros2-traffic-project/install/turtlebot3_gazebo/share/turtlebot3_gazebo//models/turtlebot3_dqn_world/model.sdf
-- Installing: /home/ratkaba/workspace/src/ros2-traffic-project/install/turtlebot3_gazebo/share/turtlebot3_gazebo//models/turtlebot3_dqn_world/obstacles
-- Installing: /home/ratkaba/workspace/src/ros2-traffic-project/install/turtlebot3_gazebo/share/turtlebot3_gazebo//models/turtlebot3_dqn_world/obstacles/model.sdf
-- Installing: /home/ratkaba/workspace/src/ros2-traffic-project/install/turtlebot3_gazebo/share/turtlebot3_gazebo//models/turtlebot3_dqn_world/obstacles/model.config
-- Installing: /home/ratkaba/workspace/src/ros2-traffic-project/install/turtlebot3_gazebo/share/turtlebot3_gazebo//models/turtlebot3_dqn_world/model.config
-- Installing: /home/ratkaba/workspace/src/ros2-traffic-project/install/turtlebot3_gazebo/share/turtlebot3_gazebo//models/turtlebot3_dqn_world/inner_walls
-- Installing: /home/ratkaba/workspace/src/ros2-traffic-project/install/turtlebot3_gazebo/share/turtlebot3_gazebo//models/turtlebot3_dqn_world/inner_walls/model.sdf
-- Installing: /home/ratkaba/workspace/src/ros2-traffic-project/install/turtlebot3_gazebo/share/turtlebot3_gazebo//models/turtlebot3_dqn_world/inner_walls/model.config
-- Installing: /home/ratkaba/workspace/src/ros2-traffic-project/install/turtlebot3_gazebo/share/turtlebot3_gazebo//models/turtlebot3_dqn_world/obstacle1
-- Installing: /home/ratkaba/workspace/src/ros2-traffic-project/install/turtlebot3_gazebo/share/turtlebot3_gazebo//models/turtlebot3_dqn_world/obstacle1/model.sdf
-- Installing: /home/ratkaba/workspace/src/ros2-traffic-project/install/turtlebot3_gazebo/share/turtlebot3_gazebo//models/turtlebot3_dqn_world/obstacle1/model.config
-- Installing: /home/ratkaba/workspace/src/ros2-traffic-project/install/turtlebot3_gazebo/share/turtlebot3_gazebo//models/turtlebot3_common
-- Installing: /home/ratkaba/workspace/src/ros2-traffic-project/install/turtlebot3_gazebo/share/turtlebot3_gazebo//models/turtlebot3_common/meshes
-- Installing: /home/ratkaba/workspace/src/ros2-traffic-project/install/turtlebot3_gazebo/share/turtlebot3_gazebo//models/turtlebot3_common/meshes/r200.dae
-- Installing: /home/ratkaba/workspace/src/ros2-traffic-project/install/turtlebot3_gazebo/share/turtlebot3_gazebo//models/turtlebot3_common/meshes/waffle_base.dae
-- Installing: /home/ratkaba/workspace/src/ros2-traffic-project/install/turtlebot3_gazebo/share/turtlebot3_gazebo//models/turtlebot3_common/meshes/left_tire.stl
-- Installing: /home/ratkaba/workspace/src/ros2-traffic-project/install/turtlebot3_gazebo/share/turtlebot3_gazebo//models/turtlebot3_common/meshes/burger_base.stl
-- Installing: /home/ratkaba/workspace/src/ros2-traffic-project/install/turtlebot3_gazebo/share/turtlebot3_gazebo//models/turtlebot3_common/meshes/waffle_pi_base.dae
-- Installing: /home/ratkaba/workspace/src/ros2-traffic-project/install/turtlebot3_gazebo/share/turtlebot3_gazebo//models/turtlebot3_common/meshes/lds.dae
-- Installing: /home/ratkaba/workspace/src/ros2-traffic-project/install/turtlebot3_gazebo/share/turtlebot3_gazebo//models/turtlebot3_common/meshes/right_tire.stl
-- Installing: /home/ratkaba/workspace/src/ros2-traffic-project/install/turtlebot3_gazebo/share/turtlebot3_gazebo//models/turtlebot3_common/meshes/tire.dae
-- Installing: /home/ratkaba/workspace/src/ros2-traffic-project/install/turtlebot3_gazebo/share/turtlebot3_gazebo//models/turtlebot3_common/meshes/lidar.stl
-- Installing: /home/ratkaba/workspace/src/ros2-traffic-project/install/turtlebot3_gazebo/share/turtlebot3_gazebo//models/turtlebot3_common/meshes/burger_base.dae
-- Installing: /home/ratkaba/workspace/src/ros2-traffic-project/install/turtlebot3_gazebo/share/turtlebot3_gazebo//models/turtlebot3_common/model.config
-- Installing: /home/ratkaba/workspace/src/ros2-traffic-project/install/turtlebot3_gazebo/share/turtlebot3_gazebo//models/turtlebot3_waffle
-- Installing: /home/ratkaba/workspace/src/ros2-traffic-project/install/turtlebot3_gazebo/share/turtlebot3_gazebo//models/turtlebot3_waffle/model-1_4.sdf
-- Installing: /home/ratkaba/workspace/src/ros2-traffic-project/install/turtlebot3_gazebo/share/turtlebot3_gazebo//models/turtlebot3_waffle/model.sdf
-- Installing: /home/ratkaba/workspace/src/ros2-traffic-project/install/turtlebot3_gazebo/share/turtlebot3_gazebo//models/turtlebot3_waffle/model.config
-- Installing: /home/ratkaba/workspace/src/ros2-traffic-project/install/turtlebot3_gazebo/share/turtlebot3_gazebo//models/turtlebot3_house
-- Installing: /home/ratkaba/workspace/src/ros2-traffic-project/install/turtlebot3_gazebo/share/turtlebot3_gazebo//models/turtlebot3_house/materials
-- Installing: /home/ratkaba/workspace/src/ros2-traffic-project/install/turtlebot3_gazebo/share/turtlebot3_gazebo//models/turtlebot3_house/materials/textures
-- Installing: /home/ratkaba/workspace/src/ros2-traffic-project/install/turtlebot3_gazebo/share/turtlebot3_gazebo//models/turtlebot3_house/materials/textures/bricks.png
-- Installing: /home/ratkaba/workspace/src/ros2-traffic-project/install/turtlebot3_gazebo/share/turtlebot3_gazebo//models/turtlebot3_house/materials/textures/wood.jpg
-- Installing: /home/ratkaba/workspace/src/ros2-traffic-project/install/turtlebot3_gazebo/share/turtlebot3_gazebo//models/turtlebot3_house/model.sdf
-- Installing: /home/ratkaba/workspace/src/ros2-traffic-project/install/turtlebot3_gazebo/share/turtlebot3_gazebo//models/turtlebot3_house/model.config
-- Installing: /home/ratkaba/workspace/src/ros2-traffic-project/install/turtlebot3_gazebo/share/turtlebot3_gazebo//models/turtlebot3_waffle_pi
-- Installing: /home/ratkaba/workspace/src/ros2-traffic-project/install/turtlebot3_gazebo/share/turtlebot3_gazebo//models/turtlebot3_waffle_pi/model.sdf
-- Installing: /home/ratkaba/workspace/src/ros2-traffic-project/install/turtlebot3_gazebo/share/turtlebot3_gazebo//models/turtlebot3_waffle_pi/model.config
-- Installing: /home/ratkaba/workspace/src/ros2-traffic-project/install/turtlebot3_gazebo/share/turtlebot3_gazebo//models/turtlebot3_waffle_pi/model-1_4_.sdf
-- Installing: /home/ratkaba/workspace/src/ros2-traffic-project/install/turtlebot3_gazebo/share/turtlebot3_gazebo//params
-- Installing: /home/ratkaba/workspace/src/ros2-traffic-project/install/turtlebot3_gazebo/share/turtlebot3_gazebo//params/turtlebot3_bridge.yaml
-- Installing: /home/ratkaba/workspace/src/ros2-traffic-project/install/turtlebot3_gazebo/share/turtlebot3_gazebo//rviz
-- Installing: /home/ratkaba/workspace/src/ros2-traffic-project/install/turtlebot3_gazebo/share/turtlebot3_gazebo//rviz/tb3_gazebo.rviz
-- Installing: /home/ratkaba/workspace/src/ros2-traffic-project/install/turtlebot3_gazebo/share/turtlebot3_gazebo//urdf
-- Installing: /home/ratkaba/workspace/src/ros2-traffic-project/install/turtlebot3_gazebo/share/turtlebot3_gazebo//urdf/turtlebot3_burger.urdf
-- Installing: /home/ratkaba/workspace/src/ros2-traffic-project/install/turtlebot3_gazebo/share/turtlebot3_gazebo//urdf/common_properties.urdf
-- Installing: /home/ratkaba/workspace/src/ros2-traffic-project/install/turtlebot3_gazebo/share/turtlebot3_gazebo//urdf/turtlebot3_waffle_pi.urdf
-- Installing: /home/ratkaba/workspace/src/ros2-traffic-project/install/turtlebot3_gazebo/share/turtlebot3_gazebo//urdf/turtlebot3_waffle.urdf
-- Installing: /home/ratkaba/workspace/src/ros2-traffic-project/install/turtlebot3_gazebo/share/turtlebot3_gazebo//worlds
-- Installing: /home/ratkaba/workspace/src/ros2-traffic-project/install/turtlebot3_gazebo/share/turtlebot3_gazebo//worlds/turtlebot3_world.sdf
-- Installing: /home/ratkaba/workspace/src/ros2-traffic-project/install/turtlebot3_gazebo/include/
-- Installing: /home/ratkaba/workspace/src/ros2-traffic-project/install/turtlebot3_gazebo/include//turtlebot3_gazebo
-- Installing: /home/ratkaba/workspace/src/ros2-traffic-project/install/turtlebot3_gazebo/include//turtlebot3_gazebo/turtlebot3_drive.hpp
-- Installing: /home/ratkaba/workspace/src/ros2-traffic-project/install/turtlebot3_gazebo/share/ament_index/resource_index/package_run_dependencies/turtlebot3_gazebo
-- Installing: /home/ratkaba/workspace/src/ros2-traffic-project/install/turtlebot3_gazebo/share/ament_index/resource_index/parent_prefix_path/turtlebot3_gazebo
-- Installing: /home/ratkaba/workspace/src/ros2-traffic-project/install/turtlebot3_gazebo/share/turtlebot3_gazebo/environment/ament_prefix_path.sh
-- Installing: /home/ratkaba/workspace/src/ros2-traffic-project/install/turtlebot3_gazebo/share/turtlebot3_gazebo/environment/ament_prefix_path.dsv
-- Installing: /home/ratkaba/workspace/src/ros2-traffic-project/install/turtlebot3_gazebo/share/turtlebot3_gazebo/environment/path.sh
-- Installing: /home/ratkaba/workspace/src/ros2-traffic-project/install/turtlebot3_gazebo/share/turtlebot3_gazebo/environment/path.dsv
-- Installing: /home/ratkaba/workspace/src/ros2-traffic-project/install/turtlebot3_gazebo/share/turtlebot3_gazebo/local_setup.bash
-- Installing: /home/ratkaba/workspace/src/ros2-traffic-project/install/turtlebot3_gazebo/share/turtlebot3_gazebo/local_setup.sh
-- Installing: /home/ratkaba/workspace/src/ros2-traffic-project/install/turtlebot3_gazebo/share/turtlebot3_gazebo/local_setup.zsh
-- Installing: /home/ratkaba/workspace/src/ros2-traffic-project/install/turtlebot3_gazebo/share/turtlebot3_gazebo/local_setup.dsv
-- Installing: /home/ratkaba/workspace/src/ros2-traffic-project/install/turtlebot3_gazebo/share/turtlebot3_gazebo/package.dsv
-- Installing: /home/ratkaba/workspace/src/ros2-traffic-project/install/turtlebot3_gazebo/share/ament_index/resource_index/packages/turtlebot3_gazebo
-- Installing: /home/ratkaba/workspace/src/ros2-traffic-project/install/turtlebot3_gazebo/share/turtlebot3_gazebo/cmake/ament_cmake_export_include_directories-extras.cmake
-- Installing: /home/ratkaba/workspace/src/ros2-traffic-project/install/turtlebot3_gazebo/share/turtlebot3_gazebo/cmake/ament_cmake_export_dependencies-extras.cmake
-- Installing: /home/ratkaba/workspace/src/ros2-traffic-project/install/turtlebot3_gazebo/share/turtlebot3_gazebo/cmake/turtlebot3_gazeboConfig.cmake
-- Installing: /home/ratkaba/workspace/src/ros2-traffic-project/install/turtlebot3_gazebo/share/turtlebot3_gazebo/cmake/turtlebot3_gazeboConfig-version.cmake
-- Installing: /home/ratkaba/workspace/src/ros2-traffic-project/install/turtlebot3_gazebo/share/turtlebot3_gazebo/package.xml
