[0.026s] Invoking command in '/home/ratkaba/workspace/src/ros2-traffic-project/build/turtlebot3_gazebo': CMAKE_PREFIX_PATH=/home/ratkaba/ros2_ws/install/turtlebot3:/home/ratkaba/ros2_ws/install/turtlebot3_slam_toolbox:/home/ratkaba/ros2_ws/install/turtlebot3_simulations:/home/ratkaba/ros2_ws/install/turtlebot3_navigation2:/home/ratkaba/ros2_ws/install/turtlebot3_fake_node:/home/ratkaba/ros2_ws/install/turtlebot3_msgs:/home/ratkaba/ros2_ws/install/turtlebot3_hardware:/home/ratkaba/ros2_ws/install/turtlebot3_gazebo:/home/ratkaba/ros2_ws/install/turtlebot3_bringup:/home/ratkaba/ros2_ws/install/turtlebot3_description:/home/ratkaba/ros2_ws/install/turtlebot3_cartographer:/home/ratkaba/ros2_ws/install/traffic_sim_bringup:/home/ratkaba/ros2_ws/install/bme_ros2_tutorials_bringup:/home/ratkaba/ros2_ws/install/turtlebot3_teleop:/home/ratkaba/ros2_ws/install/turtlebot3_example:/home/ratkaba/ros2_ws/install/traffic_sim_py:/home/ratkaba/ros2_ws/install/bme_ros2_tutorials_py:/opt/ros/jazzy:/home/ratkaba/ros2-traffic-project/install/traffic_sim:/home/ratkaba/ros2-traffic-project/install/ros2-traffic-project:/opt/ros/jazzy/opt/gz_sim_vendor:/opt/ros/jazzy/opt/gz_sensors_vendor:/opt/ros/jazzy/opt/gz_physics_vendor:/opt/ros/jazzy/opt/sdformat_vendor:/opt/ros/jazzy/opt/gz_gui_vendor:/opt/ros/jazzy/opt/gz_transport_vendor:/opt/ros/jazzy/opt/gz_rendering_vendor:/opt/ros/jazzy/opt/gz_plugin_vendor:/opt/ros/jazzy/opt/gz_fuel_tools_vendor:/opt/ros/jazzy/opt/gz_msgs_vendor:/opt/ros/jazzy/opt/gz_common_vendor:/opt/ros/jazzy/opt/gz_math_vendor:/opt/ros/jazzy/opt/gz_utils_vendor:/opt/ros/jazzy/opt/gz_tools_vendor:/opt/ros/jazzy/opt/gz_ogre_next_vendor:/opt/ros/jazzy/opt/gz_dartsim_vendor:/opt/ros/jazzy/opt/gz_cmake_vendor /usr/bin/cmake /home/ratkaba/workspace/src/ros2-traffic-project/turtlebot3_simulations/turtlebot3_gazebo -DCMAKE_INSTALL_PREFIX=/home/ratkaba/workspace/src/ros2-traffic-project/install/turtlebot3_gazebo
[0.269s] -- The C compiler identification is GNU 13.3.0
[1.077s] -- The CXX compiler identification is GNU 13.3.0
[1.628s] -- Detecting C compiler ABI info
[1.908s] -- Detecting C compiler ABI info - done
[1.913s] -- Check for working C compiler: /usr/bin/cc - skipped
[1.913s] -- Detecting C compile features
[1.913s] -- Detecting C compile features - done
[2.041s] -- Detecting CXX compiler ABI info
[2.284s] -- Detecting CXX compiler ABI info - done
[2.289s] -- Check for working CXX compiler: /usr/bin/c++ - skipped
[2.290s] -- Detecting CXX compile features
[2.290s] -- Detecting CXX compile features - done
[2.295s] -- Found ament_cmake: 2.5.4 (/opt/ros/jazzy/share/ament_cmake/cmake)
[2.396s] -- Found Python3: /usr/bin/python3 (found version "3.12.3") found components: Interpreter 
[2.488s] -- Found geometry_msgs: 5.3.6 (/opt/ros/jazzy/share/geometry_msgs/cmake)
[2.662s] -- Found rosidl_generator_c: 4.6.5 (/opt/ros/jazzy/share/rosidl_generator_c/cmake)
[2.675s] -- Found rosidl_generator_cpp: 4.6.5 (/opt/ros/jazzy/share/rosidl_generator_cpp/cmake)
[2.695s] -- Using all available rosidl_typesupport_c: rosidl_typesupport_fastrtps_c;rosidl_typesupport_introspection_c
[2.712s] -- Using all available rosidl_typesupport_cpp: rosidl_typesupport_fastrtps_cpp;rosidl_typesupport_introspection_cpp
[2.758s] -- Found nav_msgs: 5.3.6 (/opt/ros/jazzy/share/nav_msgs/cmake)
[2.788s] -- Found rclcpp: 28.1.9 (/opt/ros/jazzy/share/rclcpp/cmake)
[2.831s] -- Found rmw_implementation_cmake: 7.3.2 (/opt/ros/jazzy/share/rmw_implementation_cmake/cmake)
[2.834s] -- Found rmw_fastrtps_cpp: 8.4.2 (/opt/ros/jazzy/share/rmw_fastrtps_cpp/cmake)
[2.907s] -- Found OpenSSL: /usr/lib/x86_64-linux-gnu/libcrypto.so (found version "3.0.13")  
[3.118s] -- Found FastRTPS: /opt/ros/jazzy/include (Required is at least version "2.13") 
[3.219s] -- Using RMW implementation 'rmw_fastrtps_cpp' as default
[3.404s] -- Found sensor_msgs: 5.3.6 (/opt/ros/jazzy/share/sensor_msgs/cmake)
[3.422s] -- Found tf2: 0.36.10 (/opt/ros/jazzy/share/tf2/cmake)
[3.489s] -- Configuring done (3.4s)
[3.498s] -- Generating done (0.0s)
[3.500s] -- Build files have been written to: /home/ratkaba/workspace/src/ros2-traffic-project/build/turtlebot3_gazebo
[3.506s] Invoked command in '/home/ratkaba/workspace/src/ros2-traffic-project/build/turtlebot3_gazebo' returned '0': CMAKE_PREFIX_PATH=/home/ratkaba/ros2_ws/install/turtlebot3:/home/ratkaba/ros2_ws/install/turtlebot3_slam_toolbox:/home/ratkaba/ros2_ws/install/turtlebot3_simulations:/home/ratkaba/ros2_ws/install/turtlebot3_navigation2:/home/ratkaba/ros2_ws/install/turtlebot3_fake_node:/home/ratkaba/ros2_ws/install/turtlebot3_msgs:/home/ratkaba/ros2_ws/install/turtlebot3_hardware:/home/ratkaba/ros2_ws/install/turtlebot3_gazebo:/home/ratkaba/ros2_ws/install/turtlebot3_bringup:/home/ratkaba/ros2_ws/install/turtlebot3_description:/home/ratkaba/ros2_ws/install/turtlebot3_cartographer:/home/ratkaba/ros2_ws/install/traffic_sim_bringup:/home/ratkaba/ros2_ws/install/bme_ros2_tutorials_bringup:/home/ratkaba/ros2_ws/install/turtlebot3_teleop:/home/ratkaba/ros2_ws/install/turtlebot3_example:/home/ratkaba/ros2_ws/install/traffic_sim_py:/home/ratkaba/ros2_ws/install/bme_ros2_tutorials_py:/opt/ros/jazzy:/home/ratkaba/ros2-traffic-project/install/traffic_sim:/home/ratkaba/ros2-traffic-project/install/ros2-traffic-project:/opt/ros/jazzy/opt/gz_sim_vendor:/opt/ros/jazzy/opt/gz_sensors_vendor:/opt/ros/jazzy/opt/gz_physics_vendor:/opt/ros/jazzy/opt/sdformat_vendor:/opt/ros/jazzy/opt/gz_gui_vendor:/opt/ros/jazzy/opt/gz_transport_vendor:/opt/ros/jazzy/opt/gz_rendering_vendor:/opt/ros/jazzy/opt/gz_plugin_vendor:/opt/ros/jazzy/opt/gz_fuel_tools_vendor:/opt/ros/jazzy/opt/gz_msgs_vendor:/opt/ros/jazzy/opt/gz_common_vendor:/opt/ros/jazzy/opt/gz_math_vendor:/opt/ros/jazzy/opt/gz_utils_vendor:/opt/ros/jazzy/opt/gz_tools_vendor:/opt/ros/jazzy/opt/gz_ogre_next_vendor:/opt/ros/jazzy/opt/gz_dartsim_vendor:/opt/ros/jazzy/opt/gz_cmake_vendor /usr/bin/cmake /home/ratkaba/workspace/src/ros2-traffic-project/turtlebot3_simulations/turtlebot3_gazebo -DCMAKE_INSTALL_PREFIX=/home/ratkaba/workspace/src/ros2-traffic-project/install/turtlebot3_gazebo
[3.508s] Invoking command in '/home/ratkaba/workspace/src/ros2-traffic-project/build/turtlebot3_gazebo': CMAKE_PREFIX_PATH=/home/ratkaba/ros2_ws/install/turtlebot3:/home/ratkaba/ros2_ws/install/turtlebot3_slam_toolbox:/home/ratkaba/ros2_ws/install/turtlebot3_simulations:/home/ratkaba/ros2_ws/install/turtlebot3_navigation2:/home/ratkaba/ros2_ws/install/turtlebot3_fake_node:/home/ratkaba/ros2_ws/install/turtlebot3_msgs:/home/ratkaba/ros2_ws/install/turtlebot3_hardware:/home/ratkaba/ros2_ws/install/turtlebot3_gazebo:/home/ratkaba/ros2_ws/install/turtlebot3_bringup:/home/ratkaba/ros2_ws/install/turtlebot3_description:/home/ratkaba/ros2_ws/install/turtlebot3_cartographer:/home/ratkaba/ros2_ws/install/traffic_sim_bringup:/home/ratkaba/ros2_ws/install/bme_ros2_tutorials_bringup:/home/ratkaba/ros2_ws/install/turtlebot3_teleop:/home/ratkaba/ros2_ws/install/turtlebot3_example:/home/ratkaba/ros2_ws/install/traffic_sim_py:/home/ratkaba/ros2_ws/install/bme_ros2_tutorials_py:/opt/ros/jazzy:/home/ratkaba/ros2-traffic-project/install/traffic_sim:/home/ratkaba/ros2-traffic-project/install/ros2-traffic-project:/opt/ros/jazzy/opt/gz_sim_vendor:/opt/ros/jazzy/opt/gz_sensors_vendor:/opt/ros/jazzy/opt/gz_physics_vendor:/opt/ros/jazzy/opt/sdformat_vendor:/opt/ros/jazzy/opt/gz_gui_vendor:/opt/ros/jazzy/opt/gz_transport_vendor:/opt/ros/jazzy/opt/gz_rendering_vendor:/opt/ros/jazzy/opt/gz_plugin_vendor:/opt/ros/jazzy/opt/gz_fuel_tools_vendor:/opt/ros/jazzy/opt/gz_msgs_vendor:/opt/ros/jazzy/opt/gz_common_vendor:/opt/ros/jazzy/opt/gz_math_vendor:/opt/ros/jazzy/opt/gz_utils_vendor:/opt/ros/jazzy/opt/gz_tools_vendor:/opt/ros/jazzy/opt/gz_ogre_next_vendor:/opt/ros/jazzy/opt/gz_dartsim_vendor:/opt/ros/jazzy/opt/gz_cmake_vendor /usr/bin/cmake --build /home/ratkaba/workspace/src/ros2-traffic-project/build/turtlebot3_gazebo -- -j20 -l20
[3.533s] [ 50%] [32mBuilding CXX object CMakeFiles/turtlebot3_drive.dir/src/turtlebot3_drive.cpp.o[0m
[10.717s] [100%] [32m[1mLinking CXX executable turtlebot3_drive[0m
[10.996s] [100%] Built target turtlebot3_drive
[11.001s] Invoked command in '/home/ratkaba/workspace/src/ros2-traffic-project/build/turtlebot3_gazebo' returned '0': CMAKE_PREFIX_PATH=/home/ratkaba/ros2_ws/install/turtlebot3:/home/ratkaba/ros2_ws/install/turtlebot3_slam_toolbox:/home/ratkaba/ros2_ws/install/turtlebot3_simulations:/home/ratkaba/ros2_ws/install/turtlebot3_navigation2:/home/ratkaba/ros2_ws/install/turtlebot3_fake_node:/home/ratkaba/ros2_ws/install/turtlebot3_msgs:/home/ratkaba/ros2_ws/install/turtlebot3_hardware:/home/ratkaba/ros2_ws/install/turtlebot3_gazebo:/home/ratkaba/ros2_ws/install/turtlebot3_bringup:/home/ratkaba/ros2_ws/install/turtlebot3_description:/home/ratkaba/ros2_ws/install/turtlebot3_cartographer:/home/ratkaba/ros2_ws/install/traffic_sim_bringup:/home/ratkaba/ros2_ws/install/bme_ros2_tutorials_bringup:/home/ratkaba/ros2_ws/install/turtlebot3_teleop:/home/ratkaba/ros2_ws/install/turtlebot3_example:/home/ratkaba/ros2_ws/install/traffic_sim_py:/home/ratkaba/ros2_ws/install/bme_ros2_tutorials_py:/opt/ros/jazzy:/home/ratkaba/ros2-traffic-project/install/traffic_sim:/home/ratkaba/ros2-traffic-project/install/ros2-traffic-project:/opt/ros/jazzy/opt/gz_sim_vendor:/opt/ros/jazzy/opt/gz_sensors_vendor:/opt/ros/jazzy/opt/gz_physics_vendor:/opt/ros/jazzy/opt/sdformat_vendor:/opt/ros/jazzy/opt/gz_gui_vendor:/opt/ros/jazzy/opt/gz_transport_vendor:/opt/ros/jazzy/opt/gz_rendering_vendor:/opt/ros/jazzy/opt/gz_plugin_vendor:/opt/ros/jazzy/opt/gz_fuel_tools_vendor:/opt/ros/jazzy/opt/gz_msgs_vendor:/opt/ros/jazzy/opt/gz_common_vendor:/opt/ros/jazzy/opt/gz_math_vendor:/opt/ros/jazzy/opt/gz_utils_vendor:/opt/ros/jazzy/opt/gz_tools_vendor:/opt/ros/jazzy/opt/gz_ogre_next_vendor:/opt/ros/jazzy/opt/gz_dartsim_vendor:/opt/ros/jazzy/opt/gz_cmake_vendor /usr/bin/cmake --build /home/ratkaba/workspace/src/ros2-traffic-project/build/turtlebot3_gazebo -- -j20 -l20
[11.002s] Invoking command in '/home/ratkaba/workspace/src/ros2-traffic-project/build/turtlebot3_gazebo': CMAKE_PREFIX_PATH=/home/ratkaba/ros2_ws/install/turtlebot3:/home/ratkaba/ros2_ws/install/turtlebot3_slam_toolbox:/home/ratkaba/ros2_ws/install/turtlebot3_simulations:/home/ratkaba/ros2_ws/install/turtlebot3_navigation2:/home/ratkaba/ros2_ws/install/turtlebot3_fake_node:/home/ratkaba/ros2_ws/install/turtlebot3_msgs:/home/ratkaba/ros2_ws/install/turtlebot3_hardware:/home/ratkaba/ros2_ws/install/turtlebot3_gazebo:/home/ratkaba/ros2_ws/install/turtlebot3_bringup:/home/ratkaba/ros2_ws/install/turtlebot3_description:/home/ratkaba/ros2_ws/install/turtlebot3_cartographer:/home/ratkaba/ros2_ws/install/traffic_sim_bringup:/home/ratkaba/ros2_ws/install/bme_ros2_tutorials_bringup:/home/ratkaba/ros2_ws/install/turtlebot3_teleop:/home/ratkaba/ros2_ws/install/turtlebot3_example:/home/ratkaba/ros2_ws/install/traffic_sim_py:/home/ratkaba/ros2_ws/install/bme_ros2_tutorials_py:/opt/ros/jazzy:/home/ratkaba/ros2-traffic-project/install/traffic_sim:/home/ratkaba/ros2-traffic-project/install/ros2-traffic-project:/opt/ros/jazzy/opt/gz_sim_vendor:/opt/ros/jazzy/opt/gz_sensors_vendor:/opt/ros/jazzy/opt/gz_physics_vendor:/opt/ros/jazzy/opt/sdformat_vendor:/opt/ros/jazzy/opt/gz_gui_vendor:/opt/ros/jazzy/opt/gz_transport_vendor:/opt/ros/jazzy/opt/gz_rendering_vendor:/opt/ros/jazzy/opt/gz_plugin_vendor:/opt/ros/jazzy/opt/gz_fuel_tools_vendor:/opt/ros/jazzy/opt/gz_msgs_vendor:/opt/ros/jazzy/opt/gz_common_vendor:/opt/ros/jazzy/opt/gz_math_vendor:/opt/ros/jazzy/opt/gz_utils_vendor:/opt/ros/jazzy/opt/gz_tools_vendor:/opt/ros/jazzy/opt/gz_ogre_next_vendor:/opt/ros/jazzy/opt/gz_dartsim_vendor:/opt/ros/jazzy/opt/gz_cmake_vendor /usr/bin/cmake --install /home/ratkaba/workspace/src/ros2-traffic-project/build/turtlebot3_gazebo
[11.006s] -- Install configuration: ""
[11.007s] -- Installing: /home/ratkaba/workspace/src/ros2-traffic-project/install/turtlebot3_gazebo/lib/turtlebot3_gazebo/turtlebot3_drive
[11.011s] -- Set non-toolchain portion of runtime path of "/home/ratkaba/workspace/src/ros2-traffic-project/install/turtlebot3_gazebo/lib/turtlebot3_gazebo/turtlebot3_drive" to ""
[11.011s] -- Installing: /home/ratkaba/workspace/src/ros2-traffic-project/install/turtlebot3_gazebo/share/turtlebot3_gazebo//launch
[11.011s] -- Installing: /home/ratkaba/workspace/src/ros2-traffic-project/install/turtlebot3_gazebo/share/turtlebot3_gazebo//launch/turtlebot3_dqn_stage1.launch.py
[11.011s] -- Installing: /home/ratkaba/workspace/src/ros2-traffic-project/install/turtlebot3_gazebo/share/turtlebot3_gazebo//launch/spawn_turtlebot3.launch.py
[11.012s] -- Installing: /home/ratkaba/workspace/src/ros2-traffic-project/install/turtlebot3_gazebo/share/turtlebot3_gazebo//launch/turtlebot3_house.launch.py
[11.012s] -- Installing: /home/ratkaba/workspace/src/ros2-traffic-project/install/turtlebot3_gazebo/share/turtlebot3_gazebo//launch/turtlebot3_dqn_stage4.launch.py
[11.012s] -- Installing: /home/ratkaba/workspace/src/ros2-traffic-project/install/turtlebot3_gazebo/share/turtlebot3_gazebo//launch/empty_world.launch.py
[11.012s] -- Installing: /home/ratkaba/workspace/src/ros2-traffic-project/install/turtlebot3_gazebo/share/turtlebot3_gazebo//launch/robot_state_publisher.launch.py
[11.013s] -- Installing: /home/ratkaba/workspace/src/ros2-traffic-project/install/turtlebot3_gazebo/share/turtlebot3_gazebo//launch/turtlebot3_dqn_stage2.launch.py
[11.013s] -- Installing: /home/ratkaba/workspace/src/ros2-traffic-project/install/turtlebot3_gazebo/share/turtlebot3_gazebo//launch/turtlebot3_world.launch.py
[11.013s] -- Installing: /home/ratkaba/workspace/src/ros2-traffic-project/install/turtlebot3_gazebo/share/turtlebot3_gazebo//launch/turtlebot3_dqn_stage3.launch.py
[11.013s] -- Installing: /home/ratkaba/workspace/src/ros2-traffic-project/install/turtlebot3_gazebo/share/turtlebot3_gazebo//maps
[11.013s] -- Installing: /home/ratkaba/workspace/src/ros2-traffic-project/install/turtlebot3_gazebo/share/turtlebot3_gazebo//maps/map.yaml
[11.014s] -- Installing: /home/ratkaba/workspace/src/ros2-traffic-project/install/turtlebot3_gazebo/share/turtlebot3_gazebo//maps/map.pgm
[11.014s] -- Installing: /home/ratkaba/workspace/src/ros2-traffic-project/install/turtlebot3_gazebo/share/turtlebot3_gazebo//models
[11.014s] -- Installing: /home/ratkaba/workspace/src/ros2-traffic-project/install/turtlebot3_gazebo/share/turtlebot3_gazebo//models/turtlebot3_world
[11.014s] -- Installing: /home/ratkaba/workspace/src/ros2-traffic-project/install/turtlebot3_gazebo/share/turtlebot3_gazebo//models/turtlebot3_world/meshes
[11.015s] -- Installing: /home/ratkaba/workspace/src/ros2-traffic-project/install/turtlebot3_gazebo/share/turtlebot3_gazebo//models/turtlebot3_world/meshes/wall.dae
[11.015s] -- Installing: /home/ratkaba/workspace/src/ros2-traffic-project/install/turtlebot3_gazebo/share/turtlebot3_gazebo//models/turtlebot3_world/meshes/hexagon.dae
[11.015s] -- Installing: /home/ratkaba/workspace/src/ros2-traffic-project/install/turtlebot3_gazebo/share/turtlebot3_gazebo//models/turtlebot3_world/model-1_4.sdf
[11.015s] -- Installing: /home/ratkaba/workspace/src/ros2-traffic-project/install/turtlebot3_gazebo/share/turtlebot3_gazebo//models/turtlebot3_world/model.sdf
[11.015s] -- Installing: /home/ratkaba/workspace/src/ros2-traffic-project/install/turtlebot3_gazebo/share/turtlebot3_gazebo//models/turtlebot3_world/model.config
[11.016s] -- Installing: /home/ratkaba/workspace/src/ros2-traffic-project/install/turtlebot3_gazebo/share/turtlebot3_gazebo//models/turtlebot3_burger
[11.016s] -- Installing: /home/ratkaba/workspace/src/ros2-traffic-project/install/turtlebot3_gazebo/share/turtlebot3_gazebo//models/turtlebot3_burger/model-1_4.sdf
[11.016s] -- Installing: /home/ratkaba/workspace/src/ros2-traffic-project/install/turtlebot3_gazebo/share/turtlebot3_gazebo//models/turtlebot3_burger/model.sdf
[11.016s] -- Installing: /home/ratkaba/workspace/src/ros2-traffic-project/install/turtlebot3_gazebo/share/turtlebot3_gazebo//models/turtlebot3_burger/model.config
[11.016s] -- Installing: /home/ratkaba/workspace/src/ros2-traffic-project/install/turtlebot3_gazebo/share/turtlebot3_gazebo//models/turtlebot3_dqn_world
[11.017s] -- Installing: /home/ratkaba/workspace/src/ros2-traffic-project/install/turtlebot3_gazebo/share/turtlebot3_gazebo//models/turtlebot3_dqn_world/goal_box
[11.017s] -- Installing: /home/ratkaba/workspace/src/ros2-traffic-project/install/turtlebot3_gazebo/share/turtlebot3_gazebo//models/turtlebot3_dqn_world/goal_box/model.sdf
[11.017s] -- Installing: /home/ratkaba/workspace/src/ros2-traffic-project/install/turtlebot3_gazebo/share/turtlebot3_gazebo//models/turtlebot3_dqn_world/goal_box/model.config
[11.017s] -- Installing: /home/ratkaba/workspace/src/ros2-traffic-project/install/turtlebot3_gazebo/share/turtlebot3_gazebo//models/turtlebot3_dqn_world/obstacle2
[11.017s] -- Installing: /home/ratkaba/workspace/src/ros2-traffic-project/install/turtlebot3_gazebo/share/turtlebot3_gazebo//models/turtlebot3_dqn_world/obstacle2/model.sdf
[11.018s] -- Installing: /home/ratkaba/workspace/src/ros2-traffic-project/install/turtlebot3_gazebo/share/turtlebot3_gazebo//models/turtlebot3_dqn_world/obstacle2/model.config
[11.018s] -- Installing: /home/ratkaba/workspace/src/ros2-traffic-project/install/turtlebot3_gazebo/share/turtlebot3_gazebo//models/turtlebot3_dqn_world/obstacle_plugin
[11.018s] -- Installing: /home/ratkaba/workspace/src/ros2-traffic-project/install/turtlebot3_gazebo/share/turtlebot3_gazebo//models/turtlebot3_dqn_world/obstacle_plugin/obstacle2.cc
[11.018s] -- Installing: /home/ratkaba/workspace/src/ros2-traffic-project/install/turtlebot3_gazebo/share/turtlebot3_gazebo//models/turtlebot3_dqn_world/obstacle_plugin/obstacles.cc
[11.018s] -- Installing: /home/ratkaba/workspace/src/ros2-traffic-project/install/turtlebot3_gazebo/share/turtlebot3_gazebo//models/turtlebot3_dqn_world/obstacle_plugin/CMakeLists.txt
[11.018s] -- Installing: /home/ratkaba/workspace/src/ros2-traffic-project/install/turtlebot3_gazebo/share/turtlebot3_gazebo//models/turtlebot3_dqn_world/obstacle_plugin/obstacle1.cc
[11.018s] -- Installing: /home/ratkaba/workspace/src/ros2-traffic-project/install/turtlebot3_gazebo/share/turtlebot3_gazebo//models/turtlebot3_dqn_world/model.sdf
[11.019s] -- Installing: /home/ratkaba/workspace/src/ros2-traffic-project/install/turtlebot3_gazebo/share/turtlebot3_gazebo//models/turtlebot3_dqn_world/obstacles
[11.019s] -- Installing: /home/ratkaba/workspace/src/ros2-traffic-project/install/turtlebot3_gazebo/share/turtlebot3_gazebo//models/turtlebot3_dqn_world/obstacles/model.sdf
[11.019s] -- Installing: /home/ratkaba/workspace/src/ros2-traffic-project/install/turtlebot3_gazebo/share/turtlebot3_gazebo//models/turtlebot3_dqn_world/obstacles/model.config
[11.019s] -- Installing: /home/ratkaba/workspace/src/ros2-traffic-project/install/turtlebot3_gazebo/share/turtlebot3_gazebo//models/turtlebot3_dqn_world/model.config
[11.019s] -- Installing: /home/ratkaba/workspace/src/ros2-traffic-project/install/turtlebot3_gazebo/share/turtlebot3_gazebo//models/turtlebot3_dqn_world/inner_walls
[11.019s] -- Installing: /home/ratkaba/workspace/src/ros2-traffic-project/install/turtlebot3_gazebo/share/turtlebot3_gazebo//models/turtlebot3_dqn_world/inner_walls/model.sdf
[11.020s] -- Installing: /home/ratkaba/workspace/src/ros2-traffic-project/install/turtlebot3_gazebo/share/turtlebot3_gazebo//models/turtlebot3_dqn_world/inner_walls/model.config
[11.020s] -- Installing: /home/ratkaba/workspace/src/ros2-traffic-project/install/turtlebot3_gazebo/share/turtlebot3_gazebo//models/turtlebot3_dqn_world/obstacle1
[11.020s] -- Installing: /home/ratkaba/workspace/src/ros2-traffic-project/install/turtlebot3_gazebo/share/turtlebot3_gazebo//models/turtlebot3_dqn_world/obstacle1/model.sdf
[11.020s] -- Installing: /home/ratkaba/workspace/src/ros2-traffic-project/install/turtlebot3_gazebo/share/turtlebot3_gazebo//models/turtlebot3_dqn_world/obstacle1/model.config
[11.020s] -- Installing: /home/ratkaba/workspace/src/ros2-traffic-project/install/turtlebot3_gazebo/share/turtlebot3_gazebo//models/turtlebot3_common
[11.020s] -- Installing: /home/ratkaba/workspace/src/ros2-traffic-project/install/turtlebot3_gazebo/share/turtlebot3_gazebo//models/turtlebot3_common/meshes
[11.020s] -- Installing: /home/ratkaba/workspace/src/ros2-traffic-project/install/turtlebot3_gazebo/share/turtlebot3_gazebo//models/turtlebot3_common/meshes/r200.dae
[11.021s] -- Installing: /home/ratkaba/workspace/src/ros2-traffic-project/install/turtlebot3_gazebo/share/turtlebot3_gazebo//models/turtlebot3_common/meshes/waffle_base.dae
[11.021s] -- Installing: /home/ratkaba/workspace/src/ros2-traffic-project/install/turtlebot3_gazebo/share/turtlebot3_gazebo//models/turtlebot3_common/meshes/left_tire.stl
[11.023s] -- Installing: /home/ratkaba/workspace/src/ros2-traffic-project/install/turtlebot3_gazebo/share/turtlebot3_gazebo//models/turtlebot3_common/meshes/burger_base.stl
[11.051s] -- Installing: /home/ratkaba/workspace/src/ros2-traffic-project/install/turtlebot3_gazebo/share/turtlebot3_gazebo//models/turtlebot3_common/meshes/waffle_pi_base.dae
[11.051s] -- Installing: /home/ratkaba/workspace/src/ros2-traffic-project/install/turtlebot3_gazebo/share/turtlebot3_gazebo//models/turtlebot3_common/meshes/lds.dae
[11.052s] -- Installing: /home/ratkaba/workspace/src/ros2-traffic-project/install/turtlebot3_gazebo/share/turtlebot3_gazebo//models/turtlebot3_common/meshes/right_tire.stl
[11.054s] -- Installing: /home/ratkaba/workspace/src/ros2-traffic-project/install/turtlebot3_gazebo/share/turtlebot3_gazebo//models/turtlebot3_common/meshes/tire.dae
[11.055s] -- Installing: /home/ratkaba/workspace/src/ros2-traffic-project/install/turtlebot3_gazebo/share/turtlebot3_gazebo//models/turtlebot3_common/meshes/lidar.stl
[11.056s] -- Installing: /home/ratkaba/workspace/src/ros2-traffic-project/install/turtlebot3_gazebo/share/turtlebot3_gazebo//models/turtlebot3_common/meshes/burger_base.dae
[11.057s] -- Installing: /home/ratkaba/workspace/src/ros2-traffic-project/install/turtlebot3_gazebo/share/turtlebot3_gazebo//models/turtlebot3_common/model.config
[11.057s] -- Installing: /home/ratkaba/workspace/src/ros2-traffic-project/install/turtlebot3_gazebo/share/turtlebot3_gazebo//models/turtlebot3_waffle
[11.057s] -- Installing: /home/ratkaba/workspace/src/ros2-traffic-project/install/turtlebot3_gazebo/share/turtlebot3_gazebo//models/turtlebot3_waffle/model-1_4.sdf
[11.057s] -- Installing: /home/ratkaba/workspace/src/ros2-traffic-project/install/turtlebot3_gazebo/share/turtlebot3_gazebo//models/turtlebot3_waffle/model.sdf
[11.057s] -- Installing: /home/ratkaba/workspace/src/ros2-traffic-project/install/turtlebot3_gazebo/share/turtlebot3_gazebo//models/turtlebot3_waffle/model.config
[11.058s] -- Installing: /home/ratkaba/workspace/src/ros2-traffic-project/install/turtlebot3_gazebo/share/turtlebot3_gazebo//models/turtlebot3_house
[11.058s] -- Installing: /home/ratkaba/workspace/src/ros2-traffic-project/install/turtlebot3_gazebo/share/turtlebot3_gazebo//models/turtlebot3_house/materials
[11.058s] -- Installing: /home/ratkaba/workspace/src/ros2-traffic-project/install/turtlebot3_gazebo/share/turtlebot3_gazebo//models/turtlebot3_house/materials/textures
[11.058s] -- Installing: /home/ratkaba/workspace/src/ros2-traffic-project/install/turtlebot3_gazebo/share/turtlebot3_gazebo//models/turtlebot3_house/materials/textures/bricks.png
[11.061s] -- Installing: /home/ratkaba/workspace/src/ros2-traffic-project/install/turtlebot3_gazebo/share/turtlebot3_gazebo//models/turtlebot3_house/materials/textures/wood.jpg
[11.061s] -- Installing: /home/ratkaba/workspace/src/ros2-traffic-project/install/turtlebot3_gazebo/share/turtlebot3_gazebo//models/turtlebot3_house/model.sdf
[11.062s] -- Installing: /home/ratkaba/workspace/src/ros2-traffic-project/install/turtlebot3_gazebo/share/turtlebot3_gazebo//models/turtlebot3_house/model.config
[11.062s] -- Installing: /home/ratkaba/workspace/src/ros2-traffic-project/install/turtlebot3_gazebo/share/turtlebot3_gazebo//models/turtlebot3_waffle_pi
[11.062s] -- Installing: /home/ratkaba/workspace/src/ros2-traffic-project/install/turtlebot3_gazebo/share/turtlebot3_gazebo//models/turtlebot3_waffle_pi/model.sdf
[11.062s] -- Installing: /home/ratkaba/workspace/src/ros2-traffic-project/install/turtlebot3_gazebo/share/turtlebot3_gazebo//models/turtlebot3_waffle_pi/model.config
[11.063s] -- Installing: /home/ratkaba/workspace/src/ros2-traffic-project/install/turtlebot3_gazebo/share/turtlebot3_gazebo//models/turtlebot3_waffle_pi/model-1_4_.sdf
[11.063s] -- Installing: /home/ratkaba/workspace/src/ros2-traffic-project/install/turtlebot3_gazebo/share/turtlebot3_gazebo//params
[11.063s] -- Installing: /home/ratkaba/workspace/src/ros2-traffic-project/install/turtlebot3_gazebo/share/turtlebot3_gazebo//params/turtlebot3_bridge.yaml
[11.063s] -- Installing: /home/ratkaba/workspace/src/ros2-traffic-project/install/turtlebot3_gazebo/share/turtlebot3_gazebo//rviz
[11.064s] -- Installing: /home/ratkaba/workspace/src/ros2-traffic-project/install/turtlebot3_gazebo/share/turtlebot3_gazebo//rviz/tb3_gazebo.rviz
[11.064s] -- Installing: /home/ratkaba/workspace/src/ros2-traffic-project/install/turtlebot3_gazebo/share/turtlebot3_gazebo//urdf
[11.064s] -- Installing: /home/ratkaba/workspace/src/ros2-traffic-project/install/turtlebot3_gazebo/share/turtlebot3_gazebo//urdf/turtlebot3_burger.urdf
[11.064s] -- Installing: /home/ratkaba/workspace/src/ros2-traffic-project/install/turtlebot3_gazebo/share/turtlebot3_gazebo//urdf/common_properties.urdf
[11.064s] -- Installing: /home/ratkaba/workspace/src/ros2-traffic-project/install/turtlebot3_gazebo/share/turtlebot3_gazebo//urdf/turtlebot3_waffle_pi.urdf
[11.064s] -- Installing: /home/ratkaba/workspace/src/ros2-traffic-project/install/turtlebot3_gazebo/share/turtlebot3_gazebo//urdf/turtlebot3_waffle.urdf
[11.065s] -- Installing: /home/ratkaba/workspace/src/ros2-traffic-project/install/turtlebot3_gazebo/share/turtlebot3_gazebo//worlds
[11.065s] -- Installing: /home/ratkaba/workspace/src/ros2-traffic-project/install/turtlebot3_gazebo/share/turtlebot3_gazebo//worlds/turtlebot3_world.sdf
[11.065s] -- Installing: /home/ratkaba/workspace/src/ros2-traffic-project/install/turtlebot3_gazebo/include/
[11.065s] -- Installing: /home/ratkaba/workspace/src/ros2-traffic-project/install/turtlebot3_gazebo/include//turtlebot3_gazebo
[11.065s] -- Installing: /home/ratkaba/workspace/src/ros2-traffic-project/install/turtlebot3_gazebo/include//turtlebot3_gazebo/turtlebot3_drive.hpp
[11.066s] -- Installing: /home/ratkaba/workspace/src/ros2-traffic-project/install/turtlebot3_gazebo/share/ament_index/resource_index/package_run_dependencies/turtlebot3_gazebo
[11.066s] -- Installing: /home/ratkaba/workspace/src/ros2-traffic-project/install/turtlebot3_gazebo/share/ament_index/resource_index/parent_prefix_path/turtlebot3_gazebo
[11.067s] -- Installing: /home/ratkaba/workspace/src/ros2-traffic-project/install/turtlebot3_gazebo/share/turtlebot3_gazebo/environment/ament_prefix_path.sh
[11.068s] -- Installing: /home/ratkaba/workspace/src/ros2-traffic-project/install/turtlebot3_gazebo/share/turtlebot3_gazebo/environment/ament_prefix_path.dsv
[11.068s] -- Installing: /home/ratkaba/workspace/src/ros2-traffic-project/install/turtlebot3_gazebo/share/turtlebot3_gazebo/environment/path.sh
[11.068s] -- Installing: /home/ratkaba/workspace/src/ros2-traffic-project/install/turtlebot3_gazebo/share/turtlebot3_gazebo/environment/path.dsv
[11.068s] -- Installing: /home/ratkaba/workspace/src/ros2-traffic-project/install/turtlebot3_gazebo/share/turtlebot3_gazebo/local_setup.bash
[11.068s] -- Installing: /home/ratkaba/workspace/src/ros2-traffic-project/install/turtlebot3_gazebo/share/turtlebot3_gazebo/local_setup.sh
[11.068s] -- Installing: /home/ratkaba/workspace/src/ros2-traffic-project/install/turtlebot3_gazebo/share/turtlebot3_gazebo/local_setup.zsh
[11.068s] -- Installing: /home/ratkaba/workspace/src/ros2-traffic-project/install/turtlebot3_gazebo/share/turtlebot3_gazebo/local_setup.dsv
[11.069s] -- Installing: /home/ratkaba/workspace/src/ros2-traffic-project/install/turtlebot3_gazebo/share/turtlebot3_gazebo/package.dsv
[11.069s] -- Installing: /home/ratkaba/workspace/src/ros2-traffic-project/install/turtlebot3_gazebo/share/ament_index/resource_index/packages/turtlebot3_gazebo
[11.070s] -- Installing: /home/ratkaba/workspace/src/ros2-traffic-project/install/turtlebot3_gazebo/share/turtlebot3_gazebo/cmake/ament_cmake_export_include_directories-extras.cmake
[11.070s] -- Installing: /home/ratkaba/workspace/src/ros2-traffic-project/install/turtlebot3_gazebo/share/turtlebot3_gazebo/cmake/ament_cmake_export_dependencies-extras.cmake
[11.070s] -- Installing: /home/ratkaba/workspace/src/ros2-traffic-project/install/turtlebot3_gazebo/share/turtlebot3_gazebo/cmake/turtlebot3_gazeboConfig.cmake
[11.070s] -- Installing: /home/ratkaba/workspace/src/ros2-traffic-project/install/turtlebot3_gazebo/share/turtlebot3_gazebo/cmake/turtlebot3_gazeboConfig-version.cmake
[11.070s] -- Installing: /home/ratkaba/workspace/src/ros2-traffic-project/install/turtlebot3_gazebo/share/turtlebot3_gazebo/package.xml
[11.071s] Invoked command in '/home/ratkaba/workspace/src/ros2-traffic-project/build/turtlebot3_gazebo' returned '0': CMAKE_PREFIX_PATH=/home/ratkaba/ros2_ws/install/turtlebot3:/home/ratkaba/ros2_ws/install/turtlebot3_slam_toolbox:/home/ratkaba/ros2_ws/install/turtlebot3_simulations:/home/ratkaba/ros2_ws/install/turtlebot3_navigation2:/home/ratkaba/ros2_ws/install/turtlebot3_fake_node:/home/ratkaba/ros2_ws/install/turtlebot3_msgs:/home/ratkaba/ros2_ws/install/turtlebot3_hardware:/home/ratkaba/ros2_ws/install/turtlebot3_gazebo:/home/ratkaba/ros2_ws/install/turtlebot3_bringup:/home/ratkaba/ros2_ws/install/turtlebot3_description:/home/ratkaba/ros2_ws/install/turtlebot3_cartographer:/home/ratkaba/ros2_ws/install/traffic_sim_bringup:/home/ratkaba/ros2_ws/install/bme_ros2_tutorials_bringup:/home/ratkaba/ros2_ws/install/turtlebot3_teleop:/home/ratkaba/ros2_ws/install/turtlebot3_example:/home/ratkaba/ros2_ws/install/traffic_sim_py:/home/ratkaba/ros2_ws/install/bme_ros2_tutorials_py:/opt/ros/jazzy:/home/ratkaba/ros2-traffic-project/install/traffic_sim:/home/ratkaba/ros2-traffic-project/install/ros2-traffic-project:/opt/ros/jazzy/opt/gz_sim_vendor:/opt/ros/jazzy/opt/gz_sensors_vendor:/opt/ros/jazzy/opt/gz_physics_vendor:/opt/ros/jazzy/opt/sdformat_vendor:/opt/ros/jazzy/opt/gz_gui_vendor:/opt/ros/jazzy/opt/gz_transport_vendor:/opt/ros/jazzy/opt/gz_rendering_vendor:/opt/ros/jazzy/opt/gz_plugin_vendor:/opt/ros/jazzy/opt/gz_fuel_tools_vendor:/opt/ros/jazzy/opt/gz_msgs_vendor:/opt/ros/jazzy/opt/gz_common_vendor:/opt/ros/jazzy/opt/gz_math_vendor:/opt/ros/jazzy/opt/gz_utils_vendor:/opt/ros/jazzy/opt/gz_tools_vendor:/opt/ros/jazzy/opt/gz_ogre_next_vendor:/opt/ros/jazzy/opt/gz_dartsim_vendor:/opt/ros/jazzy/opt/gz_cmake_vendor /usr/bin/cmake --install /home/ratkaba/workspace/src/ros2-traffic-project/build/turtlebot3_gazebo
