/home/ratkaba/workspace/src/ros2-traffic-project/install/turtlebot3_mogi_py/lib/python3.12/site-packages/turtlebot3_mogi_py/line_follower_cnn.py
/home/ratkaba/workspace/src/ros2-traffic-project/install/turtlebot3_mogi_py/lib/python3.12/site-packages/turtlebot3_mogi_py/save_training_images.py
/home/ratkaba/workspace/src/ros2-traffic-project/install/turtlebot3_mogi_py/lib/python3.12/site-packages/turtlebot3_mogi_py/train_network.py
/home/ratkaba/workspace/src/ros2-traffic-project/install/turtlebot3_mogi_py/lib/python3.12/site-packages/turtlebot3_mogi_py/__init__.py
/home/ratkaba/workspace/src/ros2-traffic-project/install/turtlebot3_mogi_py/lib/python3.12/site-packages/turtlebot3_mogi_py/line_follower.py
/home/ratkaba/workspace/src/ros2-traffic-project/install/turtlebot3_mogi_py/lib/python3.12/site-packages/turtlebot3_mogi_py/line_follower_cnn_robot.py
/home/ratkaba/workspace/src/ros2-traffic-project/install/turtlebot3_mogi_py/lib/python3.12/site-packages/turtlebot3_mogi_py/__pycache__/line_follower_cnn.cpython-312.pyc
/home/ratkaba/workspace/src/ros2-traffic-project/install/turtlebot3_mogi_py/lib/python3.12/site-packages/turtlebot3_mogi_py/__pycache__/save_training_images.cpython-312.pyc
/home/ratkaba/workspace/src/ros2-traffic-project/install/turtlebot3_mogi_py/lib/python3.12/site-packages/turtlebot3_mogi_py/__pycache__/train_network.cpython-312.pyc
/home/ratkaba/workspace/src/ros2-traffic-project/install/turtlebot3_mogi_py/lib/python3.12/site-packages/turtlebot3_mogi_py/__pycache__/__init__.cpython-312.pyc
/home/ratkaba/workspace/src/ros2-traffic-project/install/turtlebot3_mogi_py/lib/python3.12/site-packages/turtlebot3_mogi_py/__pycache__/line_follower.cpython-312.pyc
/home/ratkaba/workspace/src/ros2-traffic-project/install/turtlebot3_mogi_py/lib/python3.12/site-packages/turtlebot3_mogi_py/__pycache__/line_follower_cnn_robot.cpython-312.pyc
/home/ratkaba/workspace/src/ros2-traffic-project/install/turtlebot3_mogi_py/share/ament_index/resource_index/packages/turtlebot3_mogi_py
/home/ratkaba/workspace/src/ros2-traffic-project/install/turtlebot3_mogi_py/share/turtlebot3_mogi_py/package.xml
/home/ratkaba/workspace/src/ros2-traffic-project/install/turtlebot3_mogi_py/share/turtlebot3_mogi_py/network_model/model.best.keras
/home/ratkaba/workspace/src/ros2-traffic-project/install/turtlebot3_mogi_py/share/turtlebot3_mogi_py/network_model/model_training.png:Zone.Identifier
/home/ratkaba/workspace/src/ros2-traffic-project/install/turtlebot3_mogi_py/share/turtlebot3_mogi_py/network_model/model.keras
/home/ratkaba/workspace/src/ros2-traffic-project/install/turtlebot3_mogi_py/share/turtlebot3_mogi_py/network_model/model_training.png
/home/ratkaba/workspace/src/ros2-traffic-project/install/turtlebot3_mogi_py/share/turtlebot3_mogi_py/network_model/model.keras:Zone.Identifier
/home/ratkaba/workspace/src/ros2-traffic-project/install/turtlebot3_mogi_py/share/turtlebot3_mogi_py/network_model/model.best.keras:Zone.Identifier
/home/ratkaba/workspace/src/ros2-traffic-project/install/turtlebot3_mogi_py/lib/python3.12/site-packages/turtlebot3_mogi_py-1.0.0-py3.12.egg-info/zip-safe
/home/ratkaba/workspace/src/ros2-traffic-project/install/turtlebot3_mogi_py/lib/python3.12/site-packages/turtlebot3_mogi_py-1.0.0-py3.12.egg-info/PKG-INFO
/home/ratkaba/workspace/src/ros2-traffic-project/install/turtlebot3_mogi_py/lib/python3.12/site-packages/turtlebot3_mogi_py-1.0.0-py3.12.egg-info/requires.txt
/home/ratkaba/workspace/src/ros2-traffic-project/install/turtlebot3_mogi_py/lib/python3.12/site-packages/turtlebot3_mogi_py-1.0.0-py3.12.egg-info/top_level.txt
/home/ratkaba/workspace/src/ros2-traffic-project/install/turtlebot3_mogi_py/lib/python3.12/site-packages/turtlebot3_mogi_py-1.0.0-py3.12.egg-info/SOURCES.txt
/home/ratkaba/workspace/src/ros2-traffic-project/install/turtlebot3_mogi_py/lib/python3.12/site-packages/turtlebot3_mogi_py-1.0.0-py3.12.egg-info/dependency_links.txt
/home/ratkaba/workspace/src/ros2-traffic-project/install/turtlebot3_mogi_py/lib/python3.12/site-packages/turtlebot3_mogi_py-1.0.0-py3.12.egg-info/entry_points.txt
/home/ratkaba/workspace/src/ros2-traffic-project/install/turtlebot3_mogi_py/lib/turtlebot3_mogi_py/line_follower
/home/ratkaba/workspace/src/ros2-traffic-project/install/turtlebot3_mogi_py/lib/turtlebot3_mogi_py/line_follower_cnn
/home/ratkaba/workspace/src/ros2-traffic-project/install/turtlebot3_mogi_py/lib/turtlebot3_mogi_py/line_follower_cnn_robot
/home/ratkaba/workspace/src/ros2-traffic-project/install/turtlebot3_mogi_py/lib/turtlebot3_mogi_py/save_training_images
