[0.692s] Invoking command in '/home/ratkaba/workspace/src/ros2-traffic-project/turtlebot3/turtlebot3_teleop': PYTHONPATH=/home/ratkaba/workspace/src/ros2-traffic-project/build/turtlebot3_teleop/prefix_override:/usr/lib/python3/dist-packages/colcon_core/task/python/colcon_distutils_commands:/home/ratkaba/workspace/src/ros2-traffic-project/install/turtlebot3_teleop/lib/python3.12/site-packages:${PYTHONPATH} /usr/bin/python3 -W ignore:setup.py install is deprecated -W ignore:easy_install command is deprecated setup.py egg_info --egg-base ../../build/turtlebot3_teleop build --build-base /home/ratkaba/workspace/src/ros2-traffic-project/build/turtlebot3_teleop/build install --record /home/ratkaba/workspace/src/ros2-traffic-project/build/turtlebot3_teleop/install.log --single-version-externally-managed install_data
[0.834s] running egg_info
[0.835s] creating ../../build/turtlebot3_teleop/turtlebot3_teleop.egg-info
[0.845s] writing ../../build/turtlebot3_teleop/turtlebot3_teleop.egg-info/PKG-INFO
[0.845s] writing dependency_links to ../../build/turtlebot3_teleop/turtlebot3_teleop.egg-info/dependency_links.txt
[0.845s] writing entry points to ../../build/turtlebot3_teleop/turtlebot3_teleop.egg-info/entry_points.txt
[0.845s] writing requirements to ../../build/turtlebot3_teleop/turtlebot3_teleop.egg-info/requires.txt
[0.845s] writing top-level names to ../../build/turtlebot3_teleop/turtlebot3_teleop.egg-info/top_level.txt
[0.845s] writing manifest file '../../build/turtlebot3_teleop/turtlebot3_teleop.egg-info/SOURCES.txt'
[0.866s] reading manifest file '../../build/turtlebot3_teleop/turtlebot3_teleop.egg-info/SOURCES.txt'
[0.866s] writing manifest file '../../build/turtlebot3_teleop/turtlebot3_teleop.egg-info/SOURCES.txt'
[0.866s] running build
[0.866s] running build_py
[0.866s] creating /home/ratkaba/workspace/src/ros2-traffic-project/build/turtlebot3_teleop/build
[0.866s] creating /home/ratkaba/workspace/src/ros2-traffic-project/build/turtlebot3_teleop/build/lib
[0.867s] creating /home/ratkaba/workspace/src/ros2-traffic-project/build/turtlebot3_teleop/build/lib/turtlebot3_teleop
[0.867s] copying turtlebot3_teleop/__init__.py -> /home/ratkaba/workspace/src/ros2-traffic-project/build/turtlebot3_teleop/build/lib/turtlebot3_teleop
[0.867s] creating /home/ratkaba/workspace/src/ros2-traffic-project/build/turtlebot3_teleop/build/lib/turtlebot3_teleop/script
[0.867s] copying turtlebot3_teleop/script/__init__.py -> /home/ratkaba/workspace/src/ros2-traffic-project/build/turtlebot3_teleop/build/lib/turtlebot3_teleop/script
[0.867s] copying turtlebot3_teleop/script/teleop_keyboard.py -> /home/ratkaba/workspace/src/ros2-traffic-project/build/turtlebot3_teleop/build/lib/turtlebot3_teleop/script
[0.868s] running install
[0.871s] running install_lib
[0.880s] creating /home/ratkaba/workspace/src/ros2-traffic-project/install/turtlebot3_teleop/lib/python3.12/site-packages/turtlebot3_teleop
[0.880s] copying /home/ratkaba/workspace/src/ros2-traffic-project/build/turtlebot3_teleop/build/lib/turtlebot3_teleop/__init__.py -> /home/ratkaba/workspace/src/ros2-traffic-project/install/turtlebot3_teleop/lib/python3.12/site-packages/turtlebot3_teleop
[0.880s] creating /home/ratkaba/workspace/src/ros2-traffic-project/install/turtlebot3_teleop/lib/python3.12/site-packages/turtlebot3_teleop/script
[0.880s] copying /home/ratkaba/workspace/src/ros2-traffic-project/build/turtlebot3_teleop/build/lib/turtlebot3_teleop/script/__init__.py -> /home/ratkaba/workspace/src/ros2-traffic-project/install/turtlebot3_teleop/lib/python3.12/site-packages/turtlebot3_teleop/script
[0.880s] copying /home/ratkaba/workspace/src/ros2-traffic-project/build/turtlebot3_teleop/build/lib/turtlebot3_teleop/script/teleop_keyboard.py -> /home/ratkaba/workspace/src/ros2-traffic-project/install/turtlebot3_teleop/lib/python3.12/site-packages/turtlebot3_teleop/script
[0.881s] byte-compiling /home/ratkaba/workspace/src/ros2-traffic-project/install/turtlebot3_teleop/lib/python3.12/site-packages/turtlebot3_teleop/__init__.py to __init__.cpython-312.pyc
[0.881s] byte-compiling /home/ratkaba/workspace/src/ros2-traffic-project/install/turtlebot3_teleop/lib/python3.12/site-packages/turtlebot3_teleop/script/__init__.py to __init__.cpython-312.pyc
[0.881s] byte-compiling /home/ratkaba/workspace/src/ros2-traffic-project/install/turtlebot3_teleop/lib/python3.12/site-packages/turtlebot3_teleop/script/teleop_keyboard.py to teleop_keyboard.cpython-312.pyc
[0.882s] running install_data
[0.882s] creating /home/ratkaba/workspace/src/ros2-traffic-project/install/turtlebot3_teleop/share/ament_index
[0.882s] creating /home/ratkaba/workspace/src/ros2-traffic-project/install/turtlebot3_teleop/share/ament_index/resource_index
[0.882s] creating /home/ratkaba/workspace/src/ros2-traffic-project/install/turtlebot3_teleop/share/ament_index/resource_index/packages
[0.882s] copying resource/turtlebot3_teleop -> /home/ratkaba/workspace/src/ros2-traffic-project/install/turtlebot3_teleop/share/ament_index/resource_index/packages
[0.882s] copying package.xml -> /home/ratkaba/workspace/src/ros2-traffic-project/install/turtlebot3_teleop/share/turtlebot3_teleop
[0.883s] running install_egg_info
[0.892s] Copying ../../build/turtlebot3_teleop/turtlebot3_teleop.egg-info to /home/ratkaba/workspace/src/ros2-traffic-project/install/turtlebot3_teleop/lib/python3.12/site-packages/turtlebot3_teleop-2.1.5-py3.12.egg-info
[0.893s] running install_scripts
[0.961s] Installing teleop_keyboard script to /home/ratkaba/workspace/src/ros2-traffic-project/install/turtlebot3_teleop/lib/turtlebot3_teleop
[0.961s] writing list of installed files to '/home/ratkaba/workspace/src/ros2-traffic-project/build/turtlebot3_teleop/install.log'
[0.977s] Invoked command in '/home/ratkaba/workspace/src/ros2-traffic-project/turtlebot3/turtlebot3_teleop' returned '0': PYTHONPATH=/home/ratkaba/workspace/src/ros2-traffic-project/build/turtlebot3_teleop/prefix_override:/usr/lib/python3/dist-packages/colcon_core/task/python/colcon_distutils_commands:/home/ratkaba/workspace/src/ros2-traffic-project/install/turtlebot3_teleop/lib/python3.12/site-packages:${PYTHONPATH} /usr/bin/python3 -W ignore:setup.py install is deprecated -W ignore:easy_install command is deprecated setup.py egg_info --egg-base ../../build/turtlebot3_teleop build --build-base /home/ratkaba/workspace/src/ros2-traffic-project/build/turtlebot3_teleop/build install --record /home/ratkaba/workspace/src/ros2-traffic-project/build/turtlebot3_teleop/install.log --single-version-externally-managed install_data
