[0.026s] Invoking command in '/home/ratkaba/workspace/src/ros2-traffic-project/build/turtlebot3_hardware': CMAKE_PREFIX_PATH=${CMAKE_PREFIX_PATH}:/opt/ros/jazzy /usr/bin/cmake --build /home/ratkaba/workspace/src/ros2-traffic-project/build/turtlebot3_hardware -- -j20 -l20
[0.194s] [100%] Built target turtlebot3_hardware
[0.207s] Invoked command in '/home/ratkaba/workspace/src/ros2-traffic-project/build/turtlebot3_hardware' returned '0': CMAKE_PREFIX_PATH=${CMAKE_PREFIX_PATH}:/opt/ros/jazzy /usr/bin/cmake --build /home/ratkaba/workspace/src/ros2-traffic-project/build/turtlebot3_hardware -- -j20 -l20
[0.209s] Invoking command in '/home/ratkaba/workspace/src/ros2-traffic-project/build/turtlebot3_hardware': CMAKE_PREFIX_PATH=${CMAKE_PREFIX_PATH}:/opt/ros/jazzy /usr/bin/cmake --install /home/ratkaba/workspace/src/ros2-traffic-project/build/turtlebot3_hardware
[0.227s] -- Install configuration: ""
[0.231s] -- Up-to-date: /home/ratkaba/workspace/src/ros2-traffic-project/install/turtlebot3_hardware/share/turtlebot3_hardware/turtlebot3_hardware.xml
[0.231s] -- Up-to-date: /home/ratkaba/workspace/src/ros2-traffic-project/install/turtlebot3_hardware/include
[0.231s] -- Up-to-date: /home/ratkaba/workspace/src/ros2-traffic-project/install/turtlebot3_hardware/include/turtlebot3_hardware
[0.232s] -- Up-to-date: /home/ratkaba/workspace/src/ros2-traffic-project/install/turtlebot3_hardware/include/turtlebot3_hardware/opencr_control_table.hpp
[0.232s] -- Up-to-date: /home/ratkaba/workspace/src/ros2-traffic-project/install/turtlebot3_hardware/include/turtlebot3_hardware/opencr_definitions.hpp:Zone.Identifier
[0.232s] -- Up-to-date: /home/ratkaba/workspace/src/ros2-traffic-project/install/turtlebot3_hardware/include/turtlebot3_hardware/turtlebot3_system.hpp
[0.232s] -- Up-to-date: /home/ratkaba/workspace/src/ros2-traffic-project/install/turtlebot3_hardware/include/turtlebot3_hardware/dynamixel_sdk_wrapper.hpp
[0.232s] -- Up-to-date: /home/ratkaba/workspace/src/ros2-traffic-project/install/turtlebot3_hardware/include/turtlebot3_hardware/opencr.hpp:Zone.Identifier
[0.232s] -- Up-to-date: /home/ratkaba/workspace/src/ros2-traffic-project/install/turtlebot3_hardware/include/turtlebot3_hardware/visibility_control.h
[0.232s] -- Up-to-date: /home/ratkaba/workspace/src/ros2-traffic-project/install/turtlebot3_hardware/include/turtlebot3_hardware/opencr.hpp
[0.232s] -- Up-to-date: /home/ratkaba/workspace/src/ros2-traffic-project/install/turtlebot3_hardware/include/turtlebot3_hardware/turtlebot3_system.hpp:Zone.Identifier
[0.232s] -- Up-to-date: /home/ratkaba/workspace/src/ros2-traffic-project/install/turtlebot3_hardware/include/turtlebot3_hardware/opencr_control_table.hpp:Zone.Identifier
[0.232s] -- Up-to-date: /home/ratkaba/workspace/src/ros2-traffic-project/install/turtlebot3_hardware/include/turtlebot3_hardware/dynamixel_sdk_wrapper.hpp:Zone.Identifier
[0.233s] -- Up-to-date: /home/ratkaba/workspace/src/ros2-traffic-project/install/turtlebot3_hardware/include/turtlebot3_hardware/opencr_definitions.hpp
[0.233s] -- Up-to-date: /home/ratkaba/workspace/src/ros2-traffic-project/install/turtlebot3_hardware/include/turtlebot3_hardware/visibility_control.h:Zone.Identifier
[0.233s] -- Up-to-date: /home/ratkaba/workspace/src/ros2-traffic-project/install/turtlebot3_hardware/lib/libturtlebot3_hardware.so
[0.235s] -- Up-to-date: /home/ratkaba/workspace/src/ros2-traffic-project/install/turtlebot3_hardware/share/turtlebot3_hardware/environment/library_path.sh
[0.235s] -- Up-to-date: /home/ratkaba/workspace/src/ros2-traffic-project/install/turtlebot3_hardware/share/turtlebot3_hardware/environment/library_path.dsv
[0.235s] -- Up-to-date: /home/ratkaba/workspace/src/ros2-traffic-project/install/turtlebot3_hardware/share/ament_index/resource_index/package_run_dependencies/turtlebot3_hardware
[0.236s] -- Up-to-date: /home/ratkaba/workspace/src/ros2-traffic-project/install/turtlebot3_hardware/share/ament_index/resource_index/parent_prefix_path/turtlebot3_hardware
[0.236s] -- Up-to-date: /home/ratkaba/workspace/src/ros2-traffic-project/install/turtlebot3_hardware/share/turtlebot3_hardware/environment/ament_prefix_path.sh
[0.236s] -- Up-to-date: /home/ratkaba/workspace/src/ros2-traffic-project/install/turtlebot3_hardware/share/turtlebot3_hardware/environment/ament_prefix_path.dsv
[0.236s] -- Up-to-date: /home/ratkaba/workspace/src/ros2-traffic-project/install/turtlebot3_hardware/share/turtlebot3_hardware/environment/path.sh
[0.236s] -- Up-to-date: /home/ratkaba/workspace/src/ros2-traffic-project/install/turtlebot3_hardware/share/turtlebot3_hardware/environment/path.dsv
[0.236s] -- Up-to-date: /home/ratkaba/workspace/src/ros2-traffic-project/install/turtlebot3_hardware/share/turtlebot3_hardware/local_setup.bash
[0.236s] -- Up-to-date: /home/ratkaba/workspace/src/ros2-traffic-project/install/turtlebot3_hardware/share/turtlebot3_hardware/local_setup.sh
[0.236s] -- Up-to-date: /home/ratkaba/workspace/src/ros2-traffic-project/install/turtlebot3_hardware/share/turtlebot3_hardware/local_setup.zsh
[0.236s] -- Up-to-date: /home/ratkaba/workspace/src/ros2-traffic-project/install/turtlebot3_hardware/share/turtlebot3_hardware/local_setup.dsv
[0.236s] -- Installing: /home/ratkaba/workspace/src/ros2-traffic-project/install/turtlebot3_hardware/share/turtlebot3_hardware/package.dsv
[0.240s] -- Up-to-date: /home/ratkaba/workspace/src/ros2-traffic-project/install/turtlebot3_hardware/share/ament_index/resource_index/packages/turtlebot3_hardware
[0.240s] -- Up-to-date: /home/ratkaba/workspace/src/ros2-traffic-project/install/turtlebot3_hardware/share/ament_index/resource_index/hardware_interface__pluginlib__plugin/turtlebot3_hardware
[0.241s] -- Up-to-date: /home/ratkaba/workspace/src/ros2-traffic-project/install/turtlebot3_hardware/share/turtlebot3_hardware/cmake/ament_cmake_export_include_directories-extras.cmake
[0.241s] -- Up-to-date: /home/ratkaba/workspace/src/ros2-traffic-project/install/turtlebot3_hardware/share/turtlebot3_hardware/cmake/ament_cmake_export_libraries-extras.cmake
[0.241s] -- Up-to-date: /home/ratkaba/workspace/src/ros2-traffic-project/install/turtlebot3_hardware/share/turtlebot3_hardware/cmake/ament_cmake_export_dependencies-extras.cmake
[0.242s] -- Up-to-date: /home/ratkaba/workspace/src/ros2-traffic-project/install/turtlebot3_hardware/share/turtlebot3_hardware/cmake/turtlebot3_hardwareConfig.cmake
[0.242s] -- Up-to-date: /home/ratkaba/workspace/src/ros2-traffic-project/install/turtlebot3_hardware/share/turtlebot3_hardware/cmake/turtlebot3_hardwareConfig-version.cmake
[0.242s] -- Up-to-date: /home/ratkaba/workspace/src/ros2-traffic-project/install/turtlebot3_hardware/share/turtlebot3_hardware/package.xml
[0.276s] Invoked command in '/home/ratkaba/workspace/src/ros2-traffic-project/build/turtlebot3_hardware' returned '0': CMAKE_PREFIX_PATH=${CMAKE_PREFIX_PATH}:/opt/ros/jazzy /usr/bin/cmake --install /home/ratkaba/workspace/src/ros2-traffic-project/build/turtlebot3_hardware
