[1.675s] Invoking command in '/home/ratkaba/workspace/src/ros2-traffic-project/turtlebot3/turtlebot3_example': AMENT_PREFIX_PATH=/home/ratkaba/workspace/src/ros2-traffic-project/install/turtlebot3_msgs:${AMENT_PREFIX_PATH} CMAKE_PREFIX_PATH=/home/ratkaba/workspace/src/ros2-traffic-project/install/turtlebot3_msgs:${CMAKE_PREFIX_PATH} LD_LIBRARY_PATH=/home/ratkaba/workspace/src/ros2-traffic-project/install/turtlebot3_msgs/lib:${LD_LIBRARY_PATH} PS1=(tf) \[\e]0;\u@\h: \w\a\]${debian_chroot:+($debian_chroot)}\[\033[01;32m\]\u@\h\[\033[00m\]:\[\033[01;34m\]\w\[\033[00m\]\$ PYTHONPATH=/home/ratkaba/workspace/src/ros2-traffic-project/build/turtlebot3_example/prefix_override:/usr/lib/python3/dist-packages/colcon_core/task/python/colcon_distutils_commands:/home/ratkaba/workspace/src/ros2-traffic-project/install/turtlebot3_example/lib/python3.12/site-packages:/home/ratkaba/workspace/src/ros2-traffic-project/install/turtlebot3_msgs/lib/python3.12/site-packages:${PYTHONPATH} /usr/bin/python3 -W ignore:setup.py install is deprecated -W ignore:easy_install command is deprecated setup.py egg_info --egg-base ../../build/turtlebot3_example build --build-base /home/ratkaba/workspace/src/ros2-traffic-project/build/turtlebot3_example/build install --record /home/ratkaba/workspace/src/ros2-traffic-project/build/turtlebot3_example/install.log --single-version-externally-managed install_data
[2.034s] running egg_info
[2.053s] writing ../../build/turtlebot3_example/turtlebot3_example.egg-info/PKG-INFO
[2.053s] writing dependency_links to ../../build/turtlebot3_example/turtlebot3_example.egg-info/dependency_links.txt
[2.053s] writing entry points to ../../build/turtlebot3_example/turtlebot3_example.egg-info/entry_points.txt
[2.054s] writing requirements to ../../build/turtlebot3_example/turtlebot3_example.egg-info/requires.txt
[2.054s] writing top-level names to ../../build/turtlebot3_example/turtlebot3_example.egg-info/top_level.txt
[2.094s] reading manifest file '../../build/turtlebot3_example/turtlebot3_example.egg-info/SOURCES.txt'
[2.096s] writing manifest file '../../build/turtlebot3_example/turtlebot3_example.egg-info/SOURCES.txt'
[2.096s] running build
[2.099s] running build_py
[2.099s] running install
[2.105s] running install_lib
[2.127s] running install_data
[2.127s] running install_egg_info
[2.148s] removing '/home/ratkaba/workspace/src/ros2-traffic-project/install/turtlebot3_example/lib/python3.12/site-packages/turtlebot3_example-2.1.5-py3.12.egg-info' (and everything under it)
[2.148s] Copying ../../build/turtlebot3_example/turtlebot3_example.egg-info to /home/ratkaba/workspace/src/ros2-traffic-project/install/turtlebot3_example/lib/python3.12/site-packages/turtlebot3_example-2.1.5-py3.12.egg-info
[2.150s] running install_scripts
[2.298s] Installing turtlebot3_interactive_marker script to /home/ratkaba/workspace/src/ros2-traffic-project/install/turtlebot3_example/lib/turtlebot3_example
[2.298s] Installing turtlebot3_obstacle_detection script to /home/ratkaba/workspace/src/ros2-traffic-project/install/turtlebot3_example/lib/turtlebot3_example
[2.298s] Installing turtlebot3_patrol_client script to /home/ratkaba/workspace/src/ros2-traffic-project/install/turtlebot3_example/lib/turtlebot3_example
[2.298s] Installing turtlebot3_patrol_server script to /home/ratkaba/workspace/src/ros2-traffic-project/install/turtlebot3_example/lib/turtlebot3_example
[2.298s] Installing turtlebot3_position_control_pointop_key script to /home/ratkaba/workspace/src/ros2-traffic-project/install/turtlebot3_example/lib/turtlebot3_example
[2.299s] writing list of installed files to '/home/ratkaba/workspace/src/ros2-traffic-project/build/turtlebot3_example/install.log'
[2.335s] Invoked command in '/home/ratkaba/workspace/src/ros2-traffic-project/turtlebot3/turtlebot3_example' returned '0': AMENT_PREFIX_PATH=/home/ratkaba/workspace/src/ros2-traffic-project/install/turtlebot3_msgs:${AMENT_PREFIX_PATH} CMAKE_PREFIX_PATH=/home/ratkaba/workspace/src/ros2-traffic-project/install/turtlebot3_msgs:${CMAKE_PREFIX_PATH} LD_LIBRARY_PATH=/home/ratkaba/workspace/src/ros2-traffic-project/install/turtlebot3_msgs/lib:${LD_LIBRARY_PATH} PS1=(tf) \[\e]0;\u@\h: \w\a\]${debian_chroot:+($debian_chroot)}\[\033[01;32m\]\u@\h\[\033[00m\]:\[\033[01;34m\]\w\[\033[00m\]\$ PYTHONPATH=/home/ratkaba/workspace/src/ros2-traffic-project/build/turtlebot3_example/prefix_override:/usr/lib/python3/dist-packages/colcon_core/task/python/colcon_distutils_commands:/home/ratkaba/workspace/src/ros2-traffic-project/install/turtlebot3_example/lib/python3.12/site-packages:/home/ratkaba/workspace/src/ros2-traffic-project/install/turtlebot3_msgs/lib/python3.12/site-packages:${PYTHONPATH} /usr/bin/python3 -W ignore:setup.py install is deprecated -W ignore:easy_install command is deprecated setup.py egg_info --egg-base ../../build/turtlebot3_example build --build-base /home/ratkaba/workspace/src/ros2-traffic-project/build/turtlebot3_example/build install --record /home/ratkaba/workspace/src/ros2-traffic-project/build/turtlebot3_example/install.log --single-version-externally-managed install_data
