[  1%] Built target turtlebot3_msgs__rosidl_generator_type_description
[  1%] Built target ament_cmake_python_copy_turtlebot3_msgs
[  2%] Built target turtlebot3_msgs__cpp
[ 26%] Built target turtlebot3_msgs__rosidl_generator_c
[ 35%] Built target turtlebot3_msgs__rosidl_typesupport_c
[ 45%] Built target turtlebot3_msgs__rosidl_typesupport_cpp
[ 54%] Built target turtlebot3_msgs__rosidl_typesupport_fastrtps_c
[ 64%] Built target turtlebot3_msgs__rosidl_typesupport_fastrtps_cpp
[ 73%] Built target turtlebot3_msgs__rosidl_typesupport_introspection_cpp
[ 83%] Built target turtlebot3_msgs__rosidl_typesupport_introspection_c
[ 83%] Built target turtlebot3_msgs
[ 84%] Built target turtlebot3_msgs__py
[ 92%] Built target turtlebot3_msgs__rosidl_generator_py
[ 95%] Built target turtlebot3_msgs_s__rosidl_typesupport_fastrtps_c
[ 97%] Built target turtlebot3_msgs_s__rosidl_typesupport_introspection_c
[100%] Built target turtlebot3_msgs_s__rosidl_typesupport_c
running egg_info
writing turtlebot3_msgs.egg-info/PKG-INFO
writing dependency_links to turtlebot3_msgs.egg-info/dependency_links.txt
writing top-level names to turtlebot3_msgs.egg-info/top_level.txt
reading manifest file 'turtlebot3_msgs.egg-info/SOURCES.txt'
writing manifest file 'turtlebot3_msgs.egg-info/SOURCES.txt'
[100%] Built target ament_cmake_python_build_turtlebot3_msgs_egg
-- Install configuration: ""
-- Up-to-date: /home/ratkaba/workspace/src/ros2-traffic-project/install/turtlebot3_msgs/share/ament_index/resource_index/rosidl_interfaces/turtlebot3_msgs
-- Up-to-date: /home/ratkaba/workspace/src/ros2-traffic-project/install/turtlebot3_msgs/share/turtlebot3_msgs/msg/SensorState.json
-- Up-to-date: /home/ratkaba/workspace/src/ros2-traffic-project/install/turtlebot3_msgs/share/turtlebot3_msgs/msg/Sound.json
-- Up-to-date: /home/ratkaba/workspace/src/ros2-traffic-project/install/turtlebot3_msgs/share/turtlebot3_msgs/msg/VersionInfo.json
-- Up-to-date: /home/ratkaba/workspace/src/ros2-traffic-project/install/turtlebot3_msgs/share/turtlebot3_msgs/srv/Sound.json
-- Up-to-date: /home/ratkaba/workspace/src/ros2-traffic-project/install/turtlebot3_msgs/share/turtlebot3_msgs/srv/Dqn.json
-- Up-to-date: /home/ratkaba/workspace/src/ros2-traffic-project/install/turtlebot3_msgs/share/turtlebot3_msgs/action/Patrol.json
-- Up-to-date: /home/ratkaba/workspace/src/ros2-traffic-project/install/turtlebot3_msgs/include/turtlebot3_msgs/turtlebot3_msgs
-- Up-to-date: /home/ratkaba/workspace/src/ros2-traffic-project/install/turtlebot3_msgs/include/turtlebot3_msgs/turtlebot3_msgs/action
-- Up-to-date: /home/ratkaba/workspace/src/ros2-traffic-project/install/turtlebot3_msgs/include/turtlebot3_msgs/turtlebot3_msgs/action/patrol.h
-- Up-to-date: /home/ratkaba/workspace/src/ros2-traffic-project/install/turtlebot3_msgs/include/turtlebot3_msgs/turtlebot3_msgs/action/detail
-- Up-to-date: /home/ratkaba/workspace/src/ros2-traffic-project/install/turtlebot3_msgs/include/turtlebot3_msgs/turtlebot3_msgs/action/detail/patrol__functions.c
-- Up-to-date: /home/ratkaba/workspace/src/ros2-traffic-project/install/turtlebot3_msgs/include/turtlebot3_msgs/turtlebot3_msgs/action/detail/patrol__type_support.c
-- Up-to-date: /home/ratkaba/workspace/src/ros2-traffic-project/install/turtlebot3_msgs/include/turtlebot3_msgs/turtlebot3_msgs/action/detail/patrol__struct.h
-- Up-to-date: /home/ratkaba/workspace/src/ros2-traffic-project/install/turtlebot3_msgs/include/turtlebot3_msgs/turtlebot3_msgs/action/detail/patrol__description.c
-- Up-to-date: /home/ratkaba/workspace/src/ros2-traffic-project/install/turtlebot3_msgs/include/turtlebot3_msgs/turtlebot3_msgs/action/detail/patrol__functions.h
-- Up-to-date: /home/ratkaba/workspace/src/ros2-traffic-project/install/turtlebot3_msgs/include/turtlebot3_msgs/turtlebot3_msgs/action/detail/patrol__type_support.h
-- Up-to-date: /home/ratkaba/workspace/src/ros2-traffic-project/install/turtlebot3_msgs/include/turtlebot3_msgs/turtlebot3_msgs/srv
-- Up-to-date: /home/ratkaba/workspace/src/ros2-traffic-project/install/turtlebot3_msgs/include/turtlebot3_msgs/turtlebot3_msgs/srv/dqn.h
-- Up-to-date: /home/ratkaba/workspace/src/ros2-traffic-project/install/turtlebot3_msgs/include/turtlebot3_msgs/turtlebot3_msgs/srv/sound.h
-- Up-to-date: /home/ratkaba/workspace/src/ros2-traffic-project/install/turtlebot3_msgs/include/turtlebot3_msgs/turtlebot3_msgs/srv/detail
-- Up-to-date: /home/ratkaba/workspace/src/ros2-traffic-project/install/turtlebot3_msgs/include/turtlebot3_msgs/turtlebot3_msgs/srv/detail/sound__struct.h
-- Up-to-date: /home/ratkaba/workspace/src/ros2-traffic-project/install/turtlebot3_msgs/include/turtlebot3_msgs/turtlebot3_msgs/srv/detail/dqn__functions.h
-- Up-to-date: /home/ratkaba/workspace/src/ros2-traffic-project/install/turtlebot3_msgs/include/turtlebot3_msgs/turtlebot3_msgs/srv/detail/dqn__functions.c
-- Up-to-date: /home/ratkaba/workspace/src/ros2-traffic-project/install/turtlebot3_msgs/include/turtlebot3_msgs/turtlebot3_msgs/srv/detail/sound__type_support.h
-- Up-to-date: /home/ratkaba/workspace/src/ros2-traffic-project/install/turtlebot3_msgs/include/turtlebot3_msgs/turtlebot3_msgs/srv/detail/sound__type_support.c
-- Up-to-date: /home/ratkaba/workspace/src/ros2-traffic-project/install/turtlebot3_msgs/include/turtlebot3_msgs/turtlebot3_msgs/srv/detail/dqn__type_support.c
-- Up-to-date: /home/ratkaba/workspace/src/ros2-traffic-project/install/turtlebot3_msgs/include/turtlebot3_msgs/turtlebot3_msgs/srv/detail/dqn__struct.h
-- Up-to-date: /home/ratkaba/workspace/src/ros2-traffic-project/install/turtlebot3_msgs/include/turtlebot3_msgs/turtlebot3_msgs/srv/detail/dqn__description.c
-- Up-to-date: /home/ratkaba/workspace/src/ros2-traffic-project/install/turtlebot3_msgs/include/turtlebot3_msgs/turtlebot3_msgs/srv/detail/dqn__type_support.h
-- Up-to-date: /home/ratkaba/workspace/src/ros2-traffic-project/install/turtlebot3_msgs/include/turtlebot3_msgs/turtlebot3_msgs/srv/detail/sound__functions.h
-- Up-to-date: /home/ratkaba/workspace/src/ros2-traffic-project/install/turtlebot3_msgs/include/turtlebot3_msgs/turtlebot3_msgs/srv/detail/sound__functions.c
-- Up-to-date: /home/ratkaba/workspace/src/ros2-traffic-project/install/turtlebot3_msgs/include/turtlebot3_msgs/turtlebot3_msgs/srv/detail/sound__description.c
-- Up-to-date: /home/ratkaba/workspace/src/ros2-traffic-project/install/turtlebot3_msgs/include/turtlebot3_msgs/turtlebot3_msgs/msg
-- Up-to-date: /home/ratkaba/workspace/src/ros2-traffic-project/install/turtlebot3_msgs/include/turtlebot3_msgs/turtlebot3_msgs/msg/version_info.h
-- Up-to-date: /home/ratkaba/workspace/src/ros2-traffic-project/install/turtlebot3_msgs/include/turtlebot3_msgs/turtlebot3_msgs/msg/rosidl_generator_c__visibility_control.h
-- Up-to-date: /home/ratkaba/workspace/src/ros2-traffic-project/install/turtlebot3_msgs/include/turtlebot3_msgs/turtlebot3_msgs/msg/sensor_state.h
-- Up-to-date: /home/ratkaba/workspace/src/ros2-traffic-project/install/turtlebot3_msgs/include/turtlebot3_msgs/turtlebot3_msgs/msg/sound.h
-- Up-to-date: /home/ratkaba/workspace/src/ros2-traffic-project/install/turtlebot3_msgs/include/turtlebot3_msgs/turtlebot3_msgs/msg/detail
-- Up-to-date: /home/ratkaba/workspace/src/ros2-traffic-project/install/turtlebot3_msgs/include/turtlebot3_msgs/turtlebot3_msgs/msg/detail/sound__struct.h
-- Up-to-date: /home/ratkaba/workspace/src/ros2-traffic-project/install/turtlebot3_msgs/include/turtlebot3_msgs/turtlebot3_msgs/msg/detail/version_info__description.c
-- Up-to-date: /home/ratkaba/workspace/src/ros2-traffic-project/install/turtlebot3_msgs/include/turtlebot3_msgs/turtlebot3_msgs/msg/detail/sensor_state__description.c
-- Up-to-date: /home/ratkaba/workspace/src/ros2-traffic-project/install/turtlebot3_msgs/include/turtlebot3_msgs/turtlebot3_msgs/msg/detail/version_info__type_support.c
-- Up-to-date: /home/ratkaba/workspace/src/ros2-traffic-project/install/turtlebot3_msgs/include/turtlebot3_msgs/turtlebot3_msgs/msg/detail/version_info__struct.h
-- Up-to-date: /home/ratkaba/workspace/src/ros2-traffic-project/install/turtlebot3_msgs/include/turtlebot3_msgs/turtlebot3_msgs/msg/detail/sound__type_support.h
-- Up-to-date: /home/ratkaba/workspace/src/ros2-traffic-project/install/turtlebot3_msgs/include/turtlebot3_msgs/turtlebot3_msgs/msg/detail/sound__type_support.c
-- Up-to-date: /home/ratkaba/workspace/src/ros2-traffic-project/install/turtlebot3_msgs/include/turtlebot3_msgs/turtlebot3_msgs/msg/detail/sensor_state__functions.c
-- Up-to-date: /home/ratkaba/workspace/src/ros2-traffic-project/install/turtlebot3_msgs/include/turtlebot3_msgs/turtlebot3_msgs/msg/detail/sensor_state__functions.h
-- Up-to-date: /home/ratkaba/workspace/src/ros2-traffic-project/install/turtlebot3_msgs/include/turtlebot3_msgs/turtlebot3_msgs/msg/detail/version_info__type_support.h
-- Up-to-date: /home/ratkaba/workspace/src/ros2-traffic-project/install/turtlebot3_msgs/include/turtlebot3_msgs/turtlebot3_msgs/msg/detail/sensor_state__type_support.h
-- Up-to-date: /home/ratkaba/workspace/src/ros2-traffic-project/install/turtlebot3_msgs/include/turtlebot3_msgs/turtlebot3_msgs/msg/detail/sensor_state__struct.h
-- Up-to-date: /home/ratkaba/workspace/src/ros2-traffic-project/install/turtlebot3_msgs/include/turtlebot3_msgs/turtlebot3_msgs/msg/detail/sound__functions.h
-- Up-to-date: /home/ratkaba/workspace/src/ros2-traffic-project/install/turtlebot3_msgs/include/turtlebot3_msgs/turtlebot3_msgs/msg/detail/sensor_state__type_support.c
-- Up-to-date: /home/ratkaba/workspace/src/ros2-traffic-project/install/turtlebot3_msgs/include/turtlebot3_msgs/turtlebot3_msgs/msg/detail/sound__functions.c
-- Up-to-date: /home/ratkaba/workspace/src/ros2-traffic-project/install/turtlebot3_msgs/include/turtlebot3_msgs/turtlebot3_msgs/msg/detail/sound__description.c
-- Up-to-date: /home/ratkaba/workspace/src/ros2-traffic-project/install/turtlebot3_msgs/include/turtlebot3_msgs/turtlebot3_msgs/msg/detail/version_info__functions.c
-- Up-to-date: /home/ratkaba/workspace/src/ros2-traffic-project/install/turtlebot3_msgs/include/turtlebot3_msgs/turtlebot3_msgs/msg/detail/version_info__functions.h
-- Up-to-date: /home/ratkaba/workspace/src/ros2-traffic-project/install/turtlebot3_msgs/share/turtlebot3_msgs/environment/library_path.sh
-- Up-to-date: /home/ratkaba/workspace/src/ros2-traffic-project/install/turtlebot3_msgs/share/turtlebot3_msgs/environment/library_path.dsv
-- Up-to-date: /home/ratkaba/workspace/src/ros2-traffic-project/install/turtlebot3_msgs/lib/libturtlebot3_msgs__rosidl_generator_c.so
-- Up-to-date: /home/ratkaba/workspace/src/ros2-traffic-project/install/turtlebot3_msgs/include/turtlebot3_msgs/turtlebot3_msgs
-- Up-to-date: /home/ratkaba/workspace/src/ros2-traffic-project/install/turtlebot3_msgs/include/turtlebot3_msgs/turtlebot3_msgs/action
-- Up-to-date: /home/ratkaba/workspace/src/ros2-traffic-project/install/turtlebot3_msgs/include/turtlebot3_msgs/turtlebot3_msgs/action/detail
-- Up-to-date: /home/ratkaba/workspace/src/ros2-traffic-project/install/turtlebot3_msgs/include/turtlebot3_msgs/turtlebot3_msgs/action/detail/patrol__rosidl_typesupport_fastrtps_c.h
-- Up-to-date: /home/ratkaba/workspace/src/ros2-traffic-project/install/turtlebot3_msgs/include/turtlebot3_msgs/turtlebot3_msgs/srv
-- Up-to-date: /home/ratkaba/workspace/src/ros2-traffic-project/install/turtlebot3_msgs/include/turtlebot3_msgs/turtlebot3_msgs/srv/detail
-- Up-to-date: /home/ratkaba/workspace/src/ros2-traffic-project/install/turtlebot3_msgs/include/turtlebot3_msgs/turtlebot3_msgs/srv/detail/sound__rosidl_typesupport_fastrtps_c.h
-- Up-to-date: /home/ratkaba/workspace/src/ros2-traffic-project/install/turtlebot3_msgs/include/turtlebot3_msgs/turtlebot3_msgs/srv/detail/dqn__rosidl_typesupport_fastrtps_c.h
-- Up-to-date: /home/ratkaba/workspace/src/ros2-traffic-project/install/turtlebot3_msgs/include/turtlebot3_msgs/turtlebot3_msgs/msg
-- Up-to-date: /home/ratkaba/workspace/src/ros2-traffic-project/install/turtlebot3_msgs/include/turtlebot3_msgs/turtlebot3_msgs/msg/detail
-- Up-to-date: /home/ratkaba/workspace/src/ros2-traffic-project/install/turtlebot3_msgs/include/turtlebot3_msgs/turtlebot3_msgs/msg/detail/sensor_state__rosidl_typesupport_fastrtps_c.h
-- Up-to-date: /home/ratkaba/workspace/src/ros2-traffic-project/install/turtlebot3_msgs/include/turtlebot3_msgs/turtlebot3_msgs/msg/detail/sound__rosidl_typesupport_fastrtps_c.h
-- Up-to-date: /home/ratkaba/workspace/src/ros2-traffic-project/install/turtlebot3_msgs/include/turtlebot3_msgs/turtlebot3_msgs/msg/detail/version_info__rosidl_typesupport_fastrtps_c.h
-- Up-to-date: /home/ratkaba/workspace/src/ros2-traffic-project/install/turtlebot3_msgs/include/turtlebot3_msgs/turtlebot3_msgs/msg/rosidl_typesupport_fastrtps_c__visibility_control.h
-- Up-to-date: /home/ratkaba/workspace/src/ros2-traffic-project/install/turtlebot3_msgs/lib/libturtlebot3_msgs__rosidl_typesupport_fastrtps_c.so
-- Up-to-date: /home/ratkaba/workspace/src/ros2-traffic-project/install/turtlebot3_msgs/include/turtlebot3_msgs/turtlebot3_msgs
-- Up-to-date: /home/ratkaba/workspace/src/ros2-traffic-project/install/turtlebot3_msgs/include/turtlebot3_msgs/turtlebot3_msgs/action
-- Up-to-date: /home/ratkaba/workspace/src/ros2-traffic-project/install/turtlebot3_msgs/include/turtlebot3_msgs/turtlebot3_msgs/action/patrol.hpp
-- Up-to-date: /home/ratkaba/workspace/src/ros2-traffic-project/install/turtlebot3_msgs/include/turtlebot3_msgs/turtlebot3_msgs/action/detail
-- Up-to-date: /home/ratkaba/workspace/src/ros2-traffic-project/install/turtlebot3_msgs/include/turtlebot3_msgs/turtlebot3_msgs/action/detail/patrol__struct.hpp
-- Up-to-date: /home/ratkaba/workspace/src/ros2-traffic-project/install/turtlebot3_msgs/include/turtlebot3_msgs/turtlebot3_msgs/action/detail/patrol__builder.hpp
-- Up-to-date: /home/ratkaba/workspace/src/ros2-traffic-project/install/turtlebot3_msgs/include/turtlebot3_msgs/turtlebot3_msgs/action/detail/patrol__type_support.hpp
-- Up-to-date: /home/ratkaba/workspace/src/ros2-traffic-project/install/turtlebot3_msgs/include/turtlebot3_msgs/turtlebot3_msgs/action/detail/patrol__traits.hpp
-- Up-to-date: /home/ratkaba/workspace/src/ros2-traffic-project/install/turtlebot3_msgs/include/turtlebot3_msgs/turtlebot3_msgs/srv
-- Up-to-date: /home/ratkaba/workspace/src/ros2-traffic-project/install/turtlebot3_msgs/include/turtlebot3_msgs/turtlebot3_msgs/srv/dqn.hpp
-- Up-to-date: /home/ratkaba/workspace/src/ros2-traffic-project/install/turtlebot3_msgs/include/turtlebot3_msgs/turtlebot3_msgs/srv/sound.hpp
-- Up-to-date: /home/ratkaba/workspace/src/ros2-traffic-project/install/turtlebot3_msgs/include/turtlebot3_msgs/turtlebot3_msgs/srv/detail
-- Up-to-date: /home/ratkaba/workspace/src/ros2-traffic-project/install/turtlebot3_msgs/include/turtlebot3_msgs/turtlebot3_msgs/srv/detail/sound__struct.hpp
-- Up-to-date: /home/ratkaba/workspace/src/ros2-traffic-project/install/turtlebot3_msgs/include/turtlebot3_msgs/turtlebot3_msgs/srv/detail/sound__traits.hpp
-- Up-to-date: /home/ratkaba/workspace/src/ros2-traffic-project/install/turtlebot3_msgs/include/turtlebot3_msgs/turtlebot3_msgs/srv/detail/dqn__traits.hpp
-- Up-to-date: /home/ratkaba/workspace/src/ros2-traffic-project/install/turtlebot3_msgs/include/turtlebot3_msgs/turtlebot3_msgs/srv/detail/dqn__struct.hpp
-- Up-to-date: /home/ratkaba/workspace/src/ros2-traffic-project/install/turtlebot3_msgs/include/turtlebot3_msgs/turtlebot3_msgs/srv/detail/dqn__builder.hpp
-- Up-to-date: /home/ratkaba/workspace/src/ros2-traffic-project/install/turtlebot3_msgs/include/turtlebot3_msgs/turtlebot3_msgs/srv/detail/sound__builder.hpp
-- Up-to-date: /home/ratkaba/workspace/src/ros2-traffic-project/install/turtlebot3_msgs/include/turtlebot3_msgs/turtlebot3_msgs/srv/detail/dqn__type_support.hpp
-- Up-to-date: /home/ratkaba/workspace/src/ros2-traffic-project/install/turtlebot3_msgs/include/turtlebot3_msgs/turtlebot3_msgs/srv/detail/sound__type_support.hpp
-- Up-to-date: /home/ratkaba/workspace/src/ros2-traffic-project/install/turtlebot3_msgs/include/turtlebot3_msgs/turtlebot3_msgs/msg
-- Up-to-date: /home/ratkaba/workspace/src/ros2-traffic-project/install/turtlebot3_msgs/include/turtlebot3_msgs/turtlebot3_msgs/msg/sound.hpp
-- Up-to-date: /home/ratkaba/workspace/src/ros2-traffic-project/install/turtlebot3_msgs/include/turtlebot3_msgs/turtlebot3_msgs/msg/rosidl_generator_cpp__visibility_control.hpp
-- Up-to-date: /home/ratkaba/workspace/src/ros2-traffic-project/install/turtlebot3_msgs/include/turtlebot3_msgs/turtlebot3_msgs/msg/detail
-- Up-to-date: /home/ratkaba/workspace/src/ros2-traffic-project/install/turtlebot3_msgs/include/turtlebot3_msgs/turtlebot3_msgs/msg/detail/version_info__type_support.hpp
-- Up-to-date: /home/ratkaba/workspace/src/ros2-traffic-project/install/turtlebot3_msgs/include/turtlebot3_msgs/turtlebot3_msgs/msg/detail/sound__struct.hpp
-- Up-to-date: /home/ratkaba/workspace/src/ros2-traffic-project/install/turtlebot3_msgs/include/turtlebot3_msgs/turtlebot3_msgs/msg/detail/sound__traits.hpp
-- Up-to-date: /home/ratkaba/workspace/src/ros2-traffic-project/install/turtlebot3_msgs/include/turtlebot3_msgs/turtlebot3_msgs/msg/detail/sound__builder.hpp
-- Up-to-date: /home/ratkaba/workspace/src/ros2-traffic-project/install/turtlebot3_msgs/include/turtlebot3_msgs/turtlebot3_msgs/msg/detail/sensor_state__builder.hpp
-- Up-to-date: /home/ratkaba/workspace/src/ros2-traffic-project/install/turtlebot3_msgs/include/turtlebot3_msgs/turtlebot3_msgs/msg/detail/version_info__traits.hpp
-- Up-to-date: /home/ratkaba/workspace/src/ros2-traffic-project/install/turtlebot3_msgs/include/turtlebot3_msgs/turtlebot3_msgs/msg/detail/sensor_state__struct.hpp
-- Up-to-date: /home/ratkaba/workspace/src/ros2-traffic-project/install/turtlebot3_msgs/include/turtlebot3_msgs/turtlebot3_msgs/msg/detail/version_info__builder.hpp
-- Up-to-date: /home/ratkaba/workspace/src/ros2-traffic-project/install/turtlebot3_msgs/include/turtlebot3_msgs/turtlebot3_msgs/msg/detail/version_info__struct.hpp
-- Up-to-date: /home/ratkaba/workspace/src/ros2-traffic-project/install/turtlebot3_msgs/include/turtlebot3_msgs/turtlebot3_msgs/msg/detail/sensor_state__traits.hpp
-- Up-to-date: /home/ratkaba/workspace/src/ros2-traffic-project/install/turtlebot3_msgs/include/turtlebot3_msgs/turtlebot3_msgs/msg/detail/sensor_state__type_support.hpp
-- Up-to-date: /home/ratkaba/workspace/src/ros2-traffic-project/install/turtlebot3_msgs/include/turtlebot3_msgs/turtlebot3_msgs/msg/detail/sound__type_support.hpp
-- Up-to-date: /home/ratkaba/workspace/src/ros2-traffic-project/install/turtlebot3_msgs/include/turtlebot3_msgs/turtlebot3_msgs/msg/sensor_state.hpp
-- Up-to-date: /home/ratkaba/workspace/src/ros2-traffic-project/install/turtlebot3_msgs/include/turtlebot3_msgs/turtlebot3_msgs/msg/version_info.hpp
-- Up-to-date: /home/ratkaba/workspace/src/ros2-traffic-project/install/turtlebot3_msgs/include/turtlebot3_msgs/turtlebot3_msgs
-- Up-to-date: /home/ratkaba/workspace/src/ros2-traffic-project/install/turtlebot3_msgs/include/turtlebot3_msgs/turtlebot3_msgs/action
-- Up-to-date: /home/ratkaba/workspace/src/ros2-traffic-project/install/turtlebot3_msgs/include/turtlebot3_msgs/turtlebot3_msgs/action/detail
-- Up-to-date: /home/ratkaba/workspace/src/ros2-traffic-project/install/turtlebot3_msgs/include/turtlebot3_msgs/turtlebot3_msgs/action/detail/dds_fastrtps
-- Up-to-date: /home/ratkaba/workspace/src/ros2-traffic-project/install/turtlebot3_msgs/include/turtlebot3_msgs/turtlebot3_msgs/action/detail/patrol__rosidl_typesupport_fastrtps_cpp.hpp
-- Up-to-date: /home/ratkaba/workspace/src/ros2-traffic-project/install/turtlebot3_msgs/include/turtlebot3_msgs/turtlebot3_msgs/srv
-- Up-to-date: /home/ratkaba/workspace/src/ros2-traffic-project/install/turtlebot3_msgs/include/turtlebot3_msgs/turtlebot3_msgs/srv/detail
-- Up-to-date: /home/ratkaba/workspace/src/ros2-traffic-project/install/turtlebot3_msgs/include/turtlebot3_msgs/turtlebot3_msgs/srv/detail/sound__rosidl_typesupport_fastrtps_cpp.hpp
-- Up-to-date: /home/ratkaba/workspace/src/ros2-traffic-project/install/turtlebot3_msgs/include/turtlebot3_msgs/turtlebot3_msgs/srv/detail/dds_fastrtps
-- Up-to-date: /home/ratkaba/workspace/src/ros2-traffic-project/install/turtlebot3_msgs/include/turtlebot3_msgs/turtlebot3_msgs/srv/detail/dqn__rosidl_typesupport_fastrtps_cpp.hpp
-- Up-to-date: /home/ratkaba/workspace/src/ros2-traffic-project/install/turtlebot3_msgs/include/turtlebot3_msgs/turtlebot3_msgs/msg
-- Up-to-date: /home/ratkaba/workspace/src/ros2-traffic-project/install/turtlebot3_msgs/include/turtlebot3_msgs/turtlebot3_msgs/msg/detail
-- Up-to-date: /home/ratkaba/workspace/src/ros2-traffic-project/install/turtlebot3_msgs/include/turtlebot3_msgs/turtlebot3_msgs/msg/detail/version_info__rosidl_typesupport_fastrtps_cpp.hpp
-- Up-to-date: /home/ratkaba/workspace/src/ros2-traffic-project/install/turtlebot3_msgs/include/turtlebot3_msgs/turtlebot3_msgs/msg/detail/sound__rosidl_typesupport_fastrtps_cpp.hpp
-- Up-to-date: /home/ratkaba/workspace/src/ros2-traffic-project/install/turtlebot3_msgs/include/turtlebot3_msgs/turtlebot3_msgs/msg/detail/dds_fastrtps
-- Up-to-date: /home/ratkaba/workspace/src/ros2-traffic-project/install/turtlebot3_msgs/include/turtlebot3_msgs/turtlebot3_msgs/msg/detail/sensor_state__rosidl_typesupport_fastrtps_cpp.hpp
-- Up-to-date: /home/ratkaba/workspace/src/ros2-traffic-project/install/turtlebot3_msgs/include/turtlebot3_msgs/turtlebot3_msgs/msg/rosidl_typesupport_fastrtps_cpp__visibility_control.h
-- Up-to-date: /home/ratkaba/workspace/src/ros2-traffic-project/install/turtlebot3_msgs/lib/libturtlebot3_msgs__rosidl_typesupport_fastrtps_cpp.so
-- Up-to-date: /home/ratkaba/workspace/src/ros2-traffic-project/install/turtlebot3_msgs/include/turtlebot3_msgs/turtlebot3_msgs
-- Up-to-date: /home/ratkaba/workspace/src/ros2-traffic-project/install/turtlebot3_msgs/include/turtlebot3_msgs/turtlebot3_msgs/action
-- Up-to-date: /home/ratkaba/workspace/src/ros2-traffic-project/install/turtlebot3_msgs/include/turtlebot3_msgs/turtlebot3_msgs/action/detail
-- Up-to-date: /home/ratkaba/workspace/src/ros2-traffic-project/install/turtlebot3_msgs/include/turtlebot3_msgs/turtlebot3_msgs/action/detail/patrol__type_support.c
-- Up-to-date: /home/ratkaba/workspace/src/ros2-traffic-project/install/turtlebot3_msgs/include/turtlebot3_msgs/turtlebot3_msgs/action/detail/patrol__rosidl_typesupport_introspection_c.h
-- Up-to-date: /home/ratkaba/workspace/src/ros2-traffic-project/install/turtlebot3_msgs/include/turtlebot3_msgs/turtlebot3_msgs/srv
-- Up-to-date: /home/ratkaba/workspace/src/ros2-traffic-project/install/turtlebot3_msgs/include/turtlebot3_msgs/turtlebot3_msgs/srv/detail
-- Up-to-date: /home/ratkaba/workspace/src/ros2-traffic-project/install/turtlebot3_msgs/include/turtlebot3_msgs/turtlebot3_msgs/srv/detail/sound__type_support.c
-- Up-to-date: /home/ratkaba/workspace/src/ros2-traffic-project/install/turtlebot3_msgs/include/turtlebot3_msgs/turtlebot3_msgs/srv/detail/dqn__type_support.c
-- Up-to-date: /home/ratkaba/workspace/src/ros2-traffic-project/install/turtlebot3_msgs/include/turtlebot3_msgs/turtlebot3_msgs/srv/detail/dqn__rosidl_typesupport_introspection_c.h
-- Up-to-date: /home/ratkaba/workspace/src/ros2-traffic-project/install/turtlebot3_msgs/include/turtlebot3_msgs/turtlebot3_msgs/srv/detail/sound__rosidl_typesupport_introspection_c.h
-- Up-to-date: /home/ratkaba/workspace/src/ros2-traffic-project/install/turtlebot3_msgs/include/turtlebot3_msgs/turtlebot3_msgs/msg
-- Up-to-date: /home/ratkaba/workspace/src/ros2-traffic-project/install/turtlebot3_msgs/include/turtlebot3_msgs/turtlebot3_msgs/msg/rosidl_typesupport_introspection_c__visibility_control.h
-- Up-to-date: /home/ratkaba/workspace/src/ros2-traffic-project/install/turtlebot3_msgs/include/turtlebot3_msgs/turtlebot3_msgs/msg/detail
-- Up-to-date: /home/ratkaba/workspace/src/ros2-traffic-project/install/turtlebot3_msgs/include/turtlebot3_msgs/turtlebot3_msgs/msg/detail/version_info__type_support.c
-- Up-to-date: /home/ratkaba/workspace/src/ros2-traffic-project/install/turtlebot3_msgs/include/turtlebot3_msgs/turtlebot3_msgs/msg/detail/sound__type_support.c
-- Up-to-date: /home/ratkaba/workspace/src/ros2-traffic-project/install/turtlebot3_msgs/include/turtlebot3_msgs/turtlebot3_msgs/msg/detail/sensor_state__rosidl_typesupport_introspection_c.h
-- Up-to-date: /home/ratkaba/workspace/src/ros2-traffic-project/install/turtlebot3_msgs/include/turtlebot3_msgs/turtlebot3_msgs/msg/detail/sensor_state__type_support.c
-- Up-to-date: /home/ratkaba/workspace/src/ros2-traffic-project/install/turtlebot3_msgs/include/turtlebot3_msgs/turtlebot3_msgs/msg/detail/sound__rosidl_typesupport_introspection_c.h
-- Up-to-date: /home/ratkaba/workspace/src/ros2-traffic-project/install/turtlebot3_msgs/include/turtlebot3_msgs/turtlebot3_msgs/msg/detail/version_info__rosidl_typesupport_introspection_c.h
-- Up-to-date: /home/ratkaba/workspace/src/ros2-traffic-project/install/turtlebot3_msgs/lib/libturtlebot3_msgs__rosidl_typesupport_introspection_c.so
-- Up-to-date: /home/ratkaba/workspace/src/ros2-traffic-project/install/turtlebot3_msgs/lib/libturtlebot3_msgs__rosidl_typesupport_c.so
-- Up-to-date: /home/ratkaba/workspace/src/ros2-traffic-project/install/turtlebot3_msgs/include/turtlebot3_msgs/turtlebot3_msgs
-- Up-to-date: /home/ratkaba/workspace/src/ros2-traffic-project/install/turtlebot3_msgs/include/turtlebot3_msgs/turtlebot3_msgs/action
-- Up-to-date: /home/ratkaba/workspace/src/ros2-traffic-project/install/turtlebot3_msgs/include/turtlebot3_msgs/turtlebot3_msgs/action/detail
-- Up-to-date: /home/ratkaba/workspace/src/ros2-traffic-project/install/turtlebot3_msgs/include/turtlebot3_msgs/turtlebot3_msgs/action/detail/patrol__type_support.cpp
-- Up-to-date: /home/ratkaba/workspace/src/ros2-traffic-project/install/turtlebot3_msgs/include/turtlebot3_msgs/turtlebot3_msgs/action/detail/patrol__rosidl_typesupport_introspection_cpp.hpp
-- Up-to-date: /home/ratkaba/workspace/src/ros2-traffic-project/install/turtlebot3_msgs/include/turtlebot3_msgs/turtlebot3_msgs/srv
-- Up-to-date: /home/ratkaba/workspace/src/ros2-traffic-project/install/turtlebot3_msgs/include/turtlebot3_msgs/turtlebot3_msgs/srv/detail
-- Up-to-date: /home/ratkaba/workspace/src/ros2-traffic-project/install/turtlebot3_msgs/include/turtlebot3_msgs/turtlebot3_msgs/srv/detail/dqn__type_support.cpp
-- Up-to-date: /home/ratkaba/workspace/src/ros2-traffic-project/install/turtlebot3_msgs/include/turtlebot3_msgs/turtlebot3_msgs/srv/detail/sound__type_support.cpp
-- Up-to-date: /home/ratkaba/workspace/src/ros2-traffic-project/install/turtlebot3_msgs/include/turtlebot3_msgs/turtlebot3_msgs/srv/detail/sound__rosidl_typesupport_introspection_cpp.hpp
-- Up-to-date: /home/ratkaba/workspace/src/ros2-traffic-project/install/turtlebot3_msgs/include/turtlebot3_msgs/turtlebot3_msgs/srv/detail/dqn__rosidl_typesupport_introspection_cpp.hpp
-- Up-to-date: /home/ratkaba/workspace/src/ros2-traffic-project/install/turtlebot3_msgs/include/turtlebot3_msgs/turtlebot3_msgs/msg
-- Up-to-date: /home/ratkaba/workspace/src/ros2-traffic-project/install/turtlebot3_msgs/include/turtlebot3_msgs/turtlebot3_msgs/msg/detail
-- Up-to-date: /home/ratkaba/workspace/src/ros2-traffic-project/install/turtlebot3_msgs/include/turtlebot3_msgs/turtlebot3_msgs/msg/detail/version_info__rosidl_typesupport_introspection_cpp.hpp
-- Up-to-date: /home/ratkaba/workspace/src/ros2-traffic-project/install/turtlebot3_msgs/include/turtlebot3_msgs/turtlebot3_msgs/msg/detail/sensor_state__rosidl_typesupport_introspection_cpp.hpp
-- Up-to-date: /home/ratkaba/workspace/src/ros2-traffic-project/install/turtlebot3_msgs/include/turtlebot3_msgs/turtlebot3_msgs/msg/detail/sensor_state__type_support.cpp
-- Up-to-date: /home/ratkaba/workspace/src/ros2-traffic-project/install/turtlebot3_msgs/include/turtlebot3_msgs/turtlebot3_msgs/msg/detail/version_info__type_support.cpp
-- Up-to-date: /home/ratkaba/workspace/src/ros2-traffic-project/install/turtlebot3_msgs/include/turtlebot3_msgs/turtlebot3_msgs/msg/detail/sound__type_support.cpp
-- Up-to-date: /home/ratkaba/workspace/src/ros2-traffic-project/install/turtlebot3_msgs/include/turtlebot3_msgs/turtlebot3_msgs/msg/detail/sound__rosidl_typesupport_introspection_cpp.hpp
-- Up-to-date: /home/ratkaba/workspace/src/ros2-traffic-project/install/turtlebot3_msgs/lib/libturtlebot3_msgs__rosidl_typesupport_introspection_cpp.so
-- Up-to-date: /home/ratkaba/workspace/src/ros2-traffic-project/install/turtlebot3_msgs/lib/libturtlebot3_msgs__rosidl_typesupport_cpp.so
-- Up-to-date: /home/ratkaba/workspace/src/ros2-traffic-project/install/turtlebot3_msgs/share/turtlebot3_msgs/environment/pythonpath.sh
-- Up-to-date: /home/ratkaba/workspace/src/ros2-traffic-project/install/turtlebot3_msgs/share/turtlebot3_msgs/environment/pythonpath.dsv
-- Up-to-date: /home/ratkaba/workspace/src/ros2-traffic-project/install/turtlebot3_msgs/lib/python3.12/site-packages/turtlebot3_msgs-2.2.3-py3.12.egg-info
-- Installing: /home/ratkaba/workspace/src/ros2-traffic-project/install/turtlebot3_msgs/lib/python3.12/site-packages/turtlebot3_msgs-2.2.3-py3.12.egg-info/PKG-INFO
-- Installing: /home/ratkaba/workspace/src/ros2-traffic-project/install/turtlebot3_msgs/lib/python3.12/site-packages/turtlebot3_msgs-2.2.3-py3.12.egg-info/top_level.txt
-- Installing: /home/ratkaba/workspace/src/ros2-traffic-project/install/turtlebot3_msgs/lib/python3.12/site-packages/turtlebot3_msgs-2.2.3-py3.12.egg-info/SOURCES.txt
-- Installing: /home/ratkaba/workspace/src/ros2-traffic-project/install/turtlebot3_msgs/lib/python3.12/site-packages/turtlebot3_msgs-2.2.3-py3.12.egg-info/dependency_links.txt
-- Up-to-date: /home/ratkaba/workspace/src/ros2-traffic-project/install/turtlebot3_msgs/lib/python3.12/site-packages/turtlebot3_msgs
-- Up-to-date: /home/ratkaba/workspace/src/ros2-traffic-project/install/turtlebot3_msgs/lib/python3.12/site-packages/turtlebot3_msgs/turtlebot3_msgs_s__rosidl_typesupport_c.so
-- Up-to-date: /home/ratkaba/workspace/src/ros2-traffic-project/install/turtlebot3_msgs/lib/python3.12/site-packages/turtlebot3_msgs/turtlebot3_msgs_s__rosidl_typesupport_fastrtps_c.so
-- Up-to-date: /home/ratkaba/workspace/src/ros2-traffic-project/install/turtlebot3_msgs/lib/python3.12/site-packages/turtlebot3_msgs/action
-- Up-to-date: /home/ratkaba/workspace/src/ros2-traffic-project/install/turtlebot3_msgs/lib/python3.12/site-packages/turtlebot3_msgs/action/_patrol_s.c
-- Up-to-date: /home/ratkaba/workspace/src/ros2-traffic-project/install/turtlebot3_msgs/lib/python3.12/site-packages/turtlebot3_msgs/action/__init__.py
-- Up-to-date: /home/ratkaba/workspace/src/ros2-traffic-project/install/turtlebot3_msgs/lib/python3.12/site-packages/turtlebot3_msgs/action/_patrol.py
-- Up-to-date: /home/ratkaba/workspace/src/ros2-traffic-project/install/turtlebot3_msgs/lib/python3.12/site-packages/turtlebot3_msgs/__init__.py
-- Up-to-date: /home/ratkaba/workspace/src/ros2-traffic-project/install/turtlebot3_msgs/lib/python3.12/site-packages/turtlebot3_msgs/_turtlebot3_msgs_s.ep.rosidl_typesupport_c.c
-- Up-to-date: /home/ratkaba/workspace/src/ros2-traffic-project/install/turtlebot3_msgs/lib/python3.12/site-packages/turtlebot3_msgs/turtlebot3_msgs_s__rosidl_typesupport_introspection_c.so
-- Up-to-date: /home/ratkaba/workspace/src/ros2-traffic-project/install/turtlebot3_msgs/lib/python3.12/site-packages/turtlebot3_msgs/srv
-- Up-to-date: /home/ratkaba/workspace/src/ros2-traffic-project/install/turtlebot3_msgs/lib/python3.12/site-packages/turtlebot3_msgs/srv/_dqn_s.c
-- Up-to-date: /home/ratkaba/workspace/src/ros2-traffic-project/install/turtlebot3_msgs/lib/python3.12/site-packages/turtlebot3_msgs/srv/_sound_s.c
-- Up-to-date: /home/ratkaba/workspace/src/ros2-traffic-project/install/turtlebot3_msgs/lib/python3.12/site-packages/turtlebot3_msgs/srv/_sound.py
-- Up-to-date: /home/ratkaba/workspace/src/ros2-traffic-project/install/turtlebot3_msgs/lib/python3.12/site-packages/turtlebot3_msgs/srv/__init__.py
-- Up-to-date: /home/ratkaba/workspace/src/ros2-traffic-project/install/turtlebot3_msgs/lib/python3.12/site-packages/turtlebot3_msgs/srv/_dqn.py
-- Up-to-date: /home/ratkaba/workspace/src/ros2-traffic-project/install/turtlebot3_msgs/lib/python3.12/site-packages/turtlebot3_msgs/_turtlebot3_msgs_s.ep.rosidl_typesupport_introspection_c.c
-- Up-to-date: /home/ratkaba/workspace/src/ros2-traffic-project/install/turtlebot3_msgs/lib/python3.12/site-packages/turtlebot3_msgs/_turtlebot3_msgs_s.ep.rosidl_typesupport_fastrtps_c.c
-- Up-to-date: /home/ratkaba/workspace/src/ros2-traffic-project/install/turtlebot3_msgs/lib/python3.12/site-packages/turtlebot3_msgs/msg
-- Up-to-date: /home/ratkaba/workspace/src/ros2-traffic-project/install/turtlebot3_msgs/lib/python3.12/site-packages/turtlebot3_msgs/msg/_sound_s.c
-- Up-to-date: /home/ratkaba/workspace/src/ros2-traffic-project/install/turtlebot3_msgs/lib/python3.12/site-packages/turtlebot3_msgs/msg/_version_info_s.c
-- Up-to-date: /home/ratkaba/workspace/src/ros2-traffic-project/install/turtlebot3_msgs/lib/python3.12/site-packages/turtlebot3_msgs/msg/_sound.py
-- Up-to-date: /home/ratkaba/workspace/src/ros2-traffic-project/install/turtlebot3_msgs/lib/python3.12/site-packages/turtlebot3_msgs/msg/__init__.py
-- Up-to-date: /home/ratkaba/workspace/src/ros2-traffic-project/install/turtlebot3_msgs/lib/python3.12/site-packages/turtlebot3_msgs/msg/_sensor_state_s.c
-- Up-to-date: /home/ratkaba/workspace/src/ros2-traffic-project/install/turtlebot3_msgs/lib/python3.12/site-packages/turtlebot3_msgs/msg/_version_info.py
-- Up-to-date: /home/ratkaba/workspace/src/ros2-traffic-project/install/turtlebot3_msgs/lib/python3.12/site-packages/turtlebot3_msgs/msg/_sensor_state.py
Listing '/home/ratkaba/workspace/src/ros2-traffic-project/install/turtlebot3_msgs/lib/python3.12/site-packages/turtlebot3_msgs'...
Listing '/home/ratkaba/workspace/src/ros2-traffic-project/install/turtlebot3_msgs/lib/python3.12/site-packages/turtlebot3_msgs/action'...
Listing '/home/ratkaba/workspace/src/ros2-traffic-project/install/turtlebot3_msgs/lib/python3.12/site-packages/turtlebot3_msgs/msg'...
Listing '/home/ratkaba/workspace/src/ros2-traffic-project/install/turtlebot3_msgs/lib/python3.12/site-packages/turtlebot3_msgs/srv'...
-- Up-to-date: /home/ratkaba/workspace/src/ros2-traffic-project/install/turtlebot3_msgs/lib/python3.12/site-packages/turtlebot3_msgs/turtlebot3_msgs_s__rosidl_typesupport_fastrtps_c.so
-- Up-to-date: /home/ratkaba/workspace/src/ros2-traffic-project/install/turtlebot3_msgs/lib/python3.12/site-packages/turtlebot3_msgs/turtlebot3_msgs_s__rosidl_typesupport_introspection_c.so
-- Up-to-date: /home/ratkaba/workspace/src/ros2-traffic-project/install/turtlebot3_msgs/lib/python3.12/site-packages/turtlebot3_msgs/turtlebot3_msgs_s__rosidl_typesupport_c.so
-- Up-to-date: /home/ratkaba/workspace/src/ros2-traffic-project/install/turtlebot3_msgs/lib/libturtlebot3_msgs__rosidl_generator_py.so
-- Up-to-date: /home/ratkaba/workspace/src/ros2-traffic-project/install/turtlebot3_msgs/share/turtlebot3_msgs/msg/SensorState.idl
-- Up-to-date: /home/ratkaba/workspace/src/ros2-traffic-project/install/turtlebot3_msgs/share/turtlebot3_msgs/msg/Sound.idl
-- Up-to-date: /home/ratkaba/workspace/src/ros2-traffic-project/install/turtlebot3_msgs/share/turtlebot3_msgs/msg/VersionInfo.idl
-- Up-to-date: /home/ratkaba/workspace/src/ros2-traffic-project/install/turtlebot3_msgs/share/turtlebot3_msgs/srv/Sound.idl
-- Up-to-date: /home/ratkaba/workspace/src/ros2-traffic-project/install/turtlebot3_msgs/share/turtlebot3_msgs/srv/Dqn.idl
-- Up-to-date: /home/ratkaba/workspace/src/ros2-traffic-project/install/turtlebot3_msgs/share/turtlebot3_msgs/action/Patrol.idl
-- Up-to-date: /home/ratkaba/workspace/src/ros2-traffic-project/install/turtlebot3_msgs/share/turtlebot3_msgs/msg/SensorState.msg
-- Up-to-date: /home/ratkaba/workspace/src/ros2-traffic-project/install/turtlebot3_msgs/share/turtlebot3_msgs/msg/Sound.msg
-- Up-to-date: /home/ratkaba/workspace/src/ros2-traffic-project/install/turtlebot3_msgs/share/turtlebot3_msgs/msg/VersionInfo.msg
-- Up-to-date: /home/ratkaba/workspace/src/ros2-traffic-project/install/turtlebot3_msgs/share/turtlebot3_msgs/srv/Sound.srv
-- Up-to-date: /home/ratkaba/workspace/src/ros2-traffic-project/install/turtlebot3_msgs/share/turtlebot3_msgs/srv/Dqn.srv
-- Up-to-date: /home/ratkaba/workspace/src/ros2-traffic-project/install/turtlebot3_msgs/share/turtlebot3_msgs/action/Patrol.action
-- Up-to-date: /home/ratkaba/workspace/src/ros2-traffic-project/install/turtlebot3_msgs/share/ament_index/resource_index/package_run_dependencies/turtlebot3_msgs
-- Up-to-date: /home/ratkaba/workspace/src/ros2-traffic-project/install/turtlebot3_msgs/share/ament_index/resource_index/parent_prefix_path/turtlebot3_msgs
-- Up-to-date: /home/ratkaba/workspace/src/ros2-traffic-project/install/turtlebot3_msgs/share/turtlebot3_msgs/environment/ament_prefix_path.sh
-- Up-to-date: /home/ratkaba/workspace/src/ros2-traffic-project/install/turtlebot3_msgs/share/turtlebot3_msgs/environment/ament_prefix_path.dsv
-- Up-to-date: /home/ratkaba/workspace/src/ros2-traffic-project/install/turtlebot3_msgs/share/turtlebot3_msgs/environment/path.sh
-- Up-to-date: /home/ratkaba/workspace/src/ros2-traffic-project/install/turtlebot3_msgs/share/turtlebot3_msgs/environment/path.dsv
-- Up-to-date: /home/ratkaba/workspace/src/ros2-traffic-project/install/turtlebot3_msgs/share/turtlebot3_msgs/local_setup.bash
-- Up-to-date: /home/ratkaba/workspace/src/ros2-traffic-project/install/turtlebot3_msgs/share/turtlebot3_msgs/local_setup.sh
-- Up-to-date: /home/ratkaba/workspace/src/ros2-traffic-project/install/turtlebot3_msgs/share/turtlebot3_msgs/local_setup.zsh
-- Up-to-date: /home/ratkaba/workspace/src/ros2-traffic-project/install/turtlebot3_msgs/share/turtlebot3_msgs/local_setup.dsv
-- Installing: /home/ratkaba/workspace/src/ros2-traffic-project/install/turtlebot3_msgs/share/turtlebot3_msgs/package.dsv
-- Up-to-date: /home/ratkaba/workspace/src/ros2-traffic-project/install/turtlebot3_msgs/share/ament_index/resource_index/packages/turtlebot3_msgs
-- Up-to-date: /home/ratkaba/workspace/src/ros2-traffic-project/install/turtlebot3_msgs/share/turtlebot3_msgs/cmake/export_turtlebot3_msgs__rosidl_generator_cExport.cmake
-- Up-to-date: /home/ratkaba/workspace/src/ros2-traffic-project/install/turtlebot3_msgs/share/turtlebot3_msgs/cmake/export_turtlebot3_msgs__rosidl_generator_cExport-noconfig.cmake
-- Up-to-date: /home/ratkaba/workspace/src/ros2-traffic-project/install/turtlebot3_msgs/share/turtlebot3_msgs/cmake/export_turtlebot3_msgs__rosidl_typesupport_fastrtps_cExport.cmake
-- Up-to-date: /home/ratkaba/workspace/src/ros2-traffic-project/install/turtlebot3_msgs/share/turtlebot3_msgs/cmake/export_turtlebot3_msgs__rosidl_typesupport_fastrtps_cExport-noconfig.cmake
-- Up-to-date: /home/ratkaba/workspace/src/ros2-traffic-project/install/turtlebot3_msgs/share/turtlebot3_msgs/cmake/export_turtlebot3_msgs__rosidl_generator_cppExport.cmake
-- Up-to-date: /home/ratkaba/workspace/src/ros2-traffic-project/install/turtlebot3_msgs/share/turtlebot3_msgs/cmake/export_turtlebot3_msgs__rosidl_typesupport_fastrtps_cppExport.cmake
-- Up-to-date: /home/ratkaba/workspace/src/ros2-traffic-project/install/turtlebot3_msgs/share/turtlebot3_msgs/cmake/export_turtlebot3_msgs__rosidl_typesupport_fastrtps_cppExport-noconfig.cmake
-- Up-to-date: /home/ratkaba/workspace/src/ros2-traffic-project/install/turtlebot3_msgs/share/turtlebot3_msgs/cmake/turtlebot3_msgs__rosidl_typesupport_introspection_cExport.cmake
-- Up-to-date: /home/ratkaba/workspace/src/ros2-traffic-project/install/turtlebot3_msgs/share/turtlebot3_msgs/cmake/turtlebot3_msgs__rosidl_typesupport_introspection_cExport-noconfig.cmake
-- Up-to-date: /home/ratkaba/workspace/src/ros2-traffic-project/install/turtlebot3_msgs/share/turtlebot3_msgs/cmake/turtlebot3_msgs__rosidl_typesupport_cExport.cmake
-- Up-to-date: /home/ratkaba/workspace/src/ros2-traffic-project/install/turtlebot3_msgs/share/turtlebot3_msgs/cmake/turtlebot3_msgs__rosidl_typesupport_cExport-noconfig.cmake
-- Up-to-date: /home/ratkaba/workspace/src/ros2-traffic-project/install/turtlebot3_msgs/share/turtlebot3_msgs/cmake/turtlebot3_msgs__rosidl_typesupport_introspection_cppExport.cmake
-- Up-to-date: /home/ratkaba/workspace/src/ros2-traffic-project/install/turtlebot3_msgs/share/turtlebot3_msgs/cmake/turtlebot3_msgs__rosidl_typesupport_introspection_cppExport-noconfig.cmake
-- Up-to-date: /home/ratkaba/workspace/src/ros2-traffic-project/install/turtlebot3_msgs/share/turtlebot3_msgs/cmake/turtlebot3_msgs__rosidl_typesupport_cppExport.cmake
-- Up-to-date: /home/ratkaba/workspace/src/ros2-traffic-project/install/turtlebot3_msgs/share/turtlebot3_msgs/cmake/turtlebot3_msgs__rosidl_typesupport_cppExport-noconfig.cmake
-- Up-to-date: /home/ratkaba/workspace/src/ros2-traffic-project/install/turtlebot3_msgs/share/turtlebot3_msgs/cmake/export_turtlebot3_msgs__rosidl_generator_pyExport.cmake
-- Up-to-date: /home/ratkaba/workspace/src/ros2-traffic-project/install/turtlebot3_msgs/share/turtlebot3_msgs/cmake/export_turtlebot3_msgs__rosidl_generator_pyExport-noconfig.cmake
-- Up-to-date: /home/ratkaba/workspace/src/ros2-traffic-project/install/turtlebot3_msgs/share/turtlebot3_msgs/cmake/rosidl_cmake-extras.cmake
-- Up-to-date: /home/ratkaba/workspace/src/ros2-traffic-project/install/turtlebot3_msgs/share/turtlebot3_msgs/cmake/ament_cmake_export_dependencies-extras.cmake
-- Up-to-date: /home/ratkaba/workspace/src/ros2-traffic-project/install/turtlebot3_msgs/share/turtlebot3_msgs/cmake/ament_cmake_export_include_directories-extras.cmake
-- Up-to-date: /home/ratkaba/workspace/src/ros2-traffic-project/install/turtlebot3_msgs/share/turtlebot3_msgs/cmake/ament_cmake_export_libraries-extras.cmake
-- Up-to-date: /home/ratkaba/workspace/src/ros2-traffic-project/install/turtlebot3_msgs/share/turtlebot3_msgs/cmake/ament_cmake_export_targets-extras.cmake
-- Up-to-date: /home/ratkaba/workspace/src/ros2-traffic-project/install/turtlebot3_msgs/share/turtlebot3_msgs/cmake/rosidl_cmake_export_typesupport_targets-extras.cmake
-- Up-to-date: /home/ratkaba/workspace/src/ros2-traffic-project/install/turtlebot3_msgs/share/turtlebot3_msgs/cmake/rosidl_cmake_export_typesupport_libraries-extras.cmake
-- Up-to-date: /home/ratkaba/workspace/src/ros2-traffic-project/install/turtlebot3_msgs/share/turtlebot3_msgs/cmake/turtlebot3_msgsConfig.cmake
-- Up-to-date: /home/ratkaba/workspace/src/ros2-traffic-project/install/turtlebot3_msgs/share/turtlebot3_msgs/cmake/turtlebot3_msgsConfig-version.cmake
-- Up-to-date: /home/ratkaba/workspace/src/ros2-traffic-project/install/turtlebot3_msgs/share/turtlebot3_msgs/package.xml
