[0.028s] Invoking command in '/home/ratkaba/workspace/src/ros2-traffic-project/build/turtlebot3_description': CMAKE_PREFIX_PATH=${CMAKE_PREFIX_PATH}:/opt/ros/jazzy /usr/bin/cmake --build /home/ratkaba/workspace/src/ros2-traffic-project/build/turtlebot3_description -- -j20 -l20
[0.204s] Invoked command in '/home/ratkaba/workspace/src/ros2-traffic-project/build/turtlebot3_description' returned '0': CMAKE_PREFIX_PATH=${CMAKE_PREFIX_PATH}:/opt/ros/jazzy /usr/bin/cmake --build /home/ratkaba/workspace/src/ros2-traffic-project/build/turtlebot3_description -- -j20 -l20
[0.210s] Invoking command in '/home/ratkaba/workspace/src/ros2-traffic-project/build/turtlebot3_description': CMAKE_PREFIX_PATH=${CMAKE_PREFIX_PATH}:/opt/ros/jazzy /usr/bin/cmake --install /home/ratkaba/workspace/src/ros2-traffic-project/build/turtlebot3_description
[0.222s] -- Install configuration: ""
[0.222s] -- Up-to-date: /home/ratkaba/workspace/src/ros2-traffic-project/install/turtlebot3_description/share/turtlebot3_description/launch
[0.223s] -- Up-to-date: /home/ratkaba/workspace/src/ros2-traffic-project/install/turtlebot3_description/share/turtlebot3_description/launch/model.launch.py
[0.223s] -- Up-to-date: /home/ratkaba/workspace/src/ros2-traffic-project/install/turtlebot3_description/share/turtlebot3_description/launch/model.launch.py:Zone.Identifier
[0.224s] -- Up-to-date: /home/ratkaba/workspace/src/ros2-traffic-project/install/turtlebot3_description/share/turtlebot3_description/rviz
[0.224s] -- Up-to-date: /home/ratkaba/workspace/src/ros2-traffic-project/install/turtlebot3_description/share/turtlebot3_description/rviz/model.rviz
[0.224s] -- Up-to-date: /home/ratkaba/workspace/src/ros2-traffic-project/install/turtlebot3_description/share/turtlebot3_description/rviz/model.rviz:Zone.Identifier
[0.224s] -- Up-to-date: /home/ratkaba/workspace/src/ros2-traffic-project/install/turtlebot3_description/share/turtlebot3_description/urdf
[0.224s] -- Up-to-date: /home/ratkaba/workspace/src/ros2-traffic-project/install/turtlebot3_description/share/turtlebot3_description/urdf/turtlebot3_burger.urdf.xacro
[0.225s] -- Up-to-date: /home/ratkaba/workspace/src/ros2-traffic-project/install/turtlebot3_description/share/turtlebot3_description/urdf/waffle_pi.urdf.xacro
[0.225s] -- Up-to-date: /home/ratkaba/workspace/src/ros2-traffic-project/install/turtlebot3_description/share/turtlebot3_description/urdf/turtlebot3_waffle_pi.urdf.xacro:Zone.Identifier
[0.225s] -- Up-to-date: /home/ratkaba/workspace/src/ros2-traffic-project/install/turtlebot3_description/share/turtlebot3_description/urdf/waffle_pi.urdf.xacro:Zone.Identifier
[0.225s] -- Up-to-date: /home/ratkaba/workspace/src/ros2-traffic-project/install/turtlebot3_description/share/turtlebot3_description/urdf/turtlebot3_burger.urdf.xacro:Zone.Identifier
[0.226s] -- Up-to-date: /home/ratkaba/workspace/src/ros2-traffic-project/install/turtlebot3_description/share/turtlebot3_description/urdf/turtlebot3_waffle_pi.urdf.xacro
[0.226s] -- Up-to-date: /home/ratkaba/workspace/src/ros2-traffic-project/install/turtlebot3_description/share/turtlebot3_description/urdf/burger.urdf.xacro:Zone.Identifier
[0.226s] -- Up-to-date: /home/ratkaba/workspace/src/ros2-traffic-project/install/turtlebot3_description/share/turtlebot3_description/urdf/burger.urdf.xacro
[0.226s] -- Up-to-date: /home/ratkaba/workspace/src/ros2-traffic-project/install/turtlebot3_description/share/turtlebot3_description/urdf/burger_camera.urdf.xacro:Zone.Identifier
[0.226s] -- Up-to-date: /home/ratkaba/workspace/src/ros2-traffic-project/install/turtlebot3_description/share/turtlebot3_description/urdf/burger_camera.urdf.xacro
[0.226s] -- Up-to-date: /home/ratkaba/workspace/src/ros2-traffic-project/install/turtlebot3_description/share/turtlebot3_description/gazebo
[0.227s] -- Up-to-date: /home/ratkaba/workspace/src/ros2-traffic-project/install/turtlebot3_description/share/turtlebot3_description/gazebo/waffle_pi.gazebo.xacro
[0.227s] -- Up-to-date: /home/ratkaba/workspace/src/ros2-traffic-project/install/turtlebot3_description/share/turtlebot3_description/gazebo/materials.xacro:Zone.Identifier
[0.228s] -- Up-to-date: /home/ratkaba/workspace/src/ros2-traffic-project/install/turtlebot3_description/share/turtlebot3_description/gazebo/burger.gazebo.xacro:Zone.Identifier
[0.228s] -- Up-to-date: /home/ratkaba/workspace/src/ros2-traffic-project/install/turtlebot3_description/share/turtlebot3_description/gazebo/waffle_pi.gazebo.xacro:Zone.Identifier
[0.228s] -- Up-to-date: /home/ratkaba/workspace/src/ros2-traffic-project/install/turtlebot3_description/share/turtlebot3_description/gazebo/materials.xacro
[0.228s] -- Up-to-date: /home/ratkaba/workspace/src/ros2-traffic-project/install/turtlebot3_description/share/turtlebot3_description/gazebo/burger.gazebo.xacro
[0.228s] -- Up-to-date: /home/ratkaba/workspace/src/ros2-traffic-project/install/turtlebot3_description/share/turtlebot3_description/meshes
[0.228s] -- Up-to-date: /home/ratkaba/workspace/src/ros2-traffic-project/install/turtlebot3_description/share/turtlebot3_description/meshes/burger
[0.228s] -- Up-to-date: /home/ratkaba/workspace/src/ros2-traffic-project/install/turtlebot3_description/share/turtlebot3_description/meshes/burger/base.stl:Zone.Identifier
[0.228s] -- Up-to-date: /home/ratkaba/workspace/src/ros2-traffic-project/install/turtlebot3_description/share/turtlebot3_description/meshes/burger/ladar.stl
[0.228s] -- Up-to-date: /home/ratkaba/workspace/src/ros2-traffic-project/install/turtlebot3_description/share/turtlebot3_description/meshes/burger/left_tire.stl
[0.228s] -- Up-to-date: /home/ratkaba/workspace/src/ros2-traffic-project/install/turtlebot3_description/share/turtlebot3_description/meshes/burger/base.stl
[0.228s] -- Up-to-date: /home/ratkaba/workspace/src/ros2-traffic-project/install/turtlebot3_description/share/turtlebot3_description/meshes/burger/ladar.stl:Zone.Identifier
[0.228s] -- Up-to-date: /home/ratkaba/workspace/src/ros2-traffic-project/install/turtlebot3_description/share/turtlebot3_description/meshes/burger/left_tire.stl:Zone.Identifier
[0.228s] -- Up-to-date: /home/ratkaba/workspace/src/ros2-traffic-project/install/turtlebot3_description/share/turtlebot3_description/meshes/burger/right_tire.stl:Zone.Identifier
[0.229s] -- Up-to-date: /home/ratkaba/workspace/src/ros2-traffic-project/install/turtlebot3_description/share/turtlebot3_description/meshes/burger/right_tire.stl
[0.229s] -- Up-to-date: /home/ratkaba/workspace/src/ros2-traffic-project/install/turtlebot3_description/share/turtlebot3_description/meshes/waffle_pi
[0.230s] -- Up-to-date: /home/ratkaba/workspace/src/ros2-traffic-project/install/turtlebot3_description/share/turtlebot3_description/meshes/waffle_pi/base.stl:Zone.Identifier
[0.230s] -- Up-to-date: /home/ratkaba/workspace/src/ros2-traffic-project/install/turtlebot3_description/share/turtlebot3_description/meshes/waffle_pi/ladar.stl
[0.230s] -- Up-to-date: /home/ratkaba/workspace/src/ros2-traffic-project/install/turtlebot3_description/share/turtlebot3_description/meshes/waffle_pi/left_tire.stl
[0.230s] -- Up-to-date: /home/ratkaba/workspace/src/ros2-traffic-project/install/turtlebot3_description/share/turtlebot3_description/meshes/waffle_pi/base.stl
[0.230s] -- Up-to-date: /home/ratkaba/workspace/src/ros2-traffic-project/install/turtlebot3_description/share/turtlebot3_description/meshes/waffle_pi/ladar.stl:Zone.Identifier
[0.230s] -- Up-to-date: /home/ratkaba/workspace/src/ros2-traffic-project/install/turtlebot3_description/share/turtlebot3_description/meshes/waffle_pi/left_tire.stl:Zone.Identifier
[0.231s] -- Up-to-date: /home/ratkaba/workspace/src/ros2-traffic-project/install/turtlebot3_description/share/turtlebot3_description/meshes/waffle_pi/right_tire.stl:Zone.Identifier
[0.231s] -- Up-to-date: /home/ratkaba/workspace/src/ros2-traffic-project/install/turtlebot3_description/share/turtlebot3_description/meshes/waffle_pi/right_tire.stl
[0.231s] -- Up-to-date: /home/ratkaba/workspace/src/ros2-traffic-project/install/turtlebot3_description/share/turtlebot3_description/ros2_control
[0.231s] -- Up-to-date: /home/ratkaba/workspace/src/ros2-traffic-project/install/turtlebot3_description/share/turtlebot3_description/ros2_control/turtlebot3_system.ros2_control.xacro:Zone.Identifier
[0.231s] -- Up-to-date: /home/ratkaba/workspace/src/ros2-traffic-project/install/turtlebot3_description/share/turtlebot3_description/ros2_control/turtlebot3_system.ros2_control.xacro
[0.231s] -- Up-to-date: /home/ratkaba/workspace/src/ros2-traffic-project/install/turtlebot3_description/share/turtlebot3_description/environment/turtlebot3_description.dsv
[0.234s] -- Up-to-date: /home/ratkaba/workspace/src/ros2-traffic-project/install/turtlebot3_description/share/ament_index/resource_index/package_run_dependencies/turtlebot3_description
[0.235s] -- Up-to-date: /home/ratkaba/workspace/src/ros2-traffic-project/install/turtlebot3_description/share/ament_index/resource_index/parent_prefix_path/turtlebot3_description
[0.235s] -- Up-to-date: /home/ratkaba/workspace/src/ros2-traffic-project/install/turtlebot3_description/share/turtlebot3_description/environment/ament_prefix_path.sh
[0.235s] -- Up-to-date: /home/ratkaba/workspace/src/ros2-traffic-project/install/turtlebot3_description/share/turtlebot3_description/environment/ament_prefix_path.dsv
[0.238s] -- Up-to-date: /home/ratkaba/workspace/src/ros2-traffic-project/install/turtlebot3_description/share/turtlebot3_description/environment/path.sh
[0.238s] -- Up-to-date: /home/ratkaba/workspace/src/ros2-traffic-project/install/turtlebot3_description/share/turtlebot3_description/environment/path.dsv
[0.238s] -- Up-to-date: /home/ratkaba/workspace/src/ros2-traffic-project/install/turtlebot3_description/share/turtlebot3_description/local_setup.bash
[0.239s] -- Up-to-date: /home/ratkaba/workspace/src/ros2-traffic-project/install/turtlebot3_description/share/turtlebot3_description/local_setup.sh
[0.239s] -- Up-to-date: /home/ratkaba/workspace/src/ros2-traffic-project/install/turtlebot3_description/share/turtlebot3_description/local_setup.zsh
[0.239s] -- Up-to-date: /home/ratkaba/workspace/src/ros2-traffic-project/install/turtlebot3_description/share/turtlebot3_description/local_setup.dsv
[0.239s] -- Up-to-date: /home/ratkaba/workspace/src/ros2-traffic-project/install/turtlebot3_description/share/turtlebot3_description/package.dsv
[0.239s] -- Up-to-date: /home/ratkaba/workspace/src/ros2-traffic-project/install/turtlebot3_description/share/ament_index/resource_index/packages/turtlebot3_description
[0.239s] -- Up-to-date: /home/ratkaba/workspace/src/ros2-traffic-project/install/turtlebot3_description/share/turtlebot3_description/cmake/turtlebot3_descriptionConfig.cmake
[0.239s] -- Up-to-date: /home/ratkaba/workspace/src/ros2-traffic-project/install/turtlebot3_description/share/turtlebot3_description/cmake/turtlebot3_descriptionConfig-version.cmake
[0.239s] -- Up-to-date: /home/ratkaba/workspace/src/ros2-traffic-project/install/turtlebot3_description/share/turtlebot3_description/package.xml
[0.276s] Invoked command in '/home/ratkaba/workspace/src/ros2-traffic-project/build/turtlebot3_description' returned '0': CMAKE_PREFIX_PATH=${CMAKE_PREFIX_PATH}:/opt/ros/jazzy /usr/bin/cmake --install /home/ratkaba/workspace/src/ros2-traffic-project/build/turtlebot3_description
