[0.456s] Invoking command in '/home/ratkaba/workspace/src/ros2-traffic-project/build/turtlebot3_mogi': CMAKE_PREFIX_PATH=/home/ratkaba/ros2_ws/install/turtlebot3:/home/ratkaba/ros2_ws/install/turtlebot3_slam_toolbox:/home/ratkaba/ros2_ws/install/turtlebot3_simulations:/home/ratkaba/ros2_ws/install/turtlebot3_navigation2:/home/ratkaba/ros2_ws/install/turtlebot3_fake_node:/home/ratkaba/ros2_ws/install/turtlebot3_msgs:/home/ratkaba/ros2_ws/install/turtlebot3_hardware:/home/ratkaba/ros2_ws/install/turtlebot3_gazebo:/home/ratkaba/ros2_ws/install/turtlebot3_bringup:/home/ratkaba/ros2_ws/install/turtlebot3_description:/home/ratkaba/ros2_ws/install/turtlebot3_cartographer:/home/ratkaba/ros2_ws/install/traffic_sim_bringup:/home/ratkaba/ros2_ws/install/bme_ros2_tutorials_bringup:/home/ratkaba/ros2_ws/install/turtlebot3_teleop:/home/ratkaba/ros2_ws/install/turtlebot3_example:/home/ratkaba/ros2_ws/install/traffic_sim_py:/home/ratkaba/ros2_ws/install/bme_ros2_tutorials_py:/opt/ros/jazzy:/home/ratkaba/ros2-traffic-project/install/traffic_sim:/home/ratkaba/ros2-traffic-project/install/ros2-traffic-project:/opt/ros/jazzy/opt/gz_sim_vendor:/opt/ros/jazzy/opt/gz_sensors_vendor:/opt/ros/jazzy/opt/gz_physics_vendor:/opt/ros/jazzy/opt/sdformat_vendor:/opt/ros/jazzy/opt/gz_gui_vendor:/opt/ros/jazzy/opt/gz_transport_vendor:/opt/ros/jazzy/opt/gz_rendering_vendor:/opt/ros/jazzy/opt/gz_plugin_vendor:/opt/ros/jazzy/opt/gz_fuel_tools_vendor:/opt/ros/jazzy/opt/gz_msgs_vendor:/opt/ros/jazzy/opt/gz_common_vendor:/opt/ros/jazzy/opt/gz_math_vendor:/opt/ros/jazzy/opt/gz_utils_vendor:/opt/ros/jazzy/opt/gz_tools_vendor:/opt/ros/jazzy/opt/gz_ogre_next_vendor:/opt/ros/jazzy/opt/gz_dartsim_vendor:/opt/ros/jazzy/opt/gz_cmake_vendor /usr/bin/cmake /home/ratkaba/workspace/src/ros2-traffic-project/turtlebot3_mogi -DCMAKE_INSTALL_PREFIX=/home/ratkaba/workspace/src/ros2-traffic-project/install/turtlebot3_mogi
[0.933s] -- The C compiler identification is GNU 13.3.0
[2.285s] -- The CXX compiler identification is GNU 13.3.0
[3.729s] -- Detecting C compiler ABI info
[4.254s] -- Detecting C compiler ABI info - done
[4.267s] -- Check for working C compiler: /usr/bin/cc - skipped
[4.269s] -- Detecting C compile features
[4.270s] -- Detecting C compile features - done
[4.407s] -- Detecting CXX compiler ABI info
[5.029s] -- Detecting CXX compiler ABI info - done
[5.044s] -- Check for working CXX compiler: /usr/bin/c++ - skipped
[5.045s] -- Detecting CXX compile features
[5.045s] -- Detecting CXX compile features - done
[5.091s] -- Found ament_cmake: 2.5.4 (/opt/ros/jazzy/share/ament_cmake/cmake)
[5.356s] -- Found Python3: /usr/bin/python3 (found version "3.12.3") found components: Interpreter 
[5.586s] -- Found ament_lint_auto: 0.17.2 (/opt/ros/jazzy/share/ament_lint_auto/cmake)
[5.780s] -- Added test 'flake8' to check Python code syntax and style conventions
[5.780s] -- Configured 'flake8' exclude dirs and/or files: 
[5.783s] -- Added test 'lint_cmake' to check CMake code style
[5.785s] -- Added test 'pep257' to check Python code against some of the docstring style conventions in PEP 257
[5.791s] -- Added test 'xmllint' to check XML markup files
[5.795s] -- Configuring done (5.3s)
[5.800s] -- Generating done (0.0s)
[5.803s] -- Build files have been written to: /home/ratkaba/workspace/src/ros2-traffic-project/build/turtlebot3_mogi
[5.809s] Invoked command in '/home/ratkaba/workspace/src/ros2-traffic-project/build/turtlebot3_mogi' returned '0': CMAKE_PREFIX_PATH=/home/ratkaba/ros2_ws/install/turtlebot3:/home/ratkaba/ros2_ws/install/turtlebot3_slam_toolbox:/home/ratkaba/ros2_ws/install/turtlebot3_simulations:/home/ratkaba/ros2_ws/install/turtlebot3_navigation2:/home/ratkaba/ros2_ws/install/turtlebot3_fake_node:/home/ratkaba/ros2_ws/install/turtlebot3_msgs:/home/ratkaba/ros2_ws/install/turtlebot3_hardware:/home/ratkaba/ros2_ws/install/turtlebot3_gazebo:/home/ratkaba/ros2_ws/install/turtlebot3_bringup:/home/ratkaba/ros2_ws/install/turtlebot3_description:/home/ratkaba/ros2_ws/install/turtlebot3_cartographer:/home/ratkaba/ros2_ws/install/traffic_sim_bringup:/home/ratkaba/ros2_ws/install/bme_ros2_tutorials_bringup:/home/ratkaba/ros2_ws/install/turtlebot3_teleop:/home/ratkaba/ros2_ws/install/turtlebot3_example:/home/ratkaba/ros2_ws/install/traffic_sim_py:/home/ratkaba/ros2_ws/install/bme_ros2_tutorials_py:/opt/ros/jazzy:/home/ratkaba/ros2-traffic-project/install/traffic_sim:/home/ratkaba/ros2-traffic-project/install/ros2-traffic-project:/opt/ros/jazzy/opt/gz_sim_vendor:/opt/ros/jazzy/opt/gz_sensors_vendor:/opt/ros/jazzy/opt/gz_physics_vendor:/opt/ros/jazzy/opt/sdformat_vendor:/opt/ros/jazzy/opt/gz_gui_vendor:/opt/ros/jazzy/opt/gz_transport_vendor:/opt/ros/jazzy/opt/gz_rendering_vendor:/opt/ros/jazzy/opt/gz_plugin_vendor:/opt/ros/jazzy/opt/gz_fuel_tools_vendor:/opt/ros/jazzy/opt/gz_msgs_vendor:/opt/ros/jazzy/opt/gz_common_vendor:/opt/ros/jazzy/opt/gz_math_vendor:/opt/ros/jazzy/opt/gz_utils_vendor:/opt/ros/jazzy/opt/gz_tools_vendor:/opt/ros/jazzy/opt/gz_ogre_next_vendor:/opt/ros/jazzy/opt/gz_dartsim_vendor:/opt/ros/jazzy/opt/gz_cmake_vendor /usr/bin/cmake /home/ratkaba/workspace/src/ros2-traffic-project/turtlebot3_mogi -DCMAKE_INSTALL_PREFIX=/home/ratkaba/workspace/src/ros2-traffic-project/install/turtlebot3_mogi
[5.810s] Invoking command in '/home/ratkaba/workspace/src/ros2-traffic-project/build/turtlebot3_mogi': CMAKE_PREFIX_PATH=/home/ratkaba/ros2_ws/install/turtlebot3:/home/ratkaba/ros2_ws/install/turtlebot3_slam_toolbox:/home/ratkaba/ros2_ws/install/turtlebot3_simulations:/home/ratkaba/ros2_ws/install/turtlebot3_navigation2:/home/ratkaba/ros2_ws/install/turtlebot3_fake_node:/home/ratkaba/ros2_ws/install/turtlebot3_msgs:/home/ratkaba/ros2_ws/install/turtlebot3_hardware:/home/ratkaba/ros2_ws/install/turtlebot3_gazebo:/home/ratkaba/ros2_ws/install/turtlebot3_bringup:/home/ratkaba/ros2_ws/install/turtlebot3_description:/home/ratkaba/ros2_ws/install/turtlebot3_cartographer:/home/ratkaba/ros2_ws/install/traffic_sim_bringup:/home/ratkaba/ros2_ws/install/bme_ros2_tutorials_bringup:/home/ratkaba/ros2_ws/install/turtlebot3_teleop:/home/ratkaba/ros2_ws/install/turtlebot3_example:/home/ratkaba/ros2_ws/install/traffic_sim_py:/home/ratkaba/ros2_ws/install/bme_ros2_tutorials_py:/opt/ros/jazzy:/home/ratkaba/ros2-traffic-project/install/traffic_sim:/home/ratkaba/ros2-traffic-project/install/ros2-traffic-project:/opt/ros/jazzy/opt/gz_sim_vendor:/opt/ros/jazzy/opt/gz_sensors_vendor:/opt/ros/jazzy/opt/gz_physics_vendor:/opt/ros/jazzy/opt/sdformat_vendor:/opt/ros/jazzy/opt/gz_gui_vendor:/opt/ros/jazzy/opt/gz_transport_vendor:/opt/ros/jazzy/opt/gz_rendering_vendor:/opt/ros/jazzy/opt/gz_plugin_vendor:/opt/ros/jazzy/opt/gz_fuel_tools_vendor:/opt/ros/jazzy/opt/gz_msgs_vendor:/opt/ros/jazzy/opt/gz_common_vendor:/opt/ros/jazzy/opt/gz_math_vendor:/opt/ros/jazzy/opt/gz_utils_vendor:/opt/ros/jazzy/opt/gz_tools_vendor:/opt/ros/jazzy/opt/gz_ogre_next_vendor:/opt/ros/jazzy/opt/gz_dartsim_vendor:/opt/ros/jazzy/opt/gz_cmake_vendor /usr/bin/cmake --build /home/ratkaba/workspace/src/ros2-traffic-project/build/turtlebot3_mogi -- -j20 -l20
[5.861s] Invoked command in '/home/ratkaba/workspace/src/ros2-traffic-project/build/turtlebot3_mogi' returned '0': CMAKE_PREFIX_PATH=/home/ratkaba/ros2_ws/install/turtlebot3:/home/ratkaba/ros2_ws/install/turtlebot3_slam_toolbox:/home/ratkaba/ros2_ws/install/turtlebot3_simulations:/home/ratkaba/ros2_ws/install/turtlebot3_navigation2:/home/ratkaba/ros2_ws/install/turtlebot3_fake_node:/home/ratkaba/ros2_ws/install/turtlebot3_msgs:/home/ratkaba/ros2_ws/install/turtlebot3_hardware:/home/ratkaba/ros2_ws/install/turtlebot3_gazebo:/home/ratkaba/ros2_ws/install/turtlebot3_bringup:/home/ratkaba/ros2_ws/install/turtlebot3_description:/home/ratkaba/ros2_ws/install/turtlebot3_cartographer:/home/ratkaba/ros2_ws/install/traffic_sim_bringup:/home/ratkaba/ros2_ws/install/bme_ros2_tutorials_bringup:/home/ratkaba/ros2_ws/install/turtlebot3_teleop:/home/ratkaba/ros2_ws/install/turtlebot3_example:/home/ratkaba/ros2_ws/install/traffic_sim_py:/home/ratkaba/ros2_ws/install/bme_ros2_tutorials_py:/opt/ros/jazzy:/home/ratkaba/ros2-traffic-project/install/traffic_sim:/home/ratkaba/ros2-traffic-project/install/ros2-traffic-project:/opt/ros/jazzy/opt/gz_sim_vendor:/opt/ros/jazzy/opt/gz_sensors_vendor:/opt/ros/jazzy/opt/gz_physics_vendor:/opt/ros/jazzy/opt/sdformat_vendor:/opt/ros/jazzy/opt/gz_gui_vendor:/opt/ros/jazzy/opt/gz_transport_vendor:/opt/ros/jazzy/opt/gz_rendering_vendor:/opt/ros/jazzy/opt/gz_plugin_vendor:/opt/ros/jazzy/opt/gz_fuel_tools_vendor:/opt/ros/jazzy/opt/gz_msgs_vendor:/opt/ros/jazzy/opt/gz_common_vendor:/opt/ros/jazzy/opt/gz_math_vendor:/opt/ros/jazzy/opt/gz_utils_vendor:/opt/ros/jazzy/opt/gz_tools_vendor:/opt/ros/jazzy/opt/gz_ogre_next_vendor:/opt/ros/jazzy/opt/gz_dartsim_vendor:/opt/ros/jazzy/opt/gz_cmake_vendor /usr/bin/cmake --build /home/ratkaba/workspace/src/ros2-traffic-project/build/turtlebot3_mogi -- -j20 -l20
[5.862s] Invoking command in '/home/ratkaba/workspace/src/ros2-traffic-project/build/turtlebot3_mogi': CMAKE_PREFIX_PATH=/home/ratkaba/ros2_ws/install/turtlebot3:/home/ratkaba/ros2_ws/install/turtlebot3_slam_toolbox:/home/ratkaba/ros2_ws/install/turtlebot3_simulations:/home/ratkaba/ros2_ws/install/turtlebot3_navigation2:/home/ratkaba/ros2_ws/install/turtlebot3_fake_node:/home/ratkaba/ros2_ws/install/turtlebot3_msgs:/home/ratkaba/ros2_ws/install/turtlebot3_hardware:/home/ratkaba/ros2_ws/install/turtlebot3_gazebo:/home/ratkaba/ros2_ws/install/turtlebot3_bringup:/home/ratkaba/ros2_ws/install/turtlebot3_description:/home/ratkaba/ros2_ws/install/turtlebot3_cartographer:/home/ratkaba/ros2_ws/install/traffic_sim_bringup:/home/ratkaba/ros2_ws/install/bme_ros2_tutorials_bringup:/home/ratkaba/ros2_ws/install/turtlebot3_teleop:/home/ratkaba/ros2_ws/install/turtlebot3_example:/home/ratkaba/ros2_ws/install/traffic_sim_py:/home/ratkaba/ros2_ws/install/bme_ros2_tutorials_py:/opt/ros/jazzy:/home/ratkaba/ros2-traffic-project/install/traffic_sim:/home/ratkaba/ros2-traffic-project/install/ros2-traffic-project:/opt/ros/jazzy/opt/gz_sim_vendor:/opt/ros/jazzy/opt/gz_sensors_vendor:/opt/ros/jazzy/opt/gz_physics_vendor:/opt/ros/jazzy/opt/sdformat_vendor:/opt/ros/jazzy/opt/gz_gui_vendor:/opt/ros/jazzy/opt/gz_transport_vendor:/opt/ros/jazzy/opt/gz_rendering_vendor:/opt/ros/jazzy/opt/gz_plugin_vendor:/opt/ros/jazzy/opt/gz_fuel_tools_vendor:/opt/ros/jazzy/opt/gz_msgs_vendor:/opt/ros/jazzy/opt/gz_common_vendor:/opt/ros/jazzy/opt/gz_math_vendor:/opt/ros/jazzy/opt/gz_utils_vendor:/opt/ros/jazzy/opt/gz_tools_vendor:/opt/ros/jazzy/opt/gz_ogre_next_vendor:/opt/ros/jazzy/opt/gz_dartsim_vendor:/opt/ros/jazzy/opt/gz_cmake_vendor /usr/bin/cmake --install /home/ratkaba/workspace/src/ros2-traffic-project/build/turtlebot3_mogi
[5.872s] -- Install configuration: ""
[5.872s] -- Installing: /home/ratkaba/workspace/src/ros2-traffic-project/install/turtlebot3_mogi/share/turtlebot3_mogi/launch
[5.873s] -- Installing: /home/ratkaba/workspace/src/ros2-traffic-project/install/turtlebot3_mogi/share/turtlebot3_mogi/launch/robot_visualization.launch.py:Zone.Identifier
[5.873s] -- Installing: /home/ratkaba/workspace/src/ros2-traffic-project/install/turtlebot3_mogi/share/turtlebot3_mogi/launch/simulation_bringup_navigation_with_slam.launch.py
[5.873s] -- Installing: /home/ratkaba/workspace/src/ros2-traffic-project/install/turtlebot3_mogi/share/turtlebot3_mogi/launch/simulation_bringup_navigation.launch.py
[5.874s] -- Installing: /home/ratkaba/workspace/src/ros2-traffic-project/install/turtlebot3_mogi/share/turtlebot3_mogi/launch/robot_navigation.launch.py:Zone.Identifier
[5.874s] -- Installing: /home/ratkaba/workspace/src/ros2-traffic-project/install/turtlebot3_mogi/share/turtlebot3_mogi/launch/simulation_bringup_slam.launch.py:Zone.Identifier
[5.874s] -- Installing: /home/ratkaba/workspace/src/ros2-traffic-project/install/turtlebot3_mogi/share/turtlebot3_mogi/launch/robot_mapping.launch.py:Zone.Identifier
[5.874s] -- Installing: /home/ratkaba/workspace/src/ros2-traffic-project/install/turtlebot3_mogi/share/turtlebot3_mogi/launch/simulation_bringup_navigation.launch.py:Zone.Identifier
[5.874s] -- Installing: /home/ratkaba/workspace/src/ros2-traffic-project/install/turtlebot3_mogi/share/turtlebot3_mogi/launch/simulation_bringup_line_follow.launch.py:Zone.Identifier
[5.875s] -- Installing: /home/ratkaba/workspace/src/ros2-traffic-project/install/turtlebot3_mogi/share/turtlebot3_mogi/launch/robot_visualization.launch.py
[5.875s] -- Installing: /home/ratkaba/workspace/src/ros2-traffic-project/install/turtlebot3_mogi/share/turtlebot3_mogi/launch/simulation_bringup_navigation_with_slam.launch.py:Zone.Identifier
[5.875s] -- Installing: /home/ratkaba/workspace/src/ros2-traffic-project/install/turtlebot3_mogi/share/turtlebot3_mogi/launch/simulation_bringup_slam.launch.py
[5.875s] -- Installing: /home/ratkaba/workspace/src/ros2-traffic-project/install/turtlebot3_mogi/share/turtlebot3_mogi/launch/simulation_bringup_line_follow.launch.py
[5.875s] -- Installing: /home/ratkaba/workspace/src/ros2-traffic-project/install/turtlebot3_mogi/share/turtlebot3_mogi/launch/robot_mapping.launch.py
[5.876s] -- Installing: /home/ratkaba/workspace/src/ros2-traffic-project/install/turtlebot3_mogi/share/turtlebot3_mogi/launch/check_urdf.launch.py:Zone.Identifier
[5.876s] -- Installing: /home/ratkaba/workspace/src/ros2-traffic-project/install/turtlebot3_mogi/share/turtlebot3_mogi/launch/check_urdf.launch.py
[5.876s] -- Installing: /home/ratkaba/workspace/src/ros2-traffic-project/install/turtlebot3_mogi/share/turtlebot3_mogi/launch/robot_navigation.launch.py
[5.876s] -- Installing: /home/ratkaba/workspace/src/ros2-traffic-project/install/turtlebot3_mogi/share/turtlebot3_mogi/rviz
[5.877s] -- Installing: /home/ratkaba/workspace/src/ros2-traffic-project/install/turtlebot3_mogi/share/turtlebot3_mogi/rviz/urdf.rviz:Zone.Identifier
[5.877s] -- Installing: /home/ratkaba/workspace/src/ros2-traffic-project/install/turtlebot3_mogi/share/turtlebot3_mogi/rviz/robot_mapping.rviz
[5.877s] -- Installing: /home/ratkaba/workspace/src/ros2-traffic-project/install/turtlebot3_mogi/share/turtlebot3_mogi/rviz/robot_navigation.rviz:Zone.Identifier
[5.877s] -- Installing: /home/ratkaba/workspace/src/ros2-traffic-project/install/turtlebot3_mogi/share/turtlebot3_mogi/rviz/robot_basic.rviz:Zone.Identifier
[5.877s] -- Installing: /home/ratkaba/workspace/src/ros2-traffic-project/install/turtlebot3_mogi/share/turtlebot3_mogi/rviz/turtlebot3_navigation.rviz:Zone.Identifier
[5.878s] -- Installing: /home/ratkaba/workspace/src/ros2-traffic-project/install/turtlebot3_mogi/share/turtlebot3_mogi/rviz/turtlebot3_slam.rviz
[5.878s] -- Installing: /home/ratkaba/workspace/src/ros2-traffic-project/install/turtlebot3_mogi/share/turtlebot3_mogi/rviz/robot_navigation.rviz
[5.878s] -- Installing: /home/ratkaba/workspace/src/ros2-traffic-project/install/turtlebot3_mogi/share/turtlebot3_mogi/rviz/turtlebot3_slam.rviz:Zone.Identifier
[5.878s] -- Installing: /home/ratkaba/workspace/src/ros2-traffic-project/install/turtlebot3_mogi/share/turtlebot3_mogi/rviz/robot_basic.rviz
[5.878s] -- Installing: /home/ratkaba/workspace/src/ros2-traffic-project/install/turtlebot3_mogi/share/turtlebot3_mogi/rviz/urdf.rviz
[5.879s] -- Installing: /home/ratkaba/workspace/src/ros2-traffic-project/install/turtlebot3_mogi/share/turtlebot3_mogi/rviz/turtlebot3_line_follower.rviz:Zone.Identifier
[5.879s] -- Installing: /home/ratkaba/workspace/src/ros2-traffic-project/install/turtlebot3_mogi/share/turtlebot3_mogi/rviz/turtlebot3_navigation.rviz
[5.879s] -- Installing: /home/ratkaba/workspace/src/ros2-traffic-project/install/turtlebot3_mogi/share/turtlebot3_mogi/rviz/robot_mapping.rviz:Zone.Identifier
[5.879s] -- Installing: /home/ratkaba/workspace/src/ros2-traffic-project/install/turtlebot3_mogi/share/turtlebot3_mogi/rviz/turtlebot3_line_follower.rviz
[5.879s] -- Installing: /home/ratkaba/workspace/src/ros2-traffic-project/install/turtlebot3_mogi/share/turtlebot3_mogi/maps
[5.880s] -- Installing: /home/ratkaba/workspace/src/ros2-traffic-project/install/turtlebot3_mogi/share/turtlebot3_mogi/maps/map.yaml:Zone.Identifier
[5.880s] -- Installing: /home/ratkaba/workspace/src/ros2-traffic-project/install/turtlebot3_mogi/share/turtlebot3_mogi/maps/map.yaml
[5.880s] -- Installing: /home/ratkaba/workspace/src/ros2-traffic-project/install/turtlebot3_mogi/share/turtlebot3_mogi/maps/map.pgm
[5.880s] -- Installing: /home/ratkaba/workspace/src/ros2-traffic-project/install/turtlebot3_mogi/share/turtlebot3_mogi/maps/map.pgm:Zone.Identifier
[5.880s] -- Installing: /home/ratkaba/workspace/src/ros2-traffic-project/install/turtlebot3_mogi/share/turtlebot3_mogi/worlds
[5.880s] -- Installing: /home/ratkaba/workspace/src/ros2-traffic-project/install/turtlebot3_mogi/share/turtlebot3_mogi/worlds/light_background.sdf
[5.880s] -- Installing: /home/ratkaba/workspace/src/ros2-traffic-project/install/turtlebot3_mogi/share/turtlebot3_mogi/worlds/light_background.sdf:Zone.Identifier
[5.880s] -- Installing: /home/ratkaba/workspace/src/ros2-traffic-project/install/turtlebot3_mogi/share/turtlebot3_mogi/worlds/empty.sdf
[5.881s] -- Installing: /home/ratkaba/workspace/src/ros2-traffic-project/install/turtlebot3_mogi/share/turtlebot3_mogi/worlds/empty.sdf:Zone.Identifier
[5.881s] -- Installing: /home/ratkaba/workspace/src/ros2-traffic-project/install/turtlebot3_mogi/share/turtlebot3_mogi/worlds/dark_background.sdf:Zone.Identifier
[5.881s] -- Installing: /home/ratkaba/workspace/src/ros2-traffic-project/install/turtlebot3_mogi/share/turtlebot3_mogi/worlds/red_line.sdf
[5.881s] -- Installing: /home/ratkaba/workspace/src/ros2-traffic-project/install/turtlebot3_mogi/share/turtlebot3_mogi/worlds/red_line.sdf:Zone.Identifier
[5.882s] -- Installing: /home/ratkaba/workspace/src/ros2-traffic-project/install/turtlebot3_mogi/share/turtlebot3_mogi/worlds/dark_background.sdf
[5.882s] -- Installing: /home/ratkaba/workspace/src/ros2-traffic-project/install/turtlebot3_mogi/share/turtlebot3_mogi/gazebo_models
[5.882s] -- Installing: /home/ratkaba/workspace/src/ros2-traffic-project/install/turtlebot3_mogi/share/turtlebot3_mogi/gazebo_models/dark_bg
[5.882s] -- Installing: /home/ratkaba/workspace/src/ros2-traffic-project/install/turtlebot3_mogi/share/turtlebot3_mogi/gazebo_models/dark_bg/meshes
[5.882s] -- Installing: /home/ratkaba/workspace/src/ros2-traffic-project/install/turtlebot3_mogi/share/turtlebot3_mogi/gazebo_models/dark_bg/meshes/dark_bg.dae:Zone.Identifier
[5.882s] -- Installing: /home/ratkaba/workspace/src/ros2-traffic-project/install/turtlebot3_mogi/share/turtlebot3_mogi/gazebo_models/dark_bg/meshes/dark_bg.dae
[5.882s] -- Installing: /home/ratkaba/workspace/src/ros2-traffic-project/install/turtlebot3_mogi/share/turtlebot3_mogi/gazebo_models/dark_bg/model.sdf:Zone.Identifier
[5.882s] -- Installing: /home/ratkaba/workspace/src/ros2-traffic-project/install/turtlebot3_mogi/share/turtlebot3_mogi/gazebo_models/dark_bg/model.config:Zone.Identifier
[5.882s] -- Installing: /home/ratkaba/workspace/src/ros2-traffic-project/install/turtlebot3_mogi/share/turtlebot3_mogi/gazebo_models/dark_bg/model.sdf
[5.882s] -- Installing: /home/ratkaba/workspace/src/ros2-traffic-project/install/turtlebot3_mogi/share/turtlebot3_mogi/gazebo_models/dark_bg/model.config
[5.883s] -- Installing: /home/ratkaba/workspace/src/ros2-traffic-project/install/turtlebot3_mogi/share/turtlebot3_mogi/gazebo_models/light_bg
[5.883s] -- Installing: /home/ratkaba/workspace/src/ros2-traffic-project/install/turtlebot3_mogi/share/turtlebot3_mogi/gazebo_models/light_bg/meshes
[5.883s] -- Installing: /home/ratkaba/workspace/src/ros2-traffic-project/install/turtlebot3_mogi/share/turtlebot3_mogi/gazebo_models/light_bg/meshes/light_bg.dae
[5.883s] -- Installing: /home/ratkaba/workspace/src/ros2-traffic-project/install/turtlebot3_mogi/share/turtlebot3_mogi/gazebo_models/light_bg/meshes/light_bg.dae:Zone.Identifier
[5.883s] -- Installing: /home/ratkaba/workspace/src/ros2-traffic-project/install/turtlebot3_mogi/share/turtlebot3_mogi/gazebo_models/light_bg/model.sdf:Zone.Identifier
[5.884s] -- Installing: /home/ratkaba/workspace/src/ros2-traffic-project/install/turtlebot3_mogi/share/turtlebot3_mogi/gazebo_models/light_bg/model.config:Zone.Identifier
[5.884s] -- Installing: /home/ratkaba/workspace/src/ros2-traffic-project/install/turtlebot3_mogi/share/turtlebot3_mogi/gazebo_models/light_bg/model.sdf
[5.884s] -- Installing: /home/ratkaba/workspace/src/ros2-traffic-project/install/turtlebot3_mogi/share/turtlebot3_mogi/gazebo_models/light_bg/model.config
[5.884s] -- Installing: /home/ratkaba/workspace/src/ros2-traffic-project/install/turtlebot3_mogi/share/turtlebot3_mogi/gazebo_models/red_line
[5.885s] -- Installing: /home/ratkaba/workspace/src/ros2-traffic-project/install/turtlebot3_mogi/share/turtlebot3_mogi/gazebo_models/red_line/meshes
[5.885s] -- Installing: /home/ratkaba/workspace/src/ros2-traffic-project/install/turtlebot3_mogi/share/turtlebot3_mogi/gazebo_models/red_line/meshes/red_line.dae
[5.886s] -- Installing: /home/ratkaba/workspace/src/ros2-traffic-project/install/turtlebot3_mogi/share/turtlebot3_mogi/gazebo_models/red_line/meshes/red_line.dae:Zone.Identifier
[5.886s] -- Installing: /home/ratkaba/workspace/src/ros2-traffic-project/install/turtlebot3_mogi/share/turtlebot3_mogi/gazebo_models/red_line/model.sdf:Zone.Identifier
[5.886s] -- Installing: /home/ratkaba/workspace/src/ros2-traffic-project/install/turtlebot3_mogi/share/turtlebot3_mogi/gazebo_models/red_line/model.config:Zone.Identifier
[5.887s] -- Installing: /home/ratkaba/workspace/src/ros2-traffic-project/install/turtlebot3_mogi/share/turtlebot3_mogi/gazebo_models/red_line/model.sdf
[5.887s] -- Installing: /home/ratkaba/workspace/src/ros2-traffic-project/install/turtlebot3_mogi/share/turtlebot3_mogi/gazebo_models/red_line/model.config
[5.887s] -- Installing: /home/ratkaba/workspace/src/ros2-traffic-project/install/turtlebot3_mogi/share/ament_index/resource_index/package_run_dependencies/turtlebot3_mogi
[5.887s] -- Installing: /home/ratkaba/workspace/src/ros2-traffic-project/install/turtlebot3_mogi/share/ament_index/resource_index/parent_prefix_path/turtlebot3_mogi
[5.887s] -- Installing: /home/ratkaba/workspace/src/ros2-traffic-project/install/turtlebot3_mogi/share/turtlebot3_mogi/environment/ament_prefix_path.sh
[5.888s] -- Installing: /home/ratkaba/workspace/src/ros2-traffic-project/install/turtlebot3_mogi/share/turtlebot3_mogi/environment/ament_prefix_path.dsv
[5.888s] -- Installing: /home/ratkaba/workspace/src/ros2-traffic-project/install/turtlebot3_mogi/share/turtlebot3_mogi/environment/path.sh
[5.888s] -- Installing: /home/ratkaba/workspace/src/ros2-traffic-project/install/turtlebot3_mogi/share/turtlebot3_mogi/environment/path.dsv
[5.888s] -- Installing: /home/ratkaba/workspace/src/ros2-traffic-project/install/turtlebot3_mogi/share/turtlebot3_mogi/local_setup.bash
[5.888s] -- Installing: /home/ratkaba/workspace/src/ros2-traffic-project/install/turtlebot3_mogi/share/turtlebot3_mogi/local_setup.sh
[5.889s] -- Installing: /home/ratkaba/workspace/src/ros2-traffic-project/install/turtlebot3_mogi/share/turtlebot3_mogi/local_setup.zsh
[5.889s] -- Installing: /home/ratkaba/workspace/src/ros2-traffic-project/install/turtlebot3_mogi/share/turtlebot3_mogi/local_setup.dsv
[5.889s] -- Installing: /home/ratkaba/workspace/src/ros2-traffic-project/install/turtlebot3_mogi/share/turtlebot3_mogi/package.dsv
[5.890s] -- Installing: /home/ratkaba/workspace/src/ros2-traffic-project/install/turtlebot3_mogi/share/ament_index/resource_index/packages/turtlebot3_mogi
[5.890s] -- Installing: /home/ratkaba/workspace/src/ros2-traffic-project/install/turtlebot3_mogi/share/turtlebot3_mogi/cmake/turtlebot3_mogiConfig.cmake
[5.890s] -- Installing: /home/ratkaba/workspace/src/ros2-traffic-project/install/turtlebot3_mogi/share/turtlebot3_mogi/cmake/turtlebot3_mogiConfig-version.cmake
[5.890s] -- Installing: /home/ratkaba/workspace/src/ros2-traffic-project/install/turtlebot3_mogi/share/turtlebot3_mogi/package.xml
[5.893s] Invoked command in '/home/ratkaba/workspace/src/ros2-traffic-project/build/turtlebot3_mogi' returned '0': CMAKE_PREFIX_PATH=/home/ratkaba/ros2_ws/install/turtlebot3:/home/ratkaba/ros2_ws/install/turtlebot3_slam_toolbox:/home/ratkaba/ros2_ws/install/turtlebot3_simulations:/home/ratkaba/ros2_ws/install/turtlebot3_navigation2:/home/ratkaba/ros2_ws/install/turtlebot3_fake_node:/home/ratkaba/ros2_ws/install/turtlebot3_msgs:/home/ratkaba/ros2_ws/install/turtlebot3_hardware:/home/ratkaba/ros2_ws/install/turtlebot3_gazebo:/home/ratkaba/ros2_ws/install/turtlebot3_bringup:/home/ratkaba/ros2_ws/install/turtlebot3_description:/home/ratkaba/ros2_ws/install/turtlebot3_cartographer:/home/ratkaba/ros2_ws/install/traffic_sim_bringup:/home/ratkaba/ros2_ws/install/bme_ros2_tutorials_bringup:/home/ratkaba/ros2_ws/install/turtlebot3_teleop:/home/ratkaba/ros2_ws/install/turtlebot3_example:/home/ratkaba/ros2_ws/install/traffic_sim_py:/home/ratkaba/ros2_ws/install/bme_ros2_tutorials_py:/opt/ros/jazzy:/home/ratkaba/ros2-traffic-project/install/traffic_sim:/home/ratkaba/ros2-traffic-project/install/ros2-traffic-project:/opt/ros/jazzy/opt/gz_sim_vendor:/opt/ros/jazzy/opt/gz_sensors_vendor:/opt/ros/jazzy/opt/gz_physics_vendor:/opt/ros/jazzy/opt/sdformat_vendor:/opt/ros/jazzy/opt/gz_gui_vendor:/opt/ros/jazzy/opt/gz_transport_vendor:/opt/ros/jazzy/opt/gz_rendering_vendor:/opt/ros/jazzy/opt/gz_plugin_vendor:/opt/ros/jazzy/opt/gz_fuel_tools_vendor:/opt/ros/jazzy/opt/gz_msgs_vendor:/opt/ros/jazzy/opt/gz_common_vendor:/opt/ros/jazzy/opt/gz_math_vendor:/opt/ros/jazzy/opt/gz_utils_vendor:/opt/ros/jazzy/opt/gz_tools_vendor:/opt/ros/jazzy/opt/gz_ogre_next_vendor:/opt/ros/jazzy/opt/gz_dartsim_vendor:/opt/ros/jazzy/opt/gz_cmake_vendor /usr/bin/cmake --install /home/ratkaba/workspace/src/ros2-traffic-project/build/turtlebot3_mogi
