[0.085s] Invoking command in '/home/ratkaba/workspace/src/ros2-traffic-project/build/turtlebot3_navigation2': CMAKE_PREFIX_PATH=${CMAKE_PREFIX_PATH}:/opt/ros/jazzy PS1=(tf) \[\e]0;\u@\h: \w\a\]${debian_chroot:+($debian_chroot)}\[\033[01;32m\]\u@\h\[\033[00m\]:\[\033[01;34m\]\w\[\033[00m\]\$ /usr/bin/cmake --build /home/ratkaba/workspace/src/ros2-traffic-project/build/turtlebot3_navigation2 -- -j20 -l20
[0.828s] Invoked command in '/home/ratkaba/workspace/src/ros2-traffic-project/build/turtlebot3_navigation2' returned '0': CMAKE_PREFIX_PATH=${CMAKE_PREFIX_PATH}:/opt/ros/jazzy PS1=(tf) \[\e]0;\u@\h: \w\a\]${debian_chroot:+($debian_chroot)}\[\033[01;32m\]\u@\h\[\033[00m\]:\[\033[01;34m\]\w\[\033[00m\]\$ /usr/bin/cmake --build /home/ratkaba/workspace/src/ros2-traffic-project/build/turtlebot3_navigation2 -- -j20 -l20
[0.832s] Invoking command in '/home/ratkaba/workspace/src/ros2-traffic-project/build/turtlebot3_navigation2': CMAKE_PREFIX_PATH=${CMAKE_PREFIX_PATH}:/opt/ros/jazzy PS1=(tf) \[\e]0;\u@\h: \w\a\]${debian_chroot:+($debian_chroot)}\[\033[01;32m\]\u@\h\[\033[00m\]:\[\033[01;34m\]\w\[\033[00m\]\$ /usr/bin/cmake --install /home/ratkaba/workspace/src/ros2-traffic-project/build/turtlebot3_navigation2
[0.907s] -- Install configuration: ""
[0.907s] -- Up-to-date: /home/ratkaba/workspace/src/ros2-traffic-project/install/turtlebot3_navigation2/share/turtlebot3_navigation2/launch
[0.908s] -- Up-to-date: /home/ratkaba/workspace/src/ros2-traffic-project/install/turtlebot3_navigation2/share/turtlebot3_navigation2/launch/navigation2_use_sim_time.launch.py:Zone.Identifier
[0.908s] -- Up-to-date: /home/ratkaba/workspace/src/ros2-traffic-project/install/turtlebot3_navigation2/share/turtlebot3_navigation2/launch/navigation2.launch.py
[0.908s] -- Up-to-date: /home/ratkaba/workspace/src/ros2-traffic-project/install/turtlebot3_navigation2/share/turtlebot3_navigation2/launch/navigation2.launch.py:Zone.Identifier
[0.908s] -- Up-to-date: /home/ratkaba/workspace/src/ros2-traffic-project/install/turtlebot3_navigation2/share/turtlebot3_navigation2/launch/navigation2_use_sim_time.launch.py
[0.908s] -- Up-to-date: /home/ratkaba/workspace/src/ros2-traffic-project/install/turtlebot3_navigation2/share/turtlebot3_navigation2/map
[0.909s] -- Up-to-date: /home/ratkaba/workspace/src/ros2-traffic-project/install/turtlebot3_navigation2/share/turtlebot3_navigation2/map/turtlebot3_world.yaml
[0.909s] -- Up-to-date: /home/ratkaba/workspace/src/ros2-traffic-project/install/turtlebot3_navigation2/share/turtlebot3_navigation2/map/turtlebot3_world.yaml:Zone.Identifier
[0.909s] -- Up-to-date: /home/ratkaba/workspace/src/ros2-traffic-project/install/turtlebot3_navigation2/share/turtlebot3_navigation2/map/turtlebot3_world.pgm
[0.909s] -- Up-to-date: /home/ratkaba/workspace/src/ros2-traffic-project/install/turtlebot3_navigation2/share/turtlebot3_navigation2/map/turtlebot3_world.pgm:Zone.Identifier
[0.910s] -- Up-to-date: /home/ratkaba/workspace/src/ros2-traffic-project/install/turtlebot3_navigation2/share/turtlebot3_navigation2/param
[0.910s] -- Up-to-date: /home/ratkaba/workspace/src/ros2-traffic-project/install/turtlebot3_navigation2/share/turtlebot3_navigation2/param/waffle_pi_use_sim_time.yaml
[0.910s] -- Up-to-date: /home/ratkaba/workspace/src/ros2-traffic-project/install/turtlebot3_navigation2/share/turtlebot3_navigation2/param/burger.yaml:Zone.Identifier
[0.910s] -- Up-to-date: /home/ratkaba/workspace/src/ros2-traffic-project/install/turtlebot3_navigation2/share/turtlebot3_navigation2/param/waffle_pi.yaml:Zone.Identifier
[0.910s] -- Up-to-date: /home/ratkaba/workspace/src/ros2-traffic-project/install/turtlebot3_navigation2/share/turtlebot3_navigation2/param/waffle_pi.yaml
[0.911s] -- Up-to-date: /home/ratkaba/workspace/src/ros2-traffic-project/install/turtlebot3_navigation2/share/turtlebot3_navigation2/param/waffle_pi_use_sim_time.yaml:Zone.Identifier
[0.911s] -- Up-to-date: /home/ratkaba/workspace/src/ros2-traffic-project/install/turtlebot3_navigation2/share/turtlebot3_navigation2/param/burger_use_sim_time.yaml
[0.911s] -- Up-to-date: /home/ratkaba/workspace/src/ros2-traffic-project/install/turtlebot3_navigation2/share/turtlebot3_navigation2/param/burger.yaml
[0.911s] -- Up-to-date: /home/ratkaba/workspace/src/ros2-traffic-project/install/turtlebot3_navigation2/share/turtlebot3_navigation2/param/burger_use_sim_time.yaml:Zone.Identifier
[0.912s] -- Up-to-date: /home/ratkaba/workspace/src/ros2-traffic-project/install/turtlebot3_navigation2/share/turtlebot3_navigation2/rviz
[0.912s] -- Up-to-date: /home/ratkaba/workspace/src/ros2-traffic-project/install/turtlebot3_navigation2/share/turtlebot3_navigation2/rviz/navigation2.rviz
[0.912s] -- Up-to-date: /home/ratkaba/workspace/src/ros2-traffic-project/install/turtlebot3_navigation2/share/turtlebot3_navigation2/rviz/navigation2.rviz:Zone.Identifier
[0.912s] -- Up-to-date: /home/ratkaba/workspace/src/ros2-traffic-project/install/turtlebot3_navigation2/share/ament_index/resource_index/package_run_dependencies/turtlebot3_navigation2
[0.912s] -- Up-to-date: /home/ratkaba/workspace/src/ros2-traffic-project/install/turtlebot3_navigation2/share/ament_index/resource_index/parent_prefix_path/turtlebot3_navigation2
[0.912s] -- Up-to-date: /home/ratkaba/workspace/src/ros2-traffic-project/install/turtlebot3_navigation2/share/turtlebot3_navigation2/environment/ament_prefix_path.sh
[0.912s] -- Up-to-date: /home/ratkaba/workspace/src/ros2-traffic-project/install/turtlebot3_navigation2/share/turtlebot3_navigation2/environment/ament_prefix_path.dsv
[0.912s] -- Up-to-date: /home/ratkaba/workspace/src/ros2-traffic-project/install/turtlebot3_navigation2/share/turtlebot3_navigation2/environment/path.sh
[0.912s] -- Up-to-date: /home/ratkaba/workspace/src/ros2-traffic-project/install/turtlebot3_navigation2/share/turtlebot3_navigation2/environment/path.dsv
[0.913s] -- Up-to-date: /home/ratkaba/workspace/src/ros2-traffic-project/install/turtlebot3_navigation2/share/turtlebot3_navigation2/local_setup.bash
[0.913s] -- Up-to-date: /home/ratkaba/workspace/src/ros2-traffic-project/install/turtlebot3_navigation2/share/turtlebot3_navigation2/local_setup.sh
[0.913s] -- Up-to-date: /home/ratkaba/workspace/src/ros2-traffic-project/install/turtlebot3_navigation2/share/turtlebot3_navigation2/local_setup.zsh
[0.913s] -- Up-to-date: /home/ratkaba/workspace/src/ros2-traffic-project/install/turtlebot3_navigation2/share/turtlebot3_navigation2/local_setup.dsv
[0.913s] -- Installing: /home/ratkaba/workspace/src/ros2-traffic-project/install/turtlebot3_navigation2/share/turtlebot3_navigation2/package.dsv
[0.914s] -- Up-to-date: /home/ratkaba/workspace/src/ros2-traffic-project/install/turtlebot3_navigation2/share/ament_index/resource_index/packages/turtlebot3_navigation2
[0.914s] -- Up-to-date: /home/ratkaba/workspace/src/ros2-traffic-project/install/turtlebot3_navigation2/share/turtlebot3_navigation2/cmake/turtlebot3_navigation2Config.cmake
[0.914s] -- Up-to-date: /home/ratkaba/workspace/src/ros2-traffic-project/install/turtlebot3_navigation2/share/turtlebot3_navigation2/cmake/turtlebot3_navigation2Config-version.cmake
[0.914s] -- Up-to-date: /home/ratkaba/workspace/src/ros2-traffic-project/install/turtlebot3_navigation2/share/turtlebot3_navigation2/package.xml
[1.147s] Invoked command in '/home/ratkaba/workspace/src/ros2-traffic-project/build/turtlebot3_navigation2' returned '0': CMAKE_PREFIX_PATH=${CMAKE_PREFIX_PATH}:/opt/ros/jazzy PS1=(tf) \[\e]0;\u@\h: \w\a\]${debian_chroot:+($debian_chroot)}\[\033[01;32m\]\u@\h\[\033[00m\]:\[\033[01;34m\]\w\[\033[00m\]\$ /usr/bin/cmake --install /home/ratkaba/workspace/src/ros2-traffic-project/build/turtlebot3_navigation2
